<?xml version="1.0" encoding="UTF-8"?>
<coverage generated="1641844125206" clover="3.2.0">
  <project timestamp="1641844125206" name="All files">
    <metrics statements="973" coveredstatements="590" conditionals="340" coveredconditionals="143" methods="226" coveredmethods="164" elements="1539" coveredelements="897" complexity="0" loc="973" ncloc="973" packages="1" files="4" classes="4"/>
    <file name="app.js" path="C:\Users\fabia\Desktop\SE2\spg\server\app.js">
      <metrics statements="494" coveredstatements="276" conditionals="208" coveredconditionals="76" methods="64" coveredmethods="44"/>
      <line num="3" count="1" type="stmt"/>
      <line num="4" count="1" type="stmt"/>
      <line num="5" count="1" type="stmt"/>
      <line num="6" count="1" type="stmt"/>
      <line num="7" count="1" type="stmt"/>
      <line num="9" count="1" type="stmt"/>
      <line num="10" count="1" type="stmt"/>
      <line num="11" count="1" type="stmt"/>
      <line num="12" count="1" type="stmt"/>
      <line num="13" count="1" type="stmt"/>
      <line num="14" count="1" type="stmt"/>
      <line num="15" count="1" type="stmt"/>
      <line num="16" count="1" type="stmt"/>
      <line num="17" count="1" type="stmt"/>
      <line num="18" count="1" type="stmt"/>
      <line num="19" count="1" type="stmt"/>
      <line num="20" count="1" type="stmt"/>
      <line num="28" count="1" type="stmt"/>
      <line num="30" count="11" type="stmt"/>
      <line num="31" count="11" type="cond" truecount="2" falsecount="0"/>
      <line num="32" count="1" type="stmt"/>
      <line num="34" count="10" type="stmt"/>
      <line num="41" count="1" type="stmt"/>
      <line num="42" count="10" type="stmt"/>
      <line num="46" count="1" type="stmt"/>
      <line num="47" count="27" type="stmt"/>
      <line num="49" count="27" type="stmt"/>
      <line num="51" count="0" type="stmt"/>
      <line num="56" count="1" type="stmt"/>
      <line num="57" count="1" type="stmt"/>
      <line num="58" count="1" type="stmt"/>
      <line num="59" count="1" type="stmt"/>
      <line num="60" count="1" type="stmt"/>
      <line num="61" count="1" type="stmt"/>
      <line num="64" count="1" type="stmt"/>
      <line num="65" count="0" type="cond" truecount="0" falsecount="2"/>
      <line num="66" count="0" type="stmt"/>
      <line num="68" count="0" type="stmt"/>
      <line num="72" count="1" type="stmt"/>
      <line num="80" count="1" type="stmt"/>
      <line num="81" count="1" type="stmt"/>
      <line num="84" count="1" type="stmt"/>
      <line num="89" count="0" type="cond" truecount="0" falsecount="2"/>
      <line num="90" count="0" type="stmt"/>
      <line num="91" count="0" type="stmt"/>
      <line num="92" count="0" type="cond" truecount="0" falsecount="5"/>
      <line num="93" count="0" type="stmt"/>
      <line num="98" count="1" type="cond" truecount="1" falsecount="1"/>
      <line num="101" count="1" type="cond" truecount="1" falsecount="1"/>
      <line num="102" count="0" type="cond" truecount="0" falsecount="2"/>
      <line num="103" count="0" type="stmt"/>
      <line num="112" count="0" type="cond" truecount="0" falsecount="2"/>
      <line num="117" count="0" type="stmt"/>
      <line num="118" count="0" type="cond" truecount="0" falsecount="2"/>
      <line num="121" count="0" type="stmt"/>
      <line num="122" count="0" type="stmt"/>
      <line num="125" count="0" type="stmt"/>
      <line num="126" count="0" type="cond" truecount="0" falsecount="2"/>
      <line num="127" count="0" type="stmt"/>
      <line num="128" count="0" type="stmt"/>
      <line num="129" count="0" type="stmt"/>
      <line num="130" count="0" type="cond" truecount="0" falsecount="2"/>
      <line num="131" count="0" type="cond" truecount="0" falsecount="2"/>
      <line num="134" count="0" type="stmt"/>
      <line num="136" count="0" type="cond" truecount="0" falsecount="2"/>
      <line num="138" count="0" type="stmt"/>
      <line num="139" count="0" type="stmt"/>
      <line num="142" count="0" type="cond" truecount="0" falsecount="2"/>
      <line num="143" count="0" type="cond" truecount="0" falsecount="2"/>
      <line num="144" count="0" type="stmt"/>
      <line num="145" count="0" type="stmt"/>
      <line num="146" count="0" type="cond" truecount="0" falsecount="2"/>
      <line num="147" count="0" type="stmt"/>
      <line num="148" count="0" type="stmt"/>
      <line num="151" count="0" type="cond" truecount="0" falsecount="2"/>
      <line num="152" count="0" type="stmt"/>
      <line num="153" count="0" type="cond" truecount="0" falsecount="2"/>
      <line num="154" count="0" type="stmt"/>
      <line num="159" count="0" type="cond" truecount="0" falsecount="2"/>
      <line num="160" count="0" type="stmt"/>
      <line num="167" count="0" type="stmt"/>
      <line num="170" count="0" type="stmt"/>
      <line num="171" count="0" type="stmt"/>
      <line num="172" count="0" type="stmt"/>
      <line num="173" count="0" type="stmt"/>
      <line num="179" count="1" type="stmt"/>
      <line num="182" count="0" type="stmt"/>
      <line num="183" count="0" type="stmt"/>
      <line num="184" count="0" type="cond" truecount="0" falsecount="2"/>
      <line num="185" count="0" type="stmt"/>
      <line num="188" count="0" type="stmt"/>
      <line num="189" count="0" type="stmt"/>
      <line num="200" count="0" type="stmt"/>
      <line num="205" count="1" type="stmt"/>
      <line num="206" count="2" type="stmt"/>
      <line num="207" count="2" type="stmt"/>
      <line num="208" count="2" type="stmt"/>
      <line num="209" count="2" type="cond" truecount="2" falsecount="0"/>
      <line num="210" count="1" type="stmt"/>
      <line num="211" count="1" type="cond" truecount="1" falsecount="1"/>
      <line num="212" count="1" type="stmt"/>
      <line num="213" count="1" type="stmt"/>
      <line num="216" count="0" type="stmt"/>
      <line num="222" count="2" type="stmt"/>
      <line num="223" count="2" type="stmt"/>
      <line num="225" count="2" type="stmt"/>
      <line num="226" count="2" type="cond" truecount="1" falsecount="1"/>
      <line num="227" count="0" type="stmt"/>
      <line num="228" count="0" type="stmt"/>
      <line num="231" count="0" type="stmt"/>
      <line num="232" count="0" type="stmt"/>
      <line num="235" count="2" type="stmt"/>
      <line num="238" count="2" type="stmt"/>
      <line num="242" count="1" type="stmt"/>
      <line num="243" count="2" type="stmt"/>
      <line num="244" count="2" type="stmt"/>
      <line num="246" count="2" type="stmt"/>
      <line num="247" count="2" type="stmt"/>
      <line num="248" count="0" type="stmt"/>
      <line num="251" count="2" type="stmt"/>
      <line num="252" count="2" type="stmt"/>
      <line num="257" count="1" type="stmt"/>
      <line num="258" count="0" type="stmt"/>
      <line num="262" count="1" type="stmt"/>
      <line num="263" count="0" type="stmt"/>
      <line num="267" count="1" type="stmt"/>
      <line num="268" count="0" type="stmt"/>
      <line num="269" count="0" type="stmt"/>
      <line num="270" count="0" type="cond" truecount="0" falsecount="2"/>
      <line num="271" count="0" type="stmt"/>
      <line num="274" count="0" type="stmt"/>
      <line num="277" count="0" type="stmt"/>
      <line num="278" count="0" type="stmt"/>
      <line num="283" count="1" type="stmt"/>
      <line num="284" count="1" type="stmt"/>
      <line num="285" count="1" type="stmt"/>
      <line num="286" count="1" type="cond" truecount="1" falsecount="1"/>
      <line num="287" count="0" type="stmt"/>
      <line num="290" count="1" type="stmt"/>
      <line num="293" count="0" type="stmt"/>
      <line num="294" count="0" type="stmt"/>
      <line num="300" count="1" type="stmt"/>
      <line num="301" count="3" type="stmt"/>
      <line num="302" count="3" type="stmt"/>
      <line num="303" count="3" type="cond" truecount="5" falsecount="0"/>
      <line num="304" count="1" type="stmt"/>
      <line num="305" count="1" type="stmt"/>
      <line num="308" count="2" type="stmt"/>
      <line num="309" count="2" type="stmt"/>
      <line num="310" count="2" type="cond" truecount="1" falsecount="1"/>
      <line num="311" count="0" type="stmt"/>
      <line num="312" count="0" type="stmt"/>
      <line num="314" count="2" type="stmt"/>
      <line num="315" count="2" type="cond" truecount="1" falsecount="1"/>
      <line num="316" count="0" type="stmt"/>
      <line num="318" count="2" type="stmt"/>
      <line num="321" count="0" type="stmt"/>
      <line num="322" count="0" type="stmt"/>
      <line num="329" count="1" type="stmt"/>
      <line num="330" count="2" type="stmt"/>
      <line num="332" count="2" type="stmt"/>
      <line num="333" count="2" type="stmt"/>
      <line num="334" count="2" type="cond" truecount="6" falsecount="1"/>
      <line num="335" count="0" type="stmt"/>
      <line num="336" count="0" type="stmt"/>
      <line num="338" count="2" type="cond" truecount="5" falsecount="1"/>
      <line num="339" count="0" type="stmt"/>
      <line num="340" count="0" type="stmt"/>
      <line num="343" count="2" type="stmt"/>
      <line num="344" count="2" type="stmt"/>
      <line num="346" count="2" type="cond" truecount="1" falsecount="1"/>
      <line num="347" count="2" type="stmt"/>
      <line num="348" count="2" type="cond" truecount="1" falsecount="1"/>
      <line num="349" count="0" type="stmt"/>
      <line num="352" count="2" type="stmt"/>
      <line num="355" count="0" type="stmt"/>
      <line num="356" count="0" type="stmt"/>
      <line num="362" count="1" type="stmt"/>
      <line num="363" count="2" type="stmt"/>
      <line num="364" count="2" type="stmt"/>
      <line num="365" count="2" type="stmt"/>
      <line num="366" count="2" type="cond" truecount="4" falsecount="1"/>
      <line num="367" count="0" type="stmt"/>
      <line num="368" count="0" type="stmt"/>
      <line num="370" count="2" type="stmt"/>
      <line num="371" count="2" type="stmt"/>
      <line num="373" count="0" type="stmt"/>
      <line num="378" count="1" type="stmt"/>
      <line num="379" count="5" type="stmt"/>
      <line num="380" count="5" type="stmt"/>
      <line num="381" count="5" type="stmt"/>
      <line num="382" count="5" type="cond" truecount="2" falsecount="0"/>
      <line num="384" count="4" type="stmt"/>
      <line num="385" count="4" type="cond" truecount="1" falsecount="1"/>
      <line num="386" count="0" type="stmt"/>
      <line num="389" count="4" type="stmt"/>
      <line num="393" count="0" type="stmt"/>
      <line num="398" count="1" type="stmt"/>
      <line num="399" count="1" type="stmt"/>
      <line num="400" count="1" type="stmt"/>
      <line num="401" count="1" type="cond" truecount="1" falsecount="1"/>
      <line num="402" count="0" type="stmt"/>
      <line num="405" count="1" type="stmt"/>
      <line num="408" count="0" type="stmt"/>
      <line num="409" count="0" type="stmt"/>
      <line num="414" count="1" type="stmt"/>
      <line num="415" count="2" type="stmt"/>
      <line num="416" count="2" type="stmt"/>
      <line num="417" count="2" type="cond" truecount="1" falsecount="1"/>
      <line num="418" count="0" type="stmt"/>
      <line num="421" count="1" type="stmt"/>
      <line num="424" count="1" type="stmt"/>
      <line num="425" count="1" type="stmt"/>
      <line num="430" count="1" type="stmt"/>
      <line num="431" count="2" type="stmt"/>
      <line num="432" count="2" type="stmt"/>
      <line num="433" count="2" type="stmt"/>
      <line num="434" count="2" type="cond" truecount="1" falsecount="1"/>
      <line num="435" count="0" type="stmt"/>
      <line num="438" count="2" type="stmt"/>
      <line num="439" count="3" type="cond" truecount="4" falsecount="0"/>
      <line num="440" count="2" type="stmt"/>
      <line num="443" count="0" type="stmt"/>
      <line num="444" count="0" type="stmt"/>
      <line num="449" count="1" type="stmt"/>
      <line num="451" count="1" type="stmt"/>
      <line num="453" count="1" type="stmt"/>
      <line num="454" count="1" type="stmt"/>
      <line num="455" count="1" type="stmt"/>
      <line num="456" count="1" type="stmt"/>
      <line num="459" count="0" type="stmt"/>
      <line num="467" count="1" type="stmt"/>
      <line num="469" count="1" type="stmt"/>
      <line num="471" count="1" type="stmt"/>
      <line num="472" count="1" type="stmt"/>
      <line num="473" count="1" type="stmt"/>
      <line num="476" count="0" type="stmt"/>
      <line num="484" count="1" type="stmt"/>
      <line num="485" count="2" type="stmt"/>
      <line num="486" count="2" type="stmt"/>
      <line num="488" count="2" type="stmt"/>
      <line num="489" count="2" type="stmt"/>
      <line num="490" count="1" type="stmt"/>
      <line num="491" count="1" type="cond" truecount="1" falsecount="1"/>
      <line num="493" count="1" type="cond" truecount="1" falsecount="1"/>
      <line num="495" count="1" type="stmt"/>
      <line num="496" count="1" type="stmt"/>
      <line num="497" count="1" type="cond" truecount="1" falsecount="1"/>
      <line num="499" count="1" type="cond" truecount="1" falsecount="1"/>
      <line num="500" count="1" type="stmt"/>
      <line num="501" count="1" type="stmt"/>
      <line num="504" count="1" type="stmt"/>
      <line num="509" count="1" type="stmt"/>
      <line num="510" count="0" type="stmt"/>
      <line num="511" count="0" type="stmt"/>
      <line num="512" count="0" type="stmt"/>
      <line num="514" count="0" type="stmt"/>
      <line num="516" count="0" type="stmt"/>
      <line num="518" count="0" type="stmt"/>
      <line num="526" count="1" type="stmt"/>
      <line num="528" count="2" type="stmt"/>
      <line num="529" count="2" type="stmt"/>
      <line num="530" count="2" type="cond" truecount="4" falsecount="3"/>
      <line num="531" count="0" type="stmt"/>
      <line num="532" count="0" type="stmt"/>
      <line num="535" count="2" type="stmt"/>
      <line num="536" count="2" type="stmt"/>
      <line num="537" count="2" type="cond" truecount="2" falsecount="0"/>
      <line num="539" count="1" type="stmt"/>
      <line num="540" count="1" type="stmt"/>
      <line num="541" count="1" type="stmt"/>
      <line num="542" count="1" type="stmt"/>
      <line num="545" count="1" type="stmt"/>
      <line num="546" count="1" type="stmt"/>
      <line num="547" count="0" type="stmt"/>
      <line num="548" count="0" type="cond" truecount="0" falsecount="2"/>
      <line num="550" count="0" type="cond" truecount="0" falsecount="2"/>
      <line num="551" count="0" type="stmt"/>
      <line num="553" count="1" type="stmt"/>
      <line num="554" count="1" type="stmt"/>
      <line num="555" count="1" type="stmt"/>
      <line num="556" count="1" type="stmt"/>
      <line num="557" count="1" type="stmt"/>
      <line num="558" count="1" type="stmt"/>
      <line num="559" count="1" type="cond" truecount="1" falsecount="1"/>
      <line num="560" count="0" type="stmt"/>
      <line num="562" count="1" type="cond" truecount="1" falsecount="1"/>
      <line num="563" count="1" type="stmt"/>
      <line num="566" count="1" type="stmt"/>
      <line num="567" count="1" type="stmt"/>
      <line num="568" count="1" type="stmt"/>
      <line num="574" count="1" type="stmt"/>
      <line num="575" count="1" type="stmt"/>
      <line num="576" count="1" type="stmt"/>
      <line num="577" count="1" type="cond" truecount="1" falsecount="1"/>
      <line num="578" count="0" type="stmt"/>
      <line num="580" count="1" type="stmt"/>
      <line num="583" count="0" type="stmt"/>
      <line num="584" count="0" type="stmt"/>
      <line num="589" count="1" type="stmt"/>
      <line num="590" count="1" type="stmt"/>
      <line num="591" count="1" type="stmt"/>
      <line num="592" count="1" type="cond" truecount="1" falsecount="1"/>
      <line num="593" count="0" type="stmt"/>
      <line num="595" count="1" type="stmt"/>
      <line num="598" count="0" type="stmt"/>
      <line num="599" count="0" type="stmt"/>
      <line num="604" count="1" type="stmt"/>
      <line num="605" count="0" type="stmt"/>
      <line num="606" count="0" type="stmt"/>
      <line num="610" count="1" type="stmt"/>
      <line num="611" count="1" type="stmt"/>
      <line num="612" count="1" type="stmt"/>
      <line num="613" count="1" type="cond" truecount="1" falsecount="1"/>
      <line num="614" count="0" type="stmt"/>
      <line num="616" count="1" type="stmt"/>
      <line num="619" count="0" type="stmt"/>
      <line num="620" count="0" type="stmt"/>
      <line num="625" count="1" type="stmt"/>
      <line num="626" count="1" type="stmt"/>
      <line num="627" count="1" type="stmt"/>
      <line num="628" count="1" type="cond" truecount="4" falsecount="4"/>
      <line num="629" count="1" type="stmt"/>
      <line num="630" count="1" type="stmt"/>
      <line num="633" count="0" type="stmt"/>
      <line num="634" count="0" type="stmt"/>
      <line num="635" count="0" type="cond" truecount="0" falsecount="2"/>
      <line num="636" count="0" type="stmt"/>
      <line num="637" count="0" type="cond" truecount="0" falsecount="2"/>
      <line num="638" count="0" type="stmt"/>
      <line num="641" count="0" type="stmt"/>
      <line num="642" count="0" type="stmt"/>
      <line num="647" count="1" type="stmt"/>
      <line num="649" count="0" type="stmt"/>
      <line num="650" count="0" type="stmt"/>
      <line num="651" count="0" type="cond" truecount="0" falsecount="8"/>
      <line num="652" count="0" type="stmt"/>
      <line num="653" count="0" type="stmt"/>
      <line num="656" count="0" type="stmt"/>
      <line num="657" count="0" type="stmt"/>
      <line num="661" count="0" type="stmt"/>
      <line num="662" count="0" type="stmt"/>
      <line num="663" count="0" type="cond" truecount="0" falsecount="2"/>
      <line num="664" count="0" type="stmt"/>
      <line num="667" count="0" type="stmt"/>
      <line num="668" count="0" type="stmt"/>
      <line num="673" count="1" type="stmt"/>
      <line num="674" count="1" type="stmt"/>
      <line num="675" count="1" type="stmt"/>
      <line num="676" count="1" type="stmt"/>
      <line num="677" count="1" type="cond" truecount="1" falsecount="1"/>
      <line num="678" count="1" type="stmt"/>
      <line num="680" count="0" type="stmt"/>
      <line num="681" count="0" type="stmt"/>
      <line num="687" count="1" type="stmt"/>
      <line num="688" count="2" type="stmt"/>
      <line num="689" count="2" type="stmt"/>
      <line num="690" count="2" type="cond" truecount="1" falsecount="1"/>
      <line num="691" count="0" type="stmt"/>
      <line num="693" count="2" type="stmt"/>
      <line num="696" count="0" type="stmt"/>
      <line num="697" count="0" type="stmt"/>
      <line num="702" count="1" type="stmt"/>
      <line num="703" count="0" type="stmt"/>
      <line num="704" count="0" type="stmt"/>
      <line num="705" count="0" type="cond" truecount="0" falsecount="8"/>
      <line num="706" count="0" type="stmt"/>
      <line num="707" count="0" type="stmt"/>
      <line num="710" count="0" type="stmt"/>
      <line num="711" count="0" type="stmt"/>
      <line num="712" count="0" type="cond" truecount="0" falsecount="2"/>
      <line num="713" count="0" type="stmt"/>
      <line num="714" count="0" type="cond" truecount="0" falsecount="2"/>
      <line num="715" count="0" type="stmt"/>
      <line num="718" count="0" type="stmt"/>
      <line num="719" count="0" type="stmt"/>
      <line num="724" count="1" type="stmt"/>
      <line num="725" count="1" type="stmt"/>
      <line num="726" count="1" type="stmt"/>
      <line num="727" count="1" type="cond" truecount="1" falsecount="1"/>
      <line num="728" count="0" type="stmt"/>
      <line num="730" count="1" type="stmt"/>
      <line num="733" count="0" type="stmt"/>
      <line num="734" count="0" type="stmt"/>
      <line num="739" count="1" type="stmt"/>
      <line num="740" count="2" type="stmt"/>
      <line num="741" count="2" type="stmt"/>
      <line num="742" count="2" type="cond" truecount="1" falsecount="1"/>
      <line num="743" count="0" type="stmt"/>
      <line num="745" count="2" type="stmt"/>
      <line num="748" count="0" type="stmt"/>
      <line num="749" count="0" type="stmt"/>
      <line num="754" count="1" type="stmt"/>
      <line num="755" count="2" type="stmt"/>
      <line num="756" count="2" type="stmt"/>
      <line num="757" count="2" type="stmt"/>
      <line num="758" count="2" type="stmt"/>
      <line num="759" count="2" type="stmt"/>
      <line num="760" count="2" type="stmt"/>
      <line num="761" count="2" type="cond" truecount="1" falsecount="1"/>
      <line num="762" count="0" type="stmt"/>
      <line num="764" count="2" type="stmt"/>
      <line num="765" count="6" type="stmt"/>
      <line num="767" count="12" type="cond" truecount="1" falsecount="1"/>
      <line num="768" count="0" type="cond" truecount="0" falsecount="2"/>
      <line num="769" count="0" type="stmt"/>
      <line num="770" count="0" type="stmt"/>
      <line num="771" count="0" type="stmt"/>
      <line num="774" count="0" type="stmt"/>
      <line num="775" count="0" type="stmt"/>
      <line num="778" count="6" type="stmt"/>
      <line num="780" count="2" type="cond" truecount="1" falsecount="1"/>
      <line num="783" count="0" type="stmt"/>
      <line num="784" count="0" type="stmt"/>
      <line num="789" count="1" type="stmt"/>
      <line num="790" count="1" type="stmt"/>
      <line num="791" count="1" type="stmt"/>
      <line num="792" count="1" type="cond" truecount="1" falsecount="1"/>
      <line num="793" count="0" type="stmt"/>
      <line num="795" count="1" type="stmt"/>
      <line num="796" count="3" type="stmt"/>
      <line num="804" count="1" type="stmt"/>
      <line num="807" count="0" type="stmt"/>
      <line num="808" count="0" type="stmt"/>
      <line num="813" count="1" type="stmt"/>
      <line num="814" count="0" type="stmt"/>
      <line num="815" count="0" type="stmt"/>
      <line num="816" count="0" type="stmt"/>
      <line num="817" count="0" type="cond" truecount="0" falsecount="5"/>
      <line num="818" count="0" type="stmt"/>
      <line num="819" count="0" type="stmt"/>
      <line num="822" count="0" type="stmt"/>
      <line num="823" count="0" type="stmt"/>
      <line num="824" count="0" type="cond" truecount="0" falsecount="2"/>
      <line num="825" count="0" type="stmt"/>
      <line num="827" count="0" type="stmt"/>
      <line num="828" count="0" type="cond" truecount="0" falsecount="2"/>
      <line num="829" count="0" type="stmt"/>
      <line num="832" count="0" type="stmt"/>
      <line num="833" count="0" type="stmt"/>
      <line num="834" count="0" type="cond" truecount="0" falsecount="2"/>
      <line num="835" count="0" type="stmt"/>
      <line num="837" count="0" type="stmt"/>
      <line num="838" count="0" type="cond" truecount="0" falsecount="2"/>
      <line num="839" count="0" type="stmt"/>
      <line num="841" count="0" type="stmt"/>
      <line num="844" count="0" type="stmt"/>
      <line num="845" count="0" type="stmt"/>
      <line num="849" count="1" type="stmt"/>
      <line num="850" count="0" type="stmt"/>
      <line num="851" count="0" type="stmt"/>
      <line num="852" count="0" type="stmt"/>
      <line num="853" count="0" type="stmt"/>
      <line num="855" count="0" type="stmt"/>
      <line num="856" count="0" type="stmt"/>
      <line num="857" count="0" type="cond" truecount="0" falsecount="2"/>
      <line num="858" count="0" type="stmt"/>
      <line num="861" count="0" type="stmt"/>
      <line num="862" count="0" type="cond" truecount="0" falsecount="2"/>
      <line num="863" count="0" type="stmt"/>
      <line num="866" count="0" type="stmt"/>
      <line num="870" count="0" type="stmt"/>
      <line num="871" count="0" type="stmt"/>
      <line num="879" count="1" type="stmt"/>
      <line num="880" count="11" type="stmt"/>
      <line num="881" count="11" type="cond" truecount="1" falsecount="1"/>
      <line num="882" count="0" type="stmt"/>
      <line num="883" count="11" type="cond" truecount="2" falsecount="0"/>
      <line num="886" count="1" type="stmt"/>
      <line num="889" count="10" type="stmt"/>
      <line num="890" count="10" type="cond" truecount="1" falsecount="1"/>
      <line num="891" count="0" type="stmt"/>
      <line num="895" count="10" type="stmt"/>
      <line num="902" count="1" type="stmt"/>
      <line num="903" count="3" type="stmt"/>
      <line num="904" count="3" type="stmt"/>
      <line num="905" count="3" type="stmt"/>
      <line num="906" count="3" type="stmt"/>
      <line num="907" count="1" type="cond" truecount="1" falsecount="1"/>
      <line num="908" count="0" type="stmt"/>
      <line num="910" count="1" type="stmt"/>
      <line num="913" count="2" type="stmt"/>
      <line num="914" count="2" type="stmt"/>
      <line num="919" count="1" type="stmt"/>
      <line num="920" count="1" type="stmt"/>
      <line num="921" count="1" type="stmt"/>
      <line num="927" count="1" type="stmt"/>
      <line num="928" count="115" type="stmt"/>
      <line num="929" count="115" type="stmt"/>
      <line num="934" count="1" type="stmt"/>
      <line num="935" count="1" type="cond" truecount="1" falsecount="1"/>
      <line num="936" count="0" type="stmt"/>
      <line num="939" count="1" type="stmt"/>
      <line num="942" count="1" type="stmt"/>
    </file>
    <file name="db.js" path="C:\Users\fabia\Desktop\SE2\spg\server\db.js">
      <metrics statements="4" coveredstatements="4" conditionals="2" coveredconditionals="1" methods="1" coveredmethods="1"/>
      <line num="3" count="1" type="stmt"/>
      <line num="6" count="1" type="stmt"/>
      <line num="7" count="1" type="cond" truecount="1" falsecount="1"/>
      <line num="10" count="1" type="stmt"/>
    </file>
    <file name="spgDao.js" path="C:\Users\fabia\Desktop\SE2\spg\server\spgDao.js">
      <metrics statements="419" coveredstatements="262" conditionals="110" coveredconditionals="51" methods="146" coveredmethods="104"/>
      <line num="2" count="1" type="stmt"/>
      <line num="3" count="1" type="stmt"/>
      <line num="6" count="1" type="stmt"/>
      <line num="7" count="1" type="stmt"/>
      <line num="8" count="1" type="stmt"/>
      <line num="9" count="1" type="stmt"/>
      <line num="10" count="1" type="cond" truecount="1" falsecount="1"/>
      <line num="11" count="0" type="stmt"/>
      <line num="12" count="0" type="stmt"/>
      <line num="14" count="51" type="stmt"/>
      <line num="15" count="1" type="stmt"/>
      <line num="20" count="1" type="stmt"/>
      <line num="21" count="0" type="stmt"/>
      <line num="22" count="0" type="stmt"/>
      <line num="23" count="0" type="stmt"/>
      <line num="24" count="0" type="cond" truecount="0" falsecount="2"/>
      <line num="25" count="0" type="stmt"/>
      <line num="26" count="0" type="stmt"/>
      <line num="27" count="0" type="stmt"/>
      <line num="29" count="0" type="stmt"/>
      <line num="36" count="1" type="stmt"/>
      <line num="37" count="4" type="stmt"/>
      <line num="39" count="4" type="stmt"/>
      <line num="41" count="4" type="stmt"/>
      <line num="42" count="4" type="stmt"/>
      <line num="43" count="4" type="cond" truecount="1" falsecount="1"/>
      <line num="44" count="4" type="stmt"/>
      <line num="46" count="4" type="stmt"/>
      <line num="47" count="4" type="cond" truecount="2" falsecount="0"/>
      <line num="48" count="1" type="stmt"/>
      <line num="49" count="1" type="stmt"/>
      <line num="52" count="3" type="stmt"/>
      <line num="53" count="3" type="stmt"/>
      <line num="57" count="4" type="cond" truecount="2" falsecount="0"/>
      <line num="58" count="1" type="stmt"/>
      <line num="59" count="1" type="stmt"/>
      <line num="62" count="3" type="stmt"/>
      <line num="66" count="4" type="stmt"/>
      <line num="67" count="4" type="cond" truecount="1" falsecount="1"/>
      <line num="68" count="0" type="stmt"/>
      <line num="69" count="0" type="stmt"/>
      <line num="71" count="51" type="stmt"/>
      <line num="72" count="4" type="stmt"/>
      <line num="78" count="1" type="stmt"/>
      <line num="79" count="0" type="stmt"/>
      <line num="80" count="0" type="stmt"/>
      <line num="81" count="0" type="stmt"/>
      <line num="82" count="0" type="cond" truecount="0" falsecount="2"/>
      <line num="83" count="0" type="stmt"/>
      <line num="84" count="0" type="stmt"/>
      <line num="86" count="0" type="stmt"/>
      <line num="87" count="0" type="stmt"/>
      <line num="93" count="1" type="stmt"/>
      <line num="94" count="1" type="stmt"/>
      <line num="95" count="1" type="stmt"/>
      <line num="96" count="1" type="stmt"/>
      <line num="97" count="1" type="cond" truecount="1" falsecount="1"/>
      <line num="98" count="0" type="stmt"/>
      <line num="99" count="0" type="stmt"/>
      <line num="101" count="9" type="stmt"/>
      <line num="102" count="1" type="stmt"/>
      <line num="108" count="1" type="stmt"/>
      <line num="109" count="2" type="stmt"/>
      <line num="110" count="2" type="stmt"/>
      <line num="111" count="2" type="stmt"/>
      <line num="112" count="2" type="cond" truecount="1" falsecount="1"/>
      <line num="113" count="0" type="stmt"/>
      <line num="114" count="0" type="stmt"/>
      <line num="116" count="2" type="stmt"/>
      <line num="117" count="2" type="stmt"/>
      <line num="123" count="1" type="stmt"/>
      <line num="124" count="1" type="stmt"/>
      <line num="125" count="1" type="stmt"/>
      <line num="126" count="1" type="stmt"/>
      <line num="127" count="1" type="cond" truecount="1" falsecount="1"/>
      <line num="128" count="0" type="stmt"/>
      <line num="129" count="0" type="stmt"/>
      <line num="131" count="1" type="stmt"/>
      <line num="137" count="1" type="stmt"/>
      <line num="138" count="1" type="stmt"/>
      <line num="139" count="1" type="stmt"/>
      <line num="140" count="1" type="stmt"/>
      <line num="141" count="1" type="cond" truecount="1" falsecount="1"/>
      <line num="143" count="0" type="stmt"/>
      <line num="144" count="0" type="stmt"/>
      <line num="146" count="1" type="cond" truecount="1" falsecount="1"/>
      <line num="147" count="1" type="stmt"/>
      <line num="148" count="1" type="stmt"/>
      <line num="152" count="0" type="stmt"/>
      <line num="158" count="1" type="stmt"/>
      <line num="159" count="1" type="stmt"/>
      <line num="160" count="1" type="stmt"/>
      <line num="161" count="1" type="stmt"/>
      <line num="162" count="1" type="stmt"/>
      <line num="163" count="1" type="cond" truecount="1" falsecount="1"/>
      <line num="164" count="0" type="stmt"/>
      <line num="165" count="0" type="stmt"/>
      <line num="167" count="1" type="stmt"/>
      <line num="171" count="0" type="stmt"/>
      <line num="172" count="0" type="stmt"/>
      <line num="177" count="1" type="stmt"/>
      <line num="178" count="1" type="stmt"/>
      <line num="179" count="1" type="stmt"/>
      <line num="180" count="1" type="stmt"/>
      <line num="181" count="1" type="stmt"/>
      <line num="182" count="1" type="cond" truecount="1" falsecount="1"/>
      <line num="183" count="0" type="stmt"/>
      <line num="184" count="0" type="stmt"/>
      <line num="186" count="1" type="stmt"/>
      <line num="190" count="0" type="stmt"/>
      <line num="191" count="0" type="stmt"/>
      <line num="196" count="1" type="stmt"/>
      <line num="197" count="1" type="stmt"/>
      <line num="198" count="1" type="stmt"/>
      <line num="199" count="1" type="stmt"/>
      <line num="200" count="1" type="cond" truecount="1" falsecount="1"/>
      <line num="201" count="0" type="stmt"/>
      <line num="202" count="0" type="stmt"/>
      <line num="204" count="1" type="stmt"/>
      <line num="206" count="0" type="stmt"/>
      <line num="210" count="1" type="stmt"/>
      <line num="211" count="1" type="stmt"/>
      <line num="212" count="1" type="stmt"/>
      <line num="213" count="1" type="stmt"/>
      <line num="214" count="1" type="cond" truecount="1" falsecount="1"/>
      <line num="215" count="0" type="stmt"/>
      <line num="216" count="0" type="stmt"/>
      <line num="218" count="1" type="stmt"/>
      <line num="224" count="1" type="stmt"/>
      <line num="225" count="2" type="stmt"/>
      <line num="226" count="2" type="stmt"/>
      <line num="227" count="2" type="stmt"/>
      <line num="228" count="2" type="stmt"/>
      <line num="229" count="2" type="cond" truecount="1" falsecount="1"/>
      <line num="230" count="2" type="stmt"/>
      <line num="232" count="2" type="stmt"/>
      <line num="233" count="2" type="stmt"/>
      <line num="236" count="2" type="stmt"/>
      <line num="237" count="2" type="cond" truecount="1" falsecount="1"/>
      <line num="238" count="0" type="stmt"/>
      <line num="239" count="0" type="stmt"/>
      <line num="240" count="0" type="stmt"/>
      <line num="242" count="2" type="stmt"/>
      <line num="244" count="0" type="stmt"/>
      <line num="249" count="1" type="stmt"/>
      <line num="250" count="2" type="stmt"/>
      <line num="252" count="2" type="stmt"/>
      <line num="253" count="2" type="cond" truecount="2" falsecount="0"/>
      <line num="254" count="1" type="stmt"/>
      <line num="255" count="1" type="stmt"/>
      <line num="257" count="2" type="cond" truecount="2" falsecount="0"/>
      <line num="259" count="1" type="stmt"/>
      <line num="261" count="2" type="stmt"/>
      <line num="264" count="2" type="stmt"/>
      <line num="265" count="2" type="cond" truecount="1" falsecount="1"/>
      <line num="266" count="0" type="stmt"/>
      <line num="267" count="0" type="stmt"/>
      <line num="269" count="2" type="stmt"/>
      <line num="271" count="0" type="stmt"/>
      <line num="275" count="1" type="stmt"/>
      <line num="276" count="2" type="stmt"/>
      <line num="277" count="2" type="stmt"/>
      <line num="278" count="2" type="stmt"/>
      <line num="279" count="2" type="cond" truecount="1" falsecount="1"/>
      <line num="280" count="0" type="stmt"/>
      <line num="281" count="0" type="stmt"/>
      <line num="283" count="2" type="stmt"/>
      <line num="285" count="0" type="stmt"/>
      <line num="289" count="1" type="stmt"/>
      <line num="291" count="2" type="stmt"/>
      <line num="292" count="2" type="stmt"/>
      <line num="293" count="2" type="stmt"/>
      <line num="294" count="2" type="cond" truecount="1" falsecount="1"/>
      <line num="295" count="0" type="stmt"/>
      <line num="296" count="0" type="stmt"/>
      <line num="298" count="2" type="stmt"/>
      <line num="300" count="0" type="stmt"/>
      <line num="306" count="1" type="stmt"/>
      <line num="308" count="1" type="stmt"/>
      <line num="309" count="1" type="stmt"/>
      <line num="310" count="1" type="stmt"/>
      <line num="311" count="1" type="cond" truecount="1" falsecount="1"/>
      <line num="312" count="0" type="stmt"/>
      <line num="314" count="1" type="stmt"/>
      <line num="317" count="0" type="stmt"/>
      <line num="322" count="1" type="stmt"/>
      <line num="323" count="0" type="stmt"/>
      <line num="324" count="0" type="stmt"/>
      <line num="325" count="0" type="stmt"/>
      <line num="326" count="0" type="cond" truecount="0" falsecount="2"/>
      <line num="327" count="0" type="stmt"/>
      <line num="329" count="0" type="stmt"/>
      <line num="332" count="0" type="stmt"/>
      <line num="337" count="1" type="stmt"/>
      <line num="339" count="6" type="stmt"/>
      <line num="340" count="6" type="cond" truecount="2" falsecount="0"/>
      <line num="341" count="3" type="stmt"/>
      <line num="342" count="3" type="stmt"/>
      <line num="344" count="3" type="cond" truecount="1" falsecount="1"/>
      <line num="345" count="0" type="stmt"/>
      <line num="346" count="0" type="stmt"/>
      <line num="349" count="3" type="stmt"/>
      <line num="351" count="6" type="stmt"/>
      <line num="352" count="6" type="stmt"/>
      <line num="353" count="6" type="cond" truecount="1" falsecount="1"/>
      <line num="354" count="0" type="stmt"/>
      <line num="355" count="0" type="stmt"/>
      <line num="357" count="12" type="stmt"/>
      <line num="358" count="6" type="stmt"/>
      <line num="365" count="1" type="stmt"/>
      <line num="366" count="1" type="stmt"/>
      <line num="367" count="1" type="stmt"/>
      <line num="368" count="1" type="stmt"/>
      <line num="369" count="1" type="cond" truecount="1" falsecount="1"/>
      <line num="370" count="0" type="stmt"/>
      <line num="371" count="0" type="stmt"/>
      <line num="373" count="1" type="stmt"/>
      <line num="374" count="1" type="stmt"/>
      <line num="375" count="1" type="stmt"/>
      <line num="382" count="1" type="stmt"/>
      <line num="383" count="2" type="stmt"/>
      <line num="385" count="2" type="stmt"/>
      <line num="386" count="2" type="cond" truecount="2" falsecount="0"/>
      <line num="387" count="1" type="stmt"/>
      <line num="388" count="1" type="stmt"/>
      <line num="391" count="1" type="stmt"/>
      <line num="392" count="1" type="stmt"/>
      <line num="394" count="2" type="stmt"/>
      <line num="395" count="2" type="cond" truecount="1" falsecount="1"/>
      <line num="396" count="0" type="stmt"/>
      <line num="397" count="0" type="stmt"/>
      <line num="399" count="3" type="stmt"/>
      <line num="400" count="2" type="stmt"/>
      <line num="406" count="1" type="stmt"/>
      <line num="407" count="0" type="stmt"/>
      <line num="408" count="0" type="stmt"/>
      <line num="409" count="0" type="stmt"/>
      <line num="410" count="0" type="cond" truecount="0" falsecount="2"/>
      <line num="411" count="0" type="stmt"/>
      <line num="412" count="0" type="stmt"/>
      <line num="414" count="0" type="stmt"/>
      <line num="416" count="0" type="stmt"/>
      <line num="420" count="1" type="stmt"/>
      <line num="421" count="1" type="stmt"/>
      <line num="422" count="1" type="stmt"/>
      <line num="423" count="1" type="cond" truecount="1" falsecount="1"/>
      <line num="424" count="1" type="stmt"/>
      <line num="425" count="1" type="stmt"/>
      <line num="426" count="1" type="stmt"/>
      <line num="427" count="1" type="cond" truecount="1" falsecount="1"/>
      <line num="428" count="0" type="stmt"/>
      <line num="429" count="0" type="stmt"/>
      <line num="431" count="1" type="stmt"/>
      <line num="432" count="1" type="stmt"/>
      <line num="433" count="1" type="cond" truecount="1" falsecount="1"/>
      <line num="434" count="0" type="stmt"/>
      <line num="435" count="0" type="stmt"/>
      <line num="437" count="1" type="stmt"/>
      <line num="442" count="0" type="stmt"/>
      <line num="443" count="0" type="stmt"/>
      <line num="447" count="1" type="stmt"/>
      <line num="448" count="18" type="stmt"/>
      <line num="449" count="18" type="stmt"/>
      <line num="450" count="18" type="stmt"/>
      <line num="452" count="18" type="cond" truecount="1" falsecount="1"/>
      <line num="453" count="0" type="stmt"/>
      <line num="454" count="0" type="stmt"/>
      <line num="456" count="18" type="stmt"/>
      <line num="461" count="1" type="stmt"/>
      <line num="462" count="9" type="stmt"/>
      <line num="463" count="9" type="stmt"/>
      <line num="464" count="9" type="stmt"/>
      <line num="465" count="9" type="cond" truecount="1" falsecount="1"/>
      <line num="466" count="0" type="stmt"/>
      <line num="467" count="0" type="stmt"/>
      <line num="469" count="9" type="stmt"/>
      <line num="476" count="1" type="stmt"/>
      <line num="477" count="1" type="stmt"/>
      <line num="478" count="1" type="stmt"/>
      <line num="479" count="1" type="stmt"/>
      <line num="480" count="1" type="cond" truecount="1" falsecount="1"/>
      <line num="481" count="0" type="stmt"/>
      <line num="482" count="0" type="stmt"/>
      <line num="484" count="1" type="stmt"/>
      <line num="490" count="1" type="stmt"/>
      <line num="491" count="3" type="stmt"/>
      <line num="492" count="3" type="stmt"/>
      <line num="493" count="3" type="stmt"/>
      <line num="494" count="3" type="cond" truecount="1" falsecount="1"/>
      <line num="495" count="0" type="stmt"/>
      <line num="496" count="0" type="stmt"/>
      <line num="498" count="3" type="stmt"/>
      <line num="499" count="3" type="stmt"/>
      <line num="505" count="1" type="stmt"/>
      <line num="506" count="2" type="stmt"/>
      <line num="507" count="2" type="stmt"/>
      <line num="508" count="2" type="stmt"/>
      <line num="509" count="2" type="cond" truecount="1" falsecount="1"/>
      <line num="510" count="0" type="stmt"/>
      <line num="511" count="0" type="stmt"/>
      <line num="513" count="2" type="stmt"/>
      <line num="519" count="1" type="stmt"/>
      <line num="520" count="0" type="stmt"/>
      <line num="521" count="0" type="stmt"/>
      <line num="522" count="0" type="stmt"/>
      <line num="523" count="0" type="cond" truecount="0" falsecount="2"/>
      <line num="524" count="0" type="stmt"/>
      <line num="525" count="0" type="stmt"/>
      <line num="527" count="0" type="stmt"/>
      <line num="533" count="1" type="stmt"/>
      <line num="534" count="1" type="stmt"/>
      <line num="535" count="1" type="stmt"/>
      <line num="536" count="1" type="stmt"/>
      <line num="537" count="1" type="cond" truecount="1" falsecount="1"/>
      <line num="538" count="0" type="stmt"/>
      <line num="539" count="0" type="stmt"/>
      <line num="541" count="3" type="stmt"/>
      <line num="542" count="1" type="stmt"/>
      <line num="548" count="1" type="stmt"/>
      <line num="549" count="0" type="stmt"/>
      <line num="550" count="0" type="stmt"/>
      <line num="551" count="0" type="stmt"/>
      <line num="552" count="0" type="cond" truecount="0" falsecount="2"/>
      <line num="553" count="0" type="stmt"/>
      <line num="554" count="0" type="stmt"/>
      <line num="556" count="0" type="stmt"/>
      <line num="562" count="1" type="stmt"/>
      <line num="563" count="0" type="stmt"/>
      <line num="564" count="0" type="stmt"/>
      <line num="565" count="0" type="stmt"/>
      <line num="566" count="0" type="cond" truecount="0" falsecount="2"/>
      <line num="567" count="0" type="stmt"/>
      <line num="568" count="0" type="stmt"/>
      <line num="570" count="0" type="stmt"/>
      <line num="572" count="0" type="stmt"/>
      <line num="577" count="1" type="stmt"/>
      <line num="578" count="3" type="stmt"/>
      <line num="579" count="3" type="stmt"/>
      <line num="580" count="3" type="stmt"/>
      <line num="581" count="3" type="cond" truecount="1" falsecount="1"/>
      <line num="582" count="0" type="stmt"/>
      <line num="583" count="0" type="stmt"/>
      <line num="585" count="3" type="stmt"/>
      <line num="586" count="3" type="stmt"/>
      <line num="592" count="1" type="stmt"/>
      <line num="593" count="3" type="stmt"/>
      <line num="594" count="3" type="stmt"/>
      <line num="595" count="3" type="stmt"/>
      <line num="596" count="3" type="cond" truecount="1" falsecount="1"/>
      <line num="597" count="0" type="stmt"/>
      <line num="598" count="0" type="stmt"/>
      <line num="600" count="3" type="stmt"/>
      <line num="601" count="3" type="stmt"/>
      <line num="606" count="1" type="stmt"/>
      <line num="607" count="0" type="stmt"/>
      <line num="608" count="0" type="stmt"/>
      <line num="609" count="0" type="stmt"/>
      <line num="610" count="0" type="cond" truecount="0" falsecount="2"/>
      <line num="611" count="0" type="stmt"/>
      <line num="612" count="0" type="stmt"/>
      <line num="615" count="0" type="stmt"/>
      <line num="619" count="1" type="stmt"/>
      <line num="620" count="0" type="stmt"/>
      <line num="621" count="0" type="stmt"/>
      <line num="622" count="0" type="stmt"/>
      <line num="623" count="0" type="cond" truecount="0" falsecount="2"/>
      <line num="624" count="0" type="stmt"/>
      <line num="625" count="0" type="stmt"/>
      <line num="628" count="0" type="stmt"/>
      <line num="633" count="1" type="stmt"/>
      <line num="634" count="1" type="stmt"/>
      <line num="635" count="1" type="stmt"/>
      <line num="636" count="1" type="stmt"/>
      <line num="637" count="1" type="cond" truecount="1" falsecount="1"/>
      <line num="638" count="0" type="stmt"/>
      <line num="639" count="0" type="stmt"/>
      <line num="641" count="1" type="stmt"/>
      <line num="642" count="1" type="stmt"/>
      <line num="648" count="1" type="stmt"/>
      <line num="649" count="1" type="stmt"/>
      <line num="650" count="1" type="stmt"/>
      <line num="651" count="1" type="stmt"/>
      <line num="652" count="1" type="cond" truecount="1" falsecount="1"/>
      <line num="653" count="0" type="stmt"/>
      <line num="654" count="0" type="stmt"/>
      <line num="656" count="1" type="stmt"/>
      <line num="662" count="1" type="stmt"/>
      <line num="663" count="1" type="stmt"/>
      <line num="664" count="1" type="stmt"/>
      <line num="665" count="1" type="stmt"/>
      <line num="666" count="1" type="cond" truecount="1" falsecount="1"/>
      <line num="667" count="0" type="stmt"/>
      <line num="668" count="0" type="stmt"/>
      <line num="670" count="1" type="stmt"/>
      <line num="676" count="1" type="stmt"/>
      <line num="677" count="0" type="stmt"/>
      <line num="678" count="0" type="stmt"/>
      <line num="679" count="0" type="stmt"/>
      <line num="680" count="0" type="cond" truecount="0" falsecount="2"/>
      <line num="681" count="0" type="stmt"/>
      <line num="682" count="0" type="stmt"/>
      <line num="684" count="0" type="stmt"/>
      <line num="685" count="0" type="stmt"/>
      <line num="690" count="1" type="stmt"/>
      <line num="692" count="2" type="stmt"/>
      <line num="695" count="2" type="stmt"/>
      <line num="696" count="2" type="stmt"/>
      <line num="697" count="2" type="cond" truecount="1" falsecount="1"/>
      <line num="698" count="0" type="stmt"/>
      <line num="699" count="0" type="stmt"/>
      <line num="701" count="2" type="cond" truecount="1" falsecount="1"/>
      <line num="702" count="2" type="stmt"/>
      <line num="703" count="2" type="stmt"/>
      <line num="704" count="0" type="stmt"/>
      <line num="706" count="2" type="stmt"/>
      <line num="707" count="2" type="cond" truecount="1" falsecount="1"/>
      <line num="708" count="0" type="stmt"/>
      <line num="709" count="0" type="stmt"/>
      <line num="712" count="2" type="stmt"/>
    </file>
    <file name="userDao.js" path="C:\Users\fabia\Desktop\SE2\spg\server\userDao.js">
      <metrics statements="56" coveredstatements="48" conditionals="20" coveredconditionals="15" methods="15" coveredmethods="15"/>
      <line num="4" count="1" type="stmt"/>
      <line num="5" count="1" type="stmt"/>
      <line num="7" count="1" type="stmt"/>
      <line num="8" count="28" type="stmt"/>
      <line num="9" count="28" type="stmt"/>
      <line num="10" count="28" type="stmt"/>
      <line num="11" count="28" type="cond" truecount="1" falsecount="1"/>
      <line num="12" count="0" type="stmt"/>
      <line num="13" count="28" type="cond" truecount="2" falsecount="0"/>
      <line num="14" count="1" type="stmt"/>
      <line num="17" count="27" type="stmt"/>
      <line num="18" count="27" type="stmt"/>
      <line num="24" count="1" type="stmt"/>
      <line num="25" count="12" type="stmt"/>
      <line num="26" count="12" type="stmt"/>
      <line num="27" count="12" type="stmt"/>
      <line num="28" count="12" type="cond" truecount="1" falsecount="1"/>
      <line num="29" count="0" type="stmt"/>
      <line num="30" count="12" type="cond" truecount="2" falsecount="0"/>
      <line num="31" count="1" type="stmt"/>
      <line num="34" count="11" type="stmt"/>
      <line num="37" count="11" type="stmt"/>
      <line num="38" count="11" type="cond" truecount="2" falsecount="0"/>
      <line num="39" count="10" type="stmt"/>
      <line num="41" count="1" type="stmt"/>
      <line num="48" count="1" type="stmt"/>
      <line num="49" count="3" type="stmt"/>
      <line num="50" count="3" type="stmt"/>
      <line num="51" count="3" type="stmt"/>
      <line num="52" count="3" type="stmt"/>
      <line num="53" count="3" type="stmt"/>
      <line num="54" count="3" type="cond" truecount="2" falsecount="0"/>
      <line num="55" count="1" type="stmt"/>
      <line num="56" count="1" type="stmt"/>
      <line num="58" count="2" type="stmt"/>
      <line num="59" count="2" type="stmt"/>
      <line num="60" count="2" type="cond" truecount="1" falsecount="1"/>
      <line num="61" count="0" type="stmt"/>
      <line num="62" count="0" type="stmt"/>
      <line num="64" count="2" type="stmt"/>
      <line num="65" count="2" type="cond" truecount="1" falsecount="1"/>
      <line num="66" count="0" type="stmt"/>
      <line num="67" count="0" type="stmt"/>
      <line num="70" count="2" type="stmt"/>
      <line num="71" count="2" type="stmt"/>
      <line num="72" count="2" type="cond" truecount="2" falsecount="0"/>
      <line num="73" count="1" type="stmt"/>
      <line num="75" count="2" type="stmt"/>
      <line num="80" count="0" type="stmt"/>
      <line num="85" count="1" type="stmt"/>
      <line num="86" count="1" type="stmt"/>
      <line num="87" count="1" type="stmt"/>
      <line num="88" count="1" type="stmt"/>
      <line num="89" count="1" type="cond" truecount="1" falsecount="1"/>
      <line num="90" count="0" type="stmt"/>
      <line num="92" count="1" type="stmt"/>
    </file>
  </project>
</coverage>
