{"C:\\Users\\work\\Documents\\GitHub\\spg\\server\\app.js": {"path":"C:\\Users\\work\\Documents\\GitHub\\spg\\server\\app.js","statementMap":{"0":{"start":{"line":3,"column":16},"end":{"line":3,"column":34}},"1":{"start":{"line":4,"column":15},"end":{"line":4,"column":32}},"2":{"start":{"line":5,"column":43},"end":{"line":5,"column":71}},"3":{"start":{"line":6,"column":13},"end":{"line":6,"column":28}},"4":{"start":{"line":7,"column":14},"end":{"line":7,"column":35}},"5":{"start":{"line":9,"column":15},"end":{"line":9,"column":34}},"6":{"start":{"line":10,"column":17},"end":{"line":10,"column":36}},"7":{"start":{"line":11,"column":22},"end":{"line":11,"column":56}},"8":{"start":{"line":12,"column":16},"end":{"line":12,"column":42}},"9":{"start":{"line":13,"column":16},"end":{"line":13,"column":36}},"10":{"start":{"line":14,"column":12},"end":{"line":14,"column":27}},"11":{"start":{"line":15,"column":12},"end":{"line":15,"column":26}},"12":{"start":{"line":16,"column":14},"end":{"line":16,"column":30}},"13":{"start":{"line":17,"column":15},"end":{"line":17,"column":32}},"14":{"start":{"line":18,"column":19},"end":{"line":18,"column":48}},"15":{"start":{"line":19,"column":11},"end":{"line":19,"column":24}},"16":{"start":{"line":20,"column":10},"end":{"line":20,"column":28}},"17":{"start":{"line":28,"column":0},"end":{"line":37,"column":3}},"18":{"start":{"line":30,"column":4},"end":{"line":35,"column":6}},"19":{"start":{"line":31,"column":6},"end":{"line":32,"column":85}},"20":{"start":{"line":32,"column":8},"end":{"line":32,"column":85}},"21":{"start":{"line":34,"column":6},"end":{"line":34,"column":30}},"22":{"start":{"line":41,"column":0},"end":{"line":43,"column":3}},"23":{"start":{"line":42,"column":2},"end":{"line":42,"column":22}},"24":{"start":{"line":46,"column":0},"end":{"line":53,"column":3}},"25":{"start":{"line":47,"column":2},"end":{"line":52,"column":7}},"26":{"start":{"line":49,"column":6},"end":{"line":49,"column":23}},"27":{"start":{"line":51,"column":6},"end":{"line":51,"column":22}},"28":{"start":{"line":56,"column":12},"end":{"line":56,"column":25}},"29":{"start":{"line":57,"column":0},"end":{"line":57,"column":23}},"30":{"start":{"line":58,"column":0},"end":{"line":58,"column":22}},"31":{"start":{"line":59,"column":0},"end":{"line":59,"column":24}},"32":{"start":{"line":60,"column":0},"end":{"line":60,"column":34}},"33":{"start":{"line":61,"column":0},"end":{"line":61,"column":45}},"34":{"start":{"line":64,"column":19},"end":{"line":69,"column":1}},"35":{"start":{"line":65,"column":2},"end":{"line":66,"column":18}},"36":{"start":{"line":66,"column":4},"end":{"line":66,"column":18}},"37":{"start":{"line":68,"column":2},"end":{"line":68,"column":62}},"38":{"start":{"line":72,"column":0},"end":{"line":77,"column":4}},"39":{"start":{"line":80,"column":0},"end":{"line":80,"column":31}},"40":{"start":{"line":81,"column":0},"end":{"line":81,"column":28}},"41":{"start":{"line":84,"column":13},"end":{"line":84,"column":14}},"42":{"start":{"line":89,"column":2},"end":{"line":95,"column":3}},"43":{"start":{"line":90,"column":18},"end":{"line":90,"column":41}},"44":{"start":{"line":91,"column":21},"end":{"line":91,"column":45}},"45":{"start":{"line":92,"column":4},"end":{"line":94,"column":5}},"46":{"start":{"line":93,"column":6},"end":{"line":93,"column":41}},"47":{"start":{"line":98,"column":0},"end":{"line":98,"column":81}},"48":{"start":{"line":98,"column":37},"end":{"line":98,"column":81}},"49":{"start":{"line":101,"column":2},"end":{"line":165,"column":3}},"50":{"start":{"line":102,"column":4},"end":{"line":164,"column":5}},"51":{"start":{"line":103,"column":21},"end":{"line":110,"column":10}},"52":{"start":{"line":112,"column":6},"end":{"line":158,"column":7}},"53":{"start":{"line":117,"column":8},"end":{"line":117,"column":26}},"54":{"start":{"line":118,"column":13},"end":{"line":158,"column":7}},"55":{"start":{"line":121,"column":8},"end":{"line":121,"column":64}},"56":{"start":{"line":121,"column":37},"end":{"line":121,"column":62}},"57":{"start":{"line":122,"column":8},"end":{"line":122,"column":26}},"58":{"start":{"line":125,"column":22},"end":{"line":125,"column":43}},"59":{"start":{"line":126,"column":8},"end":{"line":155,"column":9}},"60":{"start":{"line":127,"column":10},"end":{"line":127,"column":75}},"61":{"start":{"line":128,"column":24},"end":{"line":128,"column":38}},"62":{"start":{"line":129,"column":10},"end":{"line":154,"column":12}},"63":{"start":{"line":130,"column":12},"end":{"line":153,"column":13}},"64":{"start":{"line":131,"column":14},"end":{"line":140,"column":15}},"65":{"start":{"line":134,"column":16},"end":{"line":134,"column":108}},"66":{"start":{"line":136,"column":19},"end":{"line":140,"column":15}},"67":{"start":{"line":138,"column":16},"end":{"line":138,"column":83}},"68":{"start":{"line":139,"column":16},"end":{"line":139,"column":74}},"69":{"start":{"line":142,"column":17},"end":{"line":153,"column":13}},"70":{"start":{"line":143,"column":14},"end":{"line":152,"column":15}},"71":{"start":{"line":144,"column":27},"end":{"line":144,"column":41}},"72":{"start":{"line":145,"column":32},"end":{"line":145,"column":47}},"73":{"start":{"line":146,"column":16},"end":{"line":151,"column":17}},"74":{"start":{"line":147,"column":31},"end":{"line":147,"column":51}},"75":{"start":{"line":148,"column":18},"end":{"line":150,"column":19}},"76":{"start":{"line":149,"column":20},"end":{"line":149,"column":76}},"77":{"start":{"line":157,"column":8},"end":{"line":157,"column":26}},"78":{"start":{"line":160,"column":27},"end":{"line":160,"column":53}},"79":{"start":{"line":161,"column":6},"end":{"line":161,"column":36}},"80":{"start":{"line":162,"column":6},"end":{"line":162,"column":62}},"81":{"start":{"line":162,"column":35},"end":{"line":162,"column":60}},"82":{"start":{"line":163,"column":6},"end":{"line":163,"column":24}},"83":{"start":{"line":169,"column":0},"end":{"line":169,"column":12}},"84":{"start":{"line":172,"column":2},"end":{"line":191,"column":3}},"85":{"start":{"line":173,"column":24},"end":{"line":173,"column":61}},"86":{"start":{"line":174,"column":4},"end":{"line":188,"column":5}},"87":{"start":{"line":175,"column":6},"end":{"line":175,"column":13}},"88":{"start":{"line":178,"column":6},"end":{"line":187,"column":8}},"89":{"start":{"line":179,"column":23},"end":{"line":186,"column":12}},"90":{"start":{"line":190,"column":4},"end":{"line":190,"column":21}},"91":{"start":{"line":195,"column":0},"end":{"line":215,"column":2}},"92":{"start":{"line":196,"column":19},"end":{"line":196,"column":40}},"93":{"start":{"line":197,"column":14},"end":{"line":197,"column":30}},"94":{"start":{"line":198,"column":15},"end":{"line":198,"column":48}},"95":{"start":{"line":200,"column":2},"end":{"line":214,"column":4}},"96":{"start":{"line":201,"column":4},"end":{"line":208,"column":5}},"97":{"start":{"line":202,"column":6},"end":{"line":202,"column":26}},"98":{"start":{"line":203,"column":6},"end":{"line":205,"column":8}},"99":{"start":{"line":206,"column":6},"end":{"line":206,"column":66}},"100":{"start":{"line":207,"column":6},"end":{"line":207,"column":12}},"101":{"start":{"line":210,"column":4},"end":{"line":212,"column":6}},"102":{"start":{"line":213,"column":4},"end":{"line":213,"column":79}},"103":{"start":{"line":217,"column":0},"end":{"line":229,"column":2}},"104":{"start":{"line":218,"column":19},"end":{"line":218,"column":32}},"105":{"start":{"line":219,"column":15},"end":{"line":219,"column":35}},"106":{"start":{"line":221,"column":2},"end":{"line":228,"column":3}},"107":{"start":{"line":222,"column":4},"end":{"line":222,"column":23}},"108":{"start":{"line":223,"column":4},"end":{"line":223,"column":62}},"109":{"start":{"line":226,"column":4},"end":{"line":226,"column":80}},"110":{"start":{"line":227,"column":4},"end":{"line":227,"column":10}},"111":{"start":{"line":232,"column":0},"end":{"line":234,"column":3}},"112":{"start":{"line":233,"column":2},"end":{"line":233,"column":64}},"113":{"start":{"line":237,"column":0},"end":{"line":239,"column":3}},"114":{"start":{"line":238,"column":2},"end":{"line":238,"column":74}},"115":{"start":{"line":242,"column":0},"end":{"line":255,"column":3}},"116":{"start":{"line":243,"column":2},"end":{"line":254,"column":3}},"117":{"start":{"line":244,"column":21},"end":{"line":244,"column":47}},"118":{"start":{"line":245,"column":4},"end":{"line":250,"column":5}},"119":{"start":{"line":246,"column":6},"end":{"line":246,"column":37}},"120":{"start":{"line":249,"column":6},"end":{"line":249,"column":40}},"121":{"start":{"line":252,"column":4},"end":{"line":252,"column":20}},"122":{"start":{"line":253,"column":4},"end":{"line":253,"column":26}},"123":{"start":{"line":258,"column":0},"end":{"line":271,"column":3}},"124":{"start":{"line":259,"column":2},"end":{"line":270,"column":3}},"125":{"start":{"line":260,"column":21},"end":{"line":260,"column":47}},"126":{"start":{"line":261,"column":4},"end":{"line":266,"column":5}},"127":{"start":{"line":262,"column":6},"end":{"line":262,"column":37}},"128":{"start":{"line":265,"column":6},"end":{"line":265,"column":25}},"129":{"start":{"line":268,"column":4},"end":{"line":268,"column":20}},"130":{"start":{"line":269,"column":4},"end":{"line":269,"column":26}},"131":{"start":{"line":275,"column":0},"end":{"line":300,"column":3}},"132":{"start":{"line":276,"column":16},"end":{"line":276,"column":39}},"133":{"start":{"line":277,"column":19},"end":{"line":277,"column":43}},"134":{"start":{"line":278,"column":2},"end":{"line":281,"column":3}},"135":{"start":{"line":279,"column":4},"end":{"line":279,"column":77}},"136":{"start":{"line":280,"column":4},"end":{"line":280,"column":11}},"137":{"start":{"line":283,"column":18},"end":{"line":283,"column":26}},"138":{"start":{"line":284,"column":2},"end":{"line":298,"column":3}},"139":{"start":{"line":285,"column":4},"end":{"line":288,"column":5}},"140":{"start":{"line":286,"column":6},"end":{"line":286,"column":73}},"141":{"start":{"line":287,"column":6},"end":{"line":287,"column":13}},"142":{"start":{"line":289,"column":19},"end":{"line":289,"column":71}},"143":{"start":{"line":290,"column":4},"end":{"line":294,"column":5}},"144":{"start":{"line":291,"column":6},"end":{"line":291,"column":35}},"145":{"start":{"line":293,"column":6},"end":{"line":293,"column":35}},"146":{"start":{"line":296,"column":4},"end":{"line":296,"column":47}},"147":{"start":{"line":297,"column":4},"end":{"line":297,"column":11}},"148":{"start":{"line":304,"column":0},"end":{"line":334,"column":3}},"149":{"start":{"line":305,"column":18},"end":{"line":305,"column":26}},"150":{"start":{"line":307,"column":16},"end":{"line":307,"column":39}},"151":{"start":{"line":308,"column":19},"end":{"line":308,"column":43}},"152":{"start":{"line":309,"column":2},"end":{"line":312,"column":3}},"153":{"start":{"line":310,"column":4},"end":{"line":310,"column":73}},"154":{"start":{"line":311,"column":4},"end":{"line":311,"column":11}},"155":{"start":{"line":313,"column":2},"end":{"line":316,"column":3}},"156":{"start":{"line":314,"column":4},"end":{"line":314,"column":74}},"157":{"start":{"line":315,"column":4},"end":{"line":315,"column":11}},"158":{"start":{"line":318,"column":2},"end":{"line":332,"column":3}},"159":{"start":{"line":319,"column":21},"end":{"line":319,"column":57}},"160":{"start":{"line":321,"column":4},"end":{"line":321,"column":69}},"161":{"start":{"line":321,"column":32},"end":{"line":321,"column":69}},"162":{"start":{"line":322,"column":19},"end":{"line":322,"column":93}},"163":{"start":{"line":323,"column":4},"end":{"line":328,"column":5}},"164":{"start":{"line":324,"column":6},"end":{"line":324,"column":35}},"165":{"start":{"line":327,"column":6},"end":{"line":327,"column":35}},"166":{"start":{"line":330,"column":4},"end":{"line":330,"column":47}},"167":{"start":{"line":331,"column":4},"end":{"line":331,"column":11}},"168":{"start":{"line":337,"column":0},"end":{"line":350,"column":3}},"169":{"start":{"line":338,"column":2},"end":{"line":349,"column":3}},"170":{"start":{"line":339,"column":18},"end":{"line":339,"column":41}},"171":{"start":{"line":340,"column":21},"end":{"line":340,"column":45}},"172":{"start":{"line":341,"column":4},"end":{"line":344,"column":5}},"173":{"start":{"line":342,"column":6},"end":{"line":342,"column":74}},"174":{"start":{"line":343,"column":6},"end":{"line":343,"column":13}},"175":{"start":{"line":345,"column":19},"end":{"line":345,"column":60}},"176":{"start":{"line":346,"column":4},"end":{"line":346,"column":33}},"177":{"start":{"line":348,"column":4},"end":{"line":348,"column":26}},"178":{"start":{"line":353,"column":0},"end":{"line":370,"column":3}},"179":{"start":{"line":354,"column":2},"end":{"line":369,"column":3}},"180":{"start":{"line":355,"column":18},"end":{"line":355,"column":41}},"181":{"start":{"line":356,"column":21},"end":{"line":356,"column":45}},"182":{"start":{"line":357,"column":4},"end":{"line":366,"column":5}},"183":{"start":{"line":357,"column":32},"end":{"line":357,"column":54}},"184":{"start":{"line":359,"column":23},"end":{"line":359,"column":103}},"185":{"start":{"line":360,"column":6},"end":{"line":365,"column":7}},"186":{"start":{"line":361,"column":8},"end":{"line":361,"column":39}},"187":{"start":{"line":364,"column":8},"end":{"line":364,"column":27}},"188":{"start":{"line":368,"column":4},"end":{"line":368,"column":26}},"189":{"start":{"line":373,"column":0},"end":{"line":386,"column":3}},"190":{"start":{"line":374,"column":2},"end":{"line":385,"column":3}},"191":{"start":{"line":375,"column":20},"end":{"line":375,"column":45}},"192":{"start":{"line":376,"column":4},"end":{"line":381,"column":5}},"193":{"start":{"line":377,"column":6},"end":{"line":377,"column":36}},"194":{"start":{"line":380,"column":6},"end":{"line":380,"column":24}},"195":{"start":{"line":383,"column":4},"end":{"line":383,"column":20}},"196":{"start":{"line":384,"column":4},"end":{"line":384,"column":26}},"197":{"start":{"line":389,"column":0},"end":{"line":402,"column":3}},"198":{"start":{"line":390,"column":2},"end":{"line":401,"column":3}},"199":{"start":{"line":391,"column":19},"end":{"line":391,"column":56}},"200":{"start":{"line":392,"column":4},"end":{"line":397,"column":5}},"201":{"start":{"line":393,"column":6},"end":{"line":393,"column":35}},"202":{"start":{"line":396,"column":6},"end":{"line":396,"column":23}},"203":{"start":{"line":399,"column":4},"end":{"line":399,"column":20}},"204":{"start":{"line":400,"column":4},"end":{"line":400,"column":26}},"205":{"start":{"line":405,"column":0},"end":{"line":421,"column":3}},"206":{"start":{"line":406,"column":2},"end":{"line":420,"column":3}},"207":{"start":{"line":407,"column":19},"end":{"line":407,"column":56}},"208":{"start":{"line":408,"column":19},"end":{"line":408,"column":56}},"209":{"start":{"line":409,"column":4},"end":{"line":416,"column":5}},"210":{"start":{"line":410,"column":6},"end":{"line":410,"column":35}},"211":{"start":{"line":413,"column":17},"end":{"line":413,"column":22}},"212":{"start":{"line":414,"column":6},"end":{"line":414,"column":92}},"213":{"start":{"line":414,"column":28},"end":{"line":414,"column":88}},"214":{"start":{"line":414,"column":76},"end":{"line":414,"column":88}},"215":{"start":{"line":415,"column":6},"end":{"line":415,"column":33}},"216":{"start":{"line":418,"column":4},"end":{"line":418,"column":20}},"217":{"start":{"line":419,"column":4},"end":{"line":419,"column":26}},"218":{"start":{"line":424,"column":0},"end":{"line":439,"column":3}},"219":{"start":{"line":426,"column":15},"end":{"line":426,"column":23}},"220":{"start":{"line":428,"column":15},"end":{"line":428,"column":26}},"221":{"start":{"line":429,"column":2},"end":{"line":435,"column":3}},"222":{"start":{"line":430,"column":4},"end":{"line":430,"column":52}},"223":{"start":{"line":431,"column":4},"end":{"line":431,"column":26}},"224":{"start":{"line":434,"column":4},"end":{"line":434,"column":60}},"225":{"start":{"line":442,"column":0},"end":{"line":456,"column":3}},"226":{"start":{"line":444,"column":16},"end":{"line":444,"column":40}},"227":{"start":{"line":446,"column":2},"end":{"line":452,"column":3}},"228":{"start":{"line":447,"column":4},"end":{"line":447,"column":51}},"229":{"start":{"line":448,"column":4},"end":{"line":448,"column":26}},"230":{"start":{"line":451,"column":4},"end":{"line":451,"column":60}},"231":{"start":{"line":459,"column":0},"end":{"line":481,"column":3}},"232":{"start":{"line":460,"column":16},"end":{"line":460,"column":24}},"233":{"start":{"line":461,"column":2},"end":{"line":480,"column":3}},"234":{"start":{"line":463,"column":15},"end":{"line":463,"column":20}},"235":{"start":{"line":464,"column":4},"end":{"line":467,"column":6}},"236":{"start":{"line":465,"column":23},"end":{"line":465,"column":61}},"237":{"start":{"line":466,"column":6},"end":{"line":466,"column":38}},"238":{"start":{"line":466,"column":26},"end":{"line":466,"column":38}},"239":{"start":{"line":468,"column":4},"end":{"line":468,"column":21}},"240":{"start":{"line":468,"column":14},"end":{"line":468,"column":21}},"241":{"start":{"line":470,"column":4},"end":{"line":473,"column":6}},"242":{"start":{"line":471,"column":23},"end":{"line":471,"column":51}},"243":{"start":{"line":472,"column":6},"end":{"line":472,"column":38}},"244":{"start":{"line":472,"column":26},"end":{"line":472,"column":38}},"245":{"start":{"line":474,"column":4},"end":{"line":474,"column":21}},"246":{"start":{"line":474,"column":14},"end":{"line":474,"column":21}},"247":{"start":{"line":475,"column":4},"end":{"line":475,"column":121}},"248":{"start":{"line":476,"column":4},"end":{"line":476,"column":26}},"249":{"start":{"line":479,"column":4},"end":{"line":479,"column":41}},"250":{"start":{"line":484,"column":0},"end":{"line":495,"column":3}},"251":{"start":{"line":485,"column":2},"end":{"line":485,"column":39}},"252":{"start":{"line":486,"column":16},"end":{"line":486,"column":24}},"253":{"start":{"line":487,"column":2},"end":{"line":494,"column":3}},"254":{"start":{"line":489,"column":4},"end":{"line":489,"column":46}},"255":{"start":{"line":491,"column":4},"end":{"line":491,"column":26}},"256":{"start":{"line":493,"column":4},"end":{"line":493,"column":60}},"257":{"start":{"line":501,"column":0},"end":{"line":546,"column":3}},"258":{"start":{"line":503,"column":16},"end":{"line":503,"column":39}},"259":{"start":{"line":504,"column":19},"end":{"line":504,"column":43}},"260":{"start":{"line":505,"column":2},"end":{"line":508,"column":3}},"261":{"start":{"line":506,"column":4},"end":{"line":506,"column":74}},"262":{"start":{"line":507,"column":4},"end":{"line":507,"column":11}},"263":{"start":{"line":510,"column":16},"end":{"line":510,"column":24}},"264":{"start":{"line":511,"column":2},"end":{"line":544,"column":3}},"265":{"start":{"line":512,"column":4},"end":{"line":527,"column":5}},"266":{"start":{"line":514,"column":6},"end":{"line":514,"column":46}},"267":{"start":{"line":515,"column":6},"end":{"line":515,"column":20}},"268":{"start":{"line":516,"column":6},"end":{"line":516,"column":26}},"269":{"start":{"line":517,"column":6},"end":{"line":517,"column":25}},"270":{"start":{"line":520,"column":17},"end":{"line":520,"column":22}},"271":{"start":{"line":521,"column":6},"end":{"line":524,"column":8}},"272":{"start":{"line":522,"column":25},"end":{"line":522,"column":53}},"273":{"start":{"line":523,"column":8},"end":{"line":523,"column":40}},"274":{"start":{"line":523,"column":28},"end":{"line":523,"column":40}},"275":{"start":{"line":525,"column":6},"end":{"line":525,"column":23}},"276":{"start":{"line":525,"column":16},"end":{"line":525,"column":23}},"277":{"start":{"line":526,"column":6},"end":{"line":526,"column":46}},"278":{"start":{"line":528,"column":24},"end":{"line":528,"column":75}},"279":{"start":{"line":529,"column":4},"end":{"line":529,"column":43}},"280":{"start":{"line":530,"column":4},"end":{"line":530,"column":43}},"281":{"start":{"line":531,"column":4},"end":{"line":531,"column":52}},"282":{"start":{"line":532,"column":4},"end":{"line":532,"column":50}},"283":{"start":{"line":533,"column":19},"end":{"line":533,"column":47}},"284":{"start":{"line":534,"column":4},"end":{"line":539,"column":5}},"285":{"start":{"line":535,"column":6},"end":{"line":535,"column":35}},"286":{"start":{"line":537,"column":6},"end":{"line":537,"column":53}},"287":{"start":{"line":537,"column":22},"end":{"line":537,"column":53}},"288":{"start":{"line":538,"column":6},"end":{"line":538,"column":34}},"289":{"start":{"line":541,"column":4},"end":{"line":541,"column":20}},"290":{"start":{"line":542,"column":4},"end":{"line":542,"column":47}},"291":{"start":{"line":543,"column":4},"end":{"line":543,"column":11}},"292":{"start":{"line":549,"column":0},"end":{"line":561,"column":3}},"293":{"start":{"line":550,"column":2},"end":{"line":560,"column":3}},"294":{"start":{"line":551,"column":19},"end":{"line":551,"column":43}},"295":{"start":{"line":552,"column":4},"end":{"line":556,"column":5}},"296":{"start":{"line":553,"column":6},"end":{"line":553,"column":35}},"297":{"start":{"line":555,"column":6},"end":{"line":555,"column":23}},"298":{"start":{"line":558,"column":4},"end":{"line":558,"column":21}},"299":{"start":{"line":559,"column":4},"end":{"line":559,"column":26}},"300":{"start":{"line":564,"column":0},"end":{"line":576,"column":3}},"301":{"start":{"line":565,"column":2},"end":{"line":575,"column":3}},"302":{"start":{"line":566,"column":19},"end":{"line":566,"column":73}},"303":{"start":{"line":567,"column":4},"end":{"line":571,"column":5}},"304":{"start":{"line":568,"column":6},"end":{"line":568,"column":35}},"305":{"start":{"line":570,"column":6},"end":{"line":570,"column":23}},"306":{"start":{"line":573,"column":4},"end":{"line":573,"column":21}},"307":{"start":{"line":574,"column":4},"end":{"line":574,"column":26}},"308":{"start":{"line":579,"column":0},"end":{"line":582,"column":3}},"309":{"start":{"line":580,"column":17},"end":{"line":580,"column":56}},"310":{"start":{"line":581,"column":2},"end":{"line":581,"column":31}},"311":{"start":{"line":585,"column":0},"end":{"line":597,"column":3}},"312":{"start":{"line":586,"column":2},"end":{"line":596,"column":3}},"313":{"start":{"line":587,"column":19},"end":{"line":587,"column":56}},"314":{"start":{"line":588,"column":4},"end":{"line":592,"column":5}},"315":{"start":{"line":589,"column":6},"end":{"line":589,"column":35}},"316":{"start":{"line":591,"column":6},"end":{"line":591,"column":23}},"317":{"start":{"line":594,"column":4},"end":{"line":594,"column":21}},"318":{"start":{"line":595,"column":4},"end":{"line":595,"column":26}},"319":{"start":{"line":600,"column":0},"end":{"line":619,"column":3}},"320":{"start":{"line":601,"column":16},"end":{"line":601,"column":39}},"321":{"start":{"line":602,"column":19},"end":{"line":602,"column":43}},"322":{"start":{"line":603,"column":2},"end":{"line":606,"column":3}},"323":{"start":{"line":604,"column":4},"end":{"line":604,"column":74}},"324":{"start":{"line":605,"column":4},"end":{"line":605,"column":11}},"325":{"start":{"line":608,"column":13},"end":{"line":608,"column":26}},"326":{"start":{"line":609,"column":2},"end":{"line":618,"column":3}},"327":{"start":{"line":610,"column":4},"end":{"line":614,"column":5}},"328":{"start":{"line":611,"column":21},"end":{"line":611,"column":58}},"329":{"start":{"line":612,"column":6},"end":{"line":613,"column":28}},"330":{"start":{"line":612,"column":22},"end":{"line":612,"column":51}},"331":{"start":{"line":613,"column":11},"end":{"line":613,"column":28}},"332":{"start":{"line":616,"column":4},"end":{"line":616,"column":47}},"333":{"start":{"line":617,"column":4},"end":{"line":617,"column":11}},"334":{"start":{"line":622,"column":0},"end":{"line":645,"column":3}},"335":{"start":{"line":624,"column":16},"end":{"line":624,"column":39}},"336":{"start":{"line":625,"column":19},"end":{"line":625,"column":43}},"337":{"start":{"line":626,"column":2},"end":{"line":629,"column":3}},"338":{"start":{"line":627,"column":4},"end":{"line":627,"column":79}},"339":{"start":{"line":628,"column":4},"end":{"line":628,"column":11}},"340":{"start":{"line":631,"column":18},"end":{"line":631,"column":36}},"341":{"start":{"line":632,"column":20},"end":{"line":632,"column":33}},"342":{"start":{"line":636,"column":2},"end":{"line":644,"column":3}},"343":{"start":{"line":637,"column":19},"end":{"line":637,"column":72}},"344":{"start":{"line":638,"column":4},"end":{"line":639,"column":24}},"345":{"start":{"line":638,"column":20},"end":{"line":638,"column":49}},"346":{"start":{"line":639,"column":9},"end":{"line":639,"column":24}},"347":{"start":{"line":642,"column":4},"end":{"line":642,"column":47}},"348":{"start":{"line":643,"column":4},"end":{"line":643,"column":11}},"349":{"start":{"line":648,"column":0},"end":{"line":658,"column":3}},"350":{"start":{"line":649,"column":16},"end":{"line":649,"column":24}},"351":{"start":{"line":650,"column":2},"end":{"line":657,"column":3}},"352":{"start":{"line":651,"column":19},"end":{"line":651,"column":54}},"353":{"start":{"line":652,"column":4},"end":{"line":653,"column":26}},"354":{"start":{"line":652,"column":20},"end":{"line":652,"column":49}},"355":{"start":{"line":653,"column":9},"end":{"line":653,"column":26}},"356":{"start":{"line":655,"column":4},"end":{"line":655,"column":47}},"357":{"start":{"line":656,"column":4},"end":{"line":656,"column":11}},"358":{"start":{"line":662,"column":0},"end":{"line":674,"column":3}},"359":{"start":{"line":663,"column":2},"end":{"line":673,"column":3}},"360":{"start":{"line":664,"column":19},"end":{"line":664,"column":68}},"361":{"start":{"line":665,"column":4},"end":{"line":669,"column":5}},"362":{"start":{"line":666,"column":6},"end":{"line":666,"column":35}},"363":{"start":{"line":668,"column":6},"end":{"line":668,"column":23}},"364":{"start":{"line":671,"column":4},"end":{"line":671,"column":21}},"365":{"start":{"line":672,"column":4},"end":{"line":672,"column":26}},"366":{"start":{"line":677,"column":0},"end":{"line":696,"column":3}},"367":{"start":{"line":678,"column":16},"end":{"line":678,"column":39}},"368":{"start":{"line":679,"column":19},"end":{"line":679,"column":43}},"369":{"start":{"line":680,"column":2},"end":{"line":683,"column":3}},"370":{"start":{"line":681,"column":4},"end":{"line":681,"column":83}},"371":{"start":{"line":682,"column":4},"end":{"line":682,"column":11}},"372":{"start":{"line":685,"column":13},"end":{"line":685,"column":26}},"373":{"start":{"line":686,"column":2},"end":{"line":695,"column":3}},"374":{"start":{"line":687,"column":4},"end":{"line":691,"column":5}},"375":{"start":{"line":688,"column":21},"end":{"line":688,"column":58}},"376":{"start":{"line":689,"column":6},"end":{"line":690,"column":28}},"377":{"start":{"line":689,"column":22},"end":{"line":689,"column":51}},"378":{"start":{"line":690,"column":11},"end":{"line":690,"column":28}},"379":{"start":{"line":693,"column":4},"end":{"line":693,"column":47}},"380":{"start":{"line":694,"column":4},"end":{"line":694,"column":11}},"381":{"start":{"line":699,"column":0},"end":{"line":711,"column":3}},"382":{"start":{"line":700,"column":2},"end":{"line":710,"column":3}},"383":{"start":{"line":701,"column":18},"end":{"line":701,"column":41}},"384":{"start":{"line":702,"column":4},"end":{"line":706,"column":5}},"385":{"start":{"line":703,"column":6},"end":{"line":703,"column":34}},"386":{"start":{"line":705,"column":6},"end":{"line":705,"column":22}},"387":{"start":{"line":708,"column":4},"end":{"line":708,"column":21}},"388":{"start":{"line":709,"column":4},"end":{"line":709,"column":26}},"389":{"start":{"line":714,"column":0},"end":{"line":726,"column":3}},"390":{"start":{"line":715,"column":2},"end":{"line":725,"column":3}},"391":{"start":{"line":716,"column":18},"end":{"line":716,"column":60}},"392":{"start":{"line":717,"column":4},"end":{"line":721,"column":5}},"393":{"start":{"line":718,"column":6},"end":{"line":718,"column":34}},"394":{"start":{"line":720,"column":6},"end":{"line":720,"column":22}},"395":{"start":{"line":723,"column":4},"end":{"line":723,"column":21}},"396":{"start":{"line":724,"column":4},"end":{"line":724,"column":26}},"397":{"start":{"line":729,"column":0},"end":{"line":761,"column":3}},"398":{"start":{"line":730,"column":2},"end":{"line":760,"column":3}},"399":{"start":{"line":731,"column":19},"end":{"line":731,"column":43}},"400":{"start":{"line":732,"column":21},"end":{"line":732,"column":23}},"401":{"start":{"line":733,"column":20},"end":{"line":733,"column":22}},"402":{"start":{"line":734,"column":4},"end":{"line":734,"column":23}},"403":{"start":{"line":735,"column":4},"end":{"line":735,"column":21}},"404":{"start":{"line":736,"column":4},"end":{"line":756,"column":5}},"405":{"start":{"line":737,"column":6},"end":{"line":737,"column":35}},"406":{"start":{"line":739,"column":23},"end":{"line":754,"column":9}},"407":{"start":{"line":740,"column":8},"end":{"line":752,"column":12}},"408":{"start":{"line":742,"column":10},"end":{"line":742,"column":47}},"409":{"start":{"line":742,"column":40},"end":{"line":742,"column":47}},"410":{"start":{"line":743,"column":10},"end":{"line":751,"column":11}},"411":{"start":{"line":744,"column":12},"end":{"line":744,"column":35}},"412":{"start":{"line":745,"column":24},"end":{"line":745,"column":56}},"413":{"start":{"line":746,"column":12},"end":{"line":746,"column":61}},"414":{"start":{"line":749,"column":24},"end":{"line":749,"column":56}},"415":{"start":{"line":750,"column":12},"end":{"line":750,"column":63}},"416":{"start":{"line":753,"column":8},"end":{"line":753,"column":24}},"417":{"start":{"line":755,"column":6},"end":{"line":755,"column":34}},"418":{"start":{"line":758,"column":4},"end":{"line":758,"column":21}},"419":{"start":{"line":759,"column":4},"end":{"line":759,"column":26}},"420":{"start":{"line":764,"column":0},"end":{"line":785,"column":3}},"421":{"start":{"line":765,"column":2},"end":{"line":784,"column":3}},"422":{"start":{"line":766,"column":23},"end":{"line":766,"column":51}},"423":{"start":{"line":767,"column":4},"end":{"line":780,"column":5}},"424":{"start":{"line":768,"column":6},"end":{"line":768,"column":39}},"425":{"start":{"line":770,"column":22},"end":{"line":778,"column":9}},"426":{"start":{"line":771,"column":8},"end":{"line":777,"column":9}},"427":{"start":{"line":779,"column":6},"end":{"line":779,"column":24}},"428":{"start":{"line":782,"column":4},"end":{"line":782,"column":21}},"429":{"start":{"line":783,"column":4},"end":{"line":783,"column":26}},"430":{"start":{"line":788,"column":0},"end":{"line":822,"column":3}},"431":{"start":{"line":789,"column":2},"end":{"line":821,"column":3}},"432":{"start":{"line":790,"column":18},"end":{"line":790,"column":41}},"433":{"start":{"line":791,"column":21},"end":{"line":791,"column":45}},"434":{"start":{"line":792,"column":4},"end":{"line":795,"column":5}},"435":{"start":{"line":793,"column":6},"end":{"line":793,"column":73}},"436":{"start":{"line":794,"column":6},"end":{"line":794,"column":13}},"437":{"start":{"line":797,"column":21},"end":{"line":797,"column":29}},"438":{"start":{"line":798,"column":18},"end":{"line":798,"column":69}},"439":{"start":{"line":799,"column":4},"end":{"line":801,"column":5}},"440":{"start":{"line":800,"column":6},"end":{"line":800,"column":34}},"441":{"start":{"line":802,"column":4},"end":{"line":806,"column":7}},"442":{"start":{"line":803,"column":6},"end":{"line":805,"column":7}},"443":{"start":{"line":804,"column":8},"end":{"line":804,"column":21}},"444":{"start":{"line":807,"column":4},"end":{"line":807,"column":58}},"445":{"start":{"line":808,"column":19},"end":{"line":808,"column":80}},"446":{"start":{"line":809,"column":4},"end":{"line":811,"column":5}},"447":{"start":{"line":810,"column":6},"end":{"line":810,"column":35}},"448":{"start":{"line":812,"column":20},"end":{"line":812,"column":57}},"449":{"start":{"line":813,"column":4},"end":{"line":817,"column":5}},"450":{"start":{"line":814,"column":6},"end":{"line":814,"column":36}},"451":{"start":{"line":816,"column":6},"end":{"line":816,"column":24}},"452":{"start":{"line":819,"column":4},"end":{"line":819,"column":21}},"453":{"start":{"line":820,"column":4},"end":{"line":820,"column":26}},"454":{"start":{"line":824,"column":0},"end":{"line":848,"column":2}},"455":{"start":{"line":825,"column":2},"end":{"line":847,"column":3}},"456":{"start":{"line":826,"column":18},"end":{"line":826,"column":26}},"457":{"start":{"line":827,"column":21},"end":{"line":827,"column":47}},"458":{"start":{"line":828,"column":4},"end":{"line":828,"column":25}},"459":{"start":{"line":830,"column":4},"end":{"line":835,"column":6}},"460":{"start":{"line":831,"column":6},"end":{"line":831,"column":65}},"461":{"start":{"line":832,"column":6},"end":{"line":834,"column":7}},"462":{"start":{"line":833,"column":8},"end":{"line":833,"column":37}},"463":{"start":{"line":836,"column":4},"end":{"line":836,"column":64}},"464":{"start":{"line":837,"column":4},"end":{"line":842,"column":5}},"465":{"start":{"line":838,"column":6},"end":{"line":838,"column":35}},"466":{"start":{"line":841,"column":6},"end":{"line":841,"column":34}},"467":{"start":{"line":845,"column":4},"end":{"line":845,"column":23}},"468":{"start":{"line":846,"column":4},"end":{"line":846,"column":26}},"469":{"start":{"line":854,"column":0},"end":{"line":873,"column":3}},"470":{"start":{"line":855,"column":2},"end":{"line":872,"column":21}},"471":{"start":{"line":856,"column":4},"end":{"line":857,"column":23}},"472":{"start":{"line":857,"column":6},"end":{"line":857,"column":23}},"473":{"start":{"line":858,"column":4},"end":{"line":862,"column":5}},"474":{"start":{"line":861,"column":6},"end":{"line":861,"column":40}},"475":{"start":{"line":864,"column":4},"end":{"line":871,"column":7}},"476":{"start":{"line":865,"column":6},"end":{"line":866,"column":27}},"477":{"start":{"line":866,"column":8},"end":{"line":866,"column":27}},"478":{"start":{"line":870,"column":6},"end":{"line":870,"column":32}},"479":{"start":{"line":877,"column":0},"end":{"line":891,"column":3}},"480":{"start":{"line":878,"column":2},"end":{"line":878,"column":47}},"481":{"start":{"line":879,"column":20},"end":{"line":879,"column":28}},"482":{"start":{"line":880,"column":2},"end":{"line":890,"column":3}},"483":{"start":{"line":881,"column":19},"end":{"line":881,"column":199}},"484":{"start":{"line":882,"column":4},"end":{"line":886,"column":5}},"485":{"start":{"line":883,"column":6},"end":{"line":883,"column":35}},"486":{"start":{"line":885,"column":6},"end":{"line":885,"column":35}},"487":{"start":{"line":888,"column":4},"end":{"line":888,"column":47}},"488":{"start":{"line":889,"column":4},"end":{"line":889,"column":11}},"489":{"start":{"line":894,"column":0},"end":{"line":897,"column":3}},"490":{"start":{"line":895,"column":17},"end":{"line":895,"column":57}},"491":{"start":{"line":896,"column":2},"end":{"line":896,"column":31}},"492":{"start":{"line":902,"column":0},"end":{"line":905,"column":3}},"493":{"start":{"line":903,"column":2},"end":{"line":903,"column":15}},"494":{"start":{"line":904,"column":2},"end":{"line":904,"column":24}},"495":{"start":{"line":909,"column":0},"end":{"line":915,"column":3}},"496":{"start":{"line":910,"column":2},"end":{"line":914,"column":61}},"497":{"start":{"line":911,"column":4},"end":{"line":911,"column":35}},"498":{"start":{"line":914,"column":4},"end":{"line":914,"column":61}},"499":{"start":{"line":917,"column":0},"end":{"line":917,"column":21}}},"fnMap":{"0":{"name":"(anonymous_0)","decl":{"start":{"line":29,"column":2},"end":{"line":29,"column":3}},"loc":{"start":{"line":29,"column":38},"end":{"line":36,"column":3}},"line":29},"1":{"name":"(anonymous_1)","decl":{"start":{"line":30,"column":45},"end":{"line":30,"column":46}},"loc":{"start":{"line":30,"column":55},"end":{"line":35,"column":5}},"line":30},"2":{"name":"(anonymous_2)","decl":{"start":{"line":41,"column":23},"end":{"line":41,"column":24}},"loc":{"start":{"line":41,"column":39},"end":{"line":43,"column":1}},"line":41},"3":{"name":"(anonymous_3)","decl":{"start":{"line":46,"column":25},"end":{"line":46,"column":26}},"loc":{"start":{"line":46,"column":39},"end":{"line":53,"column":1}},"line":46},"4":{"name":"(anonymous_4)","decl":{"start":{"line":48,"column":10},"end":{"line":48,"column":11}},"loc":{"start":{"line":48,"column":18},"end":{"line":50,"column":5}},"line":48},"5":{"name":"(anonymous_5)","decl":{"start":{"line":50,"column":13},"end":{"line":50,"column":14}},"loc":{"start":{"line":50,"column":20},"end":{"line":52,"column":5}},"line":50},"6":{"name":"(anonymous_6)","decl":{"start":{"line":64,"column":19},"end":{"line":64,"column":20}},"loc":{"start":{"line":64,"column":39},"end":{"line":69,"column":1}},"line":64},"7":{"name":"checkTimeAndConstraints","decl":{"start":{"line":88,"column":15},"end":{"line":88,"column":38}},"loc":{"start":{"line":88,"column":41},"end":{"line":96,"column":1}},"line":88},"8":{"name":"subscribe","decl":{"start":{"line":100,"column":15},"end":{"line":100,"column":24}},"loc":{"start":{"line":100,"column":27},"end":{"line":166,"column":1}},"line":100},"9":{"name":"(anonymous_9)","decl":{"start":{"line":121,"column":26},"end":{"line":121,"column":27}},"loc":{"start":{"line":121,"column":37},"end":{"line":121,"column":62}},"line":121},"10":{"name":"(anonymous_10)","decl":{"start":{"line":129,"column":26},"end":{"line":129,"column":27}},"loc":{"start":{"line":129,"column":31},"end":{"line":154,"column":11}},"line":129},"11":{"name":"(anonymous_11)","decl":{"start":{"line":162,"column":24},"end":{"line":162,"column":25}},"loc":{"start":{"line":162,"column":35},"end":{"line":162,"column":60}},"line":162},"12":{"name":"sendNewProductNotification","decl":{"start":{"line":171,"column":15},"end":{"line":171,"column":41}},"loc":{"start":{"line":171,"column":44},"end":{"line":192,"column":1}},"line":171},"13":{"name":"(anonymous_13)","decl":{"start":{"line":178,"column":26},"end":{"line":178,"column":27}},"loc":{"start":{"line":178,"column":39},"end":{"line":187,"column":7}},"line":178},"14":{"name":"(anonymous_14)","decl":{"start":{"line":195,"column":30},"end":{"line":195,"column":31}},"loc":{"start":{"line":195,"column":44},"end":{"line":215,"column":1}},"line":195},"15":{"name":"(anonymous_15)","decl":{"start":{"line":200,"column":17},"end":{"line":200,"column":18}},"loc":{"start":{"line":200,"column":28},"end":{"line":214,"column":3}},"line":200},"16":{"name":"(anonymous_16)","decl":{"start":{"line":217,"column":32},"end":{"line":217,"column":33}},"loc":{"start":{"line":217,"column":46},"end":{"line":229,"column":1}},"line":217},"17":{"name":"(anonymous_17)","decl":{"start":{"line":232,"column":34},"end":{"line":232,"column":35}},"loc":{"start":{"line":232,"column":48},"end":{"line":234,"column":1}},"line":232},"18":{"name":"(anonymous_18)","decl":{"start":{"line":237,"column":30},"end":{"line":237,"column":31}},"loc":{"start":{"line":237,"column":44},"end":{"line":239,"column":1}},"line":237},"19":{"name":"(anonymous_19)","decl":{"start":{"line":242,"column":25},"end":{"line":242,"column":26}},"loc":{"start":{"line":242,"column":45},"end":{"line":255,"column":1}},"line":242},"20":{"name":"(anonymous_20)","decl":{"start":{"line":258,"column":25},"end":{"line":258,"column":26}},"loc":{"start":{"line":258,"column":45},"end":{"line":271,"column":1}},"line":258},"21":{"name":"(anonymous_21)","decl":{"start":{"line":275,"column":26},"end":{"line":275,"column":27}},"loc":{"start":{"line":275,"column":46},"end":{"line":300,"column":1}},"line":275},"22":{"name":"(anonymous_22)","decl":{"start":{"line":304,"column":29},"end":{"line":304,"column":30}},"loc":{"start":{"line":304,"column":49},"end":{"line":334,"column":1}},"line":304},"23":{"name":"(anonymous_23)","decl":{"start":{"line":337,"column":32},"end":{"line":337,"column":33}},"loc":{"start":{"line":337,"column":52},"end":{"line":350,"column":1}},"line":337},"24":{"name":"(anonymous_24)","decl":{"start":{"line":353,"column":29},"end":{"line":353,"column":30}},"loc":{"start":{"line":353,"column":49},"end":{"line":370,"column":1}},"line":353},"25":{"name":"(anonymous_25)","decl":{"start":{"line":373,"column":24},"end":{"line":373,"column":25}},"loc":{"start":{"line":373,"column":44},"end":{"line":386,"column":1}},"line":373},"26":{"name":"(anonymous_26)","decl":{"start":{"line":389,"column":28},"end":{"line":389,"column":29}},"loc":{"start":{"line":389,"column":48},"end":{"line":402,"column":1}},"line":389},"27":{"name":"(anonymous_27)","decl":{"start":{"line":405,"column":27},"end":{"line":405,"column":28}},"loc":{"start":{"line":405,"column":47},"end":{"line":421,"column":1}},"line":405},"28":{"name":"(anonymous_28)","decl":{"start":{"line":414,"column":21},"end":{"line":414,"column":22}},"loc":{"start":{"line":414,"column":26},"end":{"line":414,"column":90}},"line":414},"29":{"name":"(anonymous_29)","decl":{"start":{"line":424,"column":35},"end":{"line":424,"column":36}},"loc":{"start":{"line":424,"column":55},"end":{"line":439,"column":1}},"line":424},"30":{"name":"(anonymous_30)","decl":{"start":{"line":442,"column":35},"end":{"line":442,"column":36}},"loc":{"start":{"line":442,"column":55},"end":{"line":456,"column":1}},"line":442},"31":{"name":"(anonymous_31)","decl":{"start":{"line":459,"column":34},"end":{"line":459,"column":35}},"loc":{"start":{"line":459,"column":54},"end":{"line":481,"column":1}},"line":459},"32":{"name":"(anonymous_32)","decl":{"start":{"line":464,"column":23},"end":{"line":464,"column":24}},"loc":{"start":{"line":464,"column":37},"end":{"line":467,"column":5}},"line":464},"33":{"name":"(anonymous_33)","decl":{"start":{"line":470,"column":27},"end":{"line":470,"column":28}},"loc":{"start":{"line":470,"column":43},"end":{"line":473,"column":5}},"line":470},"34":{"name":"(anonymous_34)","decl":{"start":{"line":484,"column":43},"end":{"line":484,"column":44}},"loc":{"start":{"line":484,"column":63},"end":{"line":495,"column":1}},"line":484},"35":{"name":"(anonymous_35)","decl":{"start":{"line":501,"column":24},"end":{"line":501,"column":25}},"loc":{"start":{"line":501,"column":44},"end":{"line":546,"column":1}},"line":501},"36":{"name":"(anonymous_36)","decl":{"start":{"line":521,"column":29},"end":{"line":521,"column":30}},"loc":{"start":{"line":521,"column":45},"end":{"line":524,"column":7}},"line":521},"37":{"name":"(anonymous_37)","decl":{"start":{"line":549,"column":23},"end":{"line":549,"column":24}},"loc":{"start":{"line":549,"column":43},"end":{"line":561,"column":1}},"line":549},"38":{"name":"(anonymous_38)","decl":{"start":{"line":564,"column":44},"end":{"line":564,"column":45}},"loc":{"start":{"line":564,"column":64},"end":{"line":576,"column":1}},"line":564},"39":{"name":"(anonymous_39)","decl":{"start":{"line":579,"column":29},"end":{"line":579,"column":30}},"loc":{"start":{"line":579,"column":49},"end":{"line":582,"column":1}},"line":579},"40":{"name":"(anonymous_40)","decl":{"start":{"line":585,"column":27},"end":{"line":585,"column":28}},"loc":{"start":{"line":585,"column":47},"end":{"line":597,"column":1}},"line":585},"41":{"name":"(anonymous_41)","decl":{"start":{"line":600,"column":32},"end":{"line":600,"column":33}},"loc":{"start":{"line":600,"column":52},"end":{"line":619,"column":1}},"line":600},"42":{"name":"(anonymous_42)","decl":{"start":{"line":622,"column":49},"end":{"line":622,"column":50}},"loc":{"start":{"line":622,"column":69},"end":{"line":645,"column":1}},"line":622},"43":{"name":"(anonymous_43)","decl":{"start":{"line":648,"column":27},"end":{"line":648,"column":28}},"loc":{"start":{"line":648,"column":47},"end":{"line":658,"column":1}},"line":648},"44":{"name":"(anonymous_44)","decl":{"start":{"line":662,"column":41},"end":{"line":662,"column":42}},"loc":{"start":{"line":662,"column":61},"end":{"line":674,"column":1}},"line":662},"45":{"name":"(anonymous_45)","decl":{"start":{"line":677,"column":34},"end":{"line":677,"column":35}},"loc":{"start":{"line":677,"column":54},"end":{"line":696,"column":1}},"line":677},"46":{"name":"(anonymous_46)","decl":{"start":{"line":699,"column":22},"end":{"line":699,"column":23}},"loc":{"start":{"line":699,"column":42},"end":{"line":711,"column":1}},"line":699},"47":{"name":"(anonymous_47)","decl":{"start":{"line":714,"column":22},"end":{"line":714,"column":23}},"loc":{"start":{"line":714,"column":42},"end":{"line":726,"column":1}},"line":714},"48":{"name":"(anonymous_48)","decl":{"start":{"line":729,"column":36},"end":{"line":729,"column":37}},"loc":{"start":{"line":729,"column":56},"end":{"line":761,"column":1}},"line":729},"49":{"name":"(anonymous_49)","decl":{"start":{"line":739,"column":52},"end":{"line":739,"column":53}},"loc":{"start":{"line":739,"column":65},"end":{"line":754,"column":7}},"line":739},"50":{"name":"(anonymous_50)","decl":{"start":{"line":740,"column":41},"end":{"line":740,"column":42}},"loc":{"start":{"line":740,"column":54},"end":{"line":752,"column":9}},"line":740},"51":{"name":"(anonymous_51)","decl":{"start":{"line":764,"column":27},"end":{"line":764,"column":28}},"loc":{"start":{"line":764,"column":47},"end":{"line":785,"column":1}},"line":764},"52":{"name":"(anonymous_52)","decl":{"start":{"line":770,"column":55},"end":{"line":770,"column":56}},"loc":{"start":{"line":770,"column":68},"end":{"line":778,"column":7}},"line":770},"53":{"name":"(anonymous_53)","decl":{"start":{"line":788,"column":28},"end":{"line":788,"column":29}},"loc":{"start":{"line":788,"column":48},"end":{"line":822,"column":1}},"line":788},"54":{"name":"(anonymous_54)","decl":{"start":{"line":802,"column":30},"end":{"line":802,"column":31}},"loc":{"start":{"line":802,"column":37},"end":{"line":806,"column":5}},"line":802},"55":{"name":"(anonymous_55)","decl":{"start":{"line":824,"column":39},"end":{"line":824,"column":40}},"loc":{"start":{"line":824,"column":59},"end":{"line":848,"column":1}},"line":824},"56":{"name":"(anonymous_56)","decl":{"start":{"line":830,"column":21},"end":{"line":830,"column":22}},"loc":{"start":{"line":830,"column":34},"end":{"line":835,"column":5}},"line":830},"57":{"name":"(anonymous_57)","decl":{"start":{"line":854,"column":26},"end":{"line":854,"column":27}},"loc":{"start":{"line":854,"column":52},"end":{"line":873,"column":1}},"line":854},"58":{"name":"(anonymous_58)","decl":{"start":{"line":855,"column":33},"end":{"line":855,"column":34}},"loc":{"start":{"line":855,"column":54},"end":{"line":872,"column":3}},"line":855},"59":{"name":"(anonymous_59)","decl":{"start":{"line":864,"column":20},"end":{"line":864,"column":21}},"loc":{"start":{"line":864,"column":31},"end":{"line":871,"column":5}},"line":864},"60":{"name":"(anonymous_60)","decl":{"start":{"line":877,"column":28},"end":{"line":877,"column":29}},"loc":{"start":{"line":877,"column":48},"end":{"line":891,"column":1}},"line":877},"61":{"name":"(anonymous_61)","decl":{"start":{"line":894,"column":30},"end":{"line":894,"column":31}},"loc":{"start":{"line":894,"column":50},"end":{"line":897,"column":1}},"line":894},"62":{"name":"(anonymous_62)","decl":{"start":{"line":902,"column":36},"end":{"line":902,"column":37}},"loc":{"start":{"line":902,"column":50},"end":{"line":905,"column":1}},"line":902},"63":{"name":"(anonymous_63)","decl":{"start":{"line":909,"column":33},"end":{"line":909,"column":34}},"loc":{"start":{"line":909,"column":47},"end":{"line":915,"column":1}},"line":909}},"branchMap":{"0":{"loc":{"start":{"line":31,"column":6},"end":{"line":32,"column":85}},"type":"if","locations":[{"start":{"line":31,"column":6},"end":{"line":32,"column":85}},{"start":{},"end":{}}],"line":31},"1":{"loc":{"start":{"line":65,"column":2},"end":{"line":66,"column":18}},"type":"if","locations":[{"start":{"line":65,"column":2},"end":{"line":66,"column":18}},{"start":{},"end":{}}],"line":65},"2":{"loc":{"start":{"line":89,"column":2},"end":{"line":95,"column":3}},"type":"if","locations":[{"start":{"line":89,"column":2},"end":{"line":95,"column":3}},{"start":{},"end":{}}],"line":89},"3":{"loc":{"start":{"line":92,"column":4},"end":{"line":94,"column":5}},"type":"if","locations":[{"start":{"line":92,"column":4},"end":{"line":94,"column":5}},{"start":{},"end":{}}],"line":92},"4":{"loc":{"start":{"line":92,"column":9},"end":{"line":92,"column":81}},"type":"binary-expr","locations":[{"start":{"line":92,"column":9},"end":{"line":92,"column":29}},{"start":{"line":92,"column":33},"end":{"line":92,"column":54}},{"start":{"line":92,"column":58},"end":{"line":92,"column":81}}],"line":92},"5":{"loc":{"start":{"line":98,"column":0},"end":{"line":98,"column":81}},"type":"if","locations":[{"start":{"line":98,"column":0},"end":{"line":98,"column":81}},{"start":{},"end":{}}],"line":98},"6":{"loc":{"start":{"line":101,"column":2},"end":{"line":165,"column":3}},"type":"if","locations":[{"start":{"line":101,"column":2},"end":{"line":165,"column":3}},{"start":{},"end":{}}],"line":101},"7":{"loc":{"start":{"line":102,"column":4},"end":{"line":164,"column":5}},"type":"if","locations":[{"start":{"line":102,"column":4},"end":{"line":164,"column":5}},{"start":{"line":159,"column":11},"end":{"line":164,"column":5}}],"line":102},"8":{"loc":{"start":{"line":112,"column":6},"end":{"line":158,"column":7}},"type":"if","locations":[{"start":{"line":112,"column":6},"end":{"line":158,"column":7}},{"start":{"line":118,"column":13},"end":{"line":158,"column":7}}],"line":112},"9":{"loc":{"start":{"line":118,"column":13},"end":{"line":158,"column":7}},"type":"if","locations":[{"start":{"line":118,"column":13},"end":{"line":158,"column":7}},{"start":{"line":123,"column":13},"end":{"line":158,"column":7}}],"line":118},"10":{"loc":{"start":{"line":126,"column":8},"end":{"line":155,"column":9}},"type":"if","locations":[{"start":{"line":126,"column":8},"end":{"line":155,"column":9}},{"start":{},"end":{}}],"line":126},"11":{"loc":{"start":{"line":130,"column":12},"end":{"line":153,"column":13}},"type":"if","locations":[{"start":{"line":130,"column":12},"end":{"line":153,"column":13}},{"start":{"line":142,"column":17},"end":{"line":153,"column":13}}],"line":130},"12":{"loc":{"start":{"line":131,"column":14},"end":{"line":140,"column":15}},"type":"if","locations":[{"start":{"line":131,"column":14},"end":{"line":140,"column":15}},{"start":{"line":136,"column":19},"end":{"line":140,"column":15}}],"line":131},"13":{"loc":{"start":{"line":136,"column":19},"end":{"line":140,"column":15}},"type":"if","locations":[{"start":{"line":136,"column":19},"end":{"line":140,"column":15}},{"start":{},"end":{}}],"line":136},"14":{"loc":{"start":{"line":142,"column":17},"end":{"line":153,"column":13}},"type":"if","locations":[{"start":{"line":142,"column":17},"end":{"line":153,"column":13}},{"start":{},"end":{}}],"line":142},"15":{"loc":{"start":{"line":143,"column":14},"end":{"line":152,"column":15}},"type":"if","locations":[{"start":{"line":143,"column":14},"end":{"line":152,"column":15}},{"start":{},"end":{}}],"line":143},"16":{"loc":{"start":{"line":146,"column":16},"end":{"line":151,"column":17}},"type":"if","locations":[{"start":{"line":146,"column":16},"end":{"line":151,"column":17}},{"start":{},"end":{}}],"line":146},"17":{"loc":{"start":{"line":148,"column":18},"end":{"line":150,"column":19}},"type":"if","locations":[{"start":{"line":148,"column":18},"end":{"line":150,"column":19}},{"start":{},"end":{}}],"line":148},"18":{"loc":{"start":{"line":174,"column":4},"end":{"line":188,"column":5}},"type":"if","locations":[{"start":{"line":174,"column":4},"end":{"line":188,"column":5}},{"start":{"line":177,"column":9},"end":{"line":188,"column":5}}],"line":174},"19":{"loc":{"start":{"line":201,"column":4},"end":{"line":208,"column":5}},"type":"if","locations":[{"start":{"line":201,"column":4},"end":{"line":208,"column":5}},{"start":{},"end":{}}],"line":201},"20":{"loc":{"start":{"line":245,"column":4},"end":{"line":250,"column":5}},"type":"if","locations":[{"start":{"line":245,"column":4},"end":{"line":250,"column":5}},{"start":{"line":248,"column":9},"end":{"line":250,"column":5}}],"line":245},"21":{"loc":{"start":{"line":261,"column":4},"end":{"line":266,"column":5}},"type":"if","locations":[{"start":{"line":261,"column":4},"end":{"line":266,"column":5}},{"start":{"line":264,"column":9},"end":{"line":266,"column":5}}],"line":261},"22":{"loc":{"start":{"line":278,"column":2},"end":{"line":281,"column":3}},"type":"if","locations":[{"start":{"line":278,"column":2},"end":{"line":281,"column":3}},{"start":{},"end":{}}],"line":278},"23":{"loc":{"start":{"line":278,"column":8},"end":{"line":278,"column":77}},"type":"binary-expr","locations":[{"start":{"line":278,"column":8},"end":{"line":278,"column":28}},{"start":{"line":278,"column":33},"end":{"line":278,"column":53}},{"start":{"line":278,"column":57},"end":{"line":278,"column":76}}],"line":278},"24":{"loc":{"start":{"line":285,"column":4},"end":{"line":288,"column":5}},"type":"if","locations":[{"start":{"line":285,"column":4},"end":{"line":288,"column":5}},{"start":{},"end":{}}],"line":285},"25":{"loc":{"start":{"line":290,"column":4},"end":{"line":294,"column":5}},"type":"if","locations":[{"start":{"line":290,"column":4},"end":{"line":294,"column":5}},{"start":{"line":292,"column":9},"end":{"line":294,"column":5}}],"line":290},"26":{"loc":{"start":{"line":309,"column":2},"end":{"line":312,"column":3}},"type":"if","locations":[{"start":{"line":309,"column":2},"end":{"line":312,"column":3}},{"start":{},"end":{}}],"line":309},"27":{"loc":{"start":{"line":309,"column":6},"end":{"line":309,"column":103}},"type":"binary-expr","locations":[{"start":{"line":309,"column":6},"end":{"line":309,"column":27}},{"start":{"line":309,"column":31},"end":{"line":309,"column":103}}],"line":309},"28":{"loc":{"start":{"line":309,"column":33},"end":{"line":309,"column":102}},"type":"binary-expr","locations":[{"start":{"line":309,"column":33},"end":{"line":309,"column":53}},{"start":{"line":309,"column":58},"end":{"line":309,"column":78}},{"start":{"line":309,"column":82},"end":{"line":309,"column":101}}],"line":309},"29":{"loc":{"start":{"line":313,"column":2},"end":{"line":316,"column":3}},"type":"if","locations":[{"start":{"line":313,"column":2},"end":{"line":316,"column":3}},{"start":{},"end":{}}],"line":313},"30":{"loc":{"start":{"line":313,"column":6},"end":{"line":313,"column":78}},"type":"binary-expr","locations":[{"start":{"line":313,"column":6},"end":{"line":313,"column":28}},{"start":{"line":313,"column":32},"end":{"line":313,"column":78}}],"line":313},"31":{"loc":{"start":{"line":313,"column":34},"end":{"line":313,"column":77}},"type":"binary-expr","locations":[{"start":{"line":313,"column":34},"end":{"line":313,"column":54}},{"start":{"line":313,"column":58},"end":{"line":313,"column":77}}],"line":313},"32":{"loc":{"start":{"line":321,"column":4},"end":{"line":321,"column":69}},"type":"if","locations":[{"start":{"line":321,"column":4},"end":{"line":321,"column":69}},{"start":{},"end":{}}],"line":321},"33":{"loc":{"start":{"line":323,"column":4},"end":{"line":328,"column":5}},"type":"if","locations":[{"start":{"line":323,"column":4},"end":{"line":328,"column":5}},{"start":{"line":325,"column":9},"end":{"line":328,"column":5}}],"line":323},"34":{"loc":{"start":{"line":341,"column":4},"end":{"line":344,"column":5}},"type":"if","locations":[{"start":{"line":341,"column":4},"end":{"line":344,"column":5}},{"start":{},"end":{}}],"line":341},"35":{"loc":{"start":{"line":341,"column":10},"end":{"line":341,"column":79}},"type":"binary-expr","locations":[{"start":{"line":341,"column":10},"end":{"line":341,"column":30}},{"start":{"line":341,"column":35},"end":{"line":341,"column":55}},{"start":{"line":341,"column":59},"end":{"line":341,"column":78}}],"line":341},"36":{"loc":{"start":{"line":357,"column":4},"end":{"line":366,"column":5}},"type":"if","locations":[{"start":{"line":357,"column":4},"end":{"line":366,"column":5}},{"start":{"line":358,"column":9},"end":{"line":366,"column":5}}],"line":357},"37":{"loc":{"start":{"line":360,"column":6},"end":{"line":365,"column":7}},"type":"if","locations":[{"start":{"line":360,"column":6},"end":{"line":365,"column":7}},{"start":{"line":363,"column":11},"end":{"line":365,"column":7}}],"line":360},"38":{"loc":{"start":{"line":376,"column":4},"end":{"line":381,"column":5}},"type":"if","locations":[{"start":{"line":376,"column":4},"end":{"line":381,"column":5}},{"start":{"line":379,"column":9},"end":{"line":381,"column":5}}],"line":376},"39":{"loc":{"start":{"line":392,"column":4},"end":{"line":397,"column":5}},"type":"if","locations":[{"start":{"line":392,"column":4},"end":{"line":397,"column":5}},{"start":{"line":395,"column":9},"end":{"line":397,"column":5}}],"line":392},"40":{"loc":{"start":{"line":409,"column":4},"end":{"line":416,"column":5}},"type":"if","locations":[{"start":{"line":409,"column":4},"end":{"line":416,"column":5}},{"start":{"line":412,"column":9},"end":{"line":416,"column":5}}],"line":409},"41":{"loc":{"start":{"line":414,"column":28},"end":{"line":414,"column":88}},"type":"if","locations":[{"start":{"line":414,"column":28},"end":{"line":414,"column":88}},{"start":{},"end":{}}],"line":414},"42":{"loc":{"start":{"line":414,"column":31},"end":{"line":414,"column":74}},"type":"binary-expr","locations":[{"start":{"line":414,"column":31},"end":{"line":414,"column":43}},{"start":{"line":414,"column":47},"end":{"line":414,"column":74}}],"line":414},"43":{"loc":{"start":{"line":466,"column":6},"end":{"line":466,"column":38}},"type":"if","locations":[{"start":{"line":466,"column":6},"end":{"line":466,"column":38}},{"start":{},"end":{}}],"line":466},"44":{"loc":{"start":{"line":468,"column":4},"end":{"line":468,"column":21}},"type":"if","locations":[{"start":{"line":468,"column":4},"end":{"line":468,"column":21}},{"start":{},"end":{}}],"line":468},"45":{"loc":{"start":{"line":472,"column":6},"end":{"line":472,"column":38}},"type":"if","locations":[{"start":{"line":472,"column":6},"end":{"line":472,"column":38}},{"start":{},"end":{}}],"line":472},"46":{"loc":{"start":{"line":474,"column":4},"end":{"line":474,"column":21}},"type":"if","locations":[{"start":{"line":474,"column":4},"end":{"line":474,"column":21}},{"start":{},"end":{}}],"line":474},"47":{"loc":{"start":{"line":505,"column":2},"end":{"line":508,"column":3}},"type":"if","locations":[{"start":{"line":505,"column":2},"end":{"line":508,"column":3}},{"start":{},"end":{}}],"line":505},"48":{"loc":{"start":{"line":505,"column":6},"end":{"line":505,"column":130}},"type":"binary-expr","locations":[{"start":{"line":505,"column":7},"end":{"line":505,"column":27}},{"start":{"line":505,"column":31},"end":{"line":505,"column":53}},{"start":{"line":505,"column":59},"end":{"line":505,"column":79}},{"start":{"line":505,"column":84},"end":{"line":505,"column":104}},{"start":{"line":505,"column":108},"end":{"line":505,"column":128}}],"line":505},"49":{"loc":{"start":{"line":512,"column":4},"end":{"line":527,"column":5}},"type":"if","locations":[{"start":{"line":512,"column":4},"end":{"line":527,"column":5}},{"start":{"line":519,"column":9},"end":{"line":527,"column":5}}],"line":512},"50":{"loc":{"start":{"line":523,"column":8},"end":{"line":523,"column":40}},"type":"if","locations":[{"start":{"line":523,"column":8},"end":{"line":523,"column":40}},{"start":{},"end":{}}],"line":523},"51":{"loc":{"start":{"line":525,"column":6},"end":{"line":525,"column":23}},"type":"if","locations":[{"start":{"line":525,"column":6},"end":{"line":525,"column":23}},{"start":{},"end":{}}],"line":525},"52":{"loc":{"start":{"line":534,"column":4},"end":{"line":539,"column":5}},"type":"if","locations":[{"start":{"line":534,"column":4},"end":{"line":539,"column":5}},{"start":{"line":536,"column":9},"end":{"line":539,"column":5}}],"line":534},"53":{"loc":{"start":{"line":537,"column":6},"end":{"line":537,"column":53}},"type":"if","locations":[{"start":{"line":537,"column":6},"end":{"line":537,"column":53}},{"start":{},"end":{}}],"line":537},"54":{"loc":{"start":{"line":552,"column":4},"end":{"line":556,"column":5}},"type":"if","locations":[{"start":{"line":552,"column":4},"end":{"line":556,"column":5}},{"start":{"line":554,"column":11},"end":{"line":556,"column":5}}],"line":552},"55":{"loc":{"start":{"line":567,"column":4},"end":{"line":571,"column":5}},"type":"if","locations":[{"start":{"line":567,"column":4},"end":{"line":571,"column":5}},{"start":{"line":569,"column":11},"end":{"line":571,"column":5}}],"line":567},"56":{"loc":{"start":{"line":588,"column":4},"end":{"line":592,"column":5}},"type":"if","locations":[{"start":{"line":588,"column":4},"end":{"line":592,"column":5}},{"start":{"line":590,"column":11},"end":{"line":592,"column":5}}],"line":588},"57":{"loc":{"start":{"line":603,"column":2},"end":{"line":606,"column":3}},"type":"if","locations":[{"start":{"line":603,"column":2},"end":{"line":606,"column":3}},{"start":{},"end":{}}],"line":603},"58":{"loc":{"start":{"line":603,"column":8},"end":{"line":603,"column":155}},"type":"binary-expr","locations":[{"start":{"line":603,"column":9},"end":{"line":603,"column":29}},{"start":{"line":603,"column":33},"end":{"line":603,"column":53}},{"start":{"line":603,"column":58},"end":{"line":603,"column":78}},{"start":{"line":603,"column":83},"end":{"line":603,"column":103}},{"start":{"line":603,"column":108},"end":{"line":603,"column":128}},{"start":{"line":603,"column":132},"end":{"line":603,"column":153}}],"line":603},"59":{"loc":{"start":{"line":610,"column":4},"end":{"line":614,"column":5}},"type":"if","locations":[{"start":{"line":610,"column":4},"end":{"line":614,"column":5}},{"start":{},"end":{}}],"line":610},"60":{"loc":{"start":{"line":612,"column":6},"end":{"line":613,"column":28}},"type":"if","locations":[{"start":{"line":612,"column":6},"end":{"line":613,"column":28}},{"start":{"line":613,"column":11},"end":{"line":613,"column":28}}],"line":612},"61":{"loc":{"start":{"line":626,"column":2},"end":{"line":629,"column":3}},"type":"if","locations":[{"start":{"line":626,"column":2},"end":{"line":629,"column":3}},{"start":{},"end":{}}],"line":626},"62":{"loc":{"start":{"line":626,"column":8},"end":{"line":626,"column":155}},"type":"binary-expr","locations":[{"start":{"line":626,"column":9},"end":{"line":626,"column":29}},{"start":{"line":626,"column":33},"end":{"line":626,"column":53}},{"start":{"line":626,"column":58},"end":{"line":626,"column":78}},{"start":{"line":626,"column":83},"end":{"line":626,"column":103}},{"start":{"line":626,"column":108},"end":{"line":626,"column":128}},{"start":{"line":626,"column":132},"end":{"line":626,"column":153}}],"line":626},"63":{"loc":{"start":{"line":638,"column":4},"end":{"line":639,"column":24}},"type":"if","locations":[{"start":{"line":638,"column":4},"end":{"line":639,"column":24}},{"start":{"line":639,"column":9},"end":{"line":639,"column":24}}],"line":638},"64":{"loc":{"start":{"line":652,"column":4},"end":{"line":653,"column":26}},"type":"if","locations":[{"start":{"line":652,"column":4},"end":{"line":653,"column":26}},{"start":{"line":653,"column":9},"end":{"line":653,"column":26}}],"line":652},"65":{"loc":{"start":{"line":665,"column":4},"end":{"line":669,"column":5}},"type":"if","locations":[{"start":{"line":665,"column":4},"end":{"line":669,"column":5}},{"start":{"line":667,"column":11},"end":{"line":669,"column":5}}],"line":665},"66":{"loc":{"start":{"line":680,"column":2},"end":{"line":683,"column":3}},"type":"if","locations":[{"start":{"line":680,"column":2},"end":{"line":683,"column":3}},{"start":{},"end":{}}],"line":680},"67":{"loc":{"start":{"line":680,"column":8},"end":{"line":680,"column":155}},"type":"binary-expr","locations":[{"start":{"line":680,"column":9},"end":{"line":680,"column":29}},{"start":{"line":680,"column":33},"end":{"line":680,"column":53}},{"start":{"line":680,"column":58},"end":{"line":680,"column":78}},{"start":{"line":680,"column":83},"end":{"line":680,"column":103}},{"start":{"line":680,"column":108},"end":{"line":680,"column":128}},{"start":{"line":680,"column":132},"end":{"line":680,"column":153}}],"line":680},"68":{"loc":{"start":{"line":687,"column":4},"end":{"line":691,"column":5}},"type":"if","locations":[{"start":{"line":687,"column":4},"end":{"line":691,"column":5}},{"start":{},"end":{}}],"line":687},"69":{"loc":{"start":{"line":689,"column":6},"end":{"line":690,"column":28}},"type":"if","locations":[{"start":{"line":689,"column":6},"end":{"line":690,"column":28}},{"start":{"line":690,"column":11},"end":{"line":690,"column":28}}],"line":689},"70":{"loc":{"start":{"line":702,"column":4},"end":{"line":706,"column":5}},"type":"if","locations":[{"start":{"line":702,"column":4},"end":{"line":706,"column":5}},{"start":{"line":704,"column":11},"end":{"line":706,"column":5}}],"line":702},"71":{"loc":{"start":{"line":717,"column":4},"end":{"line":721,"column":5}},"type":"if","locations":[{"start":{"line":717,"column":4},"end":{"line":721,"column":5}},{"start":{"line":719,"column":11},"end":{"line":721,"column":5}}],"line":717},"72":{"loc":{"start":{"line":736,"column":4},"end":{"line":756,"column":5}},"type":"if","locations":[{"start":{"line":736,"column":4},"end":{"line":756,"column":5}},{"start":{"line":738,"column":11},"end":{"line":756,"column":5}}],"line":736},"73":{"loc":{"start":{"line":742,"column":10},"end":{"line":742,"column":47}},"type":"if","locations":[{"start":{"line":742,"column":10},"end":{"line":742,"column":47}},{"start":{},"end":{}}],"line":742},"74":{"loc":{"start":{"line":743,"column":10},"end":{"line":751,"column":11}},"type":"if","locations":[{"start":{"line":743,"column":10},"end":{"line":751,"column":11}},{"start":{"line":748,"column":15},"end":{"line":751,"column":11}}],"line":743},"75":{"loc":{"start":{"line":755,"column":15},"end":{"line":755,"column":32}},"type":"binary-expr","locations":[{"start":{"line":755,"column":15},"end":{"line":755,"column":26}},{"start":{"line":755,"column":30},"end":{"line":755,"column":32}}],"line":755},"76":{"loc":{"start":{"line":767,"column":4},"end":{"line":780,"column":5}},"type":"if","locations":[{"start":{"line":767,"column":4},"end":{"line":780,"column":5}},{"start":{"line":769,"column":11},"end":{"line":780,"column":5}}],"line":767},"77":{"loc":{"start":{"line":792,"column":4},"end":{"line":795,"column":5}},"type":"if","locations":[{"start":{"line":792,"column":4},"end":{"line":795,"column":5}},{"start":{},"end":{}}],"line":792},"78":{"loc":{"start":{"line":792,"column":10},"end":{"line":792,"column":82}},"type":"binary-expr","locations":[{"start":{"line":792,"column":11},"end":{"line":792,"column":31}},{"start":{"line":792,"column":35},"end":{"line":792,"column":55}},{"start":{"line":792,"column":61},"end":{"line":792,"column":81}}],"line":792},"79":{"loc":{"start":{"line":799,"column":4},"end":{"line":801,"column":5}},"type":"if","locations":[{"start":{"line":799,"column":4},"end":{"line":801,"column":5}},{"start":{},"end":{}}],"line":799},"80":{"loc":{"start":{"line":803,"column":6},"end":{"line":805,"column":7}},"type":"if","locations":[{"start":{"line":803,"column":6},"end":{"line":805,"column":7}},{"start":{},"end":{}}],"line":803},"81":{"loc":{"start":{"line":809,"column":4},"end":{"line":811,"column":5}},"type":"if","locations":[{"start":{"line":809,"column":4},"end":{"line":811,"column":5}},{"start":{},"end":{}}],"line":809},"82":{"loc":{"start":{"line":813,"column":4},"end":{"line":817,"column":5}},"type":"if","locations":[{"start":{"line":813,"column":4},"end":{"line":817,"column":5}},{"start":{"line":815,"column":11},"end":{"line":817,"column":5}}],"line":813},"83":{"loc":{"start":{"line":832,"column":6},"end":{"line":834,"column":7}},"type":"if","locations":[{"start":{"line":832,"column":6},"end":{"line":834,"column":7}},{"start":{},"end":{}}],"line":832},"84":{"loc":{"start":{"line":837,"column":4},"end":{"line":842,"column":5}},"type":"if","locations":[{"start":{"line":837,"column":4},"end":{"line":842,"column":5}},{"start":{"line":840,"column":9},"end":{"line":842,"column":5}}],"line":837},"85":{"loc":{"start":{"line":856,"column":4},"end":{"line":857,"column":23}},"type":"if","locations":[{"start":{"line":856,"column":4},"end":{"line":857,"column":23}},{"start":{},"end":{}}],"line":856},"86":{"loc":{"start":{"line":858,"column":4},"end":{"line":862,"column":5}},"type":"if","locations":[{"start":{"line":858,"column":4},"end":{"line":862,"column":5}},{"start":{},"end":{}}],"line":858},"87":{"loc":{"start":{"line":865,"column":6},"end":{"line":866,"column":27}},"type":"if","locations":[{"start":{"line":865,"column":6},"end":{"line":866,"column":27}},{"start":{},"end":{}}],"line":865},"88":{"loc":{"start":{"line":882,"column":4},"end":{"line":886,"column":5}},"type":"if","locations":[{"start":{"line":882,"column":4},"end":{"line":886,"column":5}},{"start":{"line":884,"column":11},"end":{"line":886,"column":5}}],"line":882},"89":{"loc":{"start":{"line":910,"column":2},"end":{"line":914,"column":61}},"type":"if","locations":[{"start":{"line":910,"column":2},"end":{"line":914,"column":61}},{"start":{"line":914,"column":4},"end":{"line":914,"column":61}}],"line":910}},"s":{"0":1,"1":1,"2":1,"3":1,"4":1,"5":1,"6":1,"7":1,"8":1,"9":1,"10":1,"11":1,"12":1,"13":1,"14":1,"15":1,"16":1,"17":1,"18":9,"19":9,"20":1,"21":8,"22":1,"23":8,"24":1,"25":22,"26":22,"27":0,"28":1,"29":1,"30":1,"31":1,"32":1,"33":1,"34":1,"35":0,"36":0,"37":0,"38":1,"39":1,"40":1,"41":1,"42":0,"43":0,"44":0,"45":0,"46":0,"47":1,"48":0,"49":1,"50":0,"51":0,"52":0,"53":0,"54":0,"55":0,"56":0,"57":0,"58":0,"59":0,"60":0,"61":0,"62":0,"63":0,"64":0,"65":0,"66":0,"67":0,"68":0,"69":0,"70":0,"71":0,"72":0,"73":0,"74":0,"75":0,"76":0,"77":0,"78":0,"79":0,"80":0,"81":0,"82":0,"83":1,"84":0,"85":0,"86":0,"87":0,"88":0,"89":0,"90":0,"91":1,"92":0,"93":0,"94":0,"95":0,"96":0,"97":0,"98":0,"99":0,"100":0,"101":0,"102":0,"103":1,"104":0,"105":0,"106":0,"107":0,"108":0,"109":0,"110":0,"111":1,"112":0,"113":1,"114":0,"115":1,"116":0,"117":0,"118":0,"119":0,"120":0,"121":0,"122":0,"123":1,"124":1,"125":1,"126":1,"127":0,"128":1,"129":0,"130":0,"131":1,"132":2,"133":2,"134":2,"135":0,"136":0,"137":2,"138":2,"139":2,"140":0,"141":0,"142":2,"143":2,"144":0,"145":2,"146":0,"147":0,"148":1,"149":2,"150":2,"151":2,"152":2,"153":0,"154":0,"155":2,"156":0,"157":0,"158":2,"159":2,"160":2,"161":0,"162":2,"163":2,"164":0,"165":2,"166":0,"167":0,"168":1,"169":2,"170":2,"171":2,"172":2,"173":0,"174":0,"175":2,"176":2,"177":0,"178":1,"179":5,"180":5,"181":5,"182":5,"183":1,"184":4,"185":4,"186":0,"187":4,"188":0,"189":1,"190":1,"191":1,"192":1,"193":0,"194":1,"195":0,"196":0,"197":1,"198":1,"199":1,"200":1,"201":0,"202":1,"203":0,"204":0,"205":1,"206":2,"207":2,"208":2,"209":2,"210":0,"211":2,"212":2,"213":5,"214":0,"215":2,"216":0,"217":0,"218":1,"219":1,"220":1,"221":1,"222":1,"223":1,"224":0,"225":1,"226":1,"227":1,"228":1,"229":1,"230":0,"231":1,"232":1,"233":1,"234":1,"235":1,"236":1,"237":1,"238":0,"239":1,"240":0,"241":1,"242":1,"243":1,"244":0,"245":1,"246":0,"247":1,"248":1,"249":0,"250":1,"251":0,"252":0,"253":0,"254":0,"255":0,"256":0,"257":1,"258":1,"259":1,"260":1,"261":0,"262":0,"263":1,"264":1,"265":1,"266":1,"267":1,"268":1,"269":1,"270":0,"271":0,"272":0,"273":0,"274":0,"275":0,"276":0,"277":0,"278":1,"279":1,"280":1,"281":1,"282":1,"283":1,"284":1,"285":0,"286":1,"287":1,"288":1,"289":0,"290":0,"291":0,"292":1,"293":1,"294":1,"295":1,"296":0,"297":1,"298":0,"299":0,"300":1,"301":1,"302":1,"303":1,"304":0,"305":1,"306":0,"307":0,"308":1,"309":0,"310":0,"311":1,"312":1,"313":1,"314":1,"315":0,"316":1,"317":0,"318":0,"319":1,"320":0,"321":0,"322":0,"323":0,"324":0,"325":0,"326":0,"327":0,"328":0,"329":0,"330":0,"331":0,"332":0,"333":0,"334":1,"335":0,"336":0,"337":0,"338":0,"339":0,"340":0,"341":0,"342":0,"343":0,"344":0,"345":0,"346":0,"347":0,"348":0,"349":1,"350":0,"351":0,"352":0,"353":0,"354":0,"355":0,"356":0,"357":0,"358":1,"359":2,"360":2,"361":2,"362":0,"363":2,"364":0,"365":0,"366":1,"367":0,"368":0,"369":0,"370":0,"371":0,"372":0,"373":0,"374":0,"375":0,"376":0,"377":0,"378":0,"379":0,"380":0,"381":1,"382":1,"383":1,"384":1,"385":0,"386":1,"387":0,"388":0,"389":1,"390":2,"391":2,"392":2,"393":0,"394":2,"395":0,"396":0,"397":1,"398":2,"399":2,"400":2,"401":2,"402":2,"403":2,"404":2,"405":0,"406":2,"407":10,"408":14,"409":14,"410":0,"411":0,"412":0,"413":0,"414":0,"415":0,"416":10,"417":2,"418":0,"419":0,"420":1,"421":1,"422":1,"423":1,"424":0,"425":1,"426":5,"427":1,"428":0,"429":0,"430":1,"431":0,"432":0,"433":0,"434":0,"435":0,"436":0,"437":0,"438":0,"439":0,"440":0,"441":0,"442":0,"443":0,"444":0,"445":0,"446":0,"447":0,"448":0,"449":0,"450":0,"451":0,"452":0,"453":0,"454":1,"455":0,"456":0,"457":0,"458":0,"459":0,"460":0,"461":0,"462":0,"463":0,"464":0,"465":0,"466":0,"467":0,"468":0,"469":1,"470":9,"471":9,"472":0,"473":9,"474":1,"475":8,"476":8,"477":0,"478":8,"479":1,"480":3,"481":3,"482":3,"483":3,"484":1,"485":0,"486":1,"487":2,"488":2,"489":1,"490":1,"491":1,"492":1,"493":87,"494":87,"495":1,"496":1,"497":0,"498":1,"499":1},"f":{"0":9,"1":9,"2":8,"3":22,"4":22,"5":0,"6":0,"7":0,"8":1,"9":0,"10":0,"11":0,"12":0,"13":0,"14":0,"15":0,"16":0,"17":0,"18":0,"19":0,"20":1,"21":2,"22":2,"23":2,"24":5,"25":1,"26":1,"27":2,"28":5,"29":1,"30":1,"31":1,"32":1,"33":1,"34":0,"35":1,"36":0,"37":1,"38":1,"39":0,"40":1,"41":0,"42":0,"43":0,"44":2,"45":0,"46":1,"47":2,"48":2,"49":10,"50":14,"51":1,"52":5,"53":0,"54":0,"55":0,"56":0,"57":9,"58":9,"59":8,"60":3,"61":1,"62":87,"63":1},"b":{"0":[1,8],"1":[0,0],"2":[0,0],"3":[0,0],"4":[0,0,0],"5":[0,1],"6":[0,1],"7":[0,0],"8":[0,0],"9":[0,0],"10":[0,0],"11":[0,0],"12":[0,0],"13":[0,0],"14":[0,0],"15":[0,0],"16":[0,0],"17":[0,0],"18":[0,0],"19":[0,0],"20":[0,0],"21":[0,1],"22":[0,2],"23":[2,2,2],"24":[0,2],"25":[0,2],"26":[0,2],"27":[2,1],"28":[1,1,1],"29":[0,2],"30":[2,1],"31":[1,1],"32":[0,2],"33":[0,2],"34":[0,2],"35":[2,2,2],"36":[1,4],"37":[0,4],"38":[0,1],"39":[0,1],"40":[0,2],"41":[0,5],"42":[5,3],"43":[0,1],"44":[0,1],"45":[0,1],"46":[0,1],"47":[0,1],"48":[1,0,1,0,0],"49":[1,0],"50":[0,0],"51":[0,0],"52":[0,1],"53":[1,0],"54":[0,1],"55":[0,1],"56":[0,1],"57":[0,0],"58":[0,0,0,0,0,0],"59":[0,0],"60":[0,0],"61":[0,0],"62":[0,0,0,0,0,0],"63":[0,0],"64":[0,0],"65":[0,2],"66":[0,0],"67":[0,0,0,0,0,0],"68":[0,0],"69":[0,0],"70":[0,1],"71":[0,2],"72":[0,2],"73":[14,0],"74":[0,0],"75":[2,0],"76":[0,1],"77":[0,0],"78":[0,0,0],"79":[0,0],"80":[0,0],"81":[0,0],"82":[0,0],"83":[0,0],"84":[0,0],"85":[0,9],"86":[1,8],"87":[0,8],"88":[0,1],"89":[0,1]},"_coverageSchema":"1a1c01bbd47fc00a2c39e90264f33305004495a9","hash":"0457956b1407496777254e12563c661db74705d0"}
,"C:\\Users\\work\\Documents\\GitHub\\spg\\server\\db.js": {"path":"C:\\Users\\work\\Documents\\GitHub\\spg\\server\\db.js","statementMap":{"0":{"start":{"line":3,"column":15},"end":{"line":3,"column":33}},"1":{"start":{"line":6,"column":11},"end":{"line":8,"column":2}},"2":{"start":{"line":7,"column":2},"end":{"line":7,"column":21}},"3":{"start":{"line":7,"column":11},"end":{"line":7,"column":21}},"4":{"start":{"line":10,"column":0},"end":{"line":10,"column":20}}},"fnMap":{"0":{"name":"(anonymous_0)","decl":{"start":{"line":6,"column":43},"end":{"line":6,"column":44}},"loc":{"start":{"line":6,"column":52},"end":{"line":8,"column":1}},"line":6}},"branchMap":{"0":{"loc":{"start":{"line":7,"column":2},"end":{"line":7,"column":21}},"type":"if","locations":[{"start":{"line":7,"column":2},"end":{"line":7,"column":21}},{"start":{},"end":{}}],"line":7}},"s":{"0":1,"1":1,"2":1,"3":0,"4":1},"f":{"0":1},"b":{"0":[0,1]},"_coverageSchema":"1a1c01bbd47fc00a2c39e90264f33305004495a9","hash":"c9e6a311a2d025ab2344f7dbf6daaeea7ab7abb4"}
,"C:\\Users\\work\\Documents\\GitHub\\spg\\server\\spgDao.js": {"path":"C:\\Users\\work\\Documents\\GitHub\\spg\\server\\spgDao.js","statementMap":{"0":{"start":{"line":2,"column":12},"end":{"line":2,"column":28}},"1":{"start":{"line":3,"column":11},"end":{"line":3,"column":26}},"2":{"start":{"line":6,"column":0},"end":{"line":18,"column":1}},"3":{"start":{"line":7,"column":4},"end":{"line":17,"column":7}},"4":{"start":{"line":8,"column":20},"end":{"line":8,"column":170}},"5":{"start":{"line":9,"column":8},"end":{"line":16,"column":11}},"6":{"start":{"line":10,"column":12},"end":{"line":13,"column":13}},"7":{"start":{"line":11,"column":16},"end":{"line":11,"column":28}},"8":{"start":{"line":12,"column":16},"end":{"line":12,"column":23}},"9":{"start":{"line":14,"column":29},"end":{"line":14,"column":188}},"10":{"start":{"line":14,"column":46},"end":{"line":14,"column":186}},"11":{"start":{"line":15,"column":12},"end":{"line":15,"column":30}},"12":{"start":{"line":20,"column":0},"end":{"line":34,"column":1}},"13":{"start":{"line":21,"column":4},"end":{"line":32,"column":6}},"14":{"start":{"line":22,"column":20},"end":{"line":22,"column":63}},"15":{"start":{"line":23,"column":8},"end":{"line":30,"column":11}},"16":{"start":{"line":24,"column":12},"end":{"line":28,"column":13}},"17":{"start":{"line":25,"column":16},"end":{"line":25,"column":32}},"18":{"start":{"line":26,"column":16},"end":{"line":26,"column":28}},"19":{"start":{"line":27,"column":16},"end":{"line":27,"column":23}},"20":{"start":{"line":29,"column":12},"end":{"line":29,"column":26}},"21":{"start":{"line":36,"column":0},"end":{"line":75,"column":1}},"22":{"start":{"line":37,"column":4},"end":{"line":74,"column":7}},"23":{"start":{"line":39,"column":21},"end":{"line":39,"column":23}},"24":{"start":{"line":41,"column":22},"end":{"line":41,"column":33}},"25":{"start":{"line":42,"column":37},"end":{"line":42,"column":38}},"26":{"start":{"line":43,"column":8},"end":{"line":45,"column":9}},"27":{"start":{"line":44,"column":12},"end":{"line":44,"column":53}},"28":{"start":{"line":46,"column":26},"end":{"line":46,"column":66}},"29":{"start":{"line":47,"column":8},"end":{"line":54,"column":9}},"30":{"start":{"line":48,"column":12},"end":{"line":48,"column":75}},"31":{"start":{"line":49,"column":12},"end":{"line":49,"column":56}},"32":{"start":{"line":52,"column":12},"end":{"line":52,"column":56}},"33":{"start":{"line":53,"column":12},"end":{"line":53,"column":70}},"34":{"start":{"line":57,"column":8},"end":{"line":64,"column":9}},"35":{"start":{"line":58,"column":12},"end":{"line":58,"column":283}},"36":{"start":{"line":59,"column":12},"end":{"line":59,"column":33}},"37":{"start":{"line":62,"column":12},"end":{"line":62,"column":253}},"38":{"start":{"line":66,"column":8},"end":{"line":73,"column":11}},"39":{"start":{"line":67,"column":12},"end":{"line":70,"column":13}},"40":{"start":{"line":68,"column":16},"end":{"line":68,"column":28}},"41":{"start":{"line":69,"column":16},"end":{"line":69,"column":23}},"42":{"start":{"line":71,"column":29},"end":{"line":71,"column":258}},"43":{"start":{"line":71,"column":46},"end":{"line":71,"column":256}},"44":{"start":{"line":72,"column":12},"end":{"line":72,"column":30}},"45":{"start":{"line":78,"column":0},"end":{"line":90,"column":2}},"46":{"start":{"line":79,"column":4},"end":{"line":89,"column":7}},"47":{"start":{"line":80,"column":20},"end":{"line":80,"column":41}},"48":{"start":{"line":81,"column":8},"end":{"line":88,"column":11}},"49":{"start":{"line":82,"column":12},"end":{"line":85,"column":13}},"50":{"start":{"line":83,"column":16},"end":{"line":83,"column":28}},"51":{"start":{"line":84,"column":16},"end":{"line":84,"column":23}},"52":{"start":{"line":86,"column":26},"end":{"line":86,"column":125}},"53":{"start":{"line":86,"column":43},"end":{"line":86,"column":123}},"54":{"start":{"line":87,"column":12},"end":{"line":87,"column":27}},"55":{"start":{"line":93,"column":0},"end":{"line":105,"column":2}},"56":{"start":{"line":94,"column":4},"end":{"line":104,"column":7}},"57":{"start":{"line":95,"column":20},"end":{"line":95,"column":71}},"58":{"start":{"line":96,"column":8},"end":{"line":103,"column":11}},"59":{"start":{"line":97,"column":12},"end":{"line":100,"column":13}},"60":{"start":{"line":98,"column":16},"end":{"line":98,"column":28}},"61":{"start":{"line":99,"column":16},"end":{"line":99,"column":23}},"62":{"start":{"line":101,"column":28},"end":{"line":101,"column":93}},"63":{"start":{"line":101,"column":45},"end":{"line":101,"column
[...]
":{"line":403,"column":13}},"type":"if","locations":[{"start":{"line":400,"column":12},"end":{"line":403,"column":13}},{"start":{},"end":{}}],"line":400},"31":{"loc":{"start":{"line":415,"column":12},"end":{"line":418,"column":13}},"type":"if","locations":[{"start":{"line":415,"column":12},"end":{"line":418,"column":13}},{"start":{},"end":{}}],"line":415},"32":{"loc":{"start":{"line":428,"column":8},"end":{"line":445,"column":11}},"type":"if","locations":[{"start":{"line":428,"column":8},"end":{"line":445,"column":11}},{"start":{"line":429,"column":13},"end":{"line":445,"column":11}}],"line":428},"33":{"loc":{"start":{"line":432,"column":16},"end":{"line":435,"column":17}},"type":"if","locations":[{"start":{"line":432,"column":16},"end":{"line":435,"column":17}},{"start":{},"end":{}}],"line":432},"34":{"loc":{"start":{"line":438,"column":20},"end":{"line":441,"column":21}},"type":"if","locations":[{"start":{"line":438,"column":20},"end":{"line":441,"column":21}},{"start":{},"end":{}}],"line":438},"35":{"loc":{"start":{"line":457,"column":12},"end":{"line":460,"column":13}},"type":"if","locations":[{"start":{"line":457,"column":12},"end":{"line":460,"column":13}},{"start":{},"end":{}}],"line":457},"36":{"loc":{"start":{"line":470,"column":12},"end":{"line":473,"column":13}},"type":"if","locations":[{"start":{"line":470,"column":12},"end":{"line":473,"column":13}},{"start":{},"end":{}}],"line":470},"37":{"loc":{"start":{"line":485,"column":12},"end":{"line":488,"column":13}},"type":"if","locations":[{"start":{"line":485,"column":12},"end":{"line":488,"column":13}},{"start":{},"end":{}}],"line":485},"38":{"loc":{"start":{"line":499,"column":12},"end":{"line":502,"column":13}},"type":"if","locations":[{"start":{"line":499,"column":12},"end":{"line":502,"column":13}},{"start":{},"end":{}}],"line":499},"39":{"loc":{"start":{"line":514,"column":12},"end":{"line":517,"column":13}},"type":"if","locations":[{"start":{"line":514,"column":12},"end":{"line":517,"column":13}},{"start":{},"end":{}}],"line":514},"40":{"loc":{"start":{"line":528,"column":12},"end":{"line":531,"column":13}},"type":"if","locations":[{"start":{"line":528,"column":12},"end":{"line":531,"column":13}},{"start":{},"end":{}}],"line":528},"41":{"loc":{"start":{"line":542,"column":12},"end":{"line":545,"column":13}},"type":"if","locations":[{"start":{"line":542,"column":12},"end":{"line":545,"column":13}},{"start":{},"end":{}}],"line":542},"42":{"loc":{"start":{"line":557,"column":12},"end":{"line":560,"column":13}},"type":"if","locations":[{"start":{"line":557,"column":12},"end":{"line":560,"column":13}},{"start":{},"end":{}}],"line":557},"43":{"loc":{"start":{"line":571,"column":12},"end":{"line":574,"column":13}},"type":"if","locations":[{"start":{"line":571,"column":12},"end":{"line":574,"column":13}},{"start":{},"end":{}}],"line":571},"44":{"loc":{"start":{"line":586,"column":12},"end":{"line":589,"column":13}},"type":"if","locations":[{"start":{"line":586,"column":12},"end":{"line":589,"column":13}},{"start":{},"end":{}}],"line":586},"45":{"loc":{"start":{"line":601,"column":12},"end":{"line":604,"column":13}},"type":"if","locations":[{"start":{"line":601,"column":12},"end":{"line":604,"column":13}},{"start":{},"end":{}}],"line":601},"46":{"loc":{"start":{"line":615,"column":12},"end":{"line":618,"column":13}},"type":"if","locations":[{"start":{"line":615,"column":12},"end":{"line":618,"column":13}},{"start":{},"end":{}}],"line":615},"47":{"loc":{"start":{"line":628,"column":12},"end":{"line":631,"column":13}},"type":"if","locations":[{"start":{"line":628,"column":12},"end":{"line":631,"column":13}},{"start":{},"end":{}}],"line":628},"48":{"loc":{"start":{"line":642,"column":12},"end":{"line":645,"column":13}},"type":"if","locations":[{"start":{"line":642,"column":12},"end":{"line":645,"column":13}},{"start":{},"end":{}}],"line":642},"49":{"loc":{"start":{"line":657,"column":12},"end":{"line":660,"column":13}},"type":"if","locations":[{"start":{"line":657,"column":12},"end":{"line":660,"column":13}},{"start":{},"end":{}}],"line":657},"50":{"loc":{"start":{"line":671,"column":12},"end":{"line":674,"column":13}},"type":"if","locations":[{"start":{"line":671,"column":12},"end":{"line":674,"column":13}},{"start":{},"end":{}}],"line":671},"51":{"loc":{"start":{"line":685,"column":12},"end":{"line":688,"column":13}},"type":"if","locations":[{"start":{"line":685,"column":12},"end":{"line":688,"column":13}},{"start":{},"end":{}}],"line":685},"52":{"loc":{"start":{"line":702,"column":8},"end":{"line":709,"column":28}},"type":"if","locations":[{"start":{"line":702,"column":8},"end":{"line":709,"column":28}},{"start":{"line":706,"column":13},"end":{"line":709,"column":28}}],"line":702},"53":{"loc":{"start":{"line":706,"column":13},"end":{"line":709,"column":28}},"type":"if","locations":[{"start":{"line":706,"column":13},"end":{"line":709,"column":28}},{"start":{"line":709,"column":15},"end":{"line":709,"column":28}}],"line":706},"54":{"loc":{"start":{"line":712,"column":12},"end":{"line":715,"column":13}},"type":"if","locations":[{"start":{"line":712,"column":12},"end":{"line":715,"column":13}},{"start":{},"end":{}}],"line":712}},"s":{"0":1,"1":1,"2":1,"3":1,"4":1,"5":1,"6":1,"7":0,"8":0,"9":1,"10":12,"11":1,"12":1,"13":0,"14":0,"15":0,"16":0,"17":0,"18":0,"19":0,"20":0,"21":1,"22":4,"23":4,"24":4,"25":4,"26":4,"27":4,"28":4,"29":4,"30":1,"31":1,"32":3,"33":3,"34":4,"35":1,"36":1,"37":3,"38":4,"39":4,"40":0,"41":0,"42":4,"43":11,"44":4,"45":1,"46":0,"47":0,"48":0,"49":0,"50":0,"51":0,"52":0,"53":0,"54":0,"55":1,"56":1,"57":1,"58":1,"59":1,"60":0,"61":0,"62":1,"63":9,"64":1,"65":1,"66":1,"67":1,"68":1,"69":1,"70":0,"71":0,"72":1,"73":1,"74":1,"75":1,"76":1,"77":1,"78":1,"79":1,"80":0,"81":0,"82":1,"83":1,"84":1,"85":1,"86":1,"87":1,"88":0,"89":0,"90":1,"91":1,"92":1,"93":0,"94":1,"95":1,"96":1,"97":1,"98":1,"99":1,"100":0,"101":0,"102":1,"103":0,"104":0,"105":1,"106":1,"107":1,"108":1,"109":1,"110":1,"111":0,"112":0,"113":1,"114":0,"115":0,"116":1,"117":1,"118":1,"119":1,"120":1,"121":0,"122":0,"123":1,"124":0,"125":1,"126":1,"127":1,"128":1,"129":1,"130":1,"131":0,"132":0,"133":1,"134":0,"135":0,"136":1,"137":2,"138":2,"139":2,"140":2,"141":2,"142":2,"143":2,"144":2,"145":2,"146":2,"147":0,"148":0,"149":0,"150":2,"151":0,"152":1,"153":2,"154":2,"155":2,"156":1,"157":1,"158":2,"159":1,"160":2,"161":2,"162":2,"163":0,"164":0,"165":2,"166":0,"167":1,"168":2,"169":2,"170":2,"171":2,"172":0,"173":0,"174":2,"175":0,"176":1,"177":2,"178":2,"179":2,"180":2,"181":0,"182":0,"183":2,"184":0,"185":1,"186":1,"187":1,"188":1,"189":1,"190":0,"191":1,"192":0,"193":1,"194":0,"195":0,"196":0,"197":0,"198":0,"199":0,"200":0,"201":1,"202":6,"203":6,"204":3,"205":3,"206":3,"207":0,"208":0,"209":3,"210":6,"211":6,"212":6,"213":0,"214":0,"215":6,"216":20,"217":6,"218":1,"219":1,"220":1,"221":1,"222":1,"223":0,"224":0,"225":1,"226":0,"227":1,"228":1,"229":1,"230":2,"231":2,"232":2,"233":1,"234":1,"235":1,"236":1,"237":2,"238":2,"239":0,"240":0,"241":2,"242":5,"243":2,"244":1,"245":0,"246":0,"247":0,"248":0,"249":0,"250":0,"251":0,"252":0,"253":1,"254":0,"255":0,"256":0,"257":0,"258":0,"259":0,"260":0,"261":0,"262":0,"263":0,"264":0,"265":0,"266":0,"267":0,"268":0,"269":0,"270":0,"271":0,"272":1,"273":15,"274":15,"275":15,"276":15,"277":0,"278":0,"279":15,"280":1,"281":7,"282":7,"283":7,"284":7,"285":0,"286":0,"287":7,"288":1,"289":1,"290":1,"291":1,"292":1,"293":0,"294":0,"295":1,"296":1,"297":2,"298":2,"299":2,"300":2,"301":0,"302":0,"303":2,"304":2,"305":1,"306":2,"307":2,"308":2,"309":2,"310":0,"311":0,"312":2,"313":1,"314":0,"315":0,"316":0,"317":0,"318":0,"319":0,"320":0,"321":1,"322":1,"323":1,"324":1,"325":1,"326":0,"327":0,"328":1,"329":5,"330":1,"331":1,"332":0,"333":0,"334":0,"335":0,"336":0,"337":0,"338":0,"339":1,"340":0,"341":0,"342":0,"343":0,"344":0,"345":0,"346":0,"347":0,"348":1,"349":5,"350":5,"351":5,"352":5,"353":0,"354":0,"355":5,"356":5,"357":5,"358":1,"359":5,"360":5,"361":5,"362":5,"363":0,"364":0,"365":5,"366":5,"367":5,"368":1,"369":0,"370":0,"371":0,"372":0,"373":0,"374":0,"375":0,"376":1,"377":0,"378":0,"379":0,"380":0,"381":0,"382":0,"383":0,"384":1,"385":0,"386":0,"387":0,"388":0,"389":0,"390":0,"391":0,"392":0,"393":0,"394":1,"395":0,"396":0,"397":0,"398":0,"399":0,"400":0,"401":0,"402":1,"403":0,"404":0,"405":0,"406":0,"407":0,"408":0,"409":0,"410":1,"411":0,"412":0,"413":0,"414":0,"415":0,"416":0,"417":0,"418":0,"419":0,"420":1,"421":0,"422":0,"423":0,"424":0,"425":0,"426":0,"427":0,"428":0,"429":0,"430":0,"431":0,"432":0,"433":0,"434":0,"435":0},"f":{"0":1,"1":1,"2":1,"3":12,"4":0,"5":0,"6":0,"7":4,"8":4,"9":4,"10":11,"11":0,"12":0,"13":0,"14":0,"15":1,"16":1,"17":1,"18":9,"19":1,"20":1,"21":1,"22":1,"23":1,"24":1,"25":1,"26":1,"27":1,"28":1,"29":1,"30":1,"31":1,"32":1,"33":1,"34":1,"35":1,"36":1,"37":1,"38":0,"39":1,"40":1,"41":1,"42":2,"43":2,"44":2,"45":0,"46":2,"47":2,"48":2,"49":0,"50":2,"51":2,"52":2,"53":0,"54":2,"55":2,"56":2,"57":0,"58":1,"59":1,"60":1,"61":0,"62":0,"63":0,"64":0,"65":0,"66":6,"67":6,"68":6,"69":20,"70":1,"71":1,"72":1,"73":0,"74":2,"75":2,"76":2,"77":5,"78":0,"79":0,"80":0,"81":0,"82":0,"83":0,"84":0,"85":0,"86":15,"87":15,"88":15,"89":7,"90":7,"91":7,"92":1,"93":1,"94":1,"95":2,"96":2,"97":2,"98":2,"99":2,"100":2,"101":0,"102":0,"103":0,"104":1,"105":1,"106":1,"107":5,"108":0,"109":0,"110":0,"111":0,"112":0,"113":0,"114":0,"115":5,"116":5,"117":5,"118":5,"119":5,"120":5,"121":5,"122":5,"123":0,"124":0,"125":0,"126":0,"127":0,"128":0,"129":0,"130":0,"131":0,"132":0,"133":0,"134":0,"135":0,"136":0,"137":0,"138":0,"139":0,"140":0,"141":0,"142":0,"143":0,"144":0,"145":0},"b":{"0":[0,1],"1":[0,0],"2":[4,0],"3":[1,3],"4":[1,3],"5":[0,4],"6":[0,0],"7":[0,1],"8":[0,1],"9":[0,1],"10":[0,1],"11":[1,0],"12":[0,1],"13":[0,1],"14":[0,1],"15":[0,1],"16":[2,0],"17":[0,2],"18":[1,1],"19":[1,1],"20":[0,2],"21":[0,2],"22":[0,2],"23":[0,1],"24":[0,0],"25":[3,3],"26":[0,3],"27":[0,6],"28":[0,1],"29":[1,1],"30":[0,2],"31":[0,0],"32":[0,0],"33":[0,0],"34":[0,0],"35":[0,15],"36":[0,7],"37":[0,1],"38":[0,2],"39":[0,2],"40":[0,0],"41":[0,1],"42":[0,0],"43":[0,0],"44":[0,5],"45":[0,5],"46":[0,0],"47":[0,0],"48":[0,0],"49":[0,0],"50":[0,0],"51":[0,0],"52":[0,0],"53":[0,0],"54":[0,0]},"_coverageSchema":"1a1c01bbd47fc00a2c39e90264f33305004495a9","hash":"5a31ab7529c5a2a72e1c39839be00895c0c09677"}
,"C:\\Users\\work\\Documents\\GitHub\\spg\\server\\userDao.js": {"path":"C:\\Users\\work\\Documents\\GitHub\\spg\\server\\userDao.js","statementMap":{"0":{"start":{"line":4,"column":11},"end":{"line":4,"column":26}},"1":{"start":{"line":5,"column":15},"end":{"line":5,"column":32}},"2":{"start":{"line":7,"column":0},"end":{"line":22,"column":2}},"3":{"start":{"line":8,"column":2},"end":{"line":21,"column":5}},"4":{"start":{"line":9,"column":16},"end":{"line":9,"column":50}},"5":{"start":{"line":10,"column":6},"end":{"line":20,"column":7}},"6":{"start":{"line":11,"column":8},"end":{"line":19,"column":9}},"7":{"start":{"line":12,"column":10},"end":{"line":12,"column":22}},"8":{"start":{"line":13,"column":13},"end":{"line":19,"column":9}},"9":{"start":{"line":14,"column":10},"end":{"line":14,"column":45}},"10":{"start":{"line":17,"column":23},"end":{"line":17,"column":72}},"11":{"start":{"line":18,"column":10},"end":{"line":18,"column":24}},"12":{"start":{"line":24,"column":0},"end":{"line":46,"column":2}},"13":{"start":{"line":25,"column":2},"end":{"line":45,"column":5}},"14":{"start":{"line":26,"column":16},"end":{"line":26,"column":53}},"15":{"start":{"line":27,"column":6},"end":{"line":44,"column":7}},"16":{"start":{"line":28,"column":8},"end":{"line":43,"column":9}},"17":{"start":{"line":29,"column":10},"end":{"line":29,"column":22}},"18":{"start":{"line":30,"column":13},"end":{"line":43,"column":9}},"19":{"start":{"line":31,"column":10},"end":{"line":31,"column":25}},"20":{"start":{"line":34,"column":23},"end":{"line":34,"column":72}},"21":{"start":{"line":37,"column":10},"end":{"line":42,"column":13}},"22":{"start":{"line":38,"column":12},"end":{"line":41,"column":29}},"23":{"start":{"line":39,"column":14},"end":{"line":39,"column":28}},"24":{"start":{"line":41,"column":14},"end":{"line":41,"column":29}},"25":{"start":{"line":48,"column":0},"end":{"line":83,"column":1}},"26":{"start":{"line":49,"column":2},"end":{"line":82,"column":4}},"27":{"start":{"line":50,"column":4},"end":{"line":50,"column":39}},"28":{"start":{"line":51,"column":16},"end":{"line":51,"column":170}},"29":{"start":{"line":52,"column":4},"end":{"line":81,"column":5}},"30":{"start":{"line":53,"column":6},"end":{"line":78,"column":9}},"31":{"start":{"line":54,"column":8},"end":{"line":57,"column":9}},"32":{"start":{"line":55,"column":10},"end":{"line":55,"column":55}},"33":{"start":{"line":56,"column":10},"end":{"line":56,"column":17}},"34":{"start":{"line":58,"column":30},"end":{"line":58,"column":63}},"35":{"start":{"line":59,"column":8},"end":{"line":77,"column":10}},"36":{"start":{"line":60,"column":10},"end":{"line":63,"column":11}},"37":{"start":{"line":61,"column":12},"end":{"line":61,"column":56}},"38":{"start":{"line":62,"column":12},"end":{"line":62,"column":19}},"39":{"start":{"line":64,"column":19},"end":{"line":64,"column":21}},"40":{"start":{"line":65,"column":10},"end":{"line":70,"column":29}},"41":{"start":{"line":66,"column":12},"end":{"line":66,"column":56}},"42":{"start":{"line":67,"column":12},"end":{"line":67,"column":19}},"43":{"start":{"line":70,"column":12},"end":{"line":70,"column":29}},"44":{"start":{"line":71,"column":10},"end":{"line":76,"column":13}},"45":{"start":{"line":72,"column":12},"end":{"line":74,"column":13}},"46":{"start":{"line":73,"column":14},"end":{"line":73,"column":33}},"47":{"start":{"line":75,"column":12},"end":{"line":75,"column":24}},"48":{"start":{"line":80,"column":6},"end":{"line":80,"column":58}},"49":{"start":{"line":85,"column":0},"end":{"line":97,"column":1}},"50":{"start":{"line":86,"column":2},"end":{"line":96,"column":3}},"51":{"start":{"line":87,"column":16},"end":{"line":87,"column":51}},"52":{"start":{"line":88,"column":4},"end":{"line":94,"column":5}},"53":{"start":{"line":89,"column":6},"end":{"line":93,"column":7}},"54":{"start":{"line":90,"column":10},"end":{"line":90,"column":22}},"55":{"start":{"line":92,"column":10},"end":{"line":92,"column":24}}},"fnMap":{"0":{"name":"(anonymous_0)","decl":{"start":{"line":7,"column":22},"end":{"line":7,"column":23}},"loc":{"start":{"line":7,"column":30},"end":{"line":22,"column":1}},"line":7},"1":{"name":"(anonymous_1)","decl":{"start":{"line":8,"column":21},"end":{"line":8,"column":22}},"loc":{"start":{"line":8,"column":42},"end":{"line":21,"column":3}},"line":8},"2":{"name":"(anonymous_2)","decl":{"start":{"line":10,"column":24},"end":{"line":10,"column":25}},"loc":{"start":{"line":10,"column":38},"end":{"line":20,"column":5}},"line":10},"3":{"name":"(anonymous_3)","decl":{"start":{"line":24,"column":18},"end":{"line":24,"column":19}},"loc":{"start":{"line":24,"column":42},"end":{"line":46,"column":1}},"line":24},"4":{"name":"(anonymous_4)","decl":{"start":{"line":25,"column":21},"end":{"line":25,"column":22}},"loc":{"start":{"line":25,"column":42},"end":{"line":45,"column":3}},"line":25},"5":{"name":"(anonymous_5)","decl":{"start":{"line":27,"column":30},"end":{"line":27,"column":31}},"loc":{"start":{"line":27,"column":44},"end":{"line":44,"column":5}},"line":27},"6":{"name":"(anonymous_6)","decl":{"start":{"line":37,"column":50},"end":{"line":37,"column":51}},"loc":{"start":{"line":37,"column":60},"end":{"line":42,"column":11}},"line":37},"7":{"name":"(anonymous_7)","decl":{"start":{"line":48,"column":18},"end":{"line":48,"column":19}},"loc":{"start":{"line":48,"column":97},"end":{"line":83,"column":1}},"line":48},"8":{"name":"(anonymous_8)","decl":{"start":{"line":49,"column":21},"end":{"line":49,"column":22}},"loc":{"start":{"line":49,"column":42},"end":{"line":82,"column":3}},"line":49},"9":{"name":"(anonymous_9)","decl":{"start":{"line":53,"column":32},"end":{"line":53,"column":33}},"loc":{"start":{"line":53,"column":54},"end":{"line":78,"column":7}},"line":53},"10":{"name":"(anonymous_10)","decl":{"start":{"line":59,"column":30},"end":{"line":59,"column":31}},"loc":{"start":{"line":59,"column":44},"end":{"line":77,"column":9}},"line":59},"11":{"name":"(anonymous_11)","decl":{"start":{"line":71,"column":110},"end":{"line":71,"column":111}},"loc":{"start":{"line":71,"column":131},"end":{"line":76,"column":11}},"line":71},"12":{"name":"(anonymous_12)","decl":{"start":{"line":85,"column":21},"end":{"line":85,"column":22}},"loc":{"start":{"line":85,"column":32},"end":{"line":97,"column":1}},"line":85},"13":{"name":"(anonymous_13)","decl":{"start":{"line":86,"column":21},"end":{"line":86,"column":22}},"loc":{"start":{"line":86,"column":42},"end":{"line":96,"column":1}},"line":86},"14":{"name":"(anonymous_14)","decl":{"start":{"line":88,"column":25},"end":{"line":88,"column":26}},"loc":{"start":{"line":88,"column":40},"end":{"line":94,"column":3}},"line":88}},"branchMap":{"0":{"loc":{"start":{"line":11,"column":8},"end":{"line":19,"column":9}},"type":"if","locations":[{"start":{"line":11,"column":8},"end":{"line":19,"column":9}},{"start":{"line":13,"column":13},"end":{"line":19,"column":9}}],"line":11},"1":{"loc":{"start":{"line":13,"column":13},"end":{"line":19,"column":9}},"type":"if","locations":[{"start":{"line":13,"column":13},"end":{"line":19,"column":9}},{"start":{"line":15,"column":13},"end":{"line":19,"column":9}}],"line":13},"2":{"loc":{"start":{"line":28,"column":8},"end":{"line":43,"column":9}},"type":"if","locations":[{"start":{"line":28,"column":8},"end":{"line":43,"column":9}},{"start":{"line":30,"column":13},"end":{"line":43,"column":9}}],"line":28},"3":{"loc":{"start":{"line":30,"column":13},"end":{"line":43,"column":9}},"type":"if","locations":[{"start":{"line":30,"column":13},"end":{"line":43,"column":9}},{"start":{"line":33,"column":13},"end":{"line":43,"column":9}}],"line":30},"4":{"loc":{"start":{"line":38,"column":12},"end":{"line":41,"column":29}},"type":"if","locations":[{"start":{"line":38,"column":12},"end":{"line":41,"column":29}},{"start":{"line":41,"column":14},"end":{"line":41,"column":29}}],"line":38},"5":{"loc":{"start":{"line":54,"column":8},"end":{"line":57,"column":9}},"type":"if","locations":[{"start":{"line":54,"column":8},"end":{"line":57,"column":9}},{"start":{},"end":{}}],"line":54},"6":{"loc":{"start":{"line":60,"column":10},"end":{"line":63,"column":11}},"type":"if","locations":[{"start":{"line":60,"column":10},"end":{"line":63,"column":11}},{"start":{},"end":{}}],"line":60},"7":{"loc":{"start":{"line":65,"column":10},"end":{"line":70,"column":29}},"type":"if","locations":[{"start":{"line":65,"column":10},"end":{"line":70,"column":29}},{"start":{"line":70,"column":12},"end":{"line":70,"column":29}}],"line":65},"8":{"loc":{"start":{"line":72,"column":12},"end":{"line":74,"column":13}},"type":"if","locations":[{"start":{"line":72,"column":12},"end":{"line":74,"column":13}},{"start":{},"end":{}}],"line":72},"9":{"loc":{"start":{"line":89,"column":6},"end":{"line":93,"column":7}},"type":"if","locations":[{"start":{"line":89,"column":6},"end":{"line":93,"column":7}},{"start":{"line":91,"column":11},"end":{"line":93,"column":7}}],"line":89}},"s":{"0":1,"1":1,"2":1,"3":22,"4":22,"5":22,"6":22,"7":0,"8":22,"9":0,"10":22,"11":22,"12":1,"13":9,"14":9,"15":9,"16":9,"17":0,"18":9,"19":0,"20":9,"21":9,"22":9,"23":8,"24":1,"25":1,"26":3,"27":3,"28":3,"29":3,"30":3,"31":3,"32":1,"33":1,"34":2,"35":2,"36":2,"37":0,"38":0,"39":2,"40":2,"41":0,"42":0,"43":2,"44":2,"45":2,"46":1,"47":2,"48":0,"49":1,"50":1,"51":1,"52":1,"53":1,"54":0,"55":1},"f":{"0":22,"1":22,"2":22,"3":9,"4":9,"5":9,"6":9,"7":3,"8":3,"9":3,"10":2,"11":2,"12":1,"13":1,"14":1},"b":{"0":[0,22],"1":[0,22],"2":[0,9],"3":[0,9],"4":[8,1],"5":[1,2],"6":[0,2],"7":[0,2],"8":[1,1],"9":[0,1]},"_coverageSchema":"1a1c01bbd47fc00a2c39e90264f33305004495a9","hash":"1f87db74f806936eb803fbbbeb83bc8a97756813"}
}
