{"C:\\Users\\Mattia\\Desktop\\spg\\server\\app.js": {"path":"C:\\Users\\Mattia\\Desktop\\spg\\server\\app.js","statementMap":{"0":{"start":{"line":3,"column":16},"end":{"line":3,"column":34}},"1":{"start":{"line":4,"column":15},"end":{"line":4,"column":32}},"2":{"start":{"line":5,"column":43},"end":{"line":5,"column":71}},"3":{"start":{"line":6,"column":13},"end":{"line":6,"column":28}},"4":{"start":{"line":7,"column":14},"end":{"line":7,"column":35}},"5":{"start":{"line":9,"column":15},"end":{"line":9,"column":34}},"6":{"start":{"line":10,"column":17},"end":{"line":10,"column":36}},"7":{"start":{"line":11,"column":22},"end":{"line":11,"column":56}},"8":{"start":{"line":12,"column":16},"end":{"line":12,"column":42}},"9":{"start":{"line":13,"column":16},"end":{"line":13,"column":36}},"10":{"start":{"line":14,"column":12},"end":{"line":14,"column":27}},"11":{"start":{"line":15,"column":12},"end":{"line":15,"column":26}},"12":{"start":{"line":16,"column":14},"end":{"line":16,"column":30}},"13":{"start":{"line":17,"column":15},"end":{"line":17,"column":32}},"14":{"start":{"line":18,"column":19},"end":{"line":18,"column":48}},"15":{"start":{"line":19,"column":11},"end":{"line":19,"column":24}},"16":{"start":{"line":20,"column":10},"end":{"line":20,"column":28}},"17":{"start":{"line":28,"column":0},"end":{"line":37,"column":3}},"18":{"start":{"line":30,"column":4},"end":{"line":35,"column":6}},"19":{"start":{"line":31,"column":6},"end":{"line":32,"column":85}},"20":{"start":{"line":32,"column":8},"end":{"line":32,"column":85}},"21":{"start":{"line":34,"column":6},"end":{"line":34,"column":30}},"22":{"start":{"line":41,"column":0},"end":{"line":43,"column":3}},"23":{"start":{"line":42,"column":2},"end":{"line":42,"column":22}},"24":{"start":{"line":46,"column":0},"end":{"line":53,"column":3}},"25":{"start":{"line":47,"column":2},"end":{"line":52,"column":7}},"26":{"start":{"line":49,"column":6},"end":{"line":49,"column":23}},"27":{"start":{"line":51,"column":6},"end":{"line":51,"column":22}},"28":{"start":{"line":56,"column":12},"end":{"line":56,"column":25}},"29":{"start":{"line":57,"column":0},"end":{"line":57,"column":23}},"30":{"start":{"line":58,"column":0},"end":{"line":58,"column":22}},"31":{"start":{"line":59,"column":0},"end":{"line":59,"column":24}},"32":{"start":{"line":60,"column":0},"end":{"line":60,"column":34}},"33":{"start":{"line":61,"column":0},"end":{"line":61,"column":45}},"34":{"start":{"line":64,"column":19},"end":{"line":69,"column":1}},"35":{"start":{"line":65,"column":2},"end":{"line":66,"column":18}},"36":{"start":{"line":66,"column":4},"end":{"line":66,"column":18}},"37":{"start":{"line":68,"column":2},"end":{"line":68,"column":62}},"38":{"start":{"line":72,"column":0},"end":{"line":77,"column":4}},"39":{"start":{"line":80,"column":0},"end":{"line":80,"column":31}},"40":{"start":{"line":81,"column":0},"end":{"line":81,"column":28}},"41":{"start":{"line":84,"column":13},"end":{"line":84,"column":14}},"42":{"start":{"line":89,"column":2},"end":{"line":95,"column":3}},"43":{"start":{"line":90,"column":18},"end":{"line":90,"column":41}},"44":{"start":{"line":91,"column":21},"end":{"line":91,"column":45}},"45":{"start":{"line":92,"column":4},"end":{"line":94,"column":5}},"46":{"start":{"line":93,"column":6},"end":{"line":93,"column":41}},"47":{"start":{"line":98,"column":0},"end":{"line":98,"column":81}},"48":{"start":{"line":98,"column":37},"end":{"line":98,"column":81}},"49":{"start":{"line":101,"column":2},"end":{"line":165,"column":3}},"50":{"start":{"line":102,"column":4},"end":{"line":164,"column":5}},"51":{"start":{"line":103,"column":21},"end":{"line":110,"column":10}},"52":{"start":{"line":112,"column":6},"end":{"line":158,"column":7}},"53":{"start":{"line":117,"column":8},"end":{"line":117,"column":26}},"54":{"start":{"line":118,"column":13},"end":{"line":158,"column":7}},"55":{"start":{"line":121,"column":8},"end":{"line":121,"column":64}},"56":{"start":{"line":121,"column":37},"end":{"line":121,"column":62}},"57":{"start":{"line":122,"column":8},"end":{"line":122,"column":26}},"58":{"start":{"line":125,"column":22},"end":{"line":125,"column":43}},"59":{"start":{"line":126,"column":8},"end":{"line":155,"column":9}},"60":{"start":{"line":127,"column":10},"end":{"line":127,"column":75}},"61":{"start":{"line":128,"column":24},"end":{"line":128,"column":38}},"62":{"start":{"line":129,"column":10},"end":{"line":154,"column":12}},"63":{"start":{"line":130,"column":12},"end":{"line":153,"column":13}},"64":{"start":{"line":131,"column":14},"end":{"line":140,"column":15}},"65":{"start":{"line":134,"column":16},"end":{"line":134,"column":108}},"66":{"start":{"line":136,"column":19},"end":{"line":140,"column":15}},"67":{"start":{"line":138,"column":16},"end":{"line":138,"column":83}},"68":{"start":{"line":139,"column":16},"end":{"line":139,"column":74}},"69":{"start":{"line":142,"column":17},"end":{"line":153,"column":13}},"70":{"start":{"line":143,"column":14},"end":{"line":152,"column":15}},"71":{"start":{"line":144,"column":27},"end":{"line":144,"column":41}},"72":{"start":{"line":145,"column":32},"end":{"line":145,"column":47}},"73":{"start":{"line":146,"column":16},"end":{"line":151,"column":17}},"74":{"start":{"line":147,"column":31},"end":{"line":147,"column":51}},"75":{"start":{"line":148,"column":18},"end":{"line":150,"column":19}},"76":{"start":{"line":149,"column":20},"end":{"line":149,"column":76}},"77":{"start":{"line":157,"column":8},"end":{"line":157,"column":26}},"78":{"start":{"line":160,"column":27},"end":{"line":160,"column":53}},"79":{"start":{"line":161,"column":6},"end":{"line":161,"column":36}},"80":{"start":{"line":162,"column":6},"end":{"line":162,"column":62}},"81":{"start":{"line":162,"column":35},"end":{"line":162,"column":60}},"82":{"start":{"line":163,"column":6},"end":{"line":163,"column":24}},"83":{"start":{"line":169,"column":0},"end":{"line":169,"column":12}},"84":{"start":{"line":172,"column":2},"end":{"line":191,"column":3}},"85":{"start":{"line":173,"column":24},"end":{"line":173,"column":61}},"86":{"start":{"line":174,"column":4},"end":{"line":188,"column":5}},"87":{"start":{"line":175,"column":6},"end":{"line":175,"column":13}},"88":{"start":{"line":178,"column":6},"end":{"line":187,"column":8}},"89":{"start":{"line":179,"column":23},"end":{"line":186,"column":12}},"90":{"start":{"line":190,"column":4},"end":{"line":190,"column":21}},"91":{"start":{"line":195,"column":0},"end":{"line":215,"column":2}},"92":{"start":{"line":196,"column":19},"end":{"line":196,"column":40}},"93":{"start":{"line":197,"column":14},"end":{"line":197,"column":30}},"94":{"start":{"line":198,"column":15},"end":{"line":198,"column":48}},"95":{"start":{"line":200,"column":2},"end":{"line":214,"column":4}},"96":{"start":{"line":201,"column":4},"end":{"line":208,"column":5}},"97":{"start":{"line":202,"column":6},"end":{"line":202,"column":26}},"98":{"start":{"line":203,"column":6},"end":{"line":205,"column":8}},"99":{"start":{"line":206,"column":6},"end":{"line":206,"column":66}},"100":{"start":{"line":207,"column":6},"end":{"line":207,"column":12}},"101":{"start":{"line":210,"column":4},"end":{"line":212,"column":6}},"102":{"start":{"line":213,"column":4},"end":{"line":213,"column":79}},"103":{"start":{"line":217,"column":0},"end":{"line":229,"column":2}},"104":{"start":{"line":218,"column":19},"end":{"line":218,"column":32}},"105":{"start":{"line":219,"column":15},"end":{"line":219,"column":35}},"106":{"start":{"line":221,"column":2},"end":{"line":228,"column":3}},"107":{"start":{"line":222,"column":4},"end":{"line":222,"column":23}},"108":{"start":{"line":223,"column":4},"end":{"line":223,"column":62}},"109":{"start":{"line":226,"column":4},"end":{"line":226,"column":80}},"110":{"start":{"line":227,"column":4},"end":{"line":227,"column":10}},"111":{"start":{"line":232,"column":0},"end":{"line":234,"column":3}},"112":{"start":{"line":233,"column":2},"end":{"line":233,"column":64}},"113":{"start":{"line":237,"column":0},"end":{"line":239,"column":3}},"114":{"start":{"line":238,"column":2},"end":{"line":238,"column":74}},"115":{"start":{"line":242,"column":0},"end":{"line":255,"column":3}},"116":{"start":{"line":243,"column":2},"end":{"line":254,"column":3}},"117":{"start":{"line":244,"column":21},"end":{"line":244,"column":47}},"118":{"start":{"line":245,"column":4},"end":{"line":250,"column":5}},"119":{"start":{"line":246,"column":6},"end":{"line":246,"column":37}},"120":{"start":{"line":249,"column":6},"end":{"line":249,"column":40}},"121":{"start":{"line":252,"column":4},"end":{"line":252,"column":20}},"122":{"start":{"line":253,"column":4},"end":{"line":253,"column":26}},"123":{"start":{"line":258,"column":0},"end":{"line":271,"column":3}},"124":{"start":{"line":259,"column":2},"end":{"line":270,"column":3}},"125":{"start":{"line":260,"column":21},"end":{"line":260,"column":47}},"126":{"start":{"line":261,"column":4},"end":{"line":266,"column":5}},"127":{"start":{"line":262,"column":6},"end":{"line":262,"column":37}},"128":{"start":{"line":265,"column":6},"end":{"line":265,"column":25}},"129":{"start":{"line":268,"column":4},"end":{"line":268,"column":20}},"130":{"start":{"line":269,"column":4},"end":{"line":269,"column":26}},"131":{"start":{"line":275,"column":0},"end":{"line":300,"column":3}},"132":{"start":{"line":276,"column":16},"end":{"line":276,"column":39}},"133":{"start":{"line":277,"column":19},"end":{"line":277,"column":43}},"134":{"start":{"line":278,"column":2},"end":{"line":281,"column":3}},"135":{"start":{"line":279,"column":4},"end":{"line":279,"column":77}},"136":{"start":{"line":280,"column":4},"end":{"line":280,"column":11}},"137":{"start":{"line":283,"column":18},"end":{"line":283,"column":26}},"138":{"start":{"line":284,"column":2},"end":{"line":298,"column":3}},"139":{"start":{"line":285,"column":4},"end":{"line":288,"column":5}},"140":{"start":{"line":286,"column":6},"end":{"line":286,"column":73}},"141":{"start":{"line":287,"column":6},"end":{"line":287,"column":13}},"142":{"start":{"line":289,"column":19},"end":{"line":289,"column":71}},"143":{"start":{"line":290,"column":4},"end":{"line":294,"column":5}},"144":{"start":{"line":291,"column":6},"end":{"line":291,"column":35}},"145":{"start":{"line":293,"column":6},"end":{"line":293,"column":35}},"146":{"start":{"line":296,"column":4},"end":{"line":296,"column":47}},"147":{"start":{"line":297,"column":4},"end":{"line":297,"column":11}},"148":{"start":{"line":304,"column":0},"end":{"line":334,"column":3}},"149":{"start":{"line":305,"column":18},"end":{"line":305,"column":26}},"150":{"start":{"line":307,"column":16},"end":{"line":307,"column":39}},"151":{"start":{"line":308,"column":19},"end":{"line":308,"column":43}},"152":{"start":{"line":309,"column":2},"end":{"line":312,"column":3}},"153":{"start":{"line":310,"column":4},"end":{"line":310,"column":73}},"154":{"start":{"line":311,"column":4},"end":{"line":311,"column":11}},"155":{"start":{"line":313,"column":2},"end":{"line":316,"column":3}},"156":{"start":{"line":314,"column":4},"end":{"line":314,"column":74}},"157":{"start":{"line":315,"column":4},"end":{"line":315,"column":11}},"158":{"start":{"line":318,"column":2},"end":{"line":332,"column":3}},"159":{"start":{"line":319,"column":21},"end":{"line":319,"column":57}},"160":{"start":{"line":321,"column":4},"end":{"line":321,"column":69}},"161":{"start":{"line":321,"column":32},"end":{"line":321,"column":69}},"162":{"start":{"line":322,"column":19},"end":{"line":322,"column":93}},"163":{"start":{"line":323,"column":4},"end":{"line":328,"column":5}},"164":{"start":{"line":324,"column":6},"end":{"line":324,"column":35}},"165":{"start":{"line":327,"column":6},"end":{"line":327,"column":35}},"166":{"start":{"line":330,"column":4},"end":{"line":330,"column":47}},"167":{"start":{"line":331,"column":4},"end":{"line":331,"column":11}},"168":{"start":{"line":337,"column":0},"end":{"line":350,"column":3}},"169":{"start":{"line":338,"column":2},"end":{"line":349,"column":3}},"170":{"start":{"line":339,"column":18},"end":{"line":339,"column":41}},"171":{"start":{"line":340,"column":21},"end":{"line":340,"column":45}},"172":{"start":{"line":341,"column":4},"end":{"line":344,"column":5}},"173":{"start":{"line":342,"column":6},"end":{"line":342,"column":74}},"174":{"start":{"line":343,"column":6},"end":{"line":343,"column":13}},"175":{"start":{"line":345,"column":19},"end":{"line":345,"column":60}},"176":{"start":{"line":346,"column":4},"end":{"line":346,"column":33}},"177":{"start":{"line":348,"column":4},"end":{"line":348,"column":26}},"178":{"start":{"line":353,"column":0},"end":{"line":370,"column":3}},"179":{"start":{"line":354,"column":2},"end":{"line":369,"column":3}},"180":{"start":{"line":355,"column":18},"end":{"line":355,"column":41}},"181":{"start":{"line":356,"column":21},"end":{"line":356,"column":45}},"182":{"start":{"line":357,"column":4},"end":{"line":366,"column":5}},"183":{"start":{"line":357,"column":32},"end":{"line":357,"column":54}},"184":{"start":{"line":359,"column":23},"end":{"line":359,"column":103}},"185":{"start":{"line":360,"column":6},"end":{"line":365,"column":7}},"186":{"start":{"line":361,"column":8},"end":{"line":361,"column":39}},"187":{"start":{"line":364,"column":8},"end":{"line":364,"column":27}},"188":{"start":{"line":368,"column":4},"end":{"line":368,"column":26}},"189":{"start":{"line":373,"column":0},"end":{"line":386,"column":3}},"190":{"start":{"line":374,"column":2},"end":{"line":385,"column":3}},"191":{"start":{"line":375,"column":20},"end":{"line":375,"column":45}},"192":{"start":{"line":376,"column":4},"end":{"line":381,"column":5}},"193":{"start":{"line":377,"column":6},"end":{"line":377,"column":36}},"194":{"start":{"line":380,"column":6},"end":{"line":380,"column":24}},"195":{"start":{"line":383,"column":4},"end":{"line":383,"column":20}},"196":{"start":{"line":384,"column":4},"end":{"line":384,"column":26}},"197":{"start":{"line":389,"column":0},"end":{"line":402,"column":3}},"198":{"start":{"line":390,"column":2},"end":{"line":401,"column":3}},"199":{"start":{"line":391,"column":19},"end":{"line":391,"column":56}},"200":{"start":{"line":392,"column":4},"end":{"line":397,"column":5}},"201":{"start":{"line":393,"column":6},"end":{"line":393,"column":35}},"202":{"start":{"line":396,"column":6},"end":{"line":396,"column":23}},"203":{"start":{"line":399,"column":4},"end":{"line":399,"column":20}},"204":{"start":{"line":400,"column":4},"end":{"line":400,"column":26}},"205":{"start":{"line":405,"column":0},"end":{"line":420,"column":3}},"206":{"start":{"line":406,"column":2},"end":{"line":419,"column":3}},"207":{"start":{"line":407,"column":19},"end":{"line":407,"column":56}},"208":{"start":{"line":408,"column":19},"end":{"line":408,"column":56}},"209":{"start":{"line":409,"column":4},"end":{"line":415,"column":5}},"210":{"start":{"line":410,"column":6},"end":{"line":410,"column":35}},"211":{"start":{"line":413,"column":6},"end":{"line":413,"column":96}},"212":{"start":{"line":413,"column":28},"end":{"line":413,"column":92}},"213":{"start":{"line":413,"column":77},"end":{"line":413,"column":92}},"214":{"start":{"line":414,"column":6},"end":{"line":414,"column":22}},"215":{"start":{"line":417,"column":4},"end":{"line":417,"column":20}},"216":{"start":{"line":418,"column":4},"end":{"line":418,"column":26}},"217":{"start":{"line":423,"column":0},"end":{"line":438,"column":3}},"218":{"start":{"line":425,"column":15},"end":{"line":425,"column":23}},"219":{"start":{"line":427,"column":15},"end":{"line":427,"column":26}},"220":{"start":{"line":428,"column":2},"end":{"line":434,"column":3}},"221":{"start":{"line":429,"column":4},"end":{"line":429,"column":52}},"222":{"start":{"line":430,"column":4},"end":{"line":430,"column":26}},"223":{"start":{"line":433,"column":4},"end":{"line":433,"column":60}},"224":{"start":{"line":441,"column":0},"end":{"line":455,"column":3}},"225":{"start":{"line":443,"column":16},"end":{"line":443,"column":40}},"226":{"start":{"line":445,"column":2},"end":{"line":451,"column":3}},"227":{"start":{"line":446,"column":4},"end":{"line":446,"column":51}},"228":{"start":{"line":447,"column":4},"end":{"line":447,"column":26}},"229":{"start":{"line":450,"column":4},"end":{"line":450,"column":60}},"230":{"start":{"line":458,"column":0},"end":{"line":477,"column":3}},"231":{"start":{"line":460,"column":18},"end":{"line":460,"column":50}},"232":{"start":{"line":461,"column":16},"end":{"line":461,"column":33}},"233":{"start":{"line":462,"column":2},"end":{"line":476,"column":3}},"234":{"start":{"line":464,"column":15},"end":{"line":464,"column":20}},"235":{"start":{"line":465,"column":6},"end":{"line":468,"column":8}},"236":{"start":{"line":466,"column":25},"end":{"line":466,"column":53}},"237":{"start":{"line":467,"column":8},"end":{"line":467,"column":40}},"238":{"start":{"line":467,"column":28},"end":{"line":467,"column":40}},"239":{"start":{"line":469,"column":6},"end":{"line":469,"column":23}},"240":{"start":{"line":469,"column":16},"end":{"line":469,"column":23}},"241":{"start":{"line":471,"column":4},"end":{"line":471,"column":74}},"242":{"start":{"line":473,"column":4},"end":{"line":473,"column":26}},"243":{"start":{"line":475,"column":4},"end":{"line":475,"column":60}},"244":{"start":{"line":480,"column":0},"end":{"line":491,"column":3}},"245":{"start":{"line":481,"column":2},"end":{"line":481,"column":37}},"246":{"start":{"line":482,"column":16},"end":{"line":482,"column":24}},"247":{"start":{"line":483,"column":2},"end":{"line":490,"column":3}},"248":{"start":{"line":485,"column":4},"end":{"line":485,"column":46}},"249":{"start":{"line":487,"column":4},"end":{"line":487,"column":26}},"250":{"start":{"line":489,"column":4},"end":{"line":489,"column":60}},"251":{"start":{"line":497,"column":0},"end":{"line":542,"column":3}},"252":{"start":{"line":499,"column":16},"end":{"line":499,"column":39}},"253":{"start":{"line":500,"column":19},"end":{"line":500,"column":43}},"254":{"start":{"line":501,"column":2},"end":{"line":504,"column":3}},"255":{"start":{"line":502,"column":4},"end":{"line":502,"column":74}},"256":{"start":{"line":503,"column":4},"end":{"line":503,"column":11}},"257":{"start":{"line":506,"column":16},"end":{"line":506,"column":24}},"258":{"start":{"line":507,"column":2},"end":{"line":540,"column":3}},"259":{"start":{"line":508,"column":4},"end":{"line":523,"column":5}},"260":{"start":{"line":510,"column":6},"end":{"line":510,"column":46}},"261":{"start":{"line":511,"column":6},"end":{"line":511,"column":20}},"262":{"start":{"line":512,"column":6},"end":{"line":512,"column":26}},"263":{"start":{"line":513,"column":6},"end":{"line":513,"column":25}},"264":{"start":{"line":516,"column":17},"end":{"line":516,"column":22}},"265":{"start":{"line":517,"column":6},"end":{"line":520,"column":8}},"266":{"start":{"line":518,"column":25},"end":{"line":518,"column":53}},"267":{"start":{"line":519,"column":8},"end":{"line":519,"column":40}},"268":{"start":{"line":519,"column":28},"end":{"line":519,"column":40}},"269":{"start":{"line":521,"column":6},"end":{"line":521,"column":23}},"270":{"start":{"line":521,"column":16},"end":{"line":521,"column":23}},"271":{"start":{"line":522,"column":6},"end":{"line":522,"column":46}},"272":{"start":{"line":524,"column":24},"end":{"line":524,"column":75}},"273":{"start":{"line":525,"column":4},"end":{"line":525,"column":43}},"274":{"start":{"line":526,"column":4},"end":{"line":526,"column":43}},"275":{"start":{"line":527,"column":4},"end":{"line":527,"column":52}},"276":{"start":{"line":528,"column":4},"end":{"line":528,"column":50}},"277":{"start":{"line":529,"column":19},"end":{"line":529,"column":47}},"278":{"start":{"line":530,"column":4},"end":{"line":535,"column":5}},"279":{"start":{"line":531,"column":6},"end":{"line":531,"column":35}},"280":{"start":{"line":533,"column":6},"end":{"line":533,"column":53}},"281":{"start":{"line":533,"column":22},"end":{"line":533,"column":53}},"282":{"start":{"line":534,"column":6},"end":{"line":534,"column":34}},"283":{"start":{"line":537,"column":4},"end":{"line":537,"column":20}},"284":{"start":{"line":538,"column":4},"end":{"line":538,"column":47}},"285":{"start":{"line":539,"column":4},"end":{"line":539,"column":11}},"286":{"start":{"line":545,"column":0},"end":{"line":557,"column":3}},"287":{"start":{"line":546,"column":2},"end":{"line":556,"column":3}},"288":{"start":{"line":547,"column":19},"end":{"line":547,"column":43}},"289":{"start":{"line":548,"column":4},"end":{"line":552,"column":5}},"290":{"start":{"line":549,"column":6},"end":{"line":549,"column":35}},"291":{"start":{"line":551,"column":6},"end":{"line":551,"column":23}},"292":{"start":{"line":554,"column":4},"end":{"line":554,"column":21}},"293":{"start":{"line":555,"column":4},"end":{"line":555,"column":26}},"294":{"start":{"line":560,"column":0},"end":{"line":572,"column":3}},"295":{"start":{"line":561,"column":2},"end":{"line":571,"column":3}},"296":{"start":{"line":562,"column":19},"end":{"line":562,"column":73}},"297":{"start":{"line":563,"column":4},"end":{"line":567,"column":5}},"298":{"start":{"line":564,"column":6},"end":{"line":564,"column":35}},"299":{"start":{"line":566,"column":6},"end":{"line":566,"column":23}},"300":{"start":{"line":569,"column":4},"end":{"line":569,"column":21}},"301":{"start":{"line":570,"column":4},"end":{"line":570,"column":26}},"302":{"start":{"line":575,"column":0},"end":{"line":578,"column":3}},"303":{"start":{"line":576,"column":17},"end":{"line":576,"column":56}},"304":{"start":{"line":577,"column":2},"end":{"line":577,"column":31}},"305":{"start":{"line":581,"column":0},"end":{"line":593,"column":3}},"306":{"start":{"line":582,"column":2},"end":{"line":592,"column":3}},"307":{"start":{"line":583,"column":19},"end":{"line":583,"column":56}},"308":{"start":{"line":584,"column":4},"end":{"line":588,"column":5}},"309":{"start":{"line":585,"column":6},"end":{"line":585,"column":35}},"310":{"start":{"line":587,"column":6},"end":{"line":587,"column":23}},"311":{"start":{"line":590,"column":4},"end":{"line":590,"column":21}},"312":{"start":{"line":591,"column":4},"end":{"line":591,"column":26}},"313":{"start":{"line":596,"column":0},"end":{"line":615,"column":3}},"314":{"start":{"line":597,"column":16},"end":{"line":597,"column":39}},"315":{"start":{"line":598,"column":19},"end":{"line":598,"column":43}},"316":{"start":{"line":599,"column":2},"end":{"line":602,"column":3}},"317":{"start":{"line":600,"column":4},"end":{"line":600,"column":74}},"318":{"start":{"line":601,"column":4},"end":{"line":601,"column":11}},"319":{"start":{"line":604,"column":13},"end":{"line":604,"column":26}},"320":{"start":{"line":605,"column":2},"end":{"line":614,"column":3}},"321":{"start":{"line":606,"column":4},"end":{"line":610,"column":5}},"322":{"start":{"line":607,"column":21},"end":{"line":607,"column":58}},"323":{"start":{"line":608,"column":6},"end":{"line":609,"column":28}},"324":{"start":{"line":608,"column":22},"end":{"line":608,"column":51}},"325":{"start":{"line":609,"column":11},"end":{"line":609,"column":28}},"326":{"start":{"line":612,"column":4},"end":{"line":612,"column":47}},"327":{"start":{"line":613,"column":4},"end":{"line":613,"column":11}},"328":{"start":{"line":618,"column":0},"end":{"line":641,"column":3}},"329":{"start":{"line":620,"column":16},"end":{"line":620,"column":39}},"330":{"start":{"line":621,"column":19},"end":{"line":621,"column":43}},"331":{"start":{"line":622,"column":2},"end":{"line":625,"column":3}},"332":{"start":{"line":623,"column":4},"end":{"line":623,"column":79}},"333":{"start":{"line":624,"column":4},"end":{"line":624,"column":11}},"334":{"start":{"line":627,"column":18},"end":{"line":627,"column":36}},"335":{"start":{"line":628,"column":20},"end":{"line":628,"column":33}},"336":{"start":{"line":632,"column":2},"end":{"line":640,"column":3}},"337":{"start":{"line":633,"column":19},"end":{"line":633,"column":72}},"338":{"start":{"line":634,"column":4},"end":{"line":635,"column":24}},"339":{"start":{"line":634,"column":20},"end":{"line":634,"column":49}},"340":{"start":{"line":635,"column":9},"end":{"line":635,"column":24}},"341":{"start":{"line":638,"column":4},"end":{"line":638,"column":47}},"342":{"start":{"line":639,"column":4},"end":{"line":639,"column":11}},"343":{"start":{"line":644,"column":0},"end":{"line":654,"column":3}},"344":{"start":{"line":645,"column":16},"end":{"line":645,"column":24}},"345":{"start":{"line":646,"column":2},"end":{"line":653,"column":3}},"346":{"start":{"line":647,"column":19},"end":{"line":647,"column":54}},"347":{"start":{"line":648,"column":4},"end":{"line":649,"column":26}},"348":{"start":{"line":648,"column":20},"end":{"line":648,"column":49}},"349":{"start":{"line":649,"column":9},"end":{"line":649,"column":26}},"350":{"start":{"line":651,"column":4},"end":{"line":651,"column":47}},"351":{"start":{"line":652,"column":4},"end":{"line":652,"column":11}},"352":{"start":{"line":658,"column":0},"end":{"line":670,"column":3}},"353":{"start":{"line":659,"column":2},"end":{"line":669,"column":3}},"354":{"start":{"line":660,"column":19},"end":{"line":660,"column":68}},"355":{"start":{"line":661,"column":4},"end":{"line":665,"column":5}},"356":{"start":{"line":662,"column":6},"end":{"line":662,"column":35}},"357":{"start":{"line":664,"column":6},"end":{"line":664,"column":23}},"358":{"start":{"line":667,"column":4},"end":{"line":667,"column":21}},"359":{"start":{"line":668,"column":4},"end":{"line":668,"column":26}},"360":{"start":{"line":673,"column":0},"end":{"line":692,"column":3}},"361":{"start":{"line":674,"column":16},"end":{"line":674,"column":39}},"362":{"start":{"line":675,"column":19},"end":{"line":675,"column":43}},"363":{"start":{"line":676,"column":2},"end":{"line":679,"column":3}},"364":{"start":{"line":677,"column":4},"end":{"line":677,"column":83}},"365":{"start":{"line":678,"column":4},"end":{"line":678,"column":11}},"366":{"start":{"line":681,"column":13},"end":{"line":681,"column":26}},"367":{"start":{"line":682,"column":2},"end":{"line":691,"column":3}},"368":{"start":{"line":683,"column":4},"end":{"line":687,"column":5}},"369":{"start":{"line":684,"column":21},"end":{"line":684,"column":58}},"370":{"start":{"line":685,"column":6},"end":{"line":686,"column":28}},"371":{"start":{"line":685,"column":22},"end":{"line":685,"column":51}},"372":{"start":{"line":686,"column":11},"end":{"line":686,"column":28}},"373":{"start":{"line":689,"column":4},"end":{"line":689,"column":47}},"374":{"start":{"line":690,"column":4},"end":{"line":690,"column":11}},"375":{"start":{"line":695,"column":0},"end":{"line":707,"column":3}},"376":{"start":{"line":696,"column":2},"end":{"line":706,"column":3}},"377":{"start":{"line":697,"column":18},"end":{"line":697,"column":41}},"378":{"start":{"line":698,"column":4},"end":{"line":702,"column":5}},"379":{"start":{"line":699,"column":6},"end":{"line":699,"column":34}},"380":{"start":{"line":701,"column":6},"end":{"line":701,"column":22}},"381":{"start":{"line":704,"column":4},"end":{"line":704,"column":21}},"382":{"start":{"line":705,"column":4},"end":{"line":705,"column":26}},"383":{"start":{"line":710,"column":0},"end":{"line":722,"column":3}},"384":{"start":{"line":711,"column":2},"end":{"line":721,"column":3}},"385":{"start":{"line":712,"column":18},"end":{"line":712,"column":60}},"386":{"start":{"line":713,"column":4},"end":{"line":717,"column":5}},"387":{"start":{"line":714,"column":6},"end":{"line":714,"column":34}},"388":{"start":{"line":716,"column":6},"end":{"line":716,"column":22}},"389":{"start":{"line":719,"column":4},"end":{"line":719,"column":21}},"390":{"start":{"line":720,"column":4},"end":{"line":720,"column":26}},"391":{"start":{"line":725,"column":0},"end":{"line":757,"column":3}},"392":{"start":{"line":726,"column":2},"end":{"line":756,"column":3}},"393":{"start":{"line":727,"column":19},"end":{"line":727,"column":43}},"394":{"start":{"line":728,"column":21},"end":{"line":728,"column":23}},"395":{"start":{"line":729,"column":20},"end":{"line":729,"column":22}},"396":{"start":{"line":730,"column":4},"end":{"line":730,"column":23}},"397":{"start":{"line":731,"column":4},"end":{"line":731,"column":21}},"398":{"start":{"line":732,"column":4},"end":{"line":752,"column":5}},"399":{"start":{"line":733,"column":6},"end":{"line":733,"column":35}},"400":{"start":{"line":735,"column":23},"end":{"line":750,"column":9}},"401":{"start":{"line":736,"column":8},"end":{"line":748,"column":12}},"402":{"start":{"line":738,"column":10},"end":{"line":738,"column":47}},"403":{"start":{"line":738,"column":40},"end":{"line":738,"column":47}},"404":{"start":{"line":739,"column":10},"end":{"line":747,"column":11}},"405":{"start":{"line":740,"column":12},"end":{"line":740,"column":35}},"406":{"start":{"line":741,"column":24},"end":{"line":741,"column":56}},"407":{"start":{"line":742,"column":12},"end":{"line":742,"column":61}},"408":{"start":{"line":745,"column":24},"end":{"line":745,"column":56}},"409":{"start":{"line":746,"column":12},"end":{"line":746,"column":63}},"410":{"start":{"line":749,"column":8},"end":{"line":749,"column":24}},"411":{"start":{"line":751,"column":6},"end":{"line":751,"column":34}},"412":{"start":{"line":754,"column":4},"end":{"line":754,"column":21}},"413":{"start":{"line":755,"column":4},"end":{"line":755,"column":26}},"414":{"start":{"line":760,"column":0},"end":{"line":781,"column":3}},"415":{"start":{"line":761,"column":2},"end":{"line":780,"column":3}},"416":{"start":{"line":762,"column":23},"end":{"line":762,"column":51}},"417":{"start":{"line":763,"column":4},"end":{"line":776,"column":5}},"418":{"start":{"line":764,"column":6},"end":{"line":764,"column":39}},"419":{"start":{"line":766,"column":22},"end":{"line":774,"column":9}},"420":{"start":{"line":767,"column":8},"end":{"line":773,"column":9}},"421":{"start":{"line":775,"column":6},"end":{"line":775,"column":24}},"422":{"start":{"line":778,"column":4},"end":{"line":778,"column":21}},"423":{"start":{"line":779,"column":4},"end":{"line":779,"column":26}},"424":{"start":{"line":784,"column":0},"end":{"line":818,"column":3}},"425":{"start":{"line":785,"column":2},"end":{"line":817,"column":3}},"426":{"start":{"line":786,"column":18},"end":{"line":786,"column":41}},"427":{"start":{"line":787,"column":21},"end":{"line":787,"column":45}},"428":{"start":{"line":788,"column":4},"end":{"line":791,"column":5}},"429":{"start":{"line":789,"column":6},"end":{"line":789,"column":73}},"430":{"start":{"line":790,"column":6},"end":{"line":790,"column":13}},"431":{"start":{"line":793,"column":21},"end":{"line":793,"column":29}},"432":{"start":{"line":794,"column":18},"end":{"line":794,"column":69}},"433":{"start":{"line":795,"column":4},"end":{"line":797,"column":5}},"434":{"start":{"line":796,"column":6},"end":{"line":796,"column":34}},"435":{"start":{"line":798,"column":4},"end":{"line":802,"column":7}},"436":{"start":{"line":799,"column":6},"end":{"line":801,"column":7}},"437":{"start":{"line":800,"column":8},"end":{"line":800,"column":21}},"438":{"start":{"line":803,"column":4},"end":{"line":803,"column":58}},"439":{"start":{"line":804,"column":19},"end":{"line":804,"column":80}},"440":{"start":{"line":805,"column":4},"end":{"line":807,"column":5}},"441":{"start":{"line":806,"column":6},"end":{"line":806,"column":35}},"442":{"start":{"line":808,"column":20},"end":{"line":808,"column":57}},"443":{"start":{"line":809,"column":4},"end":{"line":813,"column":5}},"444":{"start":{"line":810,"column":6},"end":{"line":810,"column":36}},"445":{"start":{"line":812,"column":6},"end":{"line":812,"column":24}},"446":{"start":{"line":815,"column":4},"end":{"line":815,"column":21}},"447":{"start":{"line":816,"column":4},"end":{"line":816,"column":26}},"448":{"start":{"line":820,"column":0},"end":{"line":844,"column":2}},"449":{"start":{"line":821,"column":2},"end":{"line":843,"column":3}},"450":{"start":{"line":822,"column":18},"end":{"line":822,"column":26}},"451":{"start":{"line":823,"column":21},"end":{"line":823,"column":47}},"452":{"start":{"line":824,"column":4},"end":{"line":824,"column":25}},"453":{"start":{"line":826,"column":4},"end":{"line":831,"column":6}},"454":{"start":{"line":827,"column":6},"end":{"line":827,"column":65}},"455":{"start":{"line":828,"column":6},"end":{"line":830,"column":7}},"456":{"start":{"line":829,"column":8},"end":{"line":829,"column":37}},"457":{"start":{"line":832,"column":4},"end":{"line":832,"column":64}},"458":{"start":{"line":833,"column":4},"end":{"line":838,"column":5}},"459":{"start":{"line":834,"column":6},"end":{"line":834,"column":35}},"460":{"start":{"line":837,"column":6},"end":{"line":837,"column":34}},"461":{"start":{"line":841,"column":4},"end":{"line":841,"column":23}},"462":{"start":{"line":842,"column":4},"end":{"line":842,"column":26}},"463":{"start":{"line":850,"column":0},"end":{"line":869,"column":3}},"464":{"start":{"line":851,"column":2},"end":{"line":868,"column":21}},"465":{"start":{"line":852,"column":4},"end":{"line":853,"column":23}},"466":{"start":{"line":853,"column":6},"end":{"line":853,"column":23}},"467":{"start":{"line":854,"column":4},"end":{"line":858,"column":5}},"468":{"start":{"line":857,"column":6},"end":{"line":857,"column":40}},"469":{"start":{"line":860,"column":4},"end":{"line":867,"column":7}},"470":{"start":{"line":861,"column":6},"end":{"line":862,"column":27}},"471":{"start":{"line":862,"column":8},"end":{"line":862,"column":27}},"472":{"start":{"line":866,"column":6},"end":{"line":866,"column":32}},"473":{"start":{"line":873,"column":0},"end":{"line":887,"column":3}},"474":{"start":{"line":874,"column":2},"end":{"line":874,"column":47}},"475":{"start":{"line":875,"column":20},"end":{"line":875,"column":28}},"476":{"start":{"line":876,"column":2},"end":{"line":886,"column":3}},"477":{"start":{"line":877,"column":19},"end":{"line":877,"column":199}},"478":{"start":{"line":878,"column":4},"end":{"line":882,"column":5}},"479":{"start":{"line":879,"column":6},"end":{"line":879,"column":35}},"480":{"start":{"line":881,"column":6},"end":{"line":881,"column":35}},"481":{"start":{"line":884,"column":4},"end":{"line":884,"column":47}},"482":{"start":{"line":885,"column":4},"end":{"line":885,"column":11}},"483":{"start":{"line":890,"column":0},"end":{"line":893,"column":3}},"484":{"start":{"line":891,"column":17},"end":{"line":891,"column":57}},"485":{"start":{"line":892,"column":2},"end":{"line":892,"column":31}},"486":{"start":{"line":898,"column":0},"end":{"line":901,"column":3}},"487":{"start":{"line":899,"column":2},"end":{"line":899,"column":15}},"488":{"start":{"line":900,"column":2},"end":{"line":900,"column":24}},"489":{"start":{"line":905,"column":0},"end":{"line":911,"column":3}},"490":{"start":{"line":906,"column":2},"end":{"line":910,"column":61}},"491":{"start":{"line":907,"column":4},"end":{"line":907,"column":35}},"492":{"start":{"line":910,"column":4},"end":{"line":910,"column":61}},"493":{"start":{"line":913,"column":0},"end":{"line":913,"column":21}}},"fnMap":{"0":{"name":"(anonymous_0)","decl":{"start":{"line":29,"column":2},"end":{"line":29,"column":3}},"loc":{"start":{"line":29,"column":38},"end":{"line":36,"column":3}},"line":29},"1":{"name":"(anonymous_1)","decl":{"start":{"line":30,"column":45},"end":{"line":30,"column":46}},"loc":{"start":{"line":30,"column":55},"end":{"line":35,"column":5}},"line":30},"2":{"name":"(anonymous_2)","decl":{"start":{"line":41,"column":23},"end":{"line":41,"column":24}},"loc":{"start":{"line":41,"column":39},"end":{"line":43,"column":1}},"line":41},"3":{"name":"(anonymous_3)","decl":{"start":{"line":46,"column":25},"end":{"line":46,"column":26}},"loc":{"start":{"line":46,"column":39},"end":{"line":53,"column":1}},"line":46},"4":{"name":"(anonymous_4)","decl":{"start":{"line":48,"column":10},"end":{"line":48,"column":11}},"loc":{"start":{"line":48,"column":18},"end":{"line":50,"column":5}},"line":48},"5":{"name":"(anonymous_5)","decl":{"start":{"line":50,"column":13},"end":{"line":50,"column":14}},"loc":{"start":{"line":50,"column":20},"end":{"line":52,"column":5}},"line":50},"6":{"name":"(anonymous_6)","decl":{"start":{"line":64,"column":19},"end":{"line":64,"column":20}},"loc":{"start":{"line":64,"column":39},"end":{"line":69,"column":1}},"line":64},"7":{"name":"checkTimeAndConstraints","decl":{"start":{"line":88,"column":15},"end":{"line":88,"column":38}},"loc":{"start":{"line":88,"column":41},"end":{"line":96,"column":1}},"line":88},"8":{"name":"subscribe","decl":{"start":{"line":100,"column":15},"end":{"line":100,"column":24}},"loc":{"start":{"line":100,"column":27},"end":{"line":166,"column":1}},"line":100},"9":{"name":"(anonymous_9)","decl":{"start":{"line":121,"column":26},"end":{"line":121,"column":27}},"loc":{"start":{"line":121,"column":37},"end":{"line":121,"column":62}},"line":121},"10":{"name":"(anonymous_10)","decl":{"start":{"line":129,"column":26},"end":{"line":129,"column":27}},"loc":{"start":{"line":129,"column":31},"end":{"line":154,"column":11}},"line":129},"11":{"name":"(anonymous_11)","decl":{"start":{"line":162,"column":24},"end":{"line":162,"column":25}},"loc":{"start":{"line":162,"column":35},"end":{"line":162,"column":60}},"line":162},"12":{"name":"sendNewProductNotification","decl":{"start":{"line":171,"column":15},"end":{"line":171,"column":41}},"loc":{"start":{"line":171,"column":44},"end":{"line":192,"column":1}},"line":171},"13":{"name":"(anonymous_13)","decl":{"start":{"line":178,"column":26},"end":{"line":178,"column":27}},"loc":{"start":{"line":178,"column":39},"end":{"line":187,"column":7}},"line":178},"14":{"name":"(anonymous_14)","decl":{"start":{"line":195,"column":30},"end":{"line":195,"column":31}},"loc":{"start":{"line":195,"column":44},"end":{"line":215,"column":1}},"line":195},"15":{"name":"(anonymous_15)","decl":{"start":{"line":200,"column":17},"end":{"line":200,"column":18}},"loc":{"start":{"line":200,"column":28},"end":{"line":214,"column":3}},"line":200},"16":{"name":"(anonymous_16)","decl":{"start":{"line":217,"column":32},"end":{"line":217,"column":33}},"loc":{"start":{"line":217,"column":46},"end":{"line":229,"column":1}},"line":217},"17":{"name":"(anonymous_17)","decl":{"start":{"line":232,"column":34},"end":{"line":232,"column":35}},"loc":{"start":{"line":232,"column":48},"end":{"line":234,"column":1}},"line":232},"18":{"name":"(anonymous_18)","decl":{"start":{"line":237,"column":30},"end":{"line":237,"column":31}},"loc":{"start":{"line":237,"column":44},"end":{"line":239,"column":1}},"line":237},"19":{"name":"(anonymous_19)","decl":{"start":{"line":242,"column":25},"end":{"line":242,"column":26}},"loc":{"start":{"line":242,"column":45},"end":{"line":255,"column":1}},"line":242},"20":{"name":"(anonymous_20)","decl":{"start":{"line":258,"column":25},"end":{"line":258,"column":26}},"loc":{"start":{"line":258,"column":45},"end":{"line":271,"column":1}},"line":258},"21":{"name":"(anonymous_21)","decl":{"start":{"line":275,"column":26},"end":{"line":275,"column":27}},"loc":{"start":{"line":275,"column":46},"end":{"line":300,"column":1}},"line":275},"22":{"name":"(anonymous_22)","decl":{"start":{"line":304,"column":29},"end":{"line":304,"column":30}},"loc":{"start":{"line":304,"column":49},"end":{"line":334,"column":1}},"line":304},"23":{"name":"(anonymous_23)","decl":{"start":{"line":337,"column":32},"end":{"line":337,"column":33}},"loc":{"start":{"line":337,"column":52},"end":{"line":350,"column":1}},"line":337},"24":{"name":"(anonymous_24)","decl":{"start":{"line":353,"column":29},"end":{"line":353,"column":30}},"loc":{"start":{"line":353,"column":49},"end":{"line":370,"column":1}},"line":353},"25":{"name":"(anonymous_25)","decl":{"start":{"line":373,"column":24},"end":{"line":373,"column":25}},"loc":{"start":{"line":373,"column":44},"end":{"line":386,"column":1}},"line":373},"26":{"name":"(anonymous_26)","decl":{"start":{"line":389,"column":28},"end":{"line":389,"column":29}},"loc":{"start":{"line":389,"column":48},"end":{"line":402,"column":1}},"line":389},"27":{"name":"(anonymous_27)","decl":{"start":{"line":405,"column":27},"end":{"line":405,"column":28}},"loc":{"start":{"line":405,"column":47},"end":{"line":420,"column":1}},"line":405},"28":{"name":"(anonymous_28)","decl":{"start":{"line":413,"column":21},"end":{"line":413,"column":22}},"loc":{"start":{"line":413,"column":26},"end":{"line":413,"column":94}},"line":413},"29":{"name":"(anonymous_29)","decl":{"start":{"line":423,"column":35},"end":{"line":423,"column":36}},"loc":{"start":{"line":423,"column":55},"end":{"line":438,"column":1}},"line":423},"30":{"name":"(anonymous_30)","decl":{"start":{"line":441,"column":35},"end":{"line":441,"column":36}},"loc":{"start":{"line":441,"column":55},"end":{"line":455,"column":1}},"line":441},"31":{"name":"(anonymous_31)","decl":{"start":{"line":458,"column":34},"end":{"line":458,"column":35}},"loc":{"start":{"line":458,"column":54},"end":{"line":477,"column":1}},"line":458},"32":{"name":"(anonymous_32)","decl":{"start":{"line":465,"column":20},"end":{"line":465,"column":21}},"loc":{"start":{"line":465,"column":36},"end":{"line":468,"column":7}},"line":465},"33":{"name":"(anonymous_33)","decl":{"start":{"line":480,"column":43},"end":{"line":480,"column":44}},"loc":{"start":{"line":480,"column":63},"end":{"line":491,"column":1}},"line":480},"34":{"name":"(anonymous_34)","decl":{"start":{"line":497,"column":24},"end":{"line":497,"column":25}},"loc":{"start":{"line":497,"column":44},"end":{"line":542,"column":1}},"line":497},"35":{"name":"(anonymous_35)","decl":{"start":{"line":517,"column":29},"end":{"line":517,"column":30}},"loc":{"start":{"line":517,"column":45},"end":{"line":520,"column":7}},"line":517},"36":{"name":"(anonymous_36)","decl":{"start":{"line":545,"column":23},"end":{"line":545,"column":24}},"loc":{"start":{"line":545,"column":43},"end":{"line":557,"column":1}},"line":545},"37":{"name":"(anonymous_37)","decl":{"start":{"line":560,"column":44},"end":{"line":560,"column":45}},"loc":{"start":{"line":560,"column":64},"end":{"line":572,"column":1}},"line":560},"38":{"name":"(anonymous_38)","decl":{"start":{"line":575,"column":29},"end":{"line":575,"column":30}},"loc":{"start":{"line":575,"column":49},"end":{"line":578,"column":1}},"line":575},"39":{"name":"(anonymous_39)","decl":{"start":{"line":581,"column":27},"end":{"line":581,"column":28}},"loc":{"start":{"line":581,"column":47},"end":{"line":593,"column":1}},"line":581},"40":{"name":"(anonymous_40)","decl":{"start":{"line":596,"column":32},"end":{"line":596,"column":33}},"loc":{"start":{"line":596,"column":52},"end":{"line":615,"column":1}},"line":596},"41":{"name":"(anonymous_41)","decl":{"start":{"line":618,"column":49},"end":{"line":618,"column":50}},"loc":{"start":{"line":618,"column":69},"end":{"line":641,"column":1}},"line":618},"42":{"name":"(anonymous_42)","decl":{"start":{"line":644,"column":27},"end":{"line":644,"column":28}},"loc":{"start":{"line":644,"column":47},"end":{"line":654,"column":1}},"line":644},"43":{"name":"(anonymous_43)","decl":{"start":{"line":658,"column":41},"end":{"line":658,"column":42}},"loc":{"start":{"line":658,"column":61},"end":{"line":670,"column":1}},"line":658},"44":{"name":"(anonymous_44)","decl":{"start":{"line":673,"column":34},"end":{"line":673,"column":35}},"loc":{"start":{"line":673,"column":54},"end":{"line":692,"column":1}},"line":673},"45":{"name":"(anonymous_45)","decl":{"start":{"line":695,"column":22},"end":{"line":695,"column":23}},"loc":{"start":{"line":695,"column":42},"end":{"line":707,"column":1}},"line":695},"46":{"name":"(anonymous_46)","decl":{"start":{"line":710,"column":22},"end":{"line":710,"column":23}},"loc":{"start":{"line":710,"column":42},"end":{"line":722,"column":1}},"line":710},"47":{"name":"(anonymous_47)","decl":{"start":{"line":725,"column":36},"end":{"line":725,"column":37}},"loc":{"start":{"line":725,"column":56},"end":{"line":757,"column":1}},"line":725},"48":{"name":"(anonymous_48)","decl":{"start":{"line":735,"column":52},"end":{"line":735,"column":53}},"loc":{"start":{"line":735,"column":65},"end":{"line":750,"column":7}},"line":735},"49":{"name":"(anonymous_49)","decl":{"start":{"line":736,"column":41},"end":{"line":736,"column":42}},"loc":{"start":{"line":736,"column":54},"end":{"line":748,"column":9}},"line":736},"50":{"name":"(anonymous_50)","decl":{"start":{"line":760,"column":27},"end":{"line":760,"column":28}},"loc":{"start":{"line":760,"column":47},"end":{"line":781,"column":1}},"line":760},"51":{"name":"(anonymous_51)","decl":{"start":{"line":766,"column":55},"end":{"line":766,"column":56}},"loc":{"start":{"line":766,"column":68},"end":{"line":774,"column":7}},"line":766},"52":{"name":"(anonymous_52)","decl":{"start":{"line":784,"column":28},"end":{"line":784,"column":29}},"loc":{"start":{"line":784,"column":48},"end":{"line":818,"column":1}},"line":784},"53":{"name":"(anonymous_53)","decl":{"start":{"line":798,"column":30},"end":{"line":798,"column":31}},"loc":{"start":{"line":798,"column":37},"end":{"line":802,"column":5}},"line":798},"54":{"name":"(anonymous_54)","decl":{"start":{"line":820,"column":39},"end":{"line":820,"column":40}},"loc":{"start":{"line":820,"column":59},"end":{"line":844,"column":1}},"line":820},"55":{"name":"(anonymous_55)","decl":{"start":{"line":826,"column":21},"end":{"line":826,"column":22}},"loc":{"start":{"line":826,"column":34},"end":{"line":831,"column":5}},"line":826},"56":{"name":"(anonymous_56)","decl":{"start":{"line":850,"column":26},"end":{"line":850,"column":27}},"loc":{"start":{"line":850,"column":52},"end":{"line":869,"column":1}},"line":850},"57":{"name":"(anonymous_57)","decl":{"start":{"line":851,"column":33},"end":{"line":851,"column":34}},"loc":{"start":{"line":851,"column":54},"end":{"line":868,"column":3}},"line":851},"58":{"name":"(anonymous_58)","decl":{"start":{"line":860,"column":20},"end":{"line":860,"column":21}},"loc":{"start":{"line":860,"column":31},"end":{"line":867,"column":5}},"line":860},"59":{"name":"(anonymous_59)","decl":{"start":{"line":873,"column":28},"end":{"line":873,"column":29}},"loc":{"start":{"line":873,"column":48},"end":{"line":887,"column":1}},"line":873},"60":{"name":"(anonymous_60)","decl":{"start":{"line":890,"column":30},"end":{"line":890,"column":31}},"loc":{"start":{"line":890,"column":50},"end":{"line":893,"column":1}},"line":890},"61":{"name":"(anonymous_61)","decl":{"start":{"line":898,"column":36},"end":{"line":898,"column":37}},"loc":{"start":{"line":898,"column":50},"end":{"line":901,"column":1}},"line":898},"62":{"name":"(anonymous_62)","decl":{"start":{"line":905,"column":33},"end":{"line":905,"column":34}},"loc":{"start":{"line":905,"column":47},"end":{"line":911,"column":1}},"line":905}},"branchMap":{"0":{"loc":{"start":{"line":31,"column":6},"end":{"line":32,"column":85}},"type":"if","locations":[{"start":{"line":31,"column":6},"end":{"line":32,"column":85}},{"start":{},"end":{}}],"line":31},"1":{"loc":{"start":{"line":65,"column":2},"end":{"line":66,"column":18}},"type":"if","locations":[{"start":{"line":65,"column":2},"end":{"line":66,"column":18}},{"start":{},"end":{}}],"line":65},"2":{"loc":{"start":{"line":89,"column":2},"end":{"line":95,"column":3}},"type":"if","locations":[{"start":{"line":89,"column":2},"end":{"line":95,"column":3}},{"start":{},"end":{}}],"line":89},"3":{"loc":{"start":{"line":92,"column":4},"end":{"line":94,"column":5}},"type":"if","locations":[{"start":{"line":92,"column":4},"end":{"line":94,"column":5}},{"start":{},"end":{}}],"line":92},"4":{"loc":{"start":{"line":92,"column":9},"end":{"line":92,"column":81}},"type":"binary-expr","locations":[{"start":{"line":92,"column":9},"end":{"line":92,"column":29}},{"start":{"line":92,"column":33},"end":{"line":92,"column":54}},{"start":{"line":92,"column":58},"end":{"line":92,"column":81}}],"line":92},"5":{"loc":{"start":{"line":98,"column":0},"end":{"line":98,"column":81}},"type":"if","locations":[{"start":{"line":98,"column":0},"end":{"line":98,"column":81}},{"start":{},"end":{}}],"line":98},"6":{"loc":{"start":{"line":101,"column":2},"end":{"line":165,"column":3}},"type":"if","locations":[{"start":{"line":101,"column":2},"end":{"line":165,"column":3}},{"start":{},"end":{}}],"line":101},"7":{"loc":{"start":{"line":102,"column":4},"end":{"line":164,"column":5}},"type":"if","locations":[{"start":{"line":102,"column":4},"end":{"line":164,"column":5}},{"start":{"line":159,"column":11},"end":{"line":164,"column":5}}],"line":102},"8":{"loc":{"start":{"line":112,"column":6},"end":{"line":158,"column":7}},"type":"if","locations":[{"start":{"line":112,"column":6},"end":{"line":158,"column":7}},{"start":{"line":118,"column":13},"end":{"line":158,"column":7}}],"line":112},"9":{"loc":{"start":{"line":118,"column":13},"end":{"line":158,"column":7}},"type":"if","locations":[{"start":{"line":118,"column":13},"end":{"line":158,"column":7}},{"start":{"line":123,"column":13},"end":{"line":158,"column":7}}],"line":118},"10":{"loc":{"start":{"line":126,"column":8},"end":{"line":155,"column":9}},"type":"if","locations":[{"start":{"line":126,"column":8},"end":{"line":155,"column":9}},{"start":{},"end":{}}],"line":126},"11":{"loc":{"start":{"line":130,"column":12},"end":{"line":153,"column":13}},"type":"if","locations":[{"start":{"line":130,"column":12},"end":{"line":153,"column":13}},{"start":{"line":142,"column":17},"end":{"line":153,"column":13}}],"line":130},"12":{"loc":{"start":{"line":131,"column":14},"end":{"line":140,"column":15}},"type":"if","locations":[{"start":{"line":131,"column":14},"end":{"line":140,"column":15}},{"start":{"line":136,"column":19},"end":{"line":140,"column":15}}],"line":131},"13":{"loc":{"start":{"line":136,"column":19},"end":{"line":140,"column":15}},"type":"if","locations":[{"start":{"line":136,"column":19},"end":{"line":140,"column":15}},{"start":{},"end":{}}],"line":136},"14":{"loc":{"start":{"line":142,"column":17},"end":{"line":153,"column":13}},"type":"if","locations":[{"start":{"line":142,"column":17},"end":{"line":153,"column":13}},{"start":{},"end":{}}],"line":142},"15":{"loc":{"start":{"line":143,"column":14},"end":{"line":152,"column":15}},"type":"if","locations":[{"start":{"line":143,"column":14},"end":{"line":152,"column":15}},{"start":{},"end":{}}],"line":143},"16":{"loc":{"start":{"line":146,"column":16},"end":{"line":151,"column":17}},"type":"if","locations":[{"start":{"line":146,"column":16},"end":{"line":151,"column":17}},{"start":{},"end":{}}],"line":146},"17":{"loc":{"start":{"line":148,"column":18},"end":{"line":150,"column":19}},"type":"if","locations":[{"start":{"line":148,"column":18},"end":{"line":150,"column":19}},{"start":{},"end":{}}],"line":148},"18":{"loc":{"start":{"line":174,"column":4},"end":{"line":188,"column":5}},"type":"if","locations":[{"start":{"line":174,"column":4},"end":{"line":188,"column":5}},{"start":{"line":177,"column":9},"end":{"line":188,"column":5}}],"line":174},"19":{"loc":{"start":{"line":201,"column":4},"end":{"line":208,"column":5}},"type":"if","locations":[{"start":{"line":201,"column":4},"end":{"line":208,"column":5}},{"start":{},"end":{}}],"line":201},"20":{"loc":{"start":{"line":245,"column":4},"end":{"line":250,"column":5}},"type":"if","locations":[{"start":{"line":245,"column":4},"end":{"line":250,"column":5}},{"start":{"line":248,"column":9},"end":{"line":250,"column":5}}],"line":245},"21":{"loc":{"start":{"line":261,"column":4},"end":{"line":266,"column":5}},"type":"if","locations":[{"start":{"line":261,"column":4},"end":{"line":266,"column":5}},{"start":{"line":264,"column":9},"end":{"line":266,"column":5}}],"line":261},"22":{"loc":{"start":{"line":278,"column":2},"end":{"line":281,"column":3}},"type":"if","locations":[{"start":{"line":278,"column":2},"end":{"line":281,"column":3}},{"start":{},"end":{}}],"line":278},"23":{"loc":{"start":{"line":278,"column":8},"end":{"line":278,"column":77}},"type":"binary-expr","locations":[{"start":{"line":278,"column":8},"end":{"line":278,"column":28}},{"start":{"line":278,"column":33},"end":{"line":278,"column":53}},{"start":{"line":278,"column":57},"end":{"line":278,"column":76}}],"line":278},"24":{"loc":{"start":{"line":285,"column":4},"end":{"line":288,"column":5}},"type":"if","locations":[{"start":{"line":285,"column":4},"end":{"line":288,"column":5}},{"start":{},"end":{}}],"line":285},"25":{"loc":{"start":{"line":290,"column":4},"end":{"line":294,"column":5}},"type":"if","locations":[{"start":{"line":290,"column":4},"end":{"line":294,"column":5}},{"start":{"line":292,"column":9},"end":{"line":294,"column":5}}],"line":290},"26":{"loc":{"start":{"line":309,"column":2},"end":{"line":312,"column":3}},"type":"if","locations":[{"start":{"line":309,"column":2},"end":{"line":312,"column":3}},{"start":{},"end":{}}],"line":309},"27":{"loc":{"start":{"line":309,"column":6},"end":{"line":309,"column":103}},"type":"binary-expr","locations":[{"start":{"line":309,"column":6},"end":{"line":309,"column":27}},{"start":{"line":309,"column":31},"end":{"line":309,"column":103}}],"line":309},"28":{"loc":{"start":{"line":309,"column":33},"end":{"line":309,"column":102}},"type":"binary-expr","locations":[{"start":{"line":309,"column":33},"end":{"line":309,"column":53}},{"start":{"line":309,"column":58},"end":{"line":309,"column":78}},{"start":{"line":309,"column":82},"end":{"line":309,"column":101}}],"line":309},"29":{"loc":{"start":{"line":313,"column":2},"end":{"line":316,"column":3}},"type":"if","locations":[{"start":{"line":313,"column":2},"end":{"line":316,"column":3}},{"start":{},"end":{}}],"line":313},"30":{"loc":{"start":{"line":313,"column":6},"end":{"line":313,"column":78}},"type":"binary-expr","locations":[{"start":{"line":313,"column":6},"end":{"line":313,"column":28}},{"start":{"line":313,"column":32},"end":{"line":313,"column":78}}],"line":313},"31":{"loc":{"start":{"line":313,"column":34},"end":{"line":313,"column":77}},"type":"binary-expr","locations":[{"start":{"line":313,"column":34},"end":{"line":313,"column":54}},{"start":{"line":313,"column":58},"end":{"line":313,"column":77}}],"line":313},"32":{"loc":{"start":{"line":321,"column":4},"end":{"line":321,"column":69}},"type":"if","locations":[{"start":{"line":321,"column":4},"end":{"line":321,"column":69}},{"start":{},"end":{}}],"line":321},"33":{"loc":{"start":{"line":323,"column":4},"end":{"line":328,"column":5}},"type":"if","locations":[{"start":{"line":323,"column":4},"end":{"line":328,"column":5}},{"start":{"line":325,"column":9},"end":{"line":328,"column":5}}],"line":323},"34":{"loc":{"start":{"line":341,"column":4},"end":{"line":344,"column":5}},"type":"if","locations":[{"start":{"line":341,"column":4},"end":{"line":344,"column":5}},{"start":{},"end":{}}],"line":341},"35":{"loc":{"start":{"line":341,"column":10},"end":{"line":341,"column":79}},"type":"binary-expr","locations":[{"start":{"line":341,"column":10},"end":{"line":341,"column":30}},{"start":{"line":341,"column":35},"end":{"line":341,"column":55}},{"start":{"line":341,"column":59},"end":{"line":341,"column":78}}],"line":341},"36":{"loc":{"start":{"line":357,"column":4},"end":{"line":366,"column":5}},"type":"if","locations":[{"start":{"line":357,"column":4},"end":{"line":366,"column":5}},{"start":{"line":358,"column":9},"end":{"line":366,"column":5}}],"line":357},"37":{"loc":{"start":{"line":360,"column":6},"end":{"line":365,"column":7}},"type":"if","locations":[{"start":{"line":360,"column":6},"end":{"line":365,"column":7}},{"start":{"line":363,"column":11},"end":{"line":365,"column":7}}],"line":360},"38":{"loc":{"start":{"line":376,"column":4},"end":{"line":381,"column":5}},"type":"if","locations":[{"start":{"line":376,"column":4},"end":{"line":381,"column":5}},{"start":{"line":379,"column":9},"end":{"line":381,"column":5}}],"line":376},"39":{"loc":{"start":{"line":392,"column":4},"end":{"line":397,"column":5}},"type":"if","locations":[{"start":{"line":392,"column":4},"end":{"line":397,"column":5}},{"start":{"line":395,"column":9},"end":{"line":397,"column":5}}],"line":392},"40":{"loc":{"start":{"line":409,"column":4},"end":{"line":415,"column":5}},"type":"if","locations":[{"start":{"line":409,"column":4},"end":{"line":415,"column":5}},{"start":{"line":412,"column":9},"end":{"line":415,"column":5}}],"line":409},"41":{"loc":{"start":{"line":413,"column":28},"end":{"line":413,"column":92}},"type":"if","locations":[{"start":{"line":413,"column":28},"end":{"line":413,"column":92}},{"start":{},"end":{}}],"line":413},"42":{"loc":{"start":{"line":413,"column":32},"end":{"line":413,"column":75}},"type":"binary-expr","locations":[{"start":{"line":413,"column":32},"end":{"line":413,"column":44}},{"start":{"line":413,"column":48},"end":{"line":413,"column":75}}],"line":413},"43":{"loc":{"start":{"line":467,"column":8},"end":{"line":467,"column":40}},"type":"if","locations":[{"start":{"line":467,"column":8},"end":{"line":467,"column":40}},{"start":{},"end":{}}],"line":467},"44":{"loc":{"start":{"line":469,"column":6},"end":{"line":469,"column":23}},"type":"if","locations":[{"start":{"line":469,"column":6},"end":{"line":469,"column":23}},{"start":{},"end":{}}],"line":469},"45":{"loc":{"start":{"line":501,"column":2},"end":{"line":504,"column":3}},"type":"if","locations":[{"start":{"line":501,"column":2},"end":{"line":504,"column":3}},{"start":{},"end":{}}],"line":501},"46":{"loc":{"start":{"line":501,"column":6},"end":{"line":501,"column":130}},"type":"binary-expr","locations":[{"start":{"line":501,"column":7},"end":{"line":501,"column":27}},{"start":{"line":501,"column":31},"end":{"line":501,"column":53}},{"start":{"line":501,"column":59},"end":{"line":501,"column":79}},{"start":{"line":501,"column":84},"end":{"line":501,"column":104}},{"start":{"line":501,"column":108},"end":{"line":501,"column":128}}],"line":501},"47":{"loc":{"start":{"line":508,"column":4},"end":{"line":523,"column":5}},"type":"if","locations":[{"start":{"line":508,"column":4},"end":{"line":523,"column":5}},{"start":{"line":515,"column":9},"end":{"line":523,"column":5}}],"line":508},"48":{"loc":{"start":{"line":519,"column":8},"end":{"line":519,"column":40}},"type":"if","locations":[{"start":{"line":519,"column":8},"end":{"line":519,"column":40}},{"start":{},"end":{}}],"line":519},"49":{"loc":{"start":{"line":521,"column":6},"end":{"line":521,"column":23}},"type":"if","locations":[{"start":{"line":521,"column":6},"end":{"line":521,"column":23}},{"start":{},"end":{}}],"line":521},"50":{"loc":{"start":{"line":530,"column":4},"end":{"line":535,"column":5}},"type":"if","locations":[{"start":{"line":530,"column":4},"end":{"line":535,"column":5}},{"start":{"line":532,"column":9},"end":{"line":535,"column":5}}],"line":530},"51":{"loc":{"start":{"line":533,"column":6},"end":{"line":533,"column":53}},"type":"if","locations":[{"start":{"line":533,"column":6},"end":{"line":533,"column":53}},{"start":{},"end":{}}],"line":533},"52":{"loc":{"start":{"line":548,"column":4},"end":{"line":552,"column":5}},"type":"if","locations":[{"start":{"line":548,"column":4},"end":{"line":552,"column":5}},{"start":{"line":550,"column":11},"end":{"line":552,"column":5}}],"line":548},"53":{"loc":{"start":{"line":563,"column":4},"end":{"line":567,"column":5}},"type":"if","locations":[{"start":{"line":563,"column":4},"end":{"line":567,"column":5}},{"start":{"line":565,"column":11},"end":{"line":567,"column":5}}],"line":563},"54":{"loc":{"start":{"line":584,"column":4},"end":{"line":588,"column":5}},"type":"if","locations":[{"start":{"line":584,"column":4},"end":{"line":588,"column":5}},{"start":{"line":586,"column":11},"end":{"line":588,"column":5}}],"line":584},"55":{"loc":{"start":{"line":599,"column":2},"end":{"line":602,"column":3}},"type":"if","locations":[{"start":{"line":599,"column":2},"end":{"line":602,"column":3}},{"start":{},"end":{}}],"line":599},"56":{"loc":{"start":{"line":599,"column":8},"end":{"line":599,"column":155}},"type":"binary-expr","locations":[{"start":{"line":599,"column":9},"end":{"line":599,"column":29}},{"start":{"line":599,"column":33},"end":{"line":599,"column":53}},{"start":{"line":599,"column":58},"end":{"line":599,"column":78}},{"start":{"line":599,"column":83},"end":{"line":599,"column":103}},{"start":{"line":599,"column":108},"end":{"line":599,"column":128}},{"start":{"line":599,"column":132},"end":{"line":599,"column":153}}],"line":599},"57":{"loc":{"start":{"line":606,"column":4},"end":{"line":610,"column":5}},"type":"if","locations":[{"start":{"line":606,"column":4},"end":{"line":610,"column":5}},{"start":{},"end":{}}],"line":606},"58":{"loc":{"start":{"line":608,"column":6},"end":{"line":609,"column":28}},"type":"if","locations":[{"start":{"line":608,"column":6},"end":{"line":609,"column":28}},{"start":{"line":609,"column":11},"end":{"line":609,"column":28}}],"line":608},"59":{"loc":{"start":{"line":622,"column":2},"end":{"line":625,"column":3}},"type":"if","locations":[{"start":{"line":622,"column":2},"end":{"line":625,"column":3}},{"start":{},"end":{}}],"line":622},"60":{"loc":{"start":{"line":622,"column":8},"end":{"line":622,"column":155}},"type":"binary-expr","locations":[{"start":{"line":622,"column":9},"end":{"line":622,"column":29}},{"start":{"line":622,"column":33},"end":{"line":622,"column":53}},{"start":{"line":622,"column":58},"end":{"line":622,"column":78}},{"start":{"line":622,"column":83},"end":{"line":622,"column":103}},{"start":{"line":622,"column":108},"end":{"line":622,"column":128}},{"start":{"line":622,"column":132},"end":{"line":622,"column":153}}],"line":622},"61":{"loc":{"start":{"line":634,"column":4},"end":{"line":635,"column":24}},"type":"if","locations":[{"start":{"line":634,"column":4},"end":{"line":635,"column":24}},{"start":{"line":635,"column":9},"end":{"line":635,"column":24}}],"line":634},"62":{"loc":{"start":{"line":648,"column":4},"end":{"line":649,"column":26}},"type":"if","locations":[{"start":{"line":648,"column":4},"end":{"line":649,"column":26}},{"start":{"line":649,"column":9},"end":{"line":649,"column":26}}],"line":648},"63":{"loc":{"start":{"line":661,"column":4},"end":{"line":665,"column":5}},"type":"if","locations":[{"start":{"line":661,"column":4},"end":{"line":665,"column":5}},{"start":{"line":663,"column":11},"end":{"line":665,"column":5}}],"line":661},"64":{"loc":{"start":{"line":676,"column":2},"end":{"line":679,"column":3}},"type":"if","locations":[{"start":{"line":676,"column":2},"end":{"line":679,"column":3}},{"start":{},"end":{}}],"line":676},"65":{"loc":{"start":{"line":676,"column":8},"end":{"line":676,"column":155}},"type":"binary-expr","locations":[{"start":{"line":676,"column":9},"end":{"line":676,"column":29}},{"start":{"line":676,"column":33},"end":{"line":676,"column":53}},{"start":{"line":676,"column":58},"end":{"line":676,"column":78}},{"start":{"line":676,"column":83},"end":{"line":676,"column":103}},{"start":{"line":676,"column":108},"end":{"line":676,"column":128}},{"start":{"line":676,"column":132},"end":{"line":676,"column":153}}],"line":676},"66":{"loc":{"start":{"line":683,"column":4},"end":{"line":687,"column":5}},"type":"if","locations":[{"start":{"line":683,"column":4},"end":{"line":687,"column":5}},{"start":{},"end":{}}],"line":683},"67":{"loc":{"start":{"line":685,"column":6},"end":{"line":686,"column":28}},"type":"if","locations":[{"start":{"line":685,"column":6},"end":{"line":686,"column":28}},{"start":{"line":686,"column":11},"end":{"line":686,"column":28}}],"line":685},"68":{"loc":{"start":{"line":698,"column":4},"end":{"line":702,"column":5}},"type":"if","locations":[{"start":{"line":698,"column":4},"end":{"line":702,"column":5}},{"start":{"line":700,"column":11},"end":{"line":702,"column":5}}],"line":698},"69":{"loc":{"start":{"line":713,"column":4},"end":{"line":717,"column":5}},"type":"if","locations":[{"start":{"line":713,"column":4},"end":{"line":717,"column":5}},{"start":{"line":715,"column":11},"end":{"line":717,"column":5}}],"line":713},"70":{"loc":{"start":{"line":732,"column":4},"end":{"line":752,"column":5}},"type":"if","locations":[{"start":{"line":732,"column":4},"end":{"line":752,"column":5}},{"start":{"line":734,"column":11},"end":{"line":752,"column":5}}],"line":732},"71":{"loc":{"start":{"line":738,"column":10},"end":{"line":738,"column":47}},"type":"if","locations":[{"start":{"line":738,"column":10},"end":{"line":738,"column":47}},{"start":{},"end":{}}],"line":738},"72":{"loc":{"start":{"line":739,"column":10},"end":{"line":747,"column":11}},"type":"if","locations":[{"start":{"line":739,"column":10},"end":{"line":747,"column":11}},{"start":{"line":744,"column":15},"end":{"line":747,"column":11}}],"line":739},"73":{"loc":{"start":{"line":751,"column":15},"end":{"line":751,"column":32}},"type":"binary-expr","locations":[{"start":{"line":751,"column":15},"end":{"line":751,"column":26}},{"start":{"line":751,"column":30},"end":{"line":751,"column":32}}],"line":751},"74":{"loc":{"start":{"line":763,"column":4},"end":{"line":776,"column":5}},"type":"if","locations":[{"start":{"line":763,"column":4},"end":{"line":776,"column":5}},{"start":{"line":765,"column":11},"end":{"line":776,"column":5}}],"line":763},"75":{"loc":{"start":{"line":788,"column":4},"end":{"line":791,"column":5}},"type":"if","locations":[{"start":{"line":788,"column":4},"end":{"line":791,"column":5}},{"start":{},"end":{}}],"line":788},"76":{"loc":{"start":{"line":788,"column":10},"end":{"line":788,"column":82}},"type":"binary-expr","locations":[{"start":{"line":788,"column":11},"end":{"line":788,"column":31}},{"start":{"line":788,"column":35},"end":{"line":788,"column":55}},{"start":{"line":788,"column":61},"end":{"line":788,"column":81}}],"line":788},"77":{"loc":{"start":{"line":795,"column":4},"end":{"line":797,"column":5}},"type":"if","locations":[{"start":{"line":795,"column":4},"end":{"line":797,"column":5}},{"start":{},"end":{}}],"line":795},"78":{"loc":{"start":{"line":799,"column":6},"end":{"line":801,"column":7}},"type":"if","locations":[{"start":{"line":799,"column":6},"end":{"line":801,"column":7}},{"start":{},"end":{}}],"line":799},"79":{"loc":{"start":{"line":805,"column":4},"end":{"line":807,"column":5}},"type":"if","locations":[{"start":{"line":805,"column":4},"end":{"line":807,"column":5}},{"start":{},"end":{}}],"line":805},"80":{"loc":{"start":{"line":809,"column":4},"end":{"line":813,"column":5}},"type":"if","locations":[{"start":{"line":809,"column":4},"end":{"line":813,"column":5}},{"start":{"line":811,"column":11},"end":{"line":813,"column":5}}],"line":809},"81":{"loc":{"start":{"line":828,"column":6},"end":{"line":830,"column":7}},"type":"if","locations":[{"start":{"line":828,"column":6},"end":{"line":830,"column":7}},{"start":{},"end":{}}],"line":828},"82":{"loc":{"start":{"line":833,"column":4},"end":{"line":838,"column":5}},"type":"if","locations":[{"start":{"line":833,"column":4},"end":{"line":838,"column":5}},{"start":{"line":836,"column":9},"end":{"line":838,"column":5}}],"line":833},"83":{"loc":{"start":{"line":852,"column":4},"end":{"line":853,"column":23}},"type":"if","locations":[{"start":{"line":852,"column":4},"end":{"line":853,"column":23}},{"start":{},"end":{}}],"line":852},"84":{"loc":{"start":{"line":854,"column":4},"end":{"line":858,"column":5}},"type":"if","locations":[{"start":{"line":854,"column":4},"end":{"line":858,"column":5}},{"start":{},"end":{}}],"line":854},"85":{"loc":{"start":{"line":861,"column":6},"end":{"line":862,"column":27}},"type":"if","locations":[{"start":{"line":861,"column":6},"end":{"line":862,"column":27}},{"start":{},"end":{}}],"line":861},"86":{"loc":{"start":{"line":878,"column":4},"end":{"line":882,"column":5}},"type":"if","locations":[{"start":{"line":878,"column":4},"end":{"line":882,"column":5}},{"start":{"line":880,"column":11},"end":{"line":882,"column":5}}],"line":878},"87":{"loc":{"start":{"line":906,"column":2},"end":{"line":910,"column":61}},"type":"if","locations":[{"start":{"line":906,"column":2},"end":{"line":910,"column":61}},{"start":{"line":910,"column":4},"end":{"line":910,"column":61}}],"line":906}},"s":{"0":1,"1":1,"2":1,"3":1,"4":1,"5":1,"6":1,"7":1,"8":1,"9":1,"10":1,"11":1,"12":1,"13":1,"14":1,"15":1,"16":1,"17":1,"18":9,"19":9,"20":1,"21":8,"22":1,"23":8,"24":1,"25":22,"26":22,"27":0,"28":1,"29":1,"30":1,"31":1,"32":1,"33":1,"34":1,"35":0,"36":0,"37":0,"38":1,"39":1,"40":1,"41":1,"42":0,"43":0,"44":0,"45":0,"46":0,"47":1,"48":0,"49":1,"50":0,"51":0,"52":0,"53":0,"54":0,"55":0,"56":0,"57":0,"58":0,"59":0,"60":0,"61":0,"62":0,"63":0,"64":0,"65":0,"66":0,"67":0,"68":0,"69":0,"70":0,"71":0,"72":0,"73":0,"74":0,"75":0,"76":0,"77":0,"78":0,"79":0,"80":0,"81":0,"82":0,"83":1,"84":0,"85":0,"86":0,"87":0,"88":0,"89":0,"90":0,"91":1,"92":0,"93":0,"94":0,"95":0,"96":0,"97":0,"98":0,"99":0,"100":0,"101":0,"102":0,"103":1,"104":0,"105":0,"106":0,"107":0,"108":0,"109":0,"110":0,"111":1,"112":0,"113":1,"114":0,"115":1,"116":0,"117":0,"118":0,"119":0,"120":0,"121":0,"122":0,"123":1,"124":1,"125":1,"126":1,"127":0,"128":1,"129":0,"130":0,"131":1,"132":2,"133":2,"134":2,"135":0,"136":0,"137":2,"138":2,"139":2,"140":0,"141":0,"142":2,"143":2,"144":0,"145":2,"146":0,"147":0,"148":1,"149":2,"150":2,"151":2,"152":2,"153":0,"154":0,"155":2,"156":0,"157":0,"158":2,"159":2,"160":2,"161":0,"162":2,"163":2,"164":0,"165":2,"166":0,"167":0,"168":1,"169":2,"170":2,"171":2,"172":2,"173":0,"174":0,"175":2,"176":2,"177":0,"178":1,"179":5,"180":5,"181":5,"182":5,"183":1,"184":4,"185":4,"186":0,"187":4,"188":0,"189":1,"190":1,"191":1,"192":1,"193":0,"194":1,"195":0,"196":0,"197":1,"198":1,"199":1,"200":1,"201":0,"202":1,"203":0,"204":0,"205":1,"206":2,"207":2,"208":2,"209":2,"210":0,"211":2,"212":5,"213":0,"214":2,"215":0,"216":0,"217":1,"218":1,"219":1,"220":1,"221":1,"222":1,"223":0,"224":1,"225":1,"226":1,"227":1,"228":1,"229":0,"230":1,"231":1,"232":1,"233":1,"234":1,"235":1,"236":1,"237":1,"238":0,"239":1,"240":0,"241":1,"242":1,"243":0,"244":1,"245":0,"246":0,"247":0,"248":0,"249":0,"250":0,"251":1,"252":1,"253":1,"254":1,"255":0,"256":0,"257":1,"258":1,"259":1,"260":1,"261":1,"262":1,"263":1,"264":0,"265":0,"266":0,"267":0,"268":0,"269":0,"270":0,"271":0,"272":1,"273":1,"274":1,"275":1,"276":1,"277":1,"278":1,"279":0,"280":1,"281":1,"282":1,"283":0,"284":0,"285":0,"286":1,"287":1,"288":1,"289":1,"290":0,"291":1,"292":0,"293":0,"294":1,"295":1,"296":1,"297":1,"298":0,"299":1,"300":0,"301":0,"302":1,"303":0,"304":0,"305":1,"306":1,"307":1,"308":1,"309":0,"310":1,"311":0,"312":0,"313":1,"314":0,"315":0,"316":0,"317":0,"318":0,"319":0,"320":0,"321":0,"322":0,"323":0,"324":0,"325":0,"326":0,"327":0,"328":1,"329":0,"330":0,"331":0,"332":0,"333":0,"334":0,"335":0,"336":0,"337":0,"338":0,"339":0,"340":0,"341":0,"342":0,"343":1,"344":0,"345":0,"346":0,"347":0,"348":0,"349":0,"350":0,"351":0,"352":1,"353":2,"354":2,"355":2,"356":0,"357":2,"358":0,"359":0,"360":1,"361":0,"362":0,"363":0,"364":0,"365":0,"366":0,"367":0,"368":0,"369":0,"370":0,"371":0,"372":0,"373":0,"374":0,"375":1,"376":1,"377":1,"378":1,"379":0,"380":1,"381":0,"382":0,"383":1,"384":2,"385":2,"386":2,"387":0,"388":2,"389":0,"390":0,"391":1,"392":2,"393":2,"394":2,"395":2,"396":2,"397":2,"398":2,"399":0,"400":2,"401":10,"402":14,"403":14,"404":0,"405":0,"406":0,"407":0,"408":0,"409":0,"410":10,"411":2,"412":0,"413":0,"414":1,"415":1,"416":1,"417":1,"418":0,"419":1,"420":5,"421":1,"422":0,"423":0,"424":1,"425":0,"426":0,"427":0,"428":0,"429":0,"430":0,"431":0,"432":0,"433":0,"434":0,"435":0,"436":0,"437":0,"438":0,"439":0,"440":0,"441":0,"442":0,"443":0,"444":0,"445":0,"446":0,"447":0,"448":1,"449":0,"450":0,"451":0,"452":0,"453":0,"454":0,"455":0,"456":0,"457":0,"458":0,"459":0,"460":0,"461":0,"462":0,"463":1,"464":9,"465":9,"466":0,"467":9,"468":1,"469":8,"470":8,"471":0,"472":8,"473":1,"474":3,"475":3,"476":3,"477":3,"478":1,"479":0,"480":1,"481":2,"482":2,"483":1,"484":1,"485":1,"486":1,"487":87,"488":87,"489":1,"490":1,"491":0,"492":1,"493":1},"f":{"0":9,"1":9,"2":8,"3":22,"4":22,"5":0,"6":0,"7":0,"8":1,"9":0,"10":0,"11":0,"12":0,"13":0,"14":0,"15":0,"16":0,"17":0,"18":0,"19":0,"20":1,"21":2,"22":2,"23":2,"24":5,"25":1,"26":1,"27":2,"28":5,"29":1,"30":1,"31":1,"32":1,"33":0,"34":1,"35":0,"36":1,"37":1,"38":0,"39":1,"40":0,"41":0,"42":0,"43":2,"44":0,"45":1,"46":2,"47":2,"48":10,"49":14,"50":1,"51":5,"52":0,"53":0,"54":0,"55":0,"56":9,"57":9,"58":8,"59":3,"60":1,"61":87,"62":1},"b":{"0":[1,8],"1":[0,0],"2":[0,0],"3":[0,0],"4":[0,0,0],"5":[0,1],"6":[0,1],"7":[0,0],"8":[0,0],"9":[0,0],"10":[0,0],"11":[0,0],"12":[0,0],"13":[0,0],"14":[0,0],"15":[0,0],"16":[0,0],"17":[0,0],"18":[0,0],"19":[0,0],"20":[0,0],"21":[0,1],"22":[0,2],"23":[2,2,2],"24":[0,2],"25":[0,2],"26":[0,2],"27":[2,1],"28":[1,1,1],"29":[0,2],"30":[2,1],"31":[1,1],"32":[0,2],"33":[0,2],"34":[0,2],"35":[2,2,2],"36":[1,4],"37":[0,4],"38":[0,1],"39":[0,1],"40":[0,2],"41":[0,5],"42":[5,3],"43":[0,1],"44":[0,1],"45":[0,1],"46":[1,0,1,0,0],"47":[1,0],"48":[0,0],"49":[0,0],"50":[0,1],"51":[1,0],"52":[0,1],"53":[0,1],"54":[0,1],"55":[0,0],"56":[0,0,0,0,0,0],"57":[0,0],"58":[0,0],"59":[0,0],"60":[0,0,0,0,0,0],"61":[0,0],"62":[0,0],"63":[0,2],"64":[0,0],"65":[0,0,0,0,0,0],"66":[0,0],"67":[0,0],"68":[0,1],"69":[0,2],"70":[0,2],"71":[14,0],"72":[0,0],"73":[2,0],"74":[0,1],"75":[0,0],"76":[0,0,0],"77":[0,0],"78":[0,0],"79":[0,0],"80":[0,0],"81":[0,0],"82":[0,0],"83":[0,9],"84":[1,8],"85":[0,8],"86":[0,1],"87":[0,1]},"_coverageSchema":"1a1c01bbd47fc00a2c39e90264f33305004495a9","hash":"12928b8c402a75a627bc58f31b3323f6d1edf597"}
,"C:\\Users\\Mattia\\Desktop\\spg\\server\\db.js": {"path":"C:\\Users\\Mattia\\Desktop\\spg\\server\\db.js","statementMap":{"0":{"start":{"line":3,"column":15},"end":{"line":3,"column":33}},"1":{"start":{"line":6,"column":11},"end":{"line":8,"column":2}},"2":{"start":{"line":7,"column":2},"end":{"line":7,"column":21}},"3":{"start":{"line":7,"column":11},"end":{"line":7,"column":21}},"4":{"start":{"line":10,"column":0},"end":{"line":10,"column":20}}},"fnMap":{"0":{"name":"(anonymous_0)","decl":{"start":{"line":6,"column":43},"end":{"line":6,"column":44}},"loc":{"start":{"line":6,"column":52},"end":{"line":8,"column":1}},"line":6}},"branchMap":{"0":{"loc":{"start":{"line":7,"column":2},"end":{"line":7,"column":21}},"type":"if","locations":[{"start":{"line":7,"column":2},"end":{"line":7,"column":21}},{"start":{},"end":{}}],"line":7}},"s":{"0":1,"1":1,"2":1,"3":0,"4":1},"f":{"0":1},"b":{"0":[0,1]},"_coverageSchema":"1a1c01bbd47fc00a2c39e90264f33305004495a9","hash":"c65db21d6835f4a1a348de52df652abacf37dae9"}
,"C:\\Users\\Mattia\\Desktop\\spg\\server\\spgDao.js": {"path":"C:\\Users\\Mattia\\Desktop\\spg\\server\\spgDao.js","statementMap":{"0":{"start":{"line":2,"column":12},"end":{"line":2,"column":28}},"1":{"start":{"line":3,"column":11},"end":{"line":3,"column":26}},"2":{"start":{"line":6,"column":0},"end":{"line":18,"column":1}},"3":{"start":{"line":7,"column":4},"end":{"line":17,"column":7}},"4":{"start":{"line":8,"column":20},"end":{"line":8,"column":170}},"5":{"start":{"line":9,"column":8},"end":{"line":16,"column":11}},"6":{"start":{"line":10,"column":12},"end":{"line":13,"column":13}},"7":{"start":{"line":11,"column":16},"end":{"line":11,"column":28}},"8":{"start":{"line":12,"column":16},"end":{"line":12,"column":23}},"9":{"start":{"line":14,"column":29},"end":{"line":14,"column":188}},"10":{"start":{"line":14,"column":46},"end":{"line":14,"column":186}},"11":{"start":{"line":15,"column":12},"end":{"line":15,"column":30}},"12":{"start":{"line":20,"column":0},"end":{"line":34,"column":1}},"13":{"start":{"line":21,"column":4},"end":{"line":32,"column":6}},"14":{"start":{"line":22,"column":20},"end":{"line":22,"column":63}},"15":{"start":{"line":23,"column":8},"end":{"line":30,"column":11}},"16":{"start":{"line":24,"column":12},"end":{"line":28,"column":13}},"17":{"start":{"line":25,"column":16},"end":{"line":25,"column":32}},"18":{"start":{"line":26,"column":16},"end":{"line":26,"column":28}},"19":{"start":{"line":27,"column":16},"end":{"line":27,"column":23}},"20":{"start":{"line":29,"column":12},"end":{"line":29,"column":26}},"21":{"start":{"line":36,"column":0},"end":{"line":75,"column":1}},"22":{"start":{"line":37,"column":4},"end":{"line":74,"column":7}},"23":{"start":{"line":39,"column":21},"end":{"line":39,"column":23}},"24":{"start":{"line":41,"column":22},"end":{"line":41,"column":33}},"25":{"start":{"line":42,"column":37},"end":{"line":42,"column":38}},"26":{"start":{"line":43,"column":8},"end":{"line":45,"column":9}},"27":{"start":{"line":44,"column":12},"end":{"line":44,"column":53}},"28":{"start":{"line":46,"column":26},"end":{"line":46,"column":66}},"29":{"start":{"line":47,"column":8},"end":{"line":54,"column":9}},"30":{"start":{"line":48,"column":12},"end":{"line":48,"column":75}},"31":{"start":{"line":49,"column":12},"end":{"line":49,"column":56}},"32":{"start":{"line":52,"column":12},"end":{"line":52,"column":56}},"33":{"start":{"line":53,"column":12},"end":{"line":53,"column":70}},"34":{"start":{"line":57,"column":8},"end":{"line":64,"column":9}},"35":{"start":{"line":58,"column":12},"end":{"line":58,"column":283}},"36":{"start":{"line":59,"column":12},"end":{"line":59,"column":33}},"37":{"start":{"line":62,"column":12},"end":{"line":62,"column":253}},"38":{"start":{"line":66,"column":8},"end":{"line":73,"column":11}},"39":{"start":{"line":67,"column":12},"end":{"line":70,"column":13}},"40":{"start":{"line":68,"column":16},"end":{"line":68,"column":28}},"41":{"start":{"line":69,"column":16},"end":{"line":69,"column":23}},"42":{"start":{"line":71,"column":29},"end":{"line":71,"column":258}},"43":{"start":{"line":71,"column":46},"end":{"line":71,"column":256}},"44":{"start":{"line":72,"column":12},"end":{"line":72,"column":30}},"45":{"start":{"line":78,"column":0},"end":{"line":90,"column":2}},"46":{"start":{"line":79,"column":4},"end":{"line":89,"column":7}},"47":{"start":{"line":80,"column":20},"end":{"line":80,"column":41}},"48":{"start":{"line":81,"column":8},"end":{"line":88,"column":11}},"49":{"start":{"line":82,"column":12},"end":{"line":85,"column":13}},"50":{"start":{"line":83,"column":16},"end":{"line":83,"column":28}},"51":{"start":{"line":84,"column":16},"end":{"line":84,"column":23}},"52":{"start":{"line":86,"column":26},"end":{"line":86,"column":125}},"53":{"start":{"line":86,"column":43},"end":{"line":86,"column":123}},"54":{"start":{"line":87,"column":12},"end":{"line":87,"column":27}},"55":{"start":{"line":93,"column":0},"end":{"line":105,"column":2}},"56":{"start":{"line":94,"column":4},"end":{"line":104,"column":7}},"57":{"start":{"line":95,"column":20},"end":{"line":95,"column":71}},"58":{"start":{"line":96,"column":8},"end":{"line":103,"column":11}},"59":{"start":{"line":97,"column":12},"end":{"line":100,"column":13}},"60":{"start":{"line":98,"column":16},"end":{"line":98,"column":28}},"61":{"start":{"line":99,"column":16},"end":{"line":99,"column":23}},"62":{"start":{"line":101,"column":28},"end":{"line":101,"column":93}},"63":{"start":{"line":101,"column":45},"end":{"line":101,"column":91}},"64":{"start":{"line":102,"column":12},"end":{"line":102,"column":29}},"65":{"start":{"line":108,"column":0},"end":{"line":120,"column":2}},"66":{"start":{"line":109,"column":4},"end":{"line":119,"column":7}},"67":{"start":{"line":110,"column":20},"end":{"line":110,"column":136}},"68":{"start":{"line":111,"column":8},"end":{"line":118,"column":11}},"69":{"start":{"line":112,"column":12},"end":{"line":115,"column":13}},"70":{"start":{"line":113,"column":16},"end":{"line":113,"column":28}},"71":{"start":{"line":114,"column":16},"end":{"line":114,"column":23}},"72":{"start":{"line":116,"column":28},"end":{"line":116,"column":235}},"73":{"start":{"line":116,"column":45},"end":{"line":116,"column":233}},"74":{"start":{"line":117,"column":12},"end":{"line":117,"column":32}},"75":{"start":{"line":123,"column":0},"end":{"line":134,"column":2}},"76":{"start":{"line":124,"column":4},"end":{"line":133,"column":7}},"77":{"start":{"line":125,"column":20},"end":{"line":125,"column":60}},"78":{"start":{"line":126,"column":8},"end":{"line":132,"column":11}},"79":{"start":{"line":127,"column":12},"end":{"line":130,"column":13}},"80":{"s
[...]
t":{"line":396,"column":12},"end":{"line":399,"column":13}},"type":"if","locations":[{"start":{"line":396,"column":12},"end":{"line":399,"column":13}},{"start":{},"end":{}}],"line":396},"31":{"loc":{"start":{"line":411,"column":12},"end":{"line":414,"column":13}},"type":"if","locations":[{"start":{"line":411,"column":12},"end":{"line":414,"column":13}},{"start":{},"end":{}}],"line":411},"32":{"loc":{"start":{"line":424,"column":8},"end":{"line":441,"column":11}},"type":"if","locations":[{"start":{"line":424,"column":8},"end":{"line":441,"column":11}},{"start":{"line":425,"column":13},"end":{"line":441,"column":11}}],"line":424},"33":{"loc":{"start":{"line":428,"column":16},"end":{"line":431,"column":17}},"type":"if","locations":[{"start":{"line":428,"column":16},"end":{"line":431,"column":17}},{"start":{},"end":{}}],"line":428},"34":{"loc":{"start":{"line":434,"column":20},"end":{"line":437,"column":21}},"type":"if","locations":[{"start":{"line":434,"column":20},"end":{"line":437,"column":21}},{"start":{},"end":{}}],"line":434},"35":{"loc":{"start":{"line":453,"column":12},"end":{"line":456,"column":13}},"type":"if","locations":[{"start":{"line":453,"column":12},"end":{"line":456,"column":13}},{"start":{},"end":{}}],"line":453},"36":{"loc":{"start":{"line":466,"column":12},"end":{"line":469,"column":13}},"type":"if","locations":[{"start":{"line":466,"column":12},"end":{"line":469,"column":13}},{"start":{},"end":{}}],"line":466},"37":{"loc":{"start":{"line":481,"column":12},"end":{"line":484,"column":13}},"type":"if","locations":[{"start":{"line":481,"column":12},"end":{"line":484,"column":13}},{"start":{},"end":{}}],"line":481},"38":{"loc":{"start":{"line":495,"column":12},"end":{"line":498,"column":13}},"type":"if","locations":[{"start":{"line":495,"column":12},"end":{"line":498,"column":13}},{"start":{},"end":{}}],"line":495},"39":{"loc":{"start":{"line":510,"column":12},"end":{"line":513,"column":13}},"type":"if","locations":[{"start":{"line":510,"column":12},"end":{"line":513,"column":13}},{"start":{},"end":{}}],"line":510},"40":{"loc":{"start":{"line":524,"column":12},"end":{"line":527,"column":13}},"type":"if","locations":[{"start":{"line":524,"column":12},"end":{"line":527,"column":13}},{"start":{},"end":{}}],"line":524},"41":{"loc":{"start":{"line":538,"column":12},"end":{"line":541,"column":13}},"type":"if","locations":[{"start":{"line":538,"column":12},"end":{"line":541,"column":13}},{"start":{},"end":{}}],"line":538},"42":{"loc":{"start":{"line":553,"column":12},"end":{"line":556,"column":13}},"type":"if","locations":[{"start":{"line":553,"column":12},"end":{"line":556,"column":13}},{"start":{},"end":{}}],"line":553},"43":{"loc":{"start":{"line":567,"column":12},"end":{"line":570,"column":13}},"type":"if","locations":[{"start":{"line":567,"column":12},"end":{"line":570,"column":13}},{"start":{},"end":{}}],"line":567},"44":{"loc":{"start":{"line":582,"column":12},"end":{"line":585,"column":13}},"type":"if","locations":[{"start":{"line":582,"column":12},"end":{"line":585,"column":13}},{"start":{},"end":{}}],"line":582},"45":{"loc":{"start":{"line":597,"column":12},"end":{"line":600,"column":13}},"type":"if","locations":[{"start":{"line":597,"column":12},"end":{"line":600,"column":13}},{"start":{},"end":{}}],"line":597},"46":{"loc":{"start":{"line":611,"column":12},"end":{"line":614,"column":13}},"type":"if","locations":[{"start":{"line":611,"column":12},"end":{"line":614,"column":13}},{"start":{},"end":{}}],"line":611},"47":{"loc":{"start":{"line":624,"column":12},"end":{"line":627,"column":13}},"type":"if","locations":[{"start":{"line":624,"column":12},"end":{"line":627,"column":13}},{"start":{},"end":{}}],"line":624},"48":{"loc":{"start":{"line":638,"column":12},"end":{"line":641,"column":13}},"type":"if","locations":[{"start":{"line":638,"column":12},"end":{"line":641,"column":13}},{"start":{},"end":{}}],"line":638},"49":{"loc":{"start":{"line":653,"column":12},"end":{"line":656,"column":13}},"type":"if","locations":[{"start":{"line":653,"column":12},"end":{"line":656,"column":13}},{"start":{},"end":{}}],"line":653},"50":{"loc":{"start":{"line":667,"column":12},"end":{"line":670,"column":13}},"type":"if","locations":[{"start":{"line":667,"column":12},"end":{"line":670,"column":13}},{"start":{},"end":{}}],"line":667},"51":{"loc":{"start":{"line":681,"column":12},"end":{"line":684,"column":13}},"type":"if","locations":[{"start":{"line":681,"column":12},"end":{"line":684,"column":13}},{"start":{},"end":{}}],"line":681},"52":{"loc":{"start":{"line":698,"column":8},"end":{"line":705,"column":28}},"type":"if","locations":[{"start":{"line":698,"column":8},"end":{"line":705,"column":28}},{"start":{"line":702,"column":13},"end":{"line":705,"column":28}}],"line":698},"53":{"loc":{"start":{"line":702,"column":13},"end":{"line":705,"column":28}},"type":"if","locations":[{"start":{"line":702,"column":13},"end":{"line":705,"column":28}},{"start":{"line":705,"column":15},"end":{"line":705,"column":28}}],"line":702},"54":{"loc":{"start":{"line":708,"column":12},"end":{"line":711,"column":13}},"type":"if","locations":[{"start":{"line":708,"column":12},"end":{"line":711,"column":13}},{"start":{},"end":{}}],"line":708}},"s":{"0":1,"1":1,"2":1,"3":1,"4":1,"5":1,"6":1,"7":0,"8":0,"9":1,"10":12,"11":1,"12":1,"13":0,"14":0,"15":0,"16":0,"17":0,"18":0,"19":0,"20":0,"21":1,"22":4,"23":4,"24":4,"25":4,"26":4,"27":4,"28":4,"29":4,"30":1,"31":1,"32":3,"33":3,"34":4,"35":1,"36":1,"37":3,"38":4,"39":4,"40":0,"41":0,"42":4,"43":11,"44":4,"45":1,"46":0,"47":0,"48":0,"49":0,"50":0,"51":0,"52":0,"53":0,"54":0,"55":1,"56":1,"57":1,"58":1,"59":1,"60":0,"61":0,"62":1,"63":9,"64":1,"65":1,"66":1,"67":1,"68":1,"69":1,"70":0,"71":0,"72":1,"73":1,"74":1,"75":1,"76":1,"77":1,"78":1,"79":1,"80":0,"81":0,"82":1,"83":1,"84":1,"85":1,"86":1,"87":1,"88":0,"89":0,"90":1,"91":1,"92":1,"93":0,"94":1,"95":1,"96":1,"97":1,"98":1,"99":1,"100":1,"101":0,"102":0,"103":1,"104":0,"105":1,"106":0,"107":0,"108":0,"109":0,"110":0,"111":0,"112":0,"113":0,"114":0,"115":0,"116":1,"117":1,"118":1,"119":1,"120":1,"121":0,"122":0,"123":1,"124":0,"125":1,"126":1,"127":1,"128":1,"129":1,"130":1,"131":0,"132":0,"133":1,"134":1,"135":2,"136":2,"137":2,"138":2,"139":2,"140":2,"141":2,"142":2,"143":2,"144":2,"145":0,"146":0,"147":0,"148":2,"149":0,"150":1,"151":2,"152":2,"153":2,"154":1,"155":1,"156":2,"157":1,"158":2,"159":2,"160":2,"161":0,"162":0,"163":2,"164":0,"165":1,"166":2,"167":2,"168":2,"169":2,"170":0,"171":0,"172":2,"173":0,"174":1,"175":2,"176":2,"177":2,"178":2,"179":0,"180":0,"181":2,"182":0,"183":1,"184":1,"185":1,"186":1,"187":1,"188":0,"189":1,"190":0,"191":1,"192":0,"193":0,"194":0,"195":0,"196":0,"197":0,"198":0,"199":1,"200":6,"201":6,"202":3,"203":3,"204":3,"205":0,"206":0,"207":3,"208":6,"209":6,"210":6,"211":0,"212":0,"213":6,"214":20,"215":6,"216":1,"217":1,"218":1,"219":1,"220":1,"221":0,"222":0,"223":1,"224":0,"225":1,"226":1,"227":1,"228":2,"229":2,"230":2,"231":1,"232":1,"233":1,"234":1,"235":2,"236":2,"237":0,"238":0,"239":2,"240":5,"241":2,"242":1,"243":0,"244":0,"245":0,"246":0,"247":0,"248":0,"249":0,"250":0,"251":1,"252":0,"253":0,"254":0,"255":0,"256":0,"257":0,"258":0,"259":0,"260":0,"261":0,"262":0,"263":0,"264":0,"265":0,"266":0,"267":0,"268":0,"269":0,"270":1,"271":15,"272":15,"273":15,"274":15,"275":0,"276":0,"277":15,"278":1,"279":7,"280":7,"281":7,"282":7,"283":0,"284":0,"285":7,"286":1,"287":1,"288":1,"289":1,"290":1,"291":0,"292":0,"293":1,"294":1,"295":2,"296":2,"297":2,"298":2,"299":0,"300":0,"301":2,"302":2,"303":1,"304":2,"305":2,"306":2,"307":2,"308":0,"309":0,"310":2,"311":1,"312":0,"313":0,"314":0,"315":0,"316":0,"317":0,"318":0,"319":1,"320":1,"321":1,"322":1,"323":1,"324":0,"325":0,"326":1,"327":5,"328":1,"329":1,"330":0,"331":0,"332":0,"333":0,"334":0,"335":0,"336":0,"337":1,"338":0,"339":0,"340":0,"341":0,"342":0,"343":0,"344":0,"345":0,"346":1,"347":5,"348":5,"349":5,"350":5,"351":0,"352":0,"353":5,"354":5,"355":5,"356":1,"357":5,"358":5,"359":5,"360":5,"361":0,"362":0,"363":5,"364":5,"365":5,"366":1,"367":0,"368":0,"369":0,"370":0,"371":0,"372":0,"373":0,"374":1,"375":0,"376":0,"377":0,"378":0,"379":0,"380":0,"381":0,"382":1,"383":0,"384":0,"385":0,"386":0,"387":0,"388":0,"389":0,"390":0,"391":0,"392":1,"393":0,"394":0,"395":0,"396":0,"397":0,"398":0,"399":0,"400":1,"401":0,"402":0,"403":0,"404":0,"405":0,"406":0,"407":0,"408":1,"409":0,"410":0,"411":0,"412":0,"413":0,"414":0,"415":0,"416":0,"417":0,"418":1,"419":0,"420":0,"421":0,"422":0,"423":0,"424":0,"425":0,"426":0,"427":0,"428":0,"429":0,"430":0,"431":0,"432":0,"433":0},"f":{"0":1,"1":1,"2":1,"3":12,"4":0,"5":0,"6":0,"7":4,"8":4,"9":4,"10":11,"11":0,"12":0,"13":0,"14":0,"15":1,"16":1,"17":1,"18":9,"19":1,"20":1,"21":1,"22":1,"23":1,"24":1,"25":1,"26":1,"27":1,"28":1,"29":1,"30":1,"31":1,"32":0,"33":0,"34":0,"35":1,"36":1,"37":1,"38":0,"39":1,"40":1,"41":1,"42":2,"43":2,"44":2,"45":0,"46":2,"47":2,"48":2,"49":0,"50":2,"51":2,"52":2,"53":0,"54":2,"55":2,"56":2,"57":0,"58":1,"59":1,"60":1,"61":0,"62":0,"63":0,"64":0,"65":0,"66":6,"67":6,"68":6,"69":20,"70":1,"71":1,"72":1,"73":0,"74":2,"75":2,"76":2,"77":5,"78":0,"79":0,"80":0,"81":0,"82":0,"83":0,"84":0,"85":0,"86":15,"87":15,"88":15,"89":7,"90":7,"91":7,"92":1,"93":1,"94":1,"95":2,"96":2,"97":2,"98":2,"99":2,"100":2,"101":0,"102":0,"103":0,"104":1,"105":1,"106":1,"107":5,"108":0,"109":0,"110":0,"111":0,"112":0,"113":0,"114":0,"115":5,"116":5,"117":5,"118":5,"119":5,"120":5,"121":5,"122":5,"123":0,"124":0,"125":0,"126":0,"127":0,"128":0,"129":0,"130":0,"131":0,"132":0,"133":0,"134":0,"135":0,"136":0,"137":0,"138":0,"139":0,"140":0,"141":0,"142":0,"143":0,"144":0,"145":0},"b":{"0":[0,1],"1":[0,0],"2":[4,0],"3":[1,3],"4":[1,3],"5":[0,4],"6":[0,0],"7":[0,1],"8":[0,1],"9":[0,1],"10":[0,1],"11":[1,0],"12":[0,1],"13":[0,0],"14":[0,1],"15":[0,1],"16":[2,0],"17":[0,2],"18":[1,1],"19":[1,1],"20":[0,2],"21":[0,2],"22":[0,2],"23":[0,1],"24":[0,0],"25":[3,3],"26":[0,3],"27":[0,6],"28":[0,1],"29":[1,1],"30":[0,2],"31":[0,0],"32":[0,0],"33":[0,0],"34":[0,0],"35":[0,15],"36":[0,7],"37":[0,1],"38":[0,2],"39":[0,2],"40":[0,0],"41":[0,1],"42":[0,0],"43":[0,0],"44":[0,5],"45":[0,5],"46":[0,0],"47":[0,0],"48":[0,0],"49":[0,0],"50":[0,0],"51":[0,0],"52":[0,0],"53":[0,0],"54":[0,0]},"_coverageSchema":"1a1c01bbd47fc00a2c39e90264f33305004495a9","hash":"186cfe245649a84f071699537a02a48f1390035b"}
,"C:\\Users\\Mattia\\Desktop\\spg\\server\\userDao.js": {"path":"C:\\Users\\Mattia\\Desktop\\spg\\server\\userDao.js","statementMap":{"0":{"start":{"line":4,"column":11},"end":{"line":4,"column":26}},"1":{"start":{"line":5,"column":15},"end":{"line":5,"column":32}},"2":{"start":{"line":7,"column":0},"end":{"line":22,"column":2}},"3":{"start":{"line":8,"column":2},"end":{"line":21,"column":5}},"4":{"start":{"line":9,"column":16},"end":{"line":9,"column":50}},"5":{"start":{"line":10,"column":6},"end":{"line":20,"column":7}},"6":{"start":{"line":11,"column":8},"end":{"line":19,"column":9}},"7":{"start":{"line":12,"column":10},"end":{"line":12,"column":22}},"8":{"start":{"line":13,"column":13},"end":{"line":19,"column":9}},"9":{"start":{"line":14,"column":10},"end":{"line":14,"column":45}},"10":{"start":{"line":17,"column":23},"end":{"line":17,"column":72}},"11":{"start":{"line":18,"column":10},"end":{"line":18,"column":24}},"12":{"start":{"line":24,"column":0},"end":{"line":46,"column":2}},"13":{"start":{"line":25,"column":2},"end":{"line":45,"column":5}},"14":{"start":{"line":26,"column":16},"end":{"line":26,"column":53}},"15":{"start":{"line":27,"column":6},"end":{"line":44,"column":7}},"16":{"start":{"line":28,"column":8},"end":{"line":43,"column":9}},"17":{"start":{"line":29,"column":10},"end":{"line":29,"column":22}},"18":{"start":{"line":30,"column":13},"end":{"line":43,"column":9}},"19":{"start":{"line":31,"column":10},"end":{"line":31,"column":25}},"20":{"start":{"line":34,"column":23},"end":{"line":34,"column":72}},"21":{"start":{"line":37,"column":10},"end":{"line":42,"column":13}},"22":{"start":{"line":38,"column":12},"end":{"line":41,"column":29}},"23":{"start":{"line":39,"column":14},"end":{"line":39,"column":28}},"24":{"start":{"line":41,"column":14},"end":{"line":41,"column":29}},"25":{"start":{"line":48,"column":0},"end":{"line":83,"column":1}},"26":{"start":{"line":49,"column":2},"end":{"line":82,"column":4}},"27":{"start":{"line":50,"column":4},"end":{"line":50,"column":39}},"28":{"start":{"line":51,"column":16},"end":{"line":51,"column":170}},"29":{"start":{"line":52,"column":4},"end":{"line":81,"column":5}},"30":{"start":{"line":53,"column":6},"end":{"line":78,"column":9}},"31":{"start":{"line":54,"column":8},"end":{"line":57,"column":9}},"32":{"start":{"line":55,"column":10},"end":{"line":55,"column":55}},"33":{"start":{"line":56,"column":10},"end":{"line":56,"column":17}},"34":{"start":{"line":58,"column":30},"end":{"line":58,"column":63}},"35":{"start":{"line":59,"column":8},"end":{"line":77,"column":10}},"36":{"start":{"line":60,"column":10},"end":{"line":63,"column":11}},"37":{"start":{"line":61,"column":12},"end":{"line":61,"column":56}},"38":{"start":{"line":62,"column":12},"end":{"line":62,"column":19}},"39":{"start":{"line":64,"column":19},"end":{"line":64,"column":21}},"40":{"start":{"line":65,"column":10},"end":{"line":70,"column":29}},"41":{"start":{"line":66,"column":12},"end":{"line":66,"column":56}},"42":{"start":{"line":67,"column":12},"end":{"line":67,"column":19}},"43":{"start":{"line":70,"column":12},"end":{"line":70,"column":29}},"44":{"start":{"line":71,"column":10},"end":{"line":76,"column":13}},"45":{"start":{"line":72,"column":12},"end":{"line":74,"column":13}},"46":{"start":{"line":73,"column":14},"end":{"line":73,"column":33}},"47":{"start":{"line":75,"column":12},"end":{"line":75,"column":24}},"48":{"start":{"line":80,"column":6},"end":{"line":80,"column":58}},"49":{"start":{"line":85,"column":0},"end":{"line":97,"column":1}},"50":{"start":{"line":86,"column":2},"end":{"line":96,"column":3}},"51":{"start":{"line":87,"column":16},"end":{"line":87,"column":51}},"52":{"start":{"line":88,"column":4},"end":{"line":94,"column":5}},"53":{"start":{"line":89,"column":6},"end":{"line":93,"column":7}},"54":{"start":{"line":90,"column":10},"end":{"line":90,"column":22}},"55":{"start":{"line":92,"column":10},"end":{"line":92,"column":24}}},"fnMap":{"0":{"name":"(anonymous_0)","decl":{"start":{"line":7,"column":22},"end":{"line":7,"column":23}},"loc":{"start":{"line":7,"column":30},"end":{"line":22,"column":1}},"line":7},"1":{"name":"(anonymous_1)","decl":{"start":{"line":8,"column":21},"end":{"line":8,"column":22}},"loc":{"start":{"line":8,"column":42},"end":{"line":21,"column":3}},"line":8},"2":{"name":"(anonymous_2)","decl":{"start":{"line":10,"column":24},"end":{"line":10,"column":25}},"loc":{"start":{"line":10,"column":38},"end":{"line":20,"column":5}},"line":10},"3":{"name":"(anonymous_3)","decl":{"start":{"line":24,"column":18},"end":{"line":24,"column":19}},"loc":{"start":{"line":24,"column":42},"end":{"line":46,"column":1}},"line":24},"4":{"name":"(anonymous_4)","decl":{"start":{"line":25,"column":21},"end":{"line":25,"column":22}},"loc":{"start":{"line":25,"column":42},"end":{"line":45,"column":3}},"line":25},"5":{"name":"(anonymous_5)","decl":{"start":{"line":27,"column":30},"end":{"line":27,"column":31}},"loc":{"start":{"line":27,"column":44},"end":{"line":44,"column":5}},"line":27},"6":{"name":"(anonymous_6)","decl":{"start":{"line":37,"column":50},"end":{"line":37,"column":51}},"loc":{"start":{"line":37,"column":60},"end":{"line":42,"column":11}},"line":37},"7":{"name":"(anonymous_7)","decl":{"start":{"line":48,"column":18},"end":{"line":48,"column":19}},"loc":{"start":{"line":48,"column":97},"end":{"line":83,"column":1}},"line":48},"8":{"name":"(anonymous_8)","decl":{"start":{"line":49,"column":21},"end":{"line":49,"column":22}},"loc":{"start":{"line":49,"column":42},"end":{"line":82,"column":3}},"line":49},"9":{"name":"(anonymous_9)","decl":{"start":{"line":53,"column":32},"end":{"line":53,"column":33}},"loc":{"start":{"line":53,"column":54},"end":{"line":78,"column":7}},"line":53},"10":{"name":"(anonymous_10)","decl":{"start":{"line":59,"column":30},"end":{"line":59,"column":31}},"loc":{"start":{"line":59,"column":44},"end":{"line":77,"column":9}},"line":59},"11":{"name":"(anonymous_11)","decl":{"start":{"line":71,"column":110},"end":{"line":71,"column":111}},"loc":{"start":{"line":71,"column":131},"end":{"line":76,"column":11}},"line":71},"12":{"name":"(anonymous_12)","decl":{"start":{"line":85,"column":21},"end":{"line":85,"column":22}},"loc":{"start":{"line":85,"column":32},"end":{"line":97,"column":1}},"line":85},"13":{"name":"(anonymous_13)","decl":{"start":{"line":86,"column":21},"end":{"line":86,"column":22}},"loc":{"start":{"line":86,"column":42},"end":{"line":96,"column":1}},"line":86},"14":{"name":"(anonymous_14)","decl":{"start":{"line":88,"column":25},"end":{"line":88,"column":26}},"loc":{"start":{"line":88,"column":40},"end":{"line":94,"column":3}},"line":88}},"branchMap":{"0":{"loc":{"start":{"line":11,"column":8},"end":{"line":19,"column":9}},"type":"if","locations":[{"start":{"line":11,"column":8},"end":{"line":19,"column":9}},{"start":{"line":13,"column":13},"end":{"line":19,"column":9}}],"line":11},"1":{"loc":{"start":{"line":13,"column":13},"end":{"line":19,"column":9}},"type":"if","locations":[{"start":{"line":13,"column":13},"end":{"line":19,"column":9}},{"start":{"line":15,"column":13},"end":{"line":19,"column":9}}],"line":13},"2":{"loc":{"start":{"line":28,"column":8},"end":{"line":43,"column":9}},"type":"if","locations":[{"start":{"line":28,"column":8},"end":{"line":43,"column":9}},{"start":{"line":30,"column":13},"end":{"line":43,"column":9}}],"line":28},"3":{"loc":{"start":{"line":30,"column":13},"end":{"line":43,"column":9}},"type":"if","locations":[{"start":{"line":30,"column":13},"end":{"line":43,"column":9}},{"start":{"line":33,"column":13},"end":{"line":43,"column":9}}],"line":30},"4":{"loc":{"start":{"line":38,"column":12},"end":{"line":41,"column":29}},"type":"if","locations":[{"start":{"line":38,"column":12},"end":{"line":41,"column":29}},{"start":{"line":41,"column":14},"end":{"line":41,"column":29}}],"line":38},"5":{"loc":{"start":{"line":54,"column":8},"end":{"line":57,"column":9}},"type":"if","locations":[{"start":{"line":54,"column":8},"end":{"line":57,"column":9}},{"start":{},"end":{}}],"line":54},"6":{"loc":{"start":{"line":60,"column":10},"end":{"line":63,"column":11}},"type":"if","locations":[{"start":{"line":60,"column":10},"end":{"line":63,"column":11}},{"start":{},"end":{}}],"line":60},"7":{"loc":{"start":{"line":65,"column":10},"end":{"line":70,"column":29}},"type":"if","locations":[{"start":{"line":65,"column":10},"end":{"line":70,"column":29}},{"start":{"line":70,"column":12},"end":{"line":70,"column":29}}],"line":65},"8":{"loc":{"start":{"line":72,"column":12},"end":{"line":74,"column":13}},"type":"if","locations":[{"start":{"line":72,"column":12},"end":{"line":74,"column":13}},{"start":{},"end":{}}],"line":72},"9":{"loc":{"start":{"line":89,"column":6},"end":{"line":93,"column":7}},"type":"if","locations":[{"start":{"line":89,"column":6},"end":{"line":93,"column":7}},{"start":{"line":91,"column":11},"end":{"line":93,"column":7}}],"line":89}},"s":{"0":1,"1":1,"2":1,"3":22,"4":22,"5":22,"6":22,"7":0,"8":22,"9":0,"10":22,"11":22,"12":1,"13":9,"14":9,"15":9,"16":9,"17":0,"18":9,"19":0,"20":9,"21":9,"22":9,"23":8,"24":1,"25":1,"26":3,"27":3,"28":3,"29":3,"30":3,"31":3,"32":1,"33":1,"34":2,"35":2,"36":2,"37":0,"38":0,"39":2,"40":2,"41":0,"42":0,"43":2,"44":2,"45":2,"46":1,"47":2,"48":0,"49":1,"50":1,"51":1,"52":1,"53":1,"54":0,"55":1},"f":{"0":22,"1":22,"2":22,"3":9,"4":9,"5":9,"6":9,"7":3,"8":3,"9":3,"10":2,"11":2,"12":1,"13":1,"14":1},"b":{"0":[0,22],"1":[0,22],"2":[0,9],"3":[0,9],"4":[8,1],"5":[1,2],"6":[0,2],"7":[0,2],"8":[1,1],"9":[0,1]},"_coverageSchema":"1a1c01bbd47fc00a2c39e90264f33305004495a9","hash":"1229e440d950eef0f76bd1174e41855dcb5ab056"}
}
