TN:
SF:app.js
FN:23,(anonymous_0)
FN:24,(anonymous_1)
FN:35,(anonymous_2)
FN:40,(anonymous_3)
FN:42,(anonymous_4)
FN:44,(anonymous_5)
FN:55,(anonymous_6)
FN:79,(anonymous_7)
FN:84,(anonymous_8)
FN:101,(anonymous_9)
FN:130,(anonymous_10)
FN:168,(anonymous_11)
FN:184,(anonymous_12)
FN:204,(anonymous_13)
FN:220,(anonymous_14)
FN:236,(anonymous_15)
FN:244,(anonymous_16)
FN:254,(anonymous_17)
FN:272,(anonymous_18)
FN:288,(anonymous_19)
FN:306,(anonymous_20)
FN:327,(anonymous_21)
FN:355,(anonymous_22)
FN:370,(anonymous_23)
FN:376,(anonymous_24)
FN:391,(anonymous_25)
FN:413,(anonymous_26)
FN:437,(anonymous_27)
FN:451,(anonymous_28)
FN:466,(anonymous_29)
FN:488,(anonymous_30)
FN:503,(anonymous_31)
FN:518,(anonymous_32)
FN:527,(anonymous_33)
FN:528,(anonymous_34)
FN:552,(anonymous_35)
FN:558,(anonymous_36)
FN:576,(anonymous_37)
FN:590,(anonymous_38)
FN:612,(anonymous_39)
FN:617,(anonymous_40)
FN:641,(anonymous_41)
FN:642,(anonymous_42)
FN:651,(anonymous_43)
FN:664,(anonymous_44)
FN:681,(anonymous_45)
FN:689,(anonymous_46)
FN:696,(anonymous_47)
FNF:48
FNH:31
FNDA:10,(anonymous_0)
FNDA:10,(anonymous_1)
FNDA:9,(anonymous_2)
FNDA:43,(anonymous_3)
FNDA:43,(anonymous_4)
FNDA:0,(anonymous_5)
FNDA:0,(anonymous_6)
FNDA:0,(anonymous_7)
FNDA:1,(anonymous_8)
FNDA:3,(anonymous_9)
FNDA:2,(anonymous_10)
FNDA:37,(anonymous_11)
FNDA:5,(anonymous_12)
FNDA:1,(anonymous_13)
FNDA:1,(anonymous_14)
FNDA:1,(anonymous_15)
FNDA:0,(anonymous_16)
FNDA:1,(anonymous_17)
FNDA:1,(anonymous_18)
FNDA:0,(anonymous_19)
FNDA:1,(anonymous_20)
FNDA:0,(anonymous_21)
FNDA:1,(anonymous_22)
FNDA:31,(anonymous_23)
FNDA:1,(anonymous_24)
FNDA:0,(anonymous_25)
FNDA:0,(anonymous_26)
FNDA:0,(anonymous_27)
FNDA:1,(anonymous_28)
FNDA:0,(anonymous_29)
FNDA:0,(anonymous_30)
FNDA:2,(anonymous_31)
FNDA:2,(anonymous_32)
FNDA:0,(anonymous_33)
FNDA:0,(anonymous_34)
FNDA:1,(anonymous_35)
FNDA:1,(anonymous_36)
FNDA:0,(anonymous_37)
FNDA:0,(anonymous_38)
FNDA:0,(anonymous_39)
FNDA:0,(anonymous_40)
FNDA:10,(anonymous_41)
FNDA:10,(anonymous_42)
FNDA:9,(anonymous_43)
FNDA:3,(anonymous_44)
FNDA:1,(anonymous_45)
FNDA:108,(anonymous_46)
FNDA:1,(anonymous_47)
DA:3,1
DA:4,1
DA:5,1
DA:6,1
DA:8,1
DA:9,1
DA:10,1
DA:11,1
DA:12,1
DA:13,1
DA:14,1
DA:15,1
DA:16,1
DA:22,1
DA:24,10
DA:25,10
DA:26,1
DA:28,9
DA:35,1
DA:36,9
DA:40,1
DA:41,43
DA:43,43
DA:45,0
DA:50,1
DA:51,1
DA:52,1
DA:55,1
DA:56,0
DA:57,0
DA:59,0
DA:63,1
DA:71,1
DA:72,1
DA:79,1
DA:80,0
DA:84,1
DA:85,1
DA:86,1
DA:87,1
DA:88,0
DA:91,1
DA:94,0
DA:95,0
DA:101,1
DA:102,3
DA:103,3
DA:104,3
DA:105,0
DA:106,0
DA:109,3
DA:110,3
DA:111,3
DA:112,0
DA:113,0
DA:115,3
DA:116,2
DA:117,0
DA:119,2
DA:122,1
DA:123,1
DA:130,1
DA:132,2
DA:134,2
DA:135,2
DA:136,2
DA:137,0
DA:138,0
DA:140,2
DA:141,0
DA:142,0
DA:145,2
DA:146,2
DA:147,0
DA:148,0
DA:150,2
DA:151,0
DA:152,0
DA:154,2
DA:155,2
DA:156,0
DA:158,2
DA:161,0
DA:162,0
DA:168,1
DA:169,37
DA:170,37
DA:171,37
DA:172,37
DA:173,4
DA:174,4
DA:176,33
DA:177,33
DA:179,0
DA:184,1
DA:185,5
DA:186,5
DA:187,5
DA:188,5
DA:190,4
DA:191,4
DA:192,0
DA:195,4
DA:199,0
DA:204,1
DA:205,1
DA:206,1
DA:207,1
DA:208,0
DA:211,1
DA:214,0
DA:215,0
DA:220,1
DA:221,1
DA:222,1
DA:223,1
DA:224,0
DA:227,1
DA:230,0
DA:231,0
DA:236,1
DA:237,1
DA:238,1
DA:239,1
DA:240,1
DA:241,0
DA:244,1
DA:245,1
DA:248,0
DA:249,0
DA:254,1
DA:256,1
DA:258,1
DA:259,1
DA:260,1
DA:261,1
DA:264,0
DA:272,1
DA:274,1
DA:276,1
DA:277,1
DA:278,1
DA:281,0
DA:288,1
DA:290,0
DA:291,0
DA:292,0
DA:293,0
DA:294,0
DA:296,0
DA:299,0
DA:306,1
DA:308,1
DA:309,1
DA:310,1
DA:311,0
DA:312,0
DA:315,1
DA:316,1
DA:317,1
DA:318,1
DA:320,1
DA:321,1
DA:322,1
DA:323,1
DA:326,0
DA:327,0
DA:328,0
DA:329,0
DA:331,0
DA:332,0
DA:334,1
DA:335,1
DA:336,1
DA:337,1
DA:338,1
DA:339,1
DA:340,1
DA:341,0
DA:343,1
DA:344,1
DA:347,0
DA:348,0
DA:349,0
DA:355,1
DA:356,1
DA:357,1
DA:358,1
DA:359,0
DA:361,1
DA:364,0
DA:365,0
DA:370,1
DA:371,31
DA:372,31
DA:376,1
DA:377,1
DA:378,1
DA:379,1
DA:380,0
DA:382,1
DA:385,0
DA:386,0
DA:391,1
DA:392,0
DA:393,0
DA:394,0
DA:395,0
DA:396,0
DA:399,0
DA:400,0
DA:401,0
DA:402,0
DA:403,0
DA:404,0
DA:407,0
DA:408,0
DA:413,1
DA:414,0
DA:415,0
DA:416,0
DA:417,0
DA:418,0
DA:421,0
DA:422,0
DA:425,0
DA:426,0
DA:427,0
DA:428,0
DA:431,0
DA:432,0
DA:437,1
DA:438,0
DA:439,0
DA:440,0
DA:441,0
DA:442,0
DA:444,0
DA:445,0
DA:451,1
DA:452,1
DA:453,1
DA:454,1
DA:455,0
DA:457,1
DA:460,0
DA:461,0
DA:466,1
DA:467,0
DA:468,0
DA:469,0
DA:470,0
DA:471,0
DA:474,0
DA:475,0
DA:476,0
DA:477,0
DA:478,0
DA:479,0
DA:482,0
DA:483,0
DA:488,1
DA:489,0
DA:490,0
DA:491,0
DA:492,0
DA:494,0
DA:497,0
DA:498,0
DA:503,1
DA:504,2
DA:505,2
DA:506,2
DA:507,0
DA:509,2
DA:512,0
DA:513,0
DA:518,1
DA:519,2
DA:520,2
DA:521,2
DA:522,2
DA:524,2
DA:525,0
DA:527,2
DA:528,0
DA:530,0
DA:531,0
DA:532,0
DA:533,0
DA:534,0
DA:537,0
DA:538,0
DA:541,0
DA:543,2
DA:546,0
DA:547,0
DA:552,1
DA:553,1
DA:554,1
DA:555,1
DA:556,0
DA:558,1
DA:559,1
DA:567,1
DA:570,0
DA:571,0
DA:576,1
DA:577,0
DA:578,0
DA:579,0
DA:580,0
DA:581,0
DA:582,0
DA:585,0
DA:586,0
DA:587,0
DA:588,0
DA:590,0
DA:591,0
DA:592,0
DA:595,0
DA:596,0
DA:597,0
DA:598,0
DA:600,0
DA:601,0
DA:602,0
DA:604,0
DA:607,0
DA:608,0
DA:612,1
DA:613,0
DA:614,0
DA:615,0
DA:617,0
DA:618,0
DA:619,0
DA:620,0
DA:624,0
DA:625,0
DA:626,0
DA:628,0
DA:632,0
DA:633,0
DA:641,1
DA:642,10
DA:643,10
DA:644,0
DA:645,10
DA:648,1
DA:651,9
DA:652,9
DA:653,0
DA:657,9
DA:664,1
DA:665,3
DA:666,3
DA:667,3
DA:668,3
DA:669,1
DA:670,0
DA:672,1
DA:675,2
DA:676,2
DA:681,1
DA:682,1
DA:683,1
DA:689,1
DA:690,108
DA:691,108
DA:696,1
DA:697,1
DA:698,0
DA:701,1
DA:704,1
LF:376
LH:199
BRDA:25,0,0,1
BRDA:25,0,1,9
BRDA:56,1,0,0
BRDA:56,1,1,0
BRDA:87,2,0,0
BRDA:87,2,1,1
BRDA:104,3,0,0
BRDA:104,3,1,3
BRDA:104,4,0,3
BRDA:104,4,1,3
BRDA:104,4,2,3
BRDA:111,5,0,0
BRDA:111,5,1,3
BRDA:116,6,0,0
BRDA:116,6,1,2
BRDA:136,7,0,0
BRDA:136,7,1,2
BRDA:136,8,0,2
BRDA:136,8,1,1
BRDA:136,9,0,1
BRDA:136,9,1,1
BRDA:136,9,2,1
BRDA:140,10,0,0
BRDA:140,10,1,2
BRDA:140,11,0,2
BRDA:140,11,1,1
BRDA:140,12,0,1
BRDA:140,12,1,1
BRDA:146,13,0,0
BRDA:146,13,1,2
BRDA:150,14,0,0
BRDA:150,14,1,2
BRDA:155,15,0,0
BRDA:155,15,1,2
BRDA:172,16,0,4
BRDA:172,16,1,33
BRDA:172,17,0,37
BRDA:172,17,1,37
BRDA:172,17,2,33
BRDA:188,18,0,1
BRDA:188,18,1,4
BRDA:191,19,0,0
BRDA:191,19,1,4
BRDA:207,20,0,0
BRDA:207,20,1,1
BRDA:223,21,0,0
BRDA:223,21,1,1
BRDA:240,22,0,0
BRDA:240,22,1,1
BRDA:244,23,0,0
BRDA:244,23,1,0
BRDA:244,24,0,0
BRDA:244,24,1,0
BRDA:310,25,0,0
BRDA:310,25,1,1
BRDA:310,26,0,1
BRDA:310,26,1,0
BRDA:310,26,2,1
BRDA:310,26,3,0
BRDA:310,26,4,0
BRDA:318,27,0,1
BRDA:318,27,1,0
BRDA:329,28,0,0
BRDA:329,28,1,0
BRDA:331,29,0,0
BRDA:331,29,1,0
BRDA:340,30,0,0
BRDA:340,30,1,1
BRDA:343,31,0,1
BRDA:343,31,1,0
BRDA:358,32,0,0
BRDA:358,32,1,1
BRDA:379,33,0,0
BRDA:379,33,1,1
BRDA:394,34,0,0
BRDA:394,34,1,0
BRDA:394,35,0,0
BRDA:394,35,1,0
BRDA:394,35,2,0
BRDA:394,35,3,0
BRDA:394,35,4,0
BRDA:394,35,5,0
BRDA:401,36,0,0
BRDA:401,36,1,0
BRDA:403,37,0,0
BRDA:403,37,1,0
BRDA:416,38,0,0
BRDA:416,38,1,0
BRDA:416,39,0,0
BRDA:416,39,1,0
BRDA:416,39,2,0
BRDA:416,39,3,0
BRDA:416,39,4,0
BRDA:416,39,5,0
BRDA:427,40,0,0
BRDA:427,40,1,0
BRDA:441,41,0,0
BRDA:441,41,1,0
BRDA:454,42,0,0
BRDA:454,42,1,1
BRDA:469,43,0,0
BRDA:469,43,1,0
BRDA:469,44,0,0
BRDA:469,44,1,0
BRDA:469,44,2,0
BRDA:469,44,3,0
BRDA:469,44,4,0
BRDA:469,44,5,0
BRDA:476,45,0,0
BRDA:476,45,1,0
BRDA:478,46,0,0
BRDA:478,46,1,0
BRDA:491,47,0,0
BRDA:491,47,1,0
BRDA:506,48,0,0
BRDA:506,48,1,2
BRDA:524,49,0,0
BRDA:524,49,1,2
BRDA:530,50,0,0
BRDA:530,50,1,0
BRDA:531,51,0,0
BRDA:531,51,1,0
BRDA:543,52,0,2
BRDA:543,52,1,2
BRDA:555,53,0,0
BRDA:555,53,1,1
BRDA:580,54,0,0
BRDA:580,54,1,0
BRDA:580,55,0,0
BRDA:580,55,1,0
BRDA:580,55,2,0
BRDA:587,56,0,0
BRDA:587,56,1,0
BRDA:591,57,0,0
BRDA:591,57,1,0
BRDA:597,58,0,0
BRDA:597,58,1,0
BRDA:601,59,0,0
BRDA:601,59,1,0
BRDA:619,60,0,0
BRDA:619,60,1,0
BRDA:625,61,0,0
BRDA:625,61,1,0
BRDA:643,62,0,0
BRDA:643,62,1,10
BRDA:645,63,0,1
BRDA:645,63,1,9
BRDA:652,64,0,0
BRDA:652,64,1,9
BRDA:669,65,0,0
BRDA:669,65,1,1
BRDA:697,66,0,0
BRDA:697,66,1,1
BRF:153
BRH:54
end_of_record
TN:
SF:db.js
FN:6,(anonymous_0)
FNF:1
FNH:1
FNDA:1,(anonymous_0)
DA:3,1
DA:6,1
DA:7,1
DA:10,1
LF:4
LH:4
BRDA:7,0,0,0
BRDA:7,0,1,1
BRF:2
BRH:1
end_of_record
TN:
SF:spgDao.js
FN:6,(anonymous_0)
FN:7,(anonymous_1)
FN:9,(anonymous_2)
FN:14,(anonymous_3)
FN:20,(anonymous_4)
FN:22,(anonymous_5)
FN:24,(anonymous_6)
FN:36,(anonymous_7)
FN:37,(anonymous_8)
FN:66,(anonymous_9)
FN:71,(anonymous_10)
FN:78,(anonymous_11)
FN:79,(anonymous_12)
FN:81,(anonymous_13)
FN:86,(anonymous_14)
FN:94,(anonymous_15)
FN:95,(anonymous_16)
FN:97,(anonymous_17)
FN:102,(anonymous_18)
FN:109,(anonymous_19)
FN:110,(anonymous_20)
FN:112,(anonymous_21)
FN:117,(anonymous_22)
FN:124,(anonymous_23)
FN:125,(anonymous_24)
FN:127,(anonymous_25)
FN:138,(anonymous_26)
FN:139,(anonymous_27)
FN:141,(anonymous_28)
FN:159,(anonymous_29)
FN:161,(anonymous_30)
FN:164,(anonymous_31)
FN:178,(anonymous_32)
FN:180,(anonymous_33)
FN:182,(anonymous_34)
FN:196,(anonymous_35)
FN:197,(anonymous_36)
FN:199,(anonymous_37)
FN:210,(anonymous_38)
FN:212,(anonymous_39)
FN:222,(anonymous_40)
FN:236,(anonymous_41)
FN:238,(anonymous_42)
FN:249,(anonymous_43)
FN:263,(anonymous_44)
FN:265,(anonymous_45)
FN:267,(anonymous_46)
FN:281,(anonymous_47)
FN:283,(anonymous_48)
FN:285,(anonymous_49)
FN:299,(anonymous_50)
FN:301,(anonymous_51)
FN:303,(anonymous_52)
FN:317,(anonymous_53)
FN:331,(anonymous_54)
FN:332,(anonymous_55)
FN:337,(anonymous_56)
FN:345,(anonymous_57)
FN:346,(anonymous_58)
FN:357,(anonymous_59)
FN:362,(anonymous_60)
FN:369,(anonymous_61)
FN:371,(anonymous_62)
FN:373,(anonymous_63)
FN:386,(anonymous_64)
FN:390,(anonymous_65)
FN:392,(anonymous_66)
FN:398,(anonymous_67)
FN:413,(anonymous_68)
FN:414,(anonymous_69)
FN:416,(anonymous_70)
FN:427,(anonymous_71)
FN:428,(anonymous_72)
FN:430,(anonymous_73)
FN:442,(anonymous_74)
FN:443,(anonymous_75)
FN:445,(anonymous_76)
FN:456,(anonymous_77)
FN:457,(anonymous_78)
FN:459,(anonymous_79)
FN:471,(anonymous_80)
FN:472,(anonymous_81)
FN:474,(anonymous_82)
FN:485,(anonymous_83)
FN:486,(anonymous_84)
FN:488,(anonymous_85)
FN:499,(anonymous_86)
FN:500,(anonymous_87)
FN:502,(anonymous_88)
FN:507,(anonymous_89)
FN:514,(anonymous_90)
FN:515,(anonymous_91)
FN:517,(anonymous_92)
FN:528,(anonymous_93)
FN:530,(anonymous_94)
FN:532,(anonymous_95)
FN:546,(anonymous_96)
FN:547,(anonymous_97)
FN:549,(anonymous_98)
FN:554,(anonymous_99)
FN:561,(anonymous_100)
FN:562,(anonymous_101)
FN:564,(anonymous_102)
FN:569,(anonymous_103)
FN:575,(anonymous_104)
FN:576,(anonymous_105)
FN:578,(anonymous_106)
FN:588,(anonymous_107)
FN:589,(anonymous_108)
FN:591,(anonymous_109)
FNF:110
FNH:74
FNDA:1,(anonymous_0)
FNDA:1,(anonymous_1)
FNDA:1,(anonymous_2)
FNDA:13,(anonymous_3)
FNDA:0,(anonymous_4)
FNDA:0,(anonymous_5)
FNDA:0,(anonymous_6)
FNDA:4,(anonymous_7)
FNDA:4,(anonymous_8)
FNDA:4,(anonymous_9)
FNDA:0,(anonymous_10)
FNDA:0,(anonymous_11)
FNDA:0,(anonymous_12)
FNDA:0,(anonymous_13)
FNDA:0,(anonymous_14)
FNDA:1,(anonymous_15)
FNDA:1,(anonymous_16)
FNDA:1,(anonymous_17)
FNDA:8,(anonymous_18)
FNDA:1,(anonymous_19)
FNDA:1,(anonymous_20)
FNDA:1,(anonymous_21)
FNDA:1,(anonymous_22)
FNDA:1,(anonymous_23)
FNDA:1,(anonymous_24)
FNDA:1,(anonymous_25)
FNDA:1,(anonymous_26)
FNDA:1,(anonymous_27)
FNDA:1,(anonymous_28)
FNDA:0,(anonymous_29)
FNDA:0,(anonymous_30)
FNDA:0,(anonymous_31)
FNDA:1,(anonymous_32)
FNDA:1,(anonymous_33)
FNDA:1,(anonymous_34)
FNDA:0,(anonymous_35)
FNDA:0,(anonymous_36)
FNDA:0,(anonymous_37)
FNDA:3,(anonymous_38)
FNDA:3,(anonymous_39)
FNDA:3,(anonymous_40)
FNDA:2,(anonymous_41)
FNDA:2,(anonymous_42)
FNDA:2,(anonymous_43)
FNDA:33,(anonymous_44)
FNDA:33,(anonymous_45)
FNDA:33,(anonymous_46)
FNDA:1,(anonymous_47)
FNDA:1,(anonymous_48)
FNDA:1,(anonymous_49)
FNDA:31,(anonymous_50)
FNDA:31,(anonymous_51)
FNDA:31,(anonymous_52)
FNDA:5,(anonymous_53)
FNDA:5,(anonymous_54)
FNDA:5,(anonymous_55)
FNDA:0,(anonymous_56)
FNDA:1,(anonymous_57)
FNDA:1,(anonymous_58)
FNDA:1,(anonymous_59)
FNDA:0,(anonymous_60)
FNDA:0,(anonymous_61)
FNDA:0,(anonymous_62)
FNDA:0,(anonymous_63)
FNDA:0,(anonymous_64)
FNDA:0,(anonymous_65)
FNDA:0,(anonymous_66)
FNDA:0,(anonymous_67)
FNDA:50,(anonymous_68)
FNDA:50,(anonymous_69)
FNDA:50,(anonymous_70)
FNDA:8,(anonymous_71)
FNDA:8,(anonymous_72)
FNDA:8,(anonymous_73)
FNDA:1,(anonymous_74)
FNDA:1,(anonymous_75)
FNDA:1,(anonymous_76)
FNDA:1,(anonymous_77)
FNDA:1,(anonymous_78)
FNDA:1,(anonymous_79)
FNDA:37,(anonymous_80)
FNDA:37,(anonymous_81)
FNDA:37,(anonymous_82)
FNDA:35,(anonymous_83)
FNDA:35,(anonymous_84)
FNDA:35,(anonymous_85)
FNDA:1,(anonymous_86)
FNDA:1,(anonymous_87)
FNDA:1,(anonymous_88)
FNDA:1,(anonymous_89)
FNDA:0,(anonymous_90)
FNDA:0,(anonymous_91)
FNDA:0,(anonymous_92)
FNDA:0,(anonymous_93)
FNDA:0,(anonymous_94)
FNDA:0,(anonymous_95)
FNDA:1,(anonymous_96)
FNDA:1,(anonymous_97)
FNDA:1,(anonymous_98)
FNDA:0,(anonymous_99)
FNDA:1,(anonymous_100)
FNDA:1,(anonymous_101)
FNDA:1,(anonymous_102)
FNDA:1,(anonymous_103)
FNDA:0,(anonymous_104)
FNDA:0,(anonymous_105)
FNDA:0,(anonymous_106)
FNDA:0,(anonymous_107)
FNDA:0,(anonymous_108)
FNDA:0,(anonymous_109)
DA:2,1
DA:3,1
DA:6,1
DA:7,1
DA:8,1
DA:9,1
DA:10,1
DA:11,0
DA:12,0
DA:14,13
DA:15,1
DA:20,1
DA:21,0
DA:22,0
DA:23,0
DA:24,0
DA:25,0
DA:26,0
DA:27,0
DA:29,0
DA:36,1
DA:37,4
DA:39,4
DA:41,4
DA:42,4
DA:43,4
DA:44,4
DA:46,4
DA:47,4
DA:48,1
DA:49,1
DA:52,3
DA:53,3
DA:57,4
DA:58,1
DA:59,1
DA:62,3
DA:66,4
DA:67,4
DA:68,0
DA:69,0
DA:71,4
DA:72,4
DA:78,1
DA:79,0
DA:80,0
DA:81,0
DA:82,0
DA:83,0
DA:84,0
DA:86,0
DA:87,0
DA:88,0
DA:94,1
DA:95,1
DA:96,1
DA:97,1
DA:98,1
DA:99,0
DA:100,0
DA:102,8
DA:103,1
DA:109,1
DA:110,1
DA:111,1
DA:112,1
DA:113,1
DA:114,0
DA:115,0
DA:117,1
DA:118,1
DA:124,1
DA:125,1
DA:126,1
DA:127,1
DA:128,1
DA:129,0
DA:130,0
DA:132,1
DA:138,1
DA:139,1
DA:140,1
DA:141,1
DA:142,1
DA:144,0
DA:145,0
DA:147,1
DA:148,1
DA:149,1
DA:153,0
DA:159,1
DA:160,0
DA:161,0
DA:162,0
DA:163,0
DA:164,0
DA:165,0
DA:166,0
DA:167,0
DA:169,0
DA:173,0
DA:178,1
DA:179,1
DA:180,1
DA:181,1
DA:182,1
DA:183,1
DA:184,0
DA:185,0
DA:187,1
DA:191,0
DA:196,1
DA:197,0
DA:198,0
DA:199,0
DA:200,0
DA:201,0
DA:202,0
DA:204,0
DA:210,1
DA:211,3
DA:212,3
DA:213,3
DA:214,3
DA:215,3
DA:216,3
DA:218,3
DA:219,3
DA:222,3
DA:223,3
DA:224,1
DA:225,1
DA:227,2
DA:231,0
DA:236,1
DA:237,2
DA:238,2
DA:240,2
DA:241,2
DA:242,1
DA:243,1
DA:245,2
DA:246,1
DA:248,2
DA:249,2
DA:250,2
DA:251,0
DA:252,0
DA:254,2
DA:258,0
DA:263,1
DA:264,33
DA:265,33
DA:266,33
DA:267,33
DA:268,33
DA:269,0
DA:270,0
DA:272,33
DA:276,0
DA:281,1
DA:282,1
DA:283,1
DA:284,1
DA:285,1
DA:286,1
DA:287,0
DA:289,1
DA:294,0
DA:299,1
DA:300,31
DA:301,31
DA:302,31
DA:303,31
DA:304,31
DA:305,0
DA:307,31
DA:312,0
DA:317,1
DA:319,5
DA:320,5
DA:321,2
DA:322,2
DA:324,3
DA:325,0
DA:326,0
DA:329,3
DA:331,5
DA:332,5
DA:333,5
DA:334,0
DA:335,0
DA:337,5
DA:338,5
DA:345,1
DA:346,1
DA:348,1
DA:349,1
DA:350,0
DA:351,0
DA:354,1
DA:355,1
DA:357,1
DA:358,1
DA:359,0
DA:360,0
DA:362,1
DA:363,1
DA:369,1
DA:370,0
DA:371,0
DA:372,0
DA:373,0
DA:374,0
DA:375,0
DA:376,0
DA:378,0
DA:382,0
DA:386,1
DA:387,0
DA:388,0
DA:389,0
DA:390,0
DA:391,0
DA:392,0
DA:393,0
DA:394,0
DA:395,0
DA:397,0
DA:398,0
DA:399,0
DA:400,0
DA:401,0
DA:403,0
DA:408,0
DA:409,0
DA:413,1
DA:414,50
DA:415,50
DA:416,50
DA:418,50
DA:419,0
DA:420,0
DA:422,50
DA:427,1
DA:428,8
DA:429,8
DA:430,8
DA:431,8
DA:432,0
DA:433,0
DA:435,8
DA:442,1
DA:443,1
DA:444,1
DA:445,1
DA:446,1
DA:447,0
DA:448,0
DA:450,1
DA:456,1
DA:457,1
DA:458,1
DA:459,1
DA:460,1
DA:461,0
DA:462,0
DA:464,1
DA:465,1
DA:471,1
DA:472,37
DA:473,37
DA:474,37
DA:475,37
DA:476,0
DA:477,0
DA:479,37
DA:485,1
DA:486,35
DA:487,35
DA:488,35
DA:489,35
DA:490,0
DA:491,0
DA:493,35
DA:499,1
DA:500,1
DA:501,1
DA:502,1
DA:503,1
DA:504,0
DA:505,0
DA:507,1
DA:508,1
DA:514,1
DA:515,0
DA:516,0
DA:517,0
DA:518,0
DA:519,0
DA:520,0
DA:522,0
DA:528,1
DA:529,0
DA:530,0
DA:531,0
DA:532,0
DA:533,0
DA:534,0
DA:535,0
DA:537,0
DA:541,0
DA:546,1
DA:547,1
DA:548,1
DA:549,1
DA:550,1
DA:551,0
DA:552,0
DA:554,1
DA:555,1
DA:561,1
DA:562,1
DA:563,1
DA:564,1
DA:565,1
DA:566,0
DA:567,0
DA:569,1
DA:570,1
DA:575,1
DA:576,0
DA:577,0
DA:578,0
DA:579,0
DA:580,0
DA:581,0
DA:584,0
DA:588,1
DA:589,0
DA:590,0
DA:591,0
DA:592,0
DA:593,0
DA:594,0
DA:597,0
LF:346
LH:203
BRDA:10,0,0,0
BRDA:10,0,1,1
BRDA:25,1,0,0
BRDA:25,1,1,0
BRDA:43,2,0,4
BRDA:43,2,1,0
BRDA:47,3,0,1
BRDA:47,3,1,3
BRDA:57,4,0,1
BRDA:57,4,1,3
BRDA:67,5,0,0
BRDA:67,5,1,4
BRDA:82,6,0,0
BRDA:82,6,1,0
BRDA:98,7,0,0
BRDA:98,7,1,1
BRDA:113,8,0,0
BRDA:113,8,1,1
BRDA:128,9,0,0
BRDA:128,9,1,1
BRDA:142,10,0,0
BRDA:142,10,1,1
BRDA:147,11,0,1
BRDA:147,11,1,0
BRDA:165,12,0,0
BRDA:165,12,1,0
BRDA:183,13,0,0
BRDA:183,13,1,1
BRDA:200,14,0,0
BRDA:200,14,1,0
BRDA:215,15,0,3
BRDA:215,15,1,0
BRDA:223,16,0,1
BRDA:223,16,1,2
BRDA:241,17,0,1
BRDA:241,17,1,1
BRDA:245,18,0,1
BRDA:245,18,1,1
BRDA:250,19,0,0
BRDA:250,19,1,2
BRDA:268,20,0,0
BRDA:268,20,1,33
BRDA:286,21,0,0
BRDA:286,21,1,1
BRDA:304,22,0,0
BRDA:304,22,1,31
BRDA:320,23,0,2
BRDA:320,23,1,3
BRDA:324,24,0,0
BRDA:324,24,1,3
BRDA:333,25,0,0
BRDA:333,25,1,5
BRDA:349,26,0,0
BRDA:349,26,1,1
BRDA:358,27,0,0
BRDA:358,27,1,1
BRDA:374,28,0,0
BRDA:374,28,1,0
BRDA:389,29,0,0
BRDA:389,29,1,0
BRDA:393,30,0,0
BRDA:393,30,1,0
BRDA:399,31,0,0
BRDA:399,31,1,0
BRDA:418,32,0,0
BRDA:418,32,1,50
BRDA:431,33,0,0
BRDA:431,33,1,8
BRDA:446,34,0,0
BRDA:446,34,1,1
BRDA:460,35,0,0
BRDA:460,35,1,1
BRDA:475,36,0,0
BRDA:475,36,1,37
BRDA:489,37,0,0
BRDA:489,37,1,35
BRDA:503,38,0,0
BRDA:503,38,1,1
BRDA:518,39,0,0
BRDA:518,39,1,0
BRDA:533,40,0,0
BRDA:533,40,1,0
BRDA:550,41,0,0
BRDA:550,41,1,1
BRDA:565,42,0,0
BRDA:565,42,1,1
BRDA:579,43,0,0
BRDA:579,43,1,0
BRDA:592,44,0,0
BRDA:592,44,1,0
BRF:90
BRH:39
end_of_record
TN:
SF:userDao.js
FN:7,(anonymous_0)
FN:8,(anonymous_1)
FN:10,(anonymous_2)
FN:24,(anonymous_3)
FN:25,(anonymous_4)
FN:27,(anonymous_5)
FN:37,(anonymous_6)
FN:48,(anonymous_7)
FN:49,(anonymous_8)
FN:53,(anonymous_9)
FN:59,(anonymous_10)
FN:71,(anonymous_11)
FN:85,(anonymous_12)
FN:86,(anonymous_13)
FN:88,(anonymous_14)
FNF:15
FNH:15
FNDA:43,(anonymous_0)
FNDA:43,(anonymous_1)
FNDA:43,(anonymous_2)
FNDA:10,(anonymous_3)
FNDA:10,(anonymous_4)
FNDA:10,(anonymous_5)
FNDA:10,(anonymous_6)
FNDA:3,(anonymous_7)
FNDA:3,(anonymous_8)
FNDA:3,(anonymous_9)
FNDA:2,(anonymous_10)
FNDA:2,(anonymous_11)
FNDA:1,(anonymous_12)
FNDA:1,(anonymous_13)
FNDA:1,(anonymous_14)
DA:4,1
DA:5,1
DA:7,1
DA:8,43
DA:9,43
DA:10,43
DA:11,43
DA:12,0
DA:13,43
DA:14,0
DA:17,43
DA:18,43
DA:24,1
DA:25,10
DA:26,10
DA:27,10
DA:28,10
DA:29,0
DA:30,10
DA:31,0
DA:34,10
DA:37,10
DA:38,10
DA:39,9
DA:41,1
DA:48,1
DA:49,3
DA:50,3
DA:51,3
DA:52,3
DA:53,3
DA:54,3
DA:55,1
DA:56,1
DA:58,2
DA:59,2
DA:60,2
DA:61,0
DA:62,0
DA:64,2
DA:65,2
DA:66,0
DA:67,0
DA:70,2
DA:71,2
DA:72,2
DA:73,1
DA:75,2
DA:80,0
DA:85,1
DA:86,1
DA:87,1
DA:88,1
DA:89,1
DA:90,0
DA:92,1
LF:56
LH:46
BRDA:11,0,0,0
BRDA:11,0,1,43
BRDA:13,1,0,0
BRDA:13,1,1,43
BRDA:28,2,0,0
BRDA:28,2,1,10
BRDA:30,3,0,0
BRDA:30,3,1,10
BRDA:38,4,0,9
BRDA:38,4,1,1
BRDA:54,5,0,1
BRDA:54,5,1,2
BRDA:60,6,0,0
BRDA:60,6,1,2
BRDA:65,7,0,0
BRDA:65,7,1,2
BRDA:72,8,0,1
BRDA:72,8,1,1
BRDA:89,9,0,0
BRDA:89,9,1,1
BRF:20
BRH:13
end_of_record
