TN:
SF:app.js
FN:29,(anonymous_0)
FN:30,(anonymous_1)
FN:41,(anonymous_2)
FN:46,(anonymous_3)
FN:48,(anonymous_4)
FN:50,(anonymous_5)
FN:64,(anonymous_6)
FN:88,checkTimeAndConstraints
FN:95,(anonymous_8)
FN:97,(anonymous_9)
FN:105,subscribe
FN:125,(anonymous_11)
FN:133,(anonymous_12)
FN:166,(anonymous_13)
FN:174,sendNewProductNotification
FN:181,(anonymous_15)
FN:198,(anonymous_16)
FN:203,(anonymous_17)
FN:220,(anonymous_18)
FN:235,(anonymous_19)
FN:240,(anonymous_20)
FN:245,(anonymous_21)
FN:261,(anonymous_22)
FN:278,(anonymous_23)
FN:307,(anonymous_24)
FN:340,(anonymous_25)
FN:356,(anonymous_26)
FN:376,(anonymous_27)
FN:392,(anonymous_28)
FN:408,(anonymous_29)
FN:416,(anonymous_30)
FN:426,(anonymous_31)
FN:444,(anonymous_32)
FN:461,(anonymous_33)
FN:477,(anonymous_34)
FN:497,(anonymous_35)
FN:525,(anonymous_36)
FN:540,(anonymous_37)
FN:546,(anonymous_38)
FN:561,(anonymous_39)
FN:583,(anonymous_40)
FN:609,(anonymous_41)
FN:623,(anonymous_42)
FN:638,(anonymous_43)
FN:660,(anonymous_44)
FN:675,(anonymous_45)
FN:690,(anonymous_46)
FN:700,(anonymous_47)
FN:701,(anonymous_48)
FN:725,(anonymous_49)
FN:731,(anonymous_50)
FN:749,(anonymous_51)
FN:763,(anonymous_52)
FN:785,(anonymous_53)
FN:791,(anonymous_54)
FN:815,(anonymous_55)
FN:816,(anonymous_56)
FN:825,(anonymous_57)
FN:838,(anonymous_58)
FN:855,(anonymous_59)
FN:863,(anonymous_60)
FN:870,(anonymous_61)
FNF:62
FNH:5
FNDA:0,(anonymous_0)
FNDA:0,(anonymous_1)
FNDA:0,(anonymous_2)
FNDA:0,(anonymous_3)
FNDA:0,(anonymous_4)
FNDA:0,(anonymous_5)
FNDA:0,(anonymous_6)
FNDA:1,checkTimeAndConstraints
FNDA:0,(anonymous_8)
FNDA:1,(anonymous_9)
FNDA:1,subscribe
FNDA:0,(anonymous_11)
FNDA:0,(anonymous_12)
FNDA:1,(anonymous_13)
FNDA:0,sendNewProductNotification
FNDA:0,(anonymous_15)
FNDA:0,(anonymous_16)
FNDA:0,(anonymous_17)
FNDA:0,(anonymous_18)
FNDA:0,(anonymous_19)
FNDA:0,(anonymous_20)
FNDA:0,(anonymous_21)
FNDA:1,(anonymous_22)
FNDA:0,(anonymous_23)
FNDA:0,(anonymous_24)
FNDA:0,(anonymous_25)
FNDA:0,(anonymous_26)
FNDA:0,(anonymous_27)
FNDA:0,(anonymous_28)
FNDA:0,(anonymous_29)
FNDA:0,(anonymous_30)
FNDA:0,(anonymous_31)
FNDA:0,(anonymous_32)
FNDA:0,(anonymous_33)
FNDA:0,(anonymous_34)
FNDA:0,(anonymous_35)
FNDA:0,(anonymous_36)
FNDA:0,(anonymous_37)
FNDA:0,(anonymous_38)
FNDA:0,(anonymous_39)
FNDA:0,(anonymous_40)
FNDA:0,(anonymous_41)
FNDA:0,(anonymous_42)
FNDA:0,(anonymous_43)
FNDA:0,(anonymous_44)
FNDA:0,(anonymous_45)
FNDA:0,(anonymous_46)
FNDA:0,(anonymous_47)
FNDA:0,(anonymous_48)
FNDA:0,(anonymous_49)
FNDA:0,(anonymous_50)
FNDA:0,(anonymous_51)
FNDA:0,(anonymous_52)
FNDA:0,(anonymous_53)
FNDA:0,(anonymous_54)
FNDA:0,(anonymous_55)
FNDA:0,(anonymous_56)
FNDA:0,(anonymous_57)
FNDA:0,(anonymous_58)
FNDA:0,(anonymous_59)
FNDA:0,(anonymous_60)
FNDA:0,(anonymous_61)
DA:3,1
DA:4,1
DA:5,1
DA:6,1
DA:7,1
DA:9,1
DA:10,1
DA:11,1
DA:12,1
DA:13,1
DA:14,1
DA:15,1
DA:16,1
DA:17,1
DA:18,1
DA:19,1
DA:20,1
DA:28,1
DA:30,0
DA:31,0
DA:32,0
DA:34,0
DA:41,1
DA:42,0
DA:46,1
DA:47,0
DA:49,0
DA:51,0
DA:56,1
DA:57,1
DA:58,1
DA:59,1
DA:60,1
DA:61,1
DA:64,1
DA:65,0
DA:66,0
DA:68,0
DA:72,1
DA:80,1
DA:81,1
DA:84,1
DA:89,1
DA:90,0
DA:91,0
DA:92,0
DA:93,0
DA:95,0
DA:97,1
DA:98,0
DA:103,1
DA:106,1
DA:107,0
DA:116,0
DA:121,0
DA:122,0
DA:125,0
DA:126,0
DA:129,0
DA:130,0
DA:131,0
DA:132,0
DA:133,0
DA:134,0
DA:135,0
DA:138,0
DA:140,0
DA:142,0
DA:143,0
DA:146,0
DA:147,0
DA:148,0
DA:149,0
DA:150,0
DA:151,0
DA:152,0
DA:153,0
DA:161,0
DA:164,1
DA:165,1
DA:166,1
DA:167,0
DA:172,1
DA:175,0
DA:176,0
DA:177,0
DA:178,0
DA:181,0
DA:182,0
DA:193,0
DA:198,1
DA:199,0
DA:200,0
DA:201,0
DA:203,0
DA:204,0
DA:205,0
DA:206,0
DA:209,0
DA:210,0
DA:213,0
DA:216,0
DA:220,1
DA:221,0
DA:222,0
DA:224,0
DA:225,0
DA:226,0
DA:229,0
DA:230,0
DA:235,1
DA:236,0
DA:240,1
DA:241,0
DA:245,1
DA:246,0
DA:247,0
DA:248,0
DA:249,0
DA:252,0
DA:255,0
DA:256,0
DA:261,1
DA:262,1
DA:263,1
DA:264,1
DA:265,0
DA:268,1
DA:271,0
DA:272,0
DA:278,1
DA:279,0
DA:280,0
DA:281,0
DA:282,0
DA:283,0
DA:286,0
DA:287,0
DA:288,0
DA:289,0
DA:290,0
DA:292,0
DA:293,0
DA:294,0
DA:296,0
DA:299,0
DA:300,0
DA:307,1
DA:308,0
DA:310,0
DA:311,0
DA:312,0
DA:313,0
DA:314,0
DA:316,0
DA:317,0
DA:318,0
DA:321,0
DA:322,0
DA:324,0
DA:325,0
DA:326,0
DA:327,0
DA:330,0
DA:333,0
DA:334,0
DA:340,1
DA:341,0
DA:342,0
DA:343,0
DA:344,0
DA:345,0
DA:346,0
DA:348,0
DA:349,0
DA:351,0
DA:356,1
DA:357,0
DA:358,0
DA:359,0
DA:360,0
DA:362,0
DA:363,0
DA:364,0
DA:367,0
DA:371,0
DA:376,1
DA:377,0
DA:378,0
DA:379,0
DA:380,0
DA:383,0
DA:386,0
DA:387,0
DA:392,1
DA:393,0
DA:394,0
DA:395,0
DA:396,0
DA:399,0
DA:402,0
DA:403,0
DA:408,1
DA:409,0
DA:410,0
DA:411,0
DA:412,0
DA:413,0
DA:416,0
DA:417,0
DA:420,0
DA:421,0
DA:426,1
DA:428,0
DA:430,0
DA:431,0
DA:432,0
DA:433,0
DA:436,0
DA:444,1
DA:446,0
DA:448,0
DA:449,0
DA:450,0
DA:453,0
DA:461,1
DA:462,0
DA:463,0
DA:464,0
DA:465,0
DA:466,0
DA:467,0
DA:469,0
DA:477,1
DA:479,0
DA:480,0
DA:481,0
DA:482,0
DA:483,0
DA:486,0
DA:487,0
DA:488,0
DA:490,0
DA:491,0
DA:492,0
DA:493,0
DA:496,0
DA:497,0
DA:498,0
DA:499,0
DA:501,0
DA:502,0
DA:504,0
DA:505,0
DA:506,0
DA:507,0
DA:508,0
DA:509,0
DA:510,0
DA:511,0
DA:513,0
DA:514,0
DA:517,0
DA:518,0
DA:519,0
DA:525,1
DA:526,0
DA:527,0
DA:528,0
DA:529,0
DA:531,0
DA:534,0
DA:535,0
DA:540,1
DA:541,0
DA:542,0
DA:546,1
DA:547,0
DA:548,0
DA:549,0
DA:550,0
DA:552,0
DA:555,0
DA:556,0
DA:561,1
DA:562,0
DA:563,0
DA:564,0
DA:565,0
DA:566,0
DA:569,0
DA:570,0
DA:571,0
DA:572,0
DA:573,0
DA:574,0
DA:577,0
DA:578,0
DA:583,1
DA:585,0
DA:586,0
DA:587,0
DA:588,0
DA:589,0
DA:592,0
DA:593,0
DA:597,0
DA:598,0
DA:599,0
DA:600,0
DA:603,0
DA:604,0
DA:609,1
DA:610,0
DA:611,0
DA:612,0
DA:613,0
DA:614,0
DA:616,0
DA:617,0
DA:623,1
DA:624,0
DA:625,0
DA:626,0
DA:627,0
DA:629,0
DA:632,0
DA:633,0
DA:638,1
DA:639,0
DA:640,0
DA:641,0
DA:642,0
DA:643,0
DA:646,0
DA:647,0
DA:648,0
DA:649,0
DA:650,0
DA:651,0
DA:654,0
DA:655,0
DA:660,1
DA:661,0
DA:662,0
DA:663,0
DA:664,0
DA:666,0
DA:669,0
DA:670,0
DA:675,1
DA:676,0
DA:677,0
DA:678,0
DA:679,0
DA:681,0
DA:684,0
DA:685,0
DA:690,1
DA:691,0
DA:692,0
DA:693,0
DA:694,0
DA:695,0
DA:696,0
DA:697,0
DA:698,0
DA:700,0
DA:701,0
DA:703,0
DA:704,0
DA:705,0
DA:706,0
DA:707,0
DA:710,0
DA:711,0
DA:714,0
DA:716,0
DA:719,0
DA:720,0
DA:725,1
DA:726,0
DA:727,0
DA:728,0
DA:729,0
DA:731,0
DA:732,0
DA:740,0
DA:743,0
DA:744,0
DA:749,1
DA:750,0
DA:751,0
DA:752,0
DA:753,0
DA:754,0
DA:755,0
DA:758,0
DA:759,0
DA:760,0
DA:761,0
DA:763,0
DA:764,0
DA:765,0
DA:768,0
DA:769,0
DA:770,0
DA:771,0
DA:773,0
DA:774,0
DA:775,0
DA:777,0
DA:780,0
DA:781,0
DA:785,1
DA:786,0
DA:787,0
DA:788,0
DA:789,0
DA:791,0
DA:792,0
DA:793,0
DA:794,0
DA:797,0
DA:798,0
DA:799,0
DA:802,0
DA:806,0
DA:807,0
DA:815,1
DA:816,0
DA:817,0
DA:818,0
DA:819,0
DA:822,0
DA:825,0
DA:826,0
DA:827,0
DA:831,0
DA:838,1
DA:839,0
DA:840,0
DA:841,0
DA:842,0
DA:843,0
DA:844,0
DA:846,0
DA:849,0
DA:850,0
DA:855,1
DA:856,0
DA:857,0
DA:863,1
DA:864,0
DA:865,0
DA:870,1
DA:871,0
DA:872,0
DA:875,0
DA:878,1
LF:460
LH:80
BRDA:31,0,0,0
BRDA:31,0,1,0
BRDA:65,1,0,0
BRDA:65,1,1,0
BRDA:89,2,0,0
BRDA:89,2,1,1
BRDA:92,3,0,0
BRDA:92,3,1,0
BRDA:92,4,0,0
BRDA:92,4,1,0
BRDA:92,4,2,0
BRDA:106,5,0,0
BRDA:106,5,1,1
BRDA:116,6,0,0
BRDA:116,6,1,0
BRDA:122,7,0,0
BRDA:122,7,1,0
BRDA:130,8,0,0
BRDA:130,8,1,0
BRDA:134,9,0,0
BRDA:134,9,1,0
BRDA:135,10,0,0
BRDA:135,10,1,0
BRDA:140,11,0,0
BRDA:140,11,1,0
BRDA:146,12,0,0
BRDA:146,12,1,0
BRDA:147,13,0,0
BRDA:147,13,1,0
BRDA:150,14,0,0
BRDA:150,14,1,0
BRDA:152,15,0,0
BRDA:152,15,1,0
BRDA:177,16,0,0
BRDA:177,16,1,0
BRDA:204,17,0,0
BRDA:204,17,1,0
BRDA:248,18,0,0
BRDA:248,18,1,0
BRDA:264,19,0,0
BRDA:264,19,1,1
BRDA:281,20,0,0
BRDA:281,20,1,0
BRDA:281,21,0,0
BRDA:281,21,1,0
BRDA:281,21,2,0
BRDA:288,22,0,0
BRDA:288,22,1,0
BRDA:293,23,0,0
BRDA:293,23,1,0
BRDA:312,24,0,0
BRDA:312,24,1,0
BRDA:312,25,0,0
BRDA:312,25,1,0
BRDA:312,26,0,0
BRDA:312,26,1,0
BRDA:312,26,2,0
BRDA:316,27,0,0
BRDA:316,27,1,0
BRDA:316,28,0,0
BRDA:316,28,1,0
BRDA:316,29,0,0
BRDA:316,29,1,0
BRDA:324,30,0,0
BRDA:324,30,1,0
BRDA:326,31,0,0
BRDA:326,31,1,0
BRDA:344,32,0,0
BRDA:344,32,1,0
BRDA:344,33,0,0
BRDA:344,33,1,0
BRDA:344,33,2,0
BRDA:360,34,0,0
BRDA:360,34,1,0
BRDA:363,35,0,0
BRDA:363,35,1,0
BRDA:379,36,0,0
BRDA:379,36,1,0
BRDA:395,37,0,0
BRDA:395,37,1,0
BRDA:412,38,0,0
BRDA:412,38,1,0
BRDA:416,39,0,0
BRDA:416,39,1,0
BRDA:416,40,0,0
BRDA:416,40,1,0
BRDA:481,41,0,0
BRDA:481,41,1,0
BRDA:481,42,0,0
BRDA:481,42,1,0
BRDA:481,42,2,0
BRDA:481,42,3,0
BRDA:481,42,4,0
BRDA:488,43,0,0
BRDA:488,43,1,0
BRDA:499,44,0,0
BRDA:499,44,1,0
BRDA:501,45,0,0
BRDA:501,45,1,0
BRDA:510,46,0,0
BRDA:510,46,1,0
BRDA:513,47,0,0
BRDA:513,47,1,0
BRDA:528,48,0,0
BRDA:528,48,1,0
BRDA:549,49,0,0
BRDA:549,49,1,0
BRDA:564,50,0,0
BRDA:564,50,1,0
BRDA:564,51,0,0
BRDA:564,51,1,0
BRDA:564,51,2,0
BRDA:564,51,3,0
BRDA:564,51,4,0
BRDA:564,51,5,0
BRDA:571,52,0,0
BRDA:571,52,1,0
BRDA:573,53,0,0
BRDA:573,53,1,0
BRDA:587,54,0,0
BRDA:587,54,1,0
BRDA:587,55,0,0
BRDA:587,55,1,0
BRDA:587,55,2,0
BRDA:587,55,3,0
BRDA:587,55,4,0
BRDA:587,55,5,0
BRDA:599,56,0,0
BRDA:599,56,1,0
BRDA:613,57,0,0
BRDA:613,57,1,0
BRDA:626,58,0,0
BRDA:626,58,1,0
BRDA:641,59,0,0
BRDA:641,59,1,0
BRDA:641,60,0,0
BRDA:641,60,1,0
BRDA:641,60,2,0
BRDA:641,60,3,0
BRDA:641,60,4,0
BRDA:641,60,5,0
BRDA:648,61,0,0
BRDA:648,61,1,0
BRDA:650,62,0,0
BRDA:650,62,1,0
BRDA:663,63,0,0
BRDA:663,63,1,0
BRDA:678,64,0,0
BRDA:678,64,1,0
BRDA:697,65,0,0
BRDA:697,65,1,0
BRDA:703,66,0,0
BRDA:703,66,1,0
BRDA:704,67,0,0
BRDA:704,67,1,0
BRDA:716,68,0,0
BRDA:716,68,1,0
BRDA:728,69,0,0
BRDA:728,69,1,0
BRDA:753,70,0,0
BRDA:753,70,1,0
BRDA:753,71,0,0
BRDA:753,71,1,0
BRDA:753,71,2,0
BRDA:760,72,0,0
BRDA:760,72,1,0
BRDA:764,73,0,0
BRDA:764,73,1,0
BRDA:770,74,0,0
BRDA:770,74,1,0
BRDA:774,75,0,0
BRDA:774,75,1,0
BRDA:793,76,0,0
BRDA:793,76,1,0
BRDA:798,77,0,0
BRDA:798,77,1,0
BRDA:817,78,0,0
BRDA:817,78,1,0
BRDA:819,79,0,0
BRDA:819,79,1,0
BRDA:826,80,0,0
BRDA:826,80,1,0
BRDA:843,81,0,0
BRDA:843,81,1,0
BRDA:871,82,0,0
BRDA:871,82,1,0
BRF:186
BRH:3
end_of_record
TN:
SF:db.js
FN:6,(anonymous_0)
FNF:1
FNH:1
FNDA:1,(anonymous_0)
DA:3,1
DA:6,1
DA:7,1
DA:10,1
LF:4
LH:4
BRDA:7,0,0,0
BRDA:7,0,1,1
BRF:2
BRH:1
end_of_record
TN:
SF:spgDao.js
FN:6,(anonymous_0)
FN:7,(anonymous_1)
FN:9,(anonymous_2)
FN:14,(anonymous_3)
FN:20,(anonymous_4)
FN:21,(anonymous_5)
FN:23,(anonymous_6)
FN:36,(anonymous_7)
FN:37,(anonymous_8)
FN:66,(anonymous_9)
FN:71,(anonymous_10)
FN:78,(anonymous_11)
FN:79,(anonymous_12)
FN:81,(anonymous_13)
FN:86,(anonymous_14)
FN:93,(anonymous_15)
FN:94,(anonymous_16)
FN:96,(anonymous_17)
FN:101,(anonymous_18)
FN:108,(anonymous_19)
FN:109,(anonymous_20)
FN:111,(anonymous_21)
FN:116,(anonymous_22)
FN:123,(anonymous_23)
FN:124,(anonymous_24)
FN:126,(anonymous_25)
FN:137,(anonymous_26)
FN:138,(anonymous_27)
FN:140,(anonymous_28)
FN:158,(anonymous_29)
FN:160,(anonymous_30)
FN:162,(anonymous_31)
FN:176,(anonymous_32)
FN:177,(anonymous_33)
FN:179,(anonymous_34)
FN:186,(anonymous_35)
FN:190,(anonymous_36)
FN:191,(anonymous_37)
FN:193,(anonymous_38)
FN:204,(anonymous_39)
FN:206,(anonymous_40)
FN:216,(anonymous_41)
FN:223,(anonymous_42)
FN:228,(anonymous_43)
FN:229,(anonymous_44)
FN:243,(anonymous_45)
FN:250,(anonymous_46)
FN:254,(anonymous_47)
FN:255,(anonymous_48)
FN:257,(anonymous_49)
FN:264,(anonymous_50)
FN:268,(anonymous_51)
FN:270,(anonymous_52)
FN:272,(anonymous_53)
FN:279,(anonymous_54)
FN:285,(anonymous_55)
FN:287,(anonymous_56)
FN:289,(anonymous_57)
FN:296,(anonymous_58)
FN:301,(anonymous_59)
FN:302,(anonymous_60)
FN:304,(anonymous_61)
FN:311,(anonymous_62)
FN:316,(anonymous_63)
FN:330,(anonymous_64)
FN:331,(anonymous_65)
FN:336,(anonymous_66)
FN:344,(anonymous_67)
FN:345,(anonymous_68)
FN:356,(anonymous_69)
FN:361,(anonymous_70)
FN:368,(anonymous_71)
FN:369,(anonymous_72)
FN:371,(anonymous_73)
FN:378,(anonymous_74)
FN:382,(anonymous_75)
FN:386,(anonymous_76)
FN:388,(anonymous_77)
FN:394,(anonymous_78)
FN:409,(anonymous_79)
FN:410,(anonymous_80)
FN:412,(anonymous_81)
FN:423,(anonymous_82)
FN:424,(anonymous_83)
FN:426,(anonymous_84)
FN:438,(anonymous_85)
FN:439,(anonymous_86)
FN:441,(anonymous_87)
FN:452,(anonymous_88)
FN:453,(anonymous_89)
FN:455,(anonymous_90)
FN:467,(anonymous_91)
FN:468,(anonymous_92)
FN:470,(anonymous_93)
FN:481,(anonymous_94)
FN:482,(anonymous_95)
FN:484,(anonymous_96)
FN:495,(anonymous_97)
FN:496,(anonymous_98)
FN:498,(anonymous_99)
FN:503,(anonymous_100)
FN:510,(anonymous_101)
FN:511,(anonymous_102)
FN:513,(anonymous_103)
FN:524,(anonymous_104)
FN:525,(anonymous_105)
FN:527,(anonymous_106)
FN:534,(anonymous_107)
FN:539,(anonymous_108)
FN:540,(anonymous_109)
FN:542,(anonymous_110)
FN:547,(anonymous_111)
FN:554,(anonymous_112)
FN:555,(anonymous_113)
FN:557,(anonymous_114)
FN:562,(anonymous_115)
FN:568,(anonymous_116)
FN:569,(anonymous_117)
FN:571,(anonymous_118)
FN:581,(anonymous_119)
FN:582,(anonymous_120)
FN:584,(anonymous_121)
FN:595,(anonymous_122)
FN:596,(anonymous_123)
FN:598,(anonymous_124)
FN:603,(anonymous_125)
FN:610,(anonymous_126)
FN:611,(anonymous_127)
FN:613,(anonymous_128)
FN:624,(anonymous_129)
FN:625,(anonymous_130)
FN:627,(anonymous_131)
FN:638,(anonymous_132)
FN:639,(anonymous_133)
FN:641,(anonymous_134)
FN:646,(anonymous_135)
FN:652,(anonymous_136)
FN:654,(anonymous_137)
FN:668,(anonymous_138)
FNF:139
FNH:8
FNDA:1,(anonymous_0)
FNDA:1,(anonymous_1)
FNDA:1,(anonymous_2)
FNDA:12,(anonymous_3)
FNDA:0,(anonymous_4)
FNDA:0,(anonymous_5)
FNDA:0,(anonymous_6)
FNDA:0,(anonymous_7)
FNDA:0,(anonymous_8)
FNDA:0,(anonymous_9)
FNDA:0,(anonymous_10)
FNDA:0,(anonymous_11)
FNDA:0,(anonymous_12)
FNDA:0,(anonymous_13)
FNDA:0,(anonymous_14)
FNDA:0,(anonymous_15)
FNDA:0,(anonymous_16)
FNDA:0,(anonymous_17)
FNDA:0,(anonymous_18)
FNDA:0,(anonymous_19)
FNDA:0,(anonymous_20)
FNDA:0,(anonymous_21)
FNDA:0,(anonymous_22)
FNDA:0,(anonymous_23)
FNDA:0,(anonymous_24)
FNDA:0,(anonymous_25)
FNDA:0,(anonymous_26)
FNDA:0,(anonymous_27)
FNDA:0,(anonymous_28)
FNDA:0,(anonymous_29)
FNDA:0,(anonymous_30)
FNDA:0,(anonymous_31)
FNDA:0,(anonymous_32)
FNDA:0,(anonymous_33)
FNDA:0,(anonymous_34)
FNDA:0,(anonymous_35)
FNDA:0,(anonymous_36)
FNDA:0,(anonymous_37)
FNDA:0,(anonymous_38)
FNDA:0,(anonymous_39)
FNDA:0,(anonymous_40)
FNDA:0,(anonymous_41)
FNDA:0,(anonymous_42)
FNDA:0,(anonymous_43)
FNDA:0,(anonymous_44)
FNDA:0,(anonymous_45)
FNDA:0,(anonymous_46)
FNDA:0,(anonymous_47)
FNDA:0,(anonymous_48)
FNDA:0,(anonymous_49)
FNDA:0,(anonymous_50)
FNDA:0,(anonymous_51)
FNDA:0,(anonymous_52)
FNDA:0,(anonymous_53)
FNDA:0,(anonymous_54)
FNDA:0,(anonymous_55)
FNDA:0,(anonymous_56)
FNDA:0,(anonymous_57)
FNDA:0,(anonymous_58)
FNDA:0,(anonymous_59)
FNDA:0,(anonymous_60)
FNDA:0,(anonymous_61)
FNDA:0,(anonymous_62)
FNDA:0,(anonymous_63)
FNDA:0,(anonymous_64)
FNDA:0,(anonymous_65)
FNDA:0,(anonymous_66)
FNDA:0,(anonymous_67)
FNDA:0,(anonymous_68)
FNDA:0,(anonymous_69)
FNDA:0,(anonymous_70)
FNDA:0,(anonymous_71)
FNDA:0,(anonymous_72)
FNDA:0,(anonymous_73)
FNDA:0,(anonymous_74)
FNDA:0,(anonymous_75)
FNDA:0,(anonymous_76)
FNDA:0,(anonymous_77)
FNDA:0,(anonymous_78)
FNDA:0,(anonymous_79)
FNDA:0,(anonymous_80)
FNDA:0,(anonymous_81)
FNDA:0,(anonymous_82)
FNDA:0,(anonymous_83)
FNDA:0,(anonymous_84)
FNDA:0,(anonymous_85)
FNDA:0,(anonymous_86)
FNDA:0,(anonymous_87)
FNDA:0,(anonymous_88)
FNDA:0,(anonymous_89)
FNDA:0,(anonymous_90)
FNDA:0,(anonymous_91)
FNDA:0,(anonymous_92)
FNDA:0,(anonymous_93)
FNDA:0,(anonymous_94)
FNDA:0,(anonymous_95)
FNDA:0,(anonymous_96)
FNDA:0,(anonymous_97)
FNDA:0,(anonymous_98)
FNDA:0,(anonymous_99)
FNDA:0,(anonymous_100)
FNDA:0,(anonymous_101)
FNDA:0,(anonymous_102)
FNDA:0,(anonymous_103)
FNDA:0,(anonymous_104)
FNDA:0,(anonymous_105)
FNDA:0,(anonymous_106)
FNDA:0,(anonymous_107)
FNDA:0,(anonymous_108)
FNDA:0,(anonymous_109)
FNDA:0,(anonymous_110)
FNDA:0,(anonymous_111)
FNDA:0,(anonymous_112)
FNDA:0,(anonymous_113)
FNDA:0,(anonymous_114)
FNDA:0,(anonymous_115)
FNDA:0,(anonymous_116)
FNDA:0,(anonymous_117)
FNDA:0,(anonymous_118)
FNDA:0,(anonymous_119)
FNDA:0,(anonymous_120)
FNDA:0,(anonymous_121)
FNDA:1,(anonymous_122)
FNDA:1,(anonymous_123)
FNDA:1,(anonymous_124)
FNDA:1,(anonymous_125)
FNDA:0,(anonymous_126)
FNDA:0,(anonymous_127)
FNDA:0,(anonymous_128)
FNDA:0,(anonymous_129)
FNDA:0,(anonymous_130)
FNDA:0,(anonymous_131)
FNDA:0,(anonymous_132)
FNDA:0,(anonymous_133)
FNDA:0,(anonymous_134)
FNDA:0,(anonymous_135)
FNDA:0,(anonymous_136)
FNDA:0,(anonymous_137)
FNDA:0,(anonymous_138)
DA:2,1
DA:3,1
DA:6,1
DA:7,1
DA:8,1
DA:9,1
DA:10,1
DA:11,0
DA:12,0
DA:14,12
DA:15,1
DA:20,1
DA:21,0
DA:22,0
DA:23,0
DA:24,0
DA:25,0
DA:26,0
DA:27,0
DA:29,0
DA:36,1
DA:37,0
DA:39,0
DA:41,0
DA:42,0
DA:43,0
DA:44,0
DA:46,0
DA:47,0
DA:48,0
DA:49,0
DA:52,0
DA:53,0
DA:57,0
DA:58,0
DA:59,0
DA:62,0
DA:66,0
DA:67,0
DA:68,0
DA:69,0
DA:71,0
DA:72,0
DA:78,1
DA:79,0
DA:80,0
DA:81,0
DA:82,0
DA:83,0
DA:84,0
DA:86,0
DA:87,0
DA:93,1
DA:94,0
DA:95,0
DA:96,0
DA:97,0
DA:98,0
DA:99,0
DA:101,0
DA:102,0
DA:108,1
DA:109,0
DA:110,0
DA:111,0
DA:112,0
DA:113,0
DA:114,0
DA:116,0
DA:117,0
DA:123,1
DA:124,0
DA:125,0
DA:126,0
DA:127,0
DA:128,0
DA:129,0
DA:131,0
DA:137,1
DA:138,0
DA:139,0
DA:140,0
DA:141,0
DA:143,0
DA:144,0
DA:146,0
DA:147,0
DA:148,0
DA:152,0
DA:158,1
DA:159,0
DA:160,0
DA:161,0
DA:162,0
DA:163,0
DA:164,0
DA:165,0
DA:167,0
DA:171,0
DA:176,1
DA:177,0
DA:178,0
DA:179,0
DA:180,0
DA:181,0
DA:182,0
DA:184,0
DA:186,0
DA:190,1
DA:191,0
DA:192,0
DA:193,0
DA:194,0
DA:195,0
DA:196,0
DA:198,0
DA:204,1
DA:205,0
DA:206,0
DA:207,0
DA:208,0
DA:209,0
DA:210,0
DA:212,0
DA:213,0
DA:216,0
DA:217,0
DA:218,0
DA:219,0
DA:221,0
DA:223,0
DA:228,1
DA:229,0
DA:231,0
DA:232,0
DA:233,0
DA:234,0
DA:236,0
DA:238,0
DA:240,0
DA:243,0
DA:244,0
DA:245,0
DA:246,0
DA:248,0
DA:250,0
DA:254,1
DA:255,0
DA:256,0
DA:257,0
DA:258,0
DA:259,0
DA:260,0
DA:262,0
DA:264,0
DA:268,1
DA:270,0
DA:271,0
DA:272,0
DA:273,0
DA:274,0
DA:275,0
DA:277,0
DA:279,0
DA:285,1
DA:287,0
DA:288,0
DA:289,0
DA:290,0
DA:291,0
DA:293,0
DA:296,0
DA:301,1
DA:302,0
DA:303,0
DA:304,0
DA:305,0
DA:306,0
DA:308,0
DA:311,0
DA:316,1
DA:318,0
DA:319,0
DA:320,0
DA:321,0
DA:323,0
DA:324,0
DA:325,0
DA:328,0
DA:330,0
DA:331,0
DA:332,0
DA:333,0
DA:334,0
DA:336,0
DA:337,0
DA:344,1
DA:345,0
DA:347,0
DA:348,0
DA:349,0
DA:350,0
DA:353,0
DA:354,0
DA:356,0
DA:357,0
DA:358,0
DA:359,0
DA:361,0
DA:362,0
DA:368,1
DA:369,0
DA:370,0
DA:371,0
DA:372,0
DA:373,0
DA:374,0
DA:376,0
DA:378,0
DA:382,1
DA:383,0
DA:384,0
DA:385,0
DA:386,0
DA:387,0
DA:388,0
DA:389,0
DA:390,0
DA:391,0
DA:393,0
DA:394,0
DA:395,0
DA:396,0
DA:397,0
DA:399,0
DA:404,0
DA:405,0
DA:409,1
DA:410,0
DA:411,0
DA:412,0
DA:414,0
DA:415,0
DA:416,0
DA:418,0
DA:423,1
DA:424,0
DA:425,0
DA:426,0
DA:427,0
DA:428,0
DA:429,0
DA:431,0
DA:438,1
DA:439,0
DA:440,0
DA:441,0
DA:442,0
DA:443,0
DA:444,0
DA:446,0
DA:452,1
DA:453,0
DA:454,0
DA:455,0
DA:456,0
DA:457,0
DA:458,0
DA:460,0
DA:461,0
DA:467,1
DA:468,0
DA:469,0
DA:470,0
DA:471,0
DA:472,0
DA:473,0
DA:475,0
DA:481,1
DA:482,0
DA:483,0
DA:484,0
DA:485,0
DA:486,0
DA:487,0
DA:489,0
DA:495,1
DA:496,0
DA:497,0
DA:498,0
DA:499,0
DA:500,0
DA:501,0
DA:503,0
DA:504,0
DA:510,1
DA:511,0
DA:512,0
DA:513,0
DA:514,0
DA:515,0
DA:516,0
DA:518,0
DA:524,1
DA:525,0
DA:526,0
DA:527,0
DA:528,0
DA:529,0
DA:530,0
DA:532,0
DA:534,0
DA:539,1
DA:540,0
DA:541,0
DA:542,0
DA:543,0
DA:544,0
DA:545,0
DA:547,0
DA:548,0
DA:554,1
DA:555,0
DA:556,0
DA:557,0
DA:558,0
DA:559,0
DA:560,0
DA:562,0
DA:563,0
DA:568,1
DA:569,0
DA:570,0
DA:571,0
DA:572,0
DA:573,0
DA:574,0
DA:577,0
DA:581,1
DA:582,0
DA:583,0
DA:584,0
DA:585,0
DA:586,0
DA:587,0
DA:590,0
DA:595,1
DA:596,1
DA:597,1
DA:598,1
DA:599,1
DA:600,0
DA:601,0
DA:603,1
DA:604,1
DA:610,1
DA:611,0
DA:612,0
DA:613,0
DA:614,0
DA:615,0
DA:616,0
DA:618,0
DA:624,1
DA:625,0
DA:626,0
DA:627,0
DA:628,0
DA:629,0
DA:630,0
DA:632,0
DA:638,1
DA:639,0
DA:640,0
DA:641,0
DA:642,0
DA:643,0
DA:644,0
DA:646,0
DA:647,0
DA:652,1
DA:654,0
DA:657,0
DA:658,0
DA:659,0
DA:660,0
DA:661,0
DA:663,0
DA:664,0
DA:665,0
DA:666,0
DA:668,0
DA:669,0
DA:670,0
DA:671,0
DA:674,0
LF:396
LH:53
BRDA:10,0,0,0
BRDA:10,0,1,1
BRDA:24,1,0,0
BRDA:24,1,1,0
BRDA:43,2,0,0
BRDA:43,2,1,0
BRDA:47,3,0,0
BRDA:47,3,1,0
BRDA:57,4,0,0
BRDA:57,4,1,0
BRDA:67,5,0,0
BRDA:67,5,1,0
BRDA:82,6,0,0
BRDA:82,6,1,0
BRDA:97,7,0,0
BRDA:97,7,1,0
BRDA:112,8,0,0
BRDA:112,8,1,0
BRDA:127,9,0,0
BRDA:127,9,1,0
BRDA:141,10,0,0
BRDA:141,10,1,0
BRDA:146,11,0,0
BRDA:146,11,1,0
BRDA:163,12,0,0
BRDA:163,12,1,0
BRDA:180,13,0,0
BRDA:180,13,1,0
BRDA:194,14,0,0
BRDA:194,14,1,0
BRDA:209,15,0,0
BRDA:209,15,1,0
BRDA:217,16,0,0
BRDA:217,16,1,0
BRDA:232,17,0,0
BRDA:232,17,1,0
BRDA:236,18,0,0
BRDA:236,18,1,0
BRDA:244,19,0,0
BRDA:244,19,1,0
BRDA:258,20,0,0
BRDA:258,20,1,0
BRDA:273,21,0,0
BRDA:273,21,1,0
BRDA:290,22,0,0
BRDA:290,22,1,0
BRDA:305,23,0,0
BRDA:305,23,1,0
BRDA:319,24,0,0
BRDA:319,24,1,0
BRDA:323,25,0,0
BRDA:323,25,1,0
BRDA:332,26,0,0
BRDA:332,26,1,0
BRDA:348,27,0,0
BRDA:348,27,1,0
BRDA:357,28,0,0
BRDA:357,28,1,0
BRDA:372,29,0,0
BRDA:372,29,1,0
BRDA:385,30,0,0
BRDA:385,30,1,0
BRDA:389,31,0,0
BRDA:389,31,1,0
BRDA:395,32,0,0
BRDA:395,32,1,0
BRDA:414,33,0,0
BRDA:414,33,1,0
BRDA:427,34,0,0
BRDA:427,34,1,0
BRDA:442,35,0,0
BRDA:442,35,1,0
BRDA:456,36,0,0
BRDA:456,36,1,0
BRDA:471,37,0,0
BRDA:471,37,1,0
BRDA:485,38,0,0
BRDA:485,38,1,0
BRDA:499,39,0,0
BRDA:499,39,1,0
BRDA:514,40,0,0
BRDA:514,40,1,0
BRDA:528,41,0,0
BRDA:528,41,1,0
BRDA:543,42,0,0
BRDA:543,42,1,0
BRDA:558,43,0,0
BRDA:558,43,1,0
BRDA:572,44,0,0
BRDA:572,44,1,0
BRDA:585,45,0,0
BRDA:585,45,1,0
BRDA:599,46,0,0
BRDA:599,46,1,1
BRDA:614,47,0,0
BRDA:614,47,1,0
BRDA:628,48,0,0
BRDA:628,48,1,0
BRDA:642,49,0,0
BRDA:642,49,1,0
BRDA:659,50,0,0
BRDA:659,50,1,0
BRDA:663,51,0,0
BRDA:663,51,1,0
BRDA:669,52,0,0
BRDA:669,52,1,0
BRF:106
BRH:2
end_of_record
TN:
SF:userDao.js
FN:7,(anonymous_0)
FN:8,(anonymous_1)
FN:10,(anonymous_2)
FN:24,(anonymous_3)
FN:25,(anonymous_4)
FN:27,(anonymous_5)
FN:37,(anonymous_6)
FN:48,(anonymous_7)
FN:49,(anonymous_8)
FN:53,(anonymous_9)
FN:59,(anonymous_10)
FN:71,(anonymous_11)
FN:85,(anonymous_12)
FN:86,(anonymous_13)
FN:88,(anonymous_14)
FNF:15
FNH:0
FNDA:0,(anonymous_0)
FNDA:0,(anonymous_1)
FNDA:0,(anonymous_2)
FNDA:0,(anonymous_3)
FNDA:0,(anonymous_4)
FNDA:0,(anonymous_5)
FNDA:0,(anonymous_6)
FNDA:0,(anonymous_7)
FNDA:0,(anonymous_8)
FNDA:0,(anonymous_9)
FNDA:0,(anonymous_10)
FNDA:0,(anonymous_11)
FNDA:0,(anonymous_12)
FNDA:0,(anonymous_13)
FNDA:0,(anonymous_14)
DA:4,1
DA:5,1
DA:7,1
DA:8,0
DA:9,0
DA:10,0
DA:11,0
DA:12,0
DA:13,0
DA:14,0
DA:17,0
DA:18,0
DA:24,1
DA:25,0
DA:26,0
DA:27,0
DA:28,0
DA:29,0
DA:30,0
DA:31,0
DA:34,0
DA:37,0
DA:38,0
DA:39,0
DA:41,0
DA:48,1
DA:49,0
DA:50,0
DA:51,0
DA:52,0
DA:53,0
DA:54,0
DA:55,0
DA:56,0
DA:58,0
DA:59,0
DA:60,0
DA:61,0
DA:62,0
DA:64,0
DA:65,0
DA:66,0
DA:67,0
DA:70,0
DA:71,0
DA:72,0
DA:73,0
DA:75,0
DA:80,0
DA:85,1
DA:86,0
DA:87,0
DA:88,0
DA:89,0
DA:90,0
DA:92,0
LF:56
LH:6
BRDA:11,0,0,0
BRDA:11,0,1,0
BRDA:13,1,0,0
BRDA:13,1,1,0
BRDA:28,2,0,0
BRDA:28,2,1,0
BRDA:30,3,0,0
BRDA:30,3,1,0
BRDA:38,4,0,0
BRDA:38,4,1,0
BRDA:54,5,0,0
BRDA:54,5,1,0
BRDA:60,6,0,0
BRDA:60,6,1,0
BRDA:65,7,0,0
BRDA:65,7,1,0
BRDA:72,8,0,0
BRDA:72,8,1,0
BRDA:89,9,0,0
BRDA:89,9,1,0
BRF:20
BRH:0
end_of_record
