{"C:\\Users\\fabia\\Desktop\\SE2\\spg\\client\\src\\App.js": {"path":"C:\\Users\\fabia\\Desktop\\SE2\\spg\\client\\src\\App.js","statementMap":{"0":{"start":{"line":8,"column":2},"end":{"line":12,"column":4}}},"fnMap":{"0":{"name":"App","decl":{"start":{"line":7,"column":9},"end":{"line":7,"column":12}},"loc":{"start":{"line":7,"column":15},"end":{"line":13,"column":1}},"line":7}},"branchMap":{},"s":{"0":1},"f":{"0":1},"b":{},"_coverageSchema":"43e27e138ebf9cfc5966b082cf9a028302ed4184","hash":"cf153a4c1f8e98c7410442fd8aa857b8a943144b"}
,"C:\\Users\\fabia\\Desktop\\SE2\\spg\\client\\src\\index.js": {"path":"C:\\Users\\fabia\\Desktop\\SE2\\spg\\client\\src\\index.js","statementMap":{"0":{"start":{"line":7,"column":0},"end":{"line":12,"column":2}},"1":{"start":{"line":17,"column":0},"end":{"line":17,"column":18}}},"fnMap":{},"branchMap":{},"s":{"0":0,"1":0},"f":{},"b":{},"hash":"5687506df5dd064dec0df16bd057cec86ce6c7c6"}
,"C:\\Users\\fabia\\Desktop\\SE2\\spg\\client\\src\\reportWebVitals.js": {"path":"C:\\Users\\fabia\\Desktop\\SE2\\spg\\client\\src\\reportWebVitals.js","statementMap":{"0":{"start":{"line":1,"column":24},"end":{"line":11,"column":1}},"1":{"start":{"line":2,"column":2},"end":{"line":10,"column":3}},"2":{"start":{"line":3,"column":4},"end":{"line":9,"column":7}},"3":{"start":{"line":4,"column":6},"end":{"line":4,"column":26}},"4":{"start":{"line":5,"column":6},"end":{"line":5,"column":26}},"5":{"start":{"line":6,"column":6},"end":{"line":6,"column":26}},"6":{"start":{"line":7,"column":6},"end":{"line":7,"column":26}},"7":{"start":{"line":8,"column":6},"end":{"line":8,"column":27}}},"fnMap":{"0":{"name":"(anonymous_0)","decl":{"start":{"line":1,"column":24},"end":{"line":1,"column":25}},"loc":{"start":{"line":1,"column":39},"end":{"line":11,"column":1}},"line":1},"1":{"name":"(anonymous_1)","decl":{"start":{"line":3,"column":30},"end":{"line":3,"column":31}},"loc":{"start":{"line":3,"column":79},"end":{"line":9,"column":5}},"line":3}},"branchMap":{"0":{"loc":{"start":{"line":2,"column":2},"end":{"line":10,"column":3}},"type":"if","locations":[{"start":{"line":2,"column":2},"end":{"line":10,"column":3}},{"start":{"line":2,"column":2},"end":{"line":10,"column":3}}],"line":2},"1":{"loc":{"start":{"line":2,"column":6},"end":{"line":2,"column":52}},"type":"binary-expr","locations":[{"start":{"line":2,"column":6},"end":{"line":2,"column":17}},{"start":{"line":2,"column":21},"end":{"line":2,"column":52}}],"line":2}},"s":{"0":0,"1":0,"2":0,"3":0,"4":0,"5":0,"6":0,"7":0},"f":{"0":0,"1":0},"b":{"0":[0,0],"1":[0,0]},"hash":"9f0a48669e2433c313e0be9ade2a8a54e2112c64"}
,"C:\\Users\\fabia\\Desktop\\SE2\\spg\\client\\src\\components\\API.js": {"path":"C:\\Users\\fabia\\Desktop\\SE2\\spg\\client\\src\\components\\API.js","statementMap":{"0":{"start":{"line":1,"column":12},"end":{"line":1,"column":35}},"1":{"start":{"line":5,"column":16},"end":{"line":5,"column":37}},"2":{"start":{"line":6,"column":21},"end":{"line":6,"column":39}},"3":{"start":{"line":7,"column":4},"end":{"line":9,"column":68}},"4":{"start":{"line":8,"column":8},"end":{"line":8,"column":31}},"5":{"start":{"line":9,"column":11},"end":{"line":9,"column":68}},"6":{"start":{"line":13,"column":16},"end":{"line":13,"column":36}},"7":{"start":{"line":14,"column":21},"end":{"line":14,"column":39}},"8":{"start":{"line":15,"column":4},"end":{"line":17,"column":67}},"9":{"start":{"line":16,"column":8},"end":{"line":16,"column":31}},"10":{"start":{"line":17,"column":11},"end":{"line":17,"column":67}},"11":{"start":{"line":21,"column":16},"end":{"line":21,"column":35}},"12":{"start":{"line":22,"column":4},"end":{"line":22,"column":30}},"13":{"start":{"line":22,"column":12},"end":{"line":22,"column":30}},"14":{"start":{"line":23,"column":21},"end":{"line":23,"column":39}},"15":{"start":{"line":24,"column":4},"end":{"line":26,"column":66}},"16":{"start":{"line":25,"column":8},"end":{"line":25,"column":31}},"17":{"start":{"line":26,"column":11},"end":{"line":26,"column":66}},"18":{"start":{"line":30,"column":16},"end":{"line":30,"column":42}},"19":{"start":{"line":31,"column":21},"end":{"line":31,"column":39}},"20":{"start":{"line":32,"column":4},"end":{"line":34,"column":66}},"21":{"start":{"line":33,"column":8},"end":{"line":33,"column":31}},"22":{"start":{"line":34,"column":11},"end":{"line":34,"column":66}},"23":{"start":{"line":38,"column":21},"end":{"line":45,"column":10}},"24":{"start":{"line":46,"column":4},"end":{"line":48,"column":63}},"25":{"start":{"line":47,"column":8},"end":{"line":47,"column":20}},"26":{"start":{"line":48,"column":11},"end":{"line":48,"column":63}},"27":{"start":{"line":52,"column":21},"end":{"line":60,"column":10}},"28":{"start":{"line":61,"column":4},"end":{"line":63,"column":63}},"29":{"start":{"line":62,"column":8},"end":{"line":62,"column":20}},"30":{"start":{"line":63,"column":11},"end":{"line":63,"column":63}},"31":{"start":{"line":67,"column":21},"end":{"line":75,"column":10}},"32":{"start":{"line":76,"column":4},"end":{"line":78,"column":63}},"33":{"start":{"line":77,"column":8},"end":{"line":77,"column":20}},"34":{"start":{"line":78,"column":11},"end":{"line":78,"column":63}},"35":{"start":{"line":83,"column":21},"end":{"line":91,"column":10}},"36":{"start":{"line":92,"column":4},"end":{"line":94,"column":63}},"37":{"start":{"line":93,"column":8},"end":{"line":93,"column":20}},"38":{"start":{"line":94,"column":11},"end":{"line":94,"column":63}},"39":{"start":{"line":98,"column":21},"end":{"line":106,"column":10}},"40":{"start":{"line":107,"column":4},"end":{"line":109,"column":63}},"41":{"start":{"line":108,"column":8},"end":{"line":108,"column":20}},"42":{"start":{"line":109,"column":11},"end":{"line":109,"column":63}},"43":{"start":{"line":113,"column":21},"end":{"line":116,"column":10}},"44":{"start":{"line":117,"column":4},"end":{"line":119,"column":70}},"45":{"start":{"line":118,"column":8},"end":{"line":118,"column":20}},"46":{"start":{"line":119,"column":11},"end":{"line":119,"column":70}},"47":{"start":{"line":123,"column":21},"end":{"line":130,"column":10}},"48":{"start":{"line":131,"column":4},"end":{"line":133,"column":75}},"49":{"start":{"line":132,"column":8},"end":{"line":132,"column":31}},"50":{"start":{"line":133,"column":11},"end":{"line":133,"column":75}},"51":{"start":{"line":137,"column":21},"end":{"line":140,"column":10}},"52":{"start":{"line":141,"column":4},"end":{"line":143,"column":49}},"53":{"start":{"line":142,"column":8},"end":{"line":142,"column":17}},"54":{"start":{"line":143,"column":11},"end":{"line":143,"column":49}},"55":{"start":{"line":147,"column":4},"end":{"line":154,"column":5}},"56":{"start":{"line":148,"column":25},"end":{"line":148,"column":68}},"57":{"start":{"line":149,"column":8},"end":{"line":151,"column":59}},"58":{"start":{"line":150,"column":12},"end":{"line":150,"column":35}},"59":{"start":{"line":151,"column":15},"end":{"line":151,"column":59}},"60":{"start":{"line":153,"column":8},"end":{"line":153,"column":52}},"61":{"start":{"line":158,"column":4},"end":{"line":176,"column":5}},"62":{"start":{"line":159,"column":8},"end":{"line":159,"column":64}},"63":{"start":{"line":160,"column":25},"end":{"line":167,"column":14}},"64":{"start":{"line":168,"column":8},"end":{"line":172,"column":9}},"65":{"start":{"line":169,"column":12},"end":{"line":169,"column":35}},"66":{"start":{"line":171,"column":12},"end":{"line":171,"column":65}},"67":{"start":{"line":175,"column":8},"end":{"line":175,"column":37}},"68":{"start":{"line":180,"column":16},"end":{"line":180,"column":41}},"69":{"start":{"line":181,"column":4},"end":{"line":183,"column":5}},"70":{"start":{"line":182,"column":8},"end":{"line":182,"column":30}},"71":{"start":{"line":184,"column":4},"end":{"line":186,"column":5}},"72":{"start":{"line":185,"column":8},"end":{"line":185,"column":32}},"73":{"start":{"line":187,"column":21},"end":{"line":187,"column":39}},"74":{"start":{"line":188,"column":4},"end":{"line":190,"column":76}},"75":{"start":{"line":189,"column":8},"end":{"line":189,"column":31}},"76":{"start":{"line":190,"column":11},"end":{"line":190,"column":76}},"77":{"start":{"line":194,"column":21},"end":{"line":194,"column":52}},"78":{"start":{"line":195,"column":4},"end":{"line":199,"column":64}},"79":{"start":{"line":196,"column":8},"end":{"line":196,"column":34}},"80":{"start":{"line":197,"column":8},"end":{"line":197,"column":31}},"81":{"start":{"line":199,"column":9},"end":{"line":199,"column":64}},"82":{"start":{"line":203,"column":21},"end":{"line":210,"column":10}},"83":{"start":{"line":211,"column":4},"end":{"line":215,"column":5}},"84":{"start":{"line":212,"column":8},"end":{"line":212,"column":18}},"85":{"start":{"line":214,"column":8},"end":{"line":214,"column":61}},"86":{"start":{"line":220,"column":16},"end":{"line":220,"column":41}},"87":{"start":{"line":221,"column":21},"end":{"line":221,"column":39}},"88":{"start":{"line":222,"column":4},"end":{"line":224,"column":66}},"89":{"start":{"line":223,"column":8},"end":{"line":223,"column":31}},"90":{"start":{"line":224,"column":11},"end":{"line":224,"column":66}},"91":{"start":{"line":227,"column":12},"end":{"line":227,"column":237}}},"fnMap":{"0":{"name":"loadProducts","decl":{"start":{"line":4,"column":15},"end":{"line":4,"column":27}},"loc":{"start":{"line":4,"column":30},"end":{"line":10,"column":1}},"line":4},"1":{"name":"loadClients","decl":{"start":{"line":12,"column":15},"end":{"line":12,"column":26}},"loc":{"start":{"line":12,"column":29},"end":{"line":18,"column":1}},"line":12},"2":{"name":"loadOrders","decl":{"start":{"line":20,"column":15},"end":{"line":20,"column":25}},"loc":{"start":{"line":20,"column":30},"end":{"line":27,"column":1}},"line":20},"3":{"name":"loadClient","decl":{"start":{"line":29,"column":15},"end":{"line":29,"column":25}},"loc":{"start":{"line":29,"column":30},"end":{"line":35,"column":1}},"line":29},"4":{"name":"sendOrder","decl":{"start":{"line":37,"column":15},"end":{"line":37,"column":24}},"loc":{"start":{"line":37,"column":32},"end":{"line":49,"column":1}},"line":37},"5":{"name":"updateOrder","decl":{"start":{"line":51,"column":15},"end":{"line":51,"column":26}},"loc":{"start":{"line":51,"column":31},"end":{"line":64,"column":1}},"line":51},"6":{"name":"updateBasket","decl":{"start":{"line":66,"column":15},"end":{"line":66,"column":27}},"loc":{"start":{"line":66,"column":39},"end":{"line":79,"column":1}},"line":66},"7":{"name":"updateProduct","decl":{"start":{"line":81,"column":15},"end":{"line":81,"column":28}},"loc":{"start":{"line":81,"column":46},"end":{"line":95,"column":1}},"line":81},"8":{"name":"createProduct","decl":{"start":{"line":97,"column":15},"end":{"line":97,"column":28}},"loc":{"start":{"line":97,"column":38},"end":{"line":110,"column":1}},"line":97},"9":{"name":"deleteProduct","decl":{"start":{"line":112,"column":15},"end":{"line":112,"column":28}},"loc":{"start":{"line":112,"column":33},"end":{"line":120,"column":1}},"line":112},"10":{"name":"login","decl":{"start":{"line":122,"column":15},"end":{"line":122,"column":20}},"loc":{"start":{"line":122,"column":27},"end":{"line":134,"column":1}},"line":122},"11":{"name":"logout","decl":{"start":{"line":136,"column":15},"end":{"line":136,"column":21}},"loc":{"start":{"line":136,"column":24},"end":{"line":144,"column":1}},"line":136},"12":{"name":"isLoggedIn","decl":{"start":{"line":146,"column":15},"end":{"line":146,"column":25}},"loc":{"start":{"line":146,"column":28},"end":{"line":155,"column":1}},"line":146},"13":{"name":"addNewUser","decl":{"start":{"line":157,"column":15},"end":{"line":157,"column":25}},"loc":{"start":{"line":157,"column":95},"end":{"line":177,"column":1}},"line":157},"14":{"name":"loadNextProducts","decl":{"start":{"line":179,"column":15},"end":{"line":179,"column":31}},"loc":{"start":{"line":179,"column":44},"end":{"line":191,"column":1}},"line":179},"15":{"name":"getClock","decl":{"start":{"line":193,"column":15},"end":{"line":193,"column":23}},"loc":{"start":{"line":193,"column":26},"end":{"line":200,"column":1}},"line":193},"16":{"name":"setClock","decl":{"start":{"line":202,"column":15},"end":{"line":202,"column":23}},"loc":{"start":{"line":202,"column":31},"end":{"line":216,"column":1}},"line":202},"17":{"name":"loadWallet","decl":{"start":{"line":219,"column":15},"end":{"line":219,"column":25}},"loc":{"start":{"line":219,"column":30},"end":{"line":225,"column":1}},"line":219}},"branchMap":{"0":{"loc":{"start":{"line":7,"column":4},"end":{"line":9,"column":68}},"type":"if","locations":[{"start":{"line":7,"column":4},"end":{"line":9,"column":68}},{"start":{"line":7,"column":4},"end":{"line":9,"column":68}}],"line":7},"1":{"loc":{"start":{"line":15,"column":4},"end":{"line":17,"column":67}},"type":"if","locations":[{"start":{"line":15,"column":4},"end":{"line":17,"column":67}},{"start":{"line":15,"column":4},"end":{"line":17,"column":67}}],"line":15},"2":{"loc":{"start":{"line":22,"column":4},"end":{"line":22,"column":30}},"type":"if","locations":[{"start":{"line":22,"column":4},"end":{"line":22,"column":30}},{"start":{"line":22,"column":4},"end":{"line":22,"column":30}}],"line":22},"3":{"loc":{"start":{"line":24,"column":4},"end":{"line":26,"column":66}},"type":"if","locations":[{"start":{"line":24,"column":4},"end":{"line":26,"column":66}},{"start":{"line":24,"column":4},"end":{"line":26,"column":66}}],"line":24},"4":{"loc":{"start":{"line":32,"column":4},"end":{"line":34,"column":66}},"type":"if","locations":[{"start":{"line":32,"column":4},"end":{"line":34,"column":66}},{"start":{"line":32,"column":4},"end":{"line":34,"column":66}}],"line":32},"5":{"loc":{"start":{"line":46,"column":4},"end":{"line":48,"column":63}},"type":"if","locations":[{"start":{"line":46,"column":4},"end":{"line":48,"column":63}},{"start":{"line":46,"column":4},"end":{"line":48,"column":63}}],"line":46},"6":{"loc":{"start":{"line":61,"column":4},"end":{"line":63,"column":63}},"type":"if","locations":[{"start":{"line":61,"column":4},"end":{"line":63,"column":63}},{"start":{"line":61,"column":4},"end":{"line":63,"column":63}}],"line":61},"7":{"loc":{"start":{"line":76,"column":4},"end":{"line":78,"column":63}},"type":"if","locations":[{"start":{"line":76,"column":4},"end":{"line":78,"column":63}},{"start":{"line":76,"column":4},"end":{"line":78,"column":63}}],"line":76},"8":{"loc":{"start":{"line":92,"column":4},"end":{"line":94,"column":63}},"type":"if","locations":[{"start":{"line":92,"column":4},"end":{"line":94,"column":63}},{"start":{"line":92,"column":4},"end":{"line":94,"column":63}}],"line":92},"9":{"loc":{"start":{"line":107,"column":4},"end":{"line":109,"column":63}},"type":"if","locations":[{"start":{"line":107,"column":4},"end":{"line":109,"column":63}},{"start":{"line":107,"column":4},"end":{"line":109,"column":63}}],"line":107},"10":{"loc":{"start":{"line":117,"column":4},"end":{"line":119,"column":70}},"type":"if","locations":[{"start":{"line":117,"column":4},"end":{"line":119,"column":70}},{"start":{"line":117,"column":4},"end":{"line":119,"column":70}}],"line":117},"11":{"loc":{"start":{"line":131,"column":4},"end":{"line":133,"column":75}},"type":"if","locations":[{"start":{"line":131,"column":4},"end":{"line":133,"column":75}},{"start":{"line":131,"column":4},"end":{"line":133,"column":75}}],"line":131},"12":{"loc":{"start":{"line":141,"column":4},"end":{"line":143,"column":49}},"type":"if","locations":[{"start":{"line":141,"column":4},"end":{"line":143,"column":49}},{"start":{"line":141,"column":4},"end":{"line":143,"column":49}}],"line":141},"13":{"loc":{"start":{"line":149,"column":8},"end":{"line":151,"column":59}},"type":"if","locations":[{"start":{"line":149,"column":8},"end":{"line":151,"column":59}},{"start":{"line":149,"column":8},"end":{"line":151,"column":59}}],"line":149},"14":{"loc":{"start":{"line":168,"column":8},"end":{"line":172,"column":9}},"type":"if","locations":[{"start":{"line":168,"column":8},"end":{"line":172,"column":9}},{"start":{"line":168,"column":8},"end":{"line":172,"column":9}}],"line":168},"15":{"loc":{"start":{"line":181,"column":4},"end":{"line":183,"column":5}},"type":"if","locations":[{"start":{"line":181,"column":4},"end":{"line":183,"column":5}},{"start":{"line":181,"column":4},"end":{"line":183,"column":5}}],"line":181},"16":{"loc":{"start":{"line":184,"column":4},"end":{"line":186,"column":5}},"type":"if","locations":[{"start":{"line":184,"column":4},"end":{"line":186,"column":5}},{"start":{"line":184,"column":4},"end":{"line":186,"column":5}}],"line":184},"17":{"loc":{"start":{"line":184,"column":7},"end":{"line":184,"column":33}},"type":"binary-expr","locations":[{"start":{"line":184,"column":7},"end":{"line":184,"column":11}},{"start":{"line":184,"column":15},"end":{"line":184,"column":33}}],"line":184},"18":{"loc":{"start":{"line":188,"column":4},"end":{"line":190,"column":76}},"type":"if","locations":[{"start":{"line":188,"column":4},"end":{"line":190,"column":76}},{"start":{"line":188,"column":4},"end":{"line":190,"column":76}}],"line":188},"19":{"loc":{"start":{"line":195,"column":4},"end":{"line":199,"column":64}},"type":"if","locations":[{"start":{"line":195,"column":4},"end":{"line":199,"column":64}},{"start":{"line":195,"column":4},"end":{"line":199,"column":64}}],"line":195},"20":{"loc":{"start":{"line":211,"column":4},"end":{"line":215,"column":5}},"type":"if","locations":[{"start":{"line":211,"column":4},"end":{"line":215,"column":5}},{"start":{"line":211,"column":4},"end":{"line":215,"column":5}}],"line":211},"21":{"loc":{"start":{"line":222,"column":4},"end":{"line":224,"column":66}},"type":"if","locations":[{"start":{"line":222,"column":4},"end":{"line":224,"column":66}},{"start":{"line":222,"column":4},"end":{"line":224,"column":66}}],"line":222}},"s":{"0":5,"1":0,"2":0,"3":0,"4":0,"5":0,"6":0,"7":0,"8":0,"9":0,"10":0,"11":0,"12":0,"13":0,"14":0,"15":0,"16":0,"17":0,"18":2,"19":2,"20":0,"21":0,"22":0,"23":0,"24":0,"25":0,"26":0,"27":0,"28":0,"29":0,"30":0,"31":0,"32":0,"33":0,"34":0,"35":0,"36":0,"37":0,"38":0,"39":0,"40":0,"41":0,"42":0,"43":0,"44":0,"45":0,"46":0,"47":0,"48":0,"49":0,"50":0,"51":0,"52":0,"53":0,"54":0,"55":1,"56":1,"57":0,"58":0,"59":0,"60":0,"61":0,"62":0,"63":0,"64":0,"65":0,"66":0,"67":0,"68":0,"69":0,"70":0,"71":0,"72":0,"73":0,"74":0,"75":0,"76":0,"77":1,"78":0,"79":0,"80":0,"81":0,"82":0,"83":0,"84":0,"85":0,"86":0,"87":0,"88":0,"89":0,"90":0,"91":5},"f":{"0":0,"1":0,"2":0,"3":2,"4":0,"5":0,"6":0,"7":0,"8":0,"9":0,"10":0,"11":0,"12":1,"13":0,"14":0,"15":1,"16":0,"17":0},"b":{"0":[0,0],"1":[0,0],"2":[0,0],"3":[0,0],"4":[0,0],"5":[0,0],"6":[0,0],"7":[0,0],"8":[0,0],"9":[0,0],"10":[0,0],"11":[0,0],"12":[0,0],"13":[0,0],"14":[0,0],"15":[0,0],"16":[0,0],"17":[0,0],"18":[0,0],"19":[0,0],"20":[0,0],"21":[0,0]},"_coverageSchema":"43e27e138ebf9cfc5966b082cf9a028302ed4184","hash":"d3e1ee2f226cbfd9d8016086e7a8a47415c91ccf"}
,"C:\\Users\\fabia\\Desktop\\SE2\\spg\\client\\src\\components\\ModalWindow.js": {"path":"C:\\Users\\fabia\\Desktop\\SE2\\spg\\client\\src\\components\\ModalWindow.js","statementMap":{"0":{"start":{"line":6,"column":20},"end":{"line":43,"column":1}},"1":{"start":{"line":7,"column":2},"end":{"line":42,"column":4}}},"fnMap":{"0":{"name":"(anonymous_0)","decl":{"start":{"line":6,"column":20},"end":{"line":6,"column":21}},"loc":{"start":{"line":6,"column":31},"end":{"line":43,"column":1}},"line":6}},"branchMap":{},"s":{"0":3,"1":1},"f":{"0":1},"b":{},"_coverageSchema":"43e27e138ebf9cfc5966b082cf9a028302ed4184","hash":"0271078662027406123b453146b4a53c51e269fd"}
,"C:\\Users\\fabia\\Desktop\\SE2\\spg\\client\\src\\components\\MyClientPage.js": {"path":"C:\\Users\\fabia\\Desktop\\SE2\\spg\\client\\src\\components\\MyClientPage.js","statementMap":{"0":{"start":{"line":8,"column":32},"end":{"line":8,"column":47}},"1":{"start":{"line":11,"column":4},"end":{"line":19,"column":5}},"2":{"start":{"line":12,"column":8},"end":{"line":12,"column":59}},"3":{"start":{"line":14,"column":9},"end":{"line":19,"column":5}},"4":{"start":{"line":15,"column":8},"end":{"line":15,"column":60}},"5":{"start":{"line":17,"column":9},"end":{"line":19,"column":5}},"6":{"start":{"line":18,"column":8},"end":{"line":18,"column":58}},"7":{"start":{"line":20,"column":4},"end":{"line":52,"column":6}},"8":{"start":{"line":36,"column":92},"end":{"line":36,"column":112}},"9":{"start":{"line":41,"column":92},"end":{"line":41,"column":113}},"10":{"start":{"line":46,"column":92},"end":{"line":46,"column":111}}},"fnMap":{"0":{"name":"MyClientPage","decl":{"start":{"line":7,"column":9},"end":{"line":7,"column":21}},"loc":{"start":{"line":7,"column":29},"end":{"line":53,"column":1}},"line":7},"1":{"name":"(anonymous_1)","decl":{"start":{"line":36,"column":84},"end":{"line":36,"column":85}},"loc":{"start":{"line":36,"column":90},"end":{"line":36,"column":114}},"line":36},"2":{"name":"(anonymous_2)","decl":{"start":{"line":41,"column":84},"end":{"line":41,"column":85}},"loc":{"start":{"line":41,"column":90},"end":{"line":41,"column":115}},"line":41},"3":{"name":"(anonymous_3)","decl":{"start":{"line":46,"column":84},"end":{"line":46,"column":85}},"loc":{"start":{"line":46,"column":90},"end":{"line":46,"column":113}},"line":46}},"branchMap":{"0":{"loc":{"start":{"line":11,"column":4},"end":{"line":19,"column":5}},"type":"if","locations":[{"start":{"line":11,"column":4},"end":{"line":19,"column":5}},{"start":{"line":11,"column":4},"end":{"line":19,"column":5}}],"line":11},"1":{"loc":{"start":{"line":14,"column":9},"end":{"line":19,"column":5}},"type":"if","locations":[{"start":{"line":14,"column":9},"end":{"line":19,"column":5}},{"start":{"line":14,"column":9},"end":{"line":19,"column":5}}],"line":14},"2":{"loc":{"start":{"line":17,"column":9},"end":{"line":19,"column":5}},"type":"if","locations":[{"start":{"line":17,"column":9},"end":{"line":19,"column":5}},{"start":{"line":17,"column":9},"end":{"line":19,"column":5}}],"line":17},"3":{"loc":{"start":{"line":22,"column":9},"end":{"line":31,"column":7}},"type":"cond-expr","locations":[{"start":{"line":23,"column":8},"end":{"line":28,"column":23}},{"start":{"line":30,"column":8},"end":{"line":30,"column":10}}],"line":22}},"s":{"0":1,"1":1,"2":0,"3":1,"4":0,"5":1,"6":0,"7":1,"8":0,"9":0,"10":0},"f":{"0":1,"1":0,"2":0,"3":0},"b":{"0":[0,1],"1":[0,1],"2":[0,1],"3":[0,1]},"_coverageSchema":"43e27e138ebf9cfc5966b082cf9a028302ed4184","hash":"73e4166e80e1a6c1084fd15e7d451d427bced588"}
,"C:\\Users\\fabia\\Desktop\\SE2\\spg\\client\\src\\components\\MyClientProfile.js": {"path":"C:\\Users\\fabia\\Desktop\\SE2\\spg\\client\\src\\components\\MyClientProfile.js","statementMap":{"0":{"start":{"line":10,"column":32},"end":{"line":10,"column":47}},"1":{"start":{"line":11,"column":32},"end":{"line":11,"column":44}},"2":{"start":{"line":12,"column":38},"end":{"line":12,"column":52}},"3":{"start":{"line":15,"column":4},"end":{"line":26,"column":30}},"4":{"start":{"line":16,"column":8},"end":{"line":25,"column":9}},"5":{"start":{"line":17,"column":12},"end":{"line":24,"column":15}},"6":{"start":{"line":18,"column":16},"end":{"line":21,"column":17}},"7":{"start":{"line":19,"column":20},"end":{"line":19,"column":33}},"8":{"start":{"line":20,"column":20},"end":{"line":20,"column":40}},"9":{"start":{"line":23,"column":16},"end":{"line":23,"column":32}},"10":{"start":{"line":28,"column":4},"end":{"line":30,"column":5}},"11":{"start":{"line":29,"column":8},"end":{"line":29,"column":65}},"12":{"start":{"line":34,"column":4},"end":{"line":104,"column":6}},"13":{"start":{"line":100,"column":152},"end":{"line":100,"column":167}}},"fnMap":{"0":{"name":"MyClientProfile","decl":{"start":{"line":9,"column":9},"end":{"line":9,"column":24}},"loc":{"start":{"line":9,"column":32},"end":{"line":105,"column":1}},"line":9},"1":{"name":"(anonymous_1)","decl":{"start":{"line":15,"column":14},"end":{"line":15,"column":15}},"loc":{"start":{"line":15,"column":20},"end":{"line":26,"column":5}},"line":15},"2":{"name":"(anonymous_2)","decl":{"start":{"line":17,"column":42},"end":{"line":17,"column":43}},"loc":{"start":{"line":17,"column":49},"end":{"line":22,"column":13}},"line":17},"3":{"name":"(anonymous_3)","decl":{"start":{"line":22,"column":21},"end":{"line":22,"column":22}},"loc":{"start":{"line":22,"column":30},"end":{"line":24,"column":13}},"line":22},"4":{"name":"(anonymous_4)","decl":{"start":{"line":100,"column":146},"end":{"line":100,"column":147}},"loc":{"start":{"line":100,"column":152},"end":{"line":100,"column":167}},"line":100}},"branchMap":{"0":{"loc":{"start":{"line":16,"column":8},"end":{"line":25,"column":9}},"type":"if","locations":[{"start":{"line":16,"column":8},"end":{"line":25,"column":9}},{"start":{"line":16,"column":8},"end":{"line":25,"column":9}}],"line":16},"1":{"loc":{"start":{"line":18,"column":16},"end":{"line":21,"column":17}},"type":"if","locations":[{"start":{"line":18,"column":16},"end":{"line":21,"column":17}},{"start":{"line":18,"column":16},"end":{"line":21,"column":17}}],"line":18},"2":{"loc":{"start":{"line":28,"column":4},"end":{"line":30,"column":5}},"type":"if","locations":[{"start":{"line":28,"column":4},"end":{"line":30,"column":5}},{"start":{"line":28,"column":4},"end":{"line":30,"column":5}}],"line":28},"3":{"loc":{"start":{"line":74,"column":80},"end":{"line":74,"column":118}},"type":"cond-expr","locations":[{"start":{"line":74,"column":100},"end":{"line":74,"column":105}},{"start":{"line":74,"column":106},"end":{"line":74,"column":118}}],"line":74}},"s":{"0":1,"1":1,"2":1,"3":1,"4":1,"5":1,"6":0,"7":0,"8":0,"9":0,"10":1,"11":0,"12":1,"13":0},"f":{"0":1,"1":1,"2":0,"3":0,"4":0},"b":{"0":[1,0],"1":[0,0],"2":[0,1],"3":[0,1]},"_coverageSchema":"43e27e138ebf9cfc5966b082cf9a028302ed4184","hash":"779135086c06cae3609845e8ca83d45c17962991"}
,"C:\\Users\\fabia\\Desktop\\SE2\\spg\\client\\src\\components\\MyClients.js": {"path":"C:\\Users\\fabia\\Desktop\\SE2\\spg\\client\\src\\components\\MyClients.js","statementMap":{"0":{"start":{"line":10,"column":32},"end":{"line":10,"column":47}},"1":{"start":{"line":11,"column":30},"end":{"line":11,"column":45}},"2":{"start":{"line":12,"column":34},"end":{"line":12,"column":46}},"3":{"start":{"line":13,"column":38},"end":{"line":13,"column":52}},"4":{"start":{"line":15,"column":4},"end":{"line":27,"column":20}},"5":{"start":{"line":16,"column":8},"end":{"line":26,"column":9}},"6":{"start":{"line":17,"column":12},"end":{"line":25,"column":15}},"7":{"start":{"line":18,"column":16},"end":{"line":22,"column":17}},"8":{"start":{"line":19,"column":20},"end":{"line":19,"column":34}},"9":{"start":{"line":20,"column":20},"end":{"line":20,"column":40}},"10":{"start":{"line":24,"column":16},"end":{"line":24,"column":32}},"11":{"start":{"line":29,"column":4},"end":{"line":31,"column":5}},"12":{"start":{"line":30,"column":8},"end":{"line":30,"column":53}},"13":{"start":{"line":32,"column":4},"end":{"line":34,"column":5}},"14":{"start":{"line":33,"column":8},"end":{"line":33,"column":58}},"15":{"start":{"line":37,"column":4},"end":{"line":78,"column":6}},"16":{"start":{"line":50,"column":32},"end":{"line":56,"column":34}},"17":{"start":{"line":65,"column":91},"end":{"line":65,"column":106}},"18":{"start":{"line":70,"column":92},"end":{"line":70,"column":106}}},"fnMap":{"0":{"name":"MyClients","decl":{"start":{"line":8,"column":9},"end":{"line":8,"column":18}},"loc":{"start":{"line":8,"column":26},"end":{"line":79,"column":1}},"line":8},"1":{"name":"(anonymous_1)","decl":{"start":{"line":15,"column":14},"end":{"line":15,"column":15}},"loc":{"start":{"line":15,"column":20},"end":{"line":27,"column":5}},"line":15},"2":{"name":"(anonymous_2)","decl":{"start":{"line":17,"column":35},"end":{"line":17,"column":36}},"loc":{"start":{"line":17,"column":42},"end":{"line":23,"column":13}},"line":17},"3":{"name":"(anonymous_3)","decl":{"start":{"line":23,"column":21},"end":{"line":23,"column":22}},"loc":{"start":{"line":23,"column":30},"end":{"line":25,"column":13}},"line":23},"4":{"name":"(anonymous_4)","decl":{"start":{"line":49,"column":40},"end":{"line":49,"column":41}},"loc":{"start":{"line":49,"column":45},"end":{"line":57,"column":29}},"line":49},"5":{"name":"(anonymous_5)","decl":{"start":{"line":65,"column":85},"end":{"line":65,"column":86}},"loc":{"start":{"line":65,"column":91},"end":{"line":65,"column":106}},"line":65},"6":{"name":"(anonymous_6)","decl":{"start":{"line":70,"column":86},"end":{"line":70,"column":87}},"loc":{"start":{"line":70,"column":92},"end":{"line":70,"column":106}},"line":70}},"branchMap":{"0":{"loc":{"start":{"line":16,"column":8},"end":{"line":26,"column":9}},"type":"if","locations":[{"start":{"line":16,"column":8},"end":{"line":26,"column":9}},{"start":{"line":16,"column":8},"end":{"line":26,"column":9}}],"line":16},"1":{"loc":{"start":{"line":18,"column":16},"end":{"line":22,"column":17}},"type":"if","locations":[{"start":{"line":18,"column":16},"end":{"line":22,"column":17}},{"start":{"line":18,"column":16},"end":{"line":22,"column":17}}],"line":18},"2":{"loc":{"start":{"line":29,"column":4},"end":{"line":31,"column":5}},"type":"if","locations":[{"start":{"line":29,"column":4},"end":{"line":31,"column":5}},{"start":{"line":29,"column":4},"end":{"line":31,"column":5}}],"line":29},"3":{"loc":{"start":{"line":32,"column":4},"end":{"line":34,"column":5}},"type":"if","locations":[{"start":{"line":32,"column":4},"end":{"line":34,"column":5}},{"start":{"line":32,"column":4},"end":{"line":34,"column":5}}],"line":32},"4":{"loc":{"start":{"line":46,"column":17},"end":{"line":60,"column":23}},"type":"binary-expr","locations":[{"start":{"line":46,"column":17},"end":{"line":46,"column":24}},{"start":{"line":47,"column":20},"end":{"line":60,"column":23}}],"line":46}},"s":{"0":0,"1":0,"2":0,"3":0,"4":0,"5":0,"6":0,"7":0,"8":0,"9":0,"10":0,"11":0,"12":0,"13":0,"14":0,"15":0,"16":0,"17":0,"18":0},"f":{"0":0,"1":0,"2":0,"3":0,"4":0,"5":0,"6":0},"b":{"0":[0,0],"1":[0,0],"2":[0,0],"3":[0,0],"4":[0,0]},"_coverageSchema":"43e27e138ebf9cfc5966b082cf9a028302ed4184","hash":"7c06054e0cf77d67e7bbbeda6682dd222994cfd1"}
,"C:\\Users\\fabia\\Desktop\\SE2\\spg\\client\\src\\components\\MyClock.js": {"path":"C:\\Users\\fabia\\Desktop\\SE2\\spg\\client\\src\\components\\MyClock.js","statementMap":{"0":{"start":{"line":9,"column":28},"end":{"line":9,"column":38}},"1":{"start":{"line":11,"column":2},"end":{"line":15,"column":20}},"2":{"start":{"line":12,"column":4},"end":{"line":14,"column":5}},"3":{"start":{"line":13,"column":6},"end":{"line":13,"column":44}},"4":{"start":{"line":13,"column":21},"end":{"line":13,"column":42}},"5":{"start":{"line":17,"column":2},"end":{"line":45,"column":4}},"6":{"start":{"line":38,"column":55},"end":{"line":38,"column":79}},"7":{"start":{"line":39,"column":54},"end":{"line":39,"column":91}},"8":{"start":{"line":39,"column":69},"end":{"line":39,"column":90}}},"fnMap":{"0":{"name":"MyClock","decl":{"start":{"line":8,"column":9},"end":{"line":8,"column":16}},"loc":{"start":{"line":8,"column":24},"end":{"line":47,"column":1}},"line":8},"1":{"name":"(anonymous_1)","decl":{"start":{"line":11,"column":12},"end":{"line":11,"column":13}},"loc":{"start":{"line":11,"column":18},"end":{"line":15,"column":3}},"line":11},"2":{"name":"(anonymous_2)","decl":{"start":{"line":13,"column":15},"end":{"line":13,"column":16}},"loc":{"start":{"line":13,"column":21},"end":{"line":13,"column":42}},"line":13},"3":{"name":"(anonymous_3)","decl":{"start":{"line":38,"column":49},"end":{"line":38,"column":50}},"loc":{"start":{"line":38,"column":55},"end":{"line":38,"column":79}},"line":38},"4":{"name":"(anonymous_4)","decl":{"start":{"line":39,"column":48},"end":{"line":39,"column":49}},"loc":{"start":{"line":39,"column":54},"end":{"line":39,"column":91}},"line":39},"5":{"name":"(anonymous_5)","decl":{"start":{"line":39,"column":63},"end":{"line":39,"column":64}},"loc":{"start":{"line":39,"column":69},"end":{"line":39,"column":90}},"line":39}},"branchMap":{"0":{"loc":{"start":{"line":12,"column":4},"end":{"line":14,"column":5}},"type":"if","locations":[{"start":{"line":12,"column":4},"end":{"line":14,"column":5}},{"start":{"line":12,"column":4},"end":{"line":14,"column":5}}],"line":12},"1":{"loc":{"start":{"line":19,"column":7},"end":{"line":43,"column":14}},"type":"binary-expr","locations":[{"start":{"line":19,"column":7},"end":{"line":19,"column":12}},{"start":{"line":19,"column":16},"end":{"line":19,"column":27}},{"start":{"line":20,"column":8},"end":{"line":43,"column":14}}],"line":19},"2":{"loc":{"start":{"line":37,"column":57},"end":{"line":37,"column":163}},"type":"cond-expr","locations":[{"start":{"line":37,"column":143},"end":{"line":37,"column":152}},{"start":{"line":37,"column":155},"end":{"line":37,"column":163}}],"line":37}},"s":{"0":1,"1":1,"2":1,"3":0,"4":0,"5":1,"6":0,"7":0,"8":0},"f":{"0":1,"1":1,"2":0,"3":0,"4":0,"5":0},"b":{"0":[0,1],"1":[1,0,0],"2":[0,0]},"_coverageSchema":"43e27e138ebf9cfc5966b082cf9a028302ed4184","hash":"c46057daacb82d6a9c92eeaae58e26bb18b29fd1"}
,"C:\\Users\\fabia\\Desktop\\SE2\\spg\\client\\src\\components\\MyContainer.js": {"path":"C:\\Users\\fabia\\Desktop\\SE2\\spg\\client\\src\\components\\MyContainer.js","statementMap":{"0":{"start":{"line":19,"column":26},"end":{"line":19,"column":36}},"1":{"start":{"line":20,"column":26},"end":{"line":20,"column":38}},"2":{"start":{"line":21,"column":28},"end":{"line":21,"column":38}},"3":{"start":{"line":22,"column":28},"end":{"line":22,"column":38}},"4":{"start":{"line":23,"column":36},"end":{"line":23,"column":51}},"5":{"start":{"line":24,"column":19},"end":{"line":24,"column":32}},"6":{"start":{"line":26,"column":2},"end":{"line":34,"column":9}},"7":{"start":{"line":27,"column":4},"end":{"line":33,"column":7}},"8":{"start":{"line":28,"column":6},"end":{"line":30,"column":7}},"9":{"start":{"line":29,"column":8},"end":{"line":29,"column":57}},"10":{"start":{"line":29,"column":23},"end":{"line":29,"column":55}},"11":{"start":{"line":32,"column":6},"end":{"line":32,"column":22}},"12":{"start":{"line":36,"column":2},"end":{"line":53,"column":9}},"13":{"start":{"line":37,"column":4},"end":{"line":52,"column":9}},"14":{"start":{"line":39,"column":8},"end":{"line":47,"column":9}},"15":{"start":{"line":40,"column":10},"end":{"line":44,"column":13}},"16":{"start":{"line":46,"column":10},"end":{"line":46,"column":35}},"17":{"start":{"line":46,"column":24},"end":{"line":46,"column":33}},"18":{"start":{"line":48,"column":8},"end":{"line":48,"column":23}},"19":{"start":{"line":51,"column":8},"end":{"line":51,"column":25}},"20":{"start":{"line":56,"column":2},"end":{"line":71,"column":13}},"21":{"start":{"line":57,"column":4},"end":{"line":70,"column":5}},"22":{"start":{"line":58,"column":6},"end":{"line":69,"column":11}},"23":{"start":{"line":60,"column":10},"end":{"line":65,"column":11}},"24":{"start":{"line":61,"column":12},"end":{"line":61,"column":27}},"25":{"start":{"line":62,"column":12},"end":{"line":64,"column":13}},"26":{"start":{"line":63,"column":14},"end":{"line":63,"column":33}},"27":{"start":{"line":68,"column":10},"end":{"line":68,"column":27}},"28":{"start":{"line":74,"column":2},"end":{"line":81,"column":19}},"29":{"start":{"line":75,"column":4},"end":{"line":80,"column":5}},"30":{"start":{"line":76,"column":6},"end":{"line":79,"column":11}},"31":{"start":{"line":78,"column":10},"end":{"line":78,"column":27}},"32":{"start":{"line":84,"column":2},"end":{"line":98,"column":13}},"33":{"start":{"line":85,"column":4},"end":{"line":97,"column":5}},"34":{"start":{"line":86,"column":6},"end":{"line":96,"column":11}},"35":{"start":{"line":88,"column":10},"end":{"line":92,"column":11}},"36":{"start":{"line":89,"column":25},"end":{"line":89,"column":33}},"37":{"start":{"line":90,"column":27},"end":{"line":90,"column":43}},"38":{"start":{"line":91,"column":12},"end":{"line":91,"column":33}},"39":{"start":{"line":95,"column":10},"end":{"line":95,"column":27}},"40":{"start":{"line":100,"column":2},"end":{"line":102,"column":3}},"41":{"start":{"line":101,"column":4},"end":{"line":101,"column":36}},"42":{"start":{"line":104,"column":2},"end":{"line":442,"column":4}},"43":{"start":{"line":132,"column":30},"end":{"line":132,"column":49}}},"fnMap":{"0":{"name":"MyContainer","decl":{"start":{"line":18,"column":9},"end":{"line":18,"column":20}},"loc":{"start":{"line":18,"column":28},"end":{"line":443,"column":1}},"line":18},"1":{"name":"(anonymous_1)","decl":{"start":{"line":26,"column":12},"end":{"line":26,"column":13}},"loc":{"start":{"line":26,"column":18},"end":{"line":34,"column":3}},"line":26},"2":{"name":"(anonymous_2)","decl":{"start":{"line":27,"column":24},"end":{"line":27,"column":25}},"loc":{"start":{"line":27,"column":31},"end":{"line":31,"column":5}},"line":27},"3":{"name":"(anonymous_3)","decl":{"start":{"line":29,"column":17},"end":{"line":29,"column":18}},"loc":{"start":{"line":29,"column":23},"end":{"line":29,"column":55}},"line":29},"4":{"name":"(anonymous_4)","decl":{"start":{"line":31,"column":13},"end":{"line":31,"column":14}},"loc":{"start":{"line":31,"column":22},"end":{"line":33,"column":5}},"line":31},"5":{"name":"(anonymous_5)","decl":{"start":{"line":36,"column":12},"end":{"line":36,"column":13}},"loc":{"start":{"line":36,"column":18},"end":{"line":53,"column":3}},"line":36},"6":{"name":"(anonymous_6)","decl":{"start":{"line":38,"column":12},"end":{"line":38,"column":13}},"loc":{"start":{"line":38,"column":26},"end":{"line":49,"column":7}},"line":38},"7":{"name":"(anonymous_7)","decl":{"start":{"line":46,"column":18},"end":{"line":46,"column":19}},"loc":{"start":{"line":46,"column":24},"end":{"line":46,"column":33}},"line":46},"8":{"name":"(anonymous_8)","decl":{"start":{"line":50,"column":13},"end":{"line":50,"column":14}},"loc":{"start":{"line":50,"column":22},"end":{"line":52,"column":7}},"line":50},"9":{"name":"(anonymous_9)","decl":{"start":{"line":56,"column":12},"end":{"line":56,"column":13}},"loc":{"start":{"line":56,"column":18},"end":{"line":71,"column":3}},"line":56},"10":{"name":"(anonymous_10)","decl":{"start":{"line":59,"column":14},"end":{"line":59,"column":15}},"loc":{"start":{"line":59,"column":21},"end":{"line":66,"column":9}},"line":59},"11":{"name":"(anonymous_11)","decl":{"start":{"line":67,"column":15},"end":{"line":67,"column":16}},"loc":{"start":{"line":67,"column":24},"end":{"line":69,"column":9}},"line":67},"12":{"name":"(anonymous_12)","decl":{"start":{"line":74,"column":12},"end":{"line":74,"column":13}},"loc":{"start":{"line":74,"column":18},"end":{"line":81,"column":3}},"line":74},"13":{"name":"(anonymous_13)","decl":{"start":{"line":77,"column":15},"end":{"line":77,"column":16}},"loc":{"start":{"line":77,"column":24},"end":{"line":79,"column":9}},"line":77},"14":{"name":"(anonymous_14)","decl":{"start":{"line":84,"column":12},"end":{"line":84,"column":13}},"loc":{"start":{"line":84,"column":18},"end":{"line":98,"column":3}},"line":84},"15":{"name":"(anonymous_15)","decl":{"start":{"line":87,"column":14},"end":{"line":87,"column":15}},"loc":{"start":{"line":87,"column":21},"end":{"line":93,"column":9}},"line":87},"16":{"name":"(anonymous_16)","decl":{"start":{"line":94,"column":15},"end":{"line":94,"column":16}},"loc":{"start":{"line":94,"column":24},"end":{"line":96,"column":9}},"line":94},"17":{"name":"(anonymous_17)","decl":{"start":{"line":132,"column":24},"end":{"line":132,"column":25}},"loc":{"start":{"line":132,"column":30},"end":{"line":132,"column":49}},"line":132}},"branchMap":{"0":{"loc":{"start":{"line":28,"column":6},"end":{"line":30,"column":7}},"type":"if","locations":[{"start":{"line":28,"column":6},"end":{"line":30,"column":7}},{"start":{"line":28,"column":6},"end":{"line":30,"column":7}}],"line":28},"1":{"loc":{"start":{"line":29,"column":23},"end":{"line":29,"column":55}},"type":"binary-expr","locations":[{"start":{"line":29,"column":23},"end":{"line":29,"column":43}},{"start":{"line":29,"column":47},"end":{"line":29,"column":55}}],"line":29},"2":{"loc":{"start":{"line":39,"column":8},"end":{"line":47,"column":9}},"type":"if","locations":[{"start":{"line":39,"column":8},"end":{"line":47,"column":9}},{"start":{"line":39,"column":8},"end":{"line":47,"column":9}}],"line":39},"3":{"loc":{"start":{"line":39,"column":12},"end":{"line":39,"column":71}},"type":"binary-expr","locations":[{"start":{"line":39,"column":12},"end":{"line":39,"column":40}},{"start":{"line":39,"column":44},"end":{"line":39,"column":71}}],"line":39},"4":{"loc":{"start":{"line":57,"column":4},"end":{"line":70,"column":5}},"type":"if","locations":[{"start":{"line":57,"column":4},"end":{"line":70,"column":5}},{"start":{"line":57,"column":4},"end":{"line":70,"column":5}}],"line":57},"5":{"loc":{"start":{"line":60,"column":10},"end":{"line":65,"column":11}},"type":"if","locations":[{"start":{"line":60,"column":10},"end":{"line":65,"column":11}},{"start":{"line":60,"column":10},"end":{"line":65,"column":11}}],"line":60},"6":{"loc":{"start":{"line":62,"column":12},"end":{"line":64,"column":13}},"type":"if","locations":[{"start":{"line":62,"column":12},"end":{"line":64,"column":13}},{"start":{"line":62,"column":12},"end":{"line":64,"column":13}}],"line":62},"7":{"loc":{"start":{"line":75,"column":4},"end":{"line":80,"column":5}},"type":"if","locations":[{"start":{"line":75,"column":4},"end":{"line":80,"column":5}},{"start":{"line":75,"column":4},"end":{"line":80,"column":5}}],"line":75},"8":{"loc":{"start":{"line":85,"column":4},"end":{"line":97,"column":5}},"type":"if","locations":[{"start":{"line":85,"column":4},"end":{"line":97,"column":5}},{"start":{"line":85,"column":4},"end":{"line":97,"column":5}}],"line":85},"9":{"loc":{"start":{"line":88,"column":10},"end":{"line":92,"column":11}},"type":"if","locations":[{"start":{"line":88,"column":10},"end":{"line":92,"column":11}},{"start":{"line":88,"column":10},"end":{"line":92,"column":11}}],"line":88},"10":{"loc":{"start":{"line":100,"column":2},"end":{"line":102,"column":3}},"type":"if","locations":[{"start":{"line":100,"column":2},"end":{"line":102,"column":3}},{"start":{"line":100,"column":2},"end":{"line":102,"column":3}}],"line":100},"11":{"loc":{"start":{"line":100,"column":6},"end":{"line":100,"column":89}},"type":"binary-expr","locations":[{"start":{"line":100,"column":6},"end":{"line":100,"column":11}},{"start":{"line":100,"column":15},"end":{"line":100,"column":20}},{"start":{"line":100,"column":24},"end":{"line":100,"column":54}},{"start":{"line":100,"column":58},"end":{"line":100,"column":89}}],"line":100},"12":{"loc":{"start":{"line":153,"column":20},"end":{"line":153,"column":46}},"type":"cond-expr","locations":[{"start":{"line":153,"column":27},"end":{"line":153,"column":34}},{"start":{"line":153,"column":37},"end":{"line":153,"column":46}}],"line":153},"13":{"loc":{"start":{"line":193,"column":20},"end":{"line":193,"column":46}},"type":"cond-expr","locations":[{"start":{"line":193,"column":27},"end":{"line":193,"column":34}},{"start":{"line":193,"column":37},"end":{"line":193,"column":46}}],"line":193}},"s":{"0":2,"1":2,"2":2,"3":2,"4":2,"5":2,"6":2,"7":1,"8":0,"9":0,"10":0,"11":0,"12":2,"13":1,"14":0,"15":0,"16":0,"17":0,"18":0,"19":0,"20":2,"21":1,"22":0,"23":0,"24":0,"25":0,"26":0,"27":0,"28":2,"29":1,"30":0,"31":0,"32":2,"33":1,"34":0,"35":0,"36":0,"37":0,"38":0,"39":0,"40":2,"41":0,"42":2,"43":0},"f":{"0":2,"1":1,"2":0,"3":0,"4":0,"5":1,"6":0,"7":0,"8":0,"9":1,"10":0,"11":0,"12":1,"13":0,"14":1,"15":0,"16":0,"17":0},"b":{"0":[0,0],"1":[0,0],"2":[0,0],"3":[0,0],"4":[0,1],"5":[0,0],"6":[0,0],"7":[0,1],"8":[0,1],"9":[0,0],"10":[0,2],"11":[2,0,0,0],"12":[0,2],"13":[0,2]},"_coverageSchema":"43e27e138ebf9cfc5966b082cf9a028302ed4184","hash":"39742959baad06224464949a1ad5c8ef4ad4f412"}
,"C:\\Users\\fabia\\Desktop\\SE2\\spg\\client\\src\\components\\MyEmployee.js": {"path":"C:\\Users\\fabia\\Desktop\\SE2\\spg\\client\\src\\components\\MyEmployee.js","statementMap":{"0":{"start":{"line":8,"column":32},"end":{"line":8,"column":47}},"1":{"start":{"line":10,"column":4},"end":{"line":18,"column":5}},"2":{"start":{"line":11,"column":8},"end":{"line":11,"column":61}},"3":{"start":{"line":13,"column":9},"end":{"line":18,"column":5}},"4":{"start":{"line":14,"column":8},"end":{"line":14,"column":62}},"5":{"start":{"line":16,"column":9},"end":{"line":18,"column":5}},"6":{"start":{"line":17,"column":8},"end":{"line":17,"column":60}},"7":{"start":{"line":20,"column":4},"end":{"line":42,"column":6}},"8":{"start":{"line":27,"column":92},"end":{"line":27,"column":112}},"9":{"start":{"line":32,"column":92},"end":{"line":32,"column":113}},"10":{"start":{"line":37,"column":92},"end":{"line":37,"column":111}}},"fnMap":{"0":{"name":"MyEmployee","decl":{"start":{"line":7,"column":9},"end":{"line":7,"column":19}},"loc":{"start":{"line":7,"column":27},"end":{"line":43,"column":1}},"line":7},"1":{"name":"(anonymous_1)","decl":{"start":{"line":27,"column":84},"end":{"line":27,"column":85}},"loc":{"start":{"line":27,"column":90},"end":{"line":27,"column":114}},"line":27},"2":{"name":"(anonymous_2)","decl":{"start":{"line":32,"column":84},"end":{"line":32,"column":85}},"loc":{"start":{"line":32,"column":90},"end":{"line":32,"column":115}},"line":32},"3":{"name":"(anonymous_3)","decl":{"start":{"line":37,"column":84},"end":{"line":37,"column":85}},"loc":{"start":{"line":37,"column":90},"end":{"line":37,"column":113}},"line":37}},"branchMap":{"0":{"loc":{"start":{"line":10,"column":4},"end":{"line":18,"column":5}},"type":"if","locations":[{"start":{"line":10,"column":4},"end":{"line":18,"column":5}},{"start":{"line":10,"column":4},"end":{"line":18,"column":5}}],"line":10},"1":{"loc":{"start":{"line":13,"column":9},"end":{"line":18,"column":5}},"type":"if","locations":[{"start":{"line":13,"column":9},"end":{"line":18,"column":5}},{"start":{"line":13,"column":9},"end":{"line":18,"column":5}}],"line":13},"2":{"loc":{"start":{"line":16,"column":9},"end":{"line":18,"column":5}},"type":"if","locations":[{"start":{"line":16,"column":9},"end":{"line":18,"column":5}},{"start":{"line":16,"column":9},"end":{"line":18,"column":5}}],"line":16}},"s":{"0":0,"1":0,"2":0,"3":0,"4":0,"5":0,"6":0,"7":0,"8":0,"9":0,"10":0},"f":{"0":0,"1":0,"2":0,"3":0},"b":{"0":[0,0],"1":[0,0],"2":[0,0]},"_coverageSchema":"43e27e138ebf9cfc5966b082cf9a028302ed4184","hash":"bba2ed4d2fe67e20ab613c7e12f4983d4f4cbc9a"}
,"C:\\Users\\fabia\\Desktop\\SE2\\spg\\client\\src\\components\\MyFarmer.js": {"path":"C:\\Users\\fabia\\Desktop\\SE2\\spg\\client\\src\\components\\MyFarmer.js","statementMap":{"0":{"start":{"line":8,"column":32},"end":{"line":8,"column":47}},"1":{"start":{"line":10,"column":4},"end":{"line":18,"column":5}},"2":{"start":{"line":11,"column":8},"end":{"line":11,"column":59}},"3":{"start":{"line":13,"column":9},"end":{"line":18,"column":5}},"4":{"start":{"line":14,"column":8},"end":{"line":14,"column":60}},"5":{"start":{"line":16,"column":9},"end":{"line":18,"column":5}},"6":{"start":{"line":17,"column":8},"end":{"line":17,"column":62}},"7":{"start":{"line":20,"column":4},"end":{"line":41,"column":6}},"8":{"start":{"line":26,"column":92},"end":{"line":26,"column":112}},"9":{"start":{"line":31,"column":92},"end":{"line":31,"column":113}},"10":{"start":{"line":36,"column":92},"end":{"line":36,"column":115}}},"fnMap":{"0":{"name":"MyFarmer","decl":{"start":{"line":7,"column":9},"end":{"line":7,"column":17}},"loc":{"start":{"line":7,"column":25},"end":{"line":42,"column":1}},"line":7},"1":{"name":"(anonymous_1)","decl":{"start":{"line":26,"column":84},"end":{"line":26,"column":85}},"loc":{"start":{"line":26,"column":90},"end":{"line":26,"column":114}},"line":26},"2":{"name":"(anonymous_2)","decl":{"start":{"line":31,"column":84},"end":{"line":31,"column":85}},"loc":{"start":{"line":31,"column":90},"end":{"line":31,"column":115}},"line":31},"3":{"name":"(anonymous_3)","decl":{"start":{"line":36,"column":84},"end":{"line":36,"column":85}},"loc":{"start":{"line":36,"column":90},"end":{"line":36,"column":117}},"line":36}},"branchMap":{"0":{"loc":{"start":{"line":10,"column":4},"end":{"line":18,"column":5}},"type":"if","locations":[{"start":{"line":10,"column":4},"end":{"line":18,"column":5}},{"start":{"line":10,"column":4},"end":{"line":18,"column":5}}],"line":10},"1":{"loc":{"start":{"line":13,"column":9},"end":{"line":18,"column":5}},"type":"if","locations":[{"start":{"line":13,"column":9},"end":{"line":18,"column":5}},{"start":{"line":13,"column":9},"end":{"line":18,"column":5}}],"line":13},"2":{"loc":{"start":{"line":16,"column":9},"end":{"line":18,"column":5}},"type":"if","locations":[{"start":{"line":16,"column":9},"end":{"line":18,"column":5}},{"start":{"line":16,"column":9},"end":{"line":18,"column":5}}],"line":16}},"s":{"0":1,"1":1,"2":0,"3":1,"4":0,"5":1,"6":0,"7":1,"8":0,"9":0,"10":0},"f":{"0":1,"1":0,"2":0,"3":0},"b":{"0":[0,1],"1":[0,1],"2":[0,1]},"_coverageSchema":"43e27e138ebf9cfc5966b082cf9a028302ed4184","hash":"ba20ea2af33a417be0a30b7b9c78928f794e551e"}
,"C:\\Users\\fabia\\Desktop\\SE2\\spg\\client\\src\\components\\MyForm.js": {"path":"C:\\Users\\fabia\\Desktop\\SE2\\spg\\client\\src\\components\\MyForm.js","statementMap":{"0":{"start":{"line":9,"column":28},"end":{"line":9,"column":40}},"1":{"start":{"line":10,"column":34},"end":{"line":10,"column":46}},"2":{"start":{"line":11,"column":30},"end":{"line":11,"column":42}},"3":{"start":{"line":12,"column":36},"end":{"line":12,"column":48}},"4":{"start":{"line":13,"column":32},"end":{"line":13,"column":44}},"5":{"start":{"line":15,"column":54},"end":{"line":15,"column":66}},"6":{"start":{"line":16,"column":60},"end":{"line":16,"column":72}},"7":{"start":{"line":17,"column":56},"end":{"line":17,"column":68}},"8":{"start":{"line":18,"column":32},"end":{"line":18,"column":47}},"9":{"start":{"line":19,"column":40},"end":{"line":19,"column":55}},"10":{"start":{"line":21,"column":42},"end":{"line":21,"column":54}},"11":{"start":{"line":22,"column":42},"end":{"line":22,"column":54}},"12":{"start":{"line":23,"column":28},"end":{"line":23,"column":40}},"13":{"start":{"line":24,"column":34},"end":{"line":24,"column":46}},"14":{"start":{"line":25,"column":34},"end":{"line":25,"column":46}},"15":{"start":{"line":28,"column":8},"end":{"line":28,"column":39}},"16":{"start":{"line":28,"column":35},"end":{"line":28,"column":37}},"17":{"start":{"line":29,"column":8},"end":{"line":29,"column":42}},"18":{"start":{"line":29,"column":38},"end":{"line":29,"column":40}},"19":{"start":{"line":32,"column":4},"end":{"line":37,"column":5}},"20":{"start":{"line":33,"column":8},"end":{"line":35,"column":9}},"21":{"start":{"line":34,"column":12},"end":{"line":34,"column":56}},"22":{"start":{"line":36,"column":8},"end":{"line":36,"column":64}},"23":{"start":{"line":40,"column":8},"end":{"line":40,"column":28}},"24":{"start":{"line":41,"column":16},"end":{"line":41,"column":21}},"25":{"start":{"line":42,"column":8},"end":{"line":42,"column":37}},"26":{"start":{"line":42,"column":28},"end":{"line":42,"column":37}},"27":{"start":{"line":43,"column":8},"end":{"line":43,"column":41}},"28":{"start":{"line":43,"column":32},"end":{"line":43,"column":41}},"29":{"start":{"line":44,"column":8},"end":{"line":44,"column":55}},"30":{"start":{"line":44,"column":46},"end":{"line":44,"column":55}},"31":{"start":{"line":45,"column":8},"end":{"line":45,"column":37}},"32":{"start":{"line":45,"column":28},"end":{"line":45,"column":37}},"33":{"start":{"line":48,"column":8},"end":{"line":48,"column":22}},"34":{"start":{"line":48,"column":15},"end":{"line":48,"column":22}},"35":{"start":{"line":50,"column":8},"end":{"line":50,"column":20}},"36":{"start":{"line":51,"column":8},"end":{"line":57,"column":11}},"37":{"start":{"line":52,"column":12},"end":{"line":56,"column":13}},"38":{"start":{"line":53,"column":16},"end":{"line":53,"column":42}},"39":{"start":{"line":55,"column":16},"end":{"line":55,"column":54}},"40":{"start":{"line":58,"column":8},"end":{"line":58,"column":28}},"41":{"start":{"line":62,"column":8},"end":{"line":69,"column":9}},"42":{"start":{"line":63,"column":12},"end":{"line":63,"column":58}},"43":{"start":{"line":64,"column":12},"end":{"line":64,"column":25}},"44":{"start":{"line":67,"column":12},"end":{"line":67,"column":31}},"45":{"start":{"line":68,"column":12},"end":{"line":68,"column":24}},"46":{"start":{"line":73,"column":8},"end":{"line":80,"column":9}},"47":{"start":{"line":74,"column":12},"end":{"line":74,"column":68}},"48":{"start":{"line":75,"column":12},"end":{"line":75,"column":25}},"49":{"start":{"line":78,"column":12},"end":{"line":78,"column":37}},"50":{"start":{"line":79,"column":12},"end":{"line":79,"column":24}},"51":{"start":{"line":84,"column":19},"end":{"line":84,"column":156}},"52":{"start":{"line":85,"column":8},"end":{"line":96,"column":9}},"53":{"start":{"line":86,"column":12},"end":{"line":88,"column":14}},"54":{"start":{"line":87,"column":16},"end":{"line":87,"column":48}},"55":{"start":{"line":89,"column":12},"end":{"line":89,"column":25}},"56":{"start":{"line":92,"column":12},"end":{"line":94,"column":14}},"57":{"start":{"line":93,"column":16},"end":{"line":93,"column":26}},"58":{"start":{"line":95,"column":12},"end":{"line":95,"column":24}},"59":{"start":{"line":101,"column":8},"end":{"line":112,"column":9}},"60":{"start":{"line":102,"column":12},"end":{"line":104,"column":14}},"61":{"start":{"line":103,"column":16},"end":{"line":103,"column":51}},"62":{"start":{"line":105,"column":12},"end":{"line":105,"column":25}},"63":{"start":{"line":108,"column":12},"end":{"line":110,"column":14}},"64":{"start":{"line":109,"column":16},"end":{"line":109,"column":26}},"65":{"start":{"line":111,"column":12},"end":{"line":111,"column":24}},"66":{"start":{"line":116,"column":8},"end":{"line":116,"column":29}},"67":{"start":{"line":117,"column":8},"end":{"line":117,"column":24}},"68":{"start":{"line":120,"column":4},"end":{"line":384,"column":6}},"69":{"start":{"line":134,"column":51},"end":{"line":134,"column":65}},"70":{"start":{"line":147,"column":51},"end":{"line":147,"column":71}},"71":{"start":{"line":171,"column":64},"end":{"line":171,"column":89}},"72":{"start":{"line":185,"column":64},"end":{"line":185,"column":92}},"73":{"start":{"line":205,"column":64},"end":{"line":205,"column":90}},"74":{"start":{"line":232,"column":64},"end":{"line":232,"column":93}},"75":{"start":{"line":253,"column":64},"end":{"line":253,"column":90}},"76":{"start":{"line":280,"column":64},"end":{"line":280,"column":95}},"77":{"start":{"line":300,"column":64},"end":{"line":300,"column":91}},"78":{"start":{"line":318,"column":64},"end":{"line":318,"column":88}},"79":{"start":{"line":330,"column":64},"end":{"line":330,"column":91}},"80":{"start":{"line":350,"column":59},"end":{"line":350,"column":74}},"81":{"start":{"line":363,"column":61},"end":{"line":363,"column":77}}},"fnMap":{"0":{"name":"MyForm","decl":{"start":{"line":8,"column":9},"end":{"line":8,"column":15}},"loc":{"start":{"line":8,"column":23},"end":{"line":385,"column":1}},"line":8},"1":{"name":"resetForm","decl":{"start":{"line":27,"column":13},"end":{"line":27,"column":22}},"loc":{"start":{"line":27,"column":25},"end":{"line":30,"column":5}},"line":27},"2":{"name":"(anonymous_2)","decl":{"start":{"line":28,"column":29},"end":{"line":28,"column":30}},"loc":{"start":{"line":28,"column":35},"end":{"line":28,"column":37}},"line":28},"3":{"name":"(anonymous_3)","decl":{"start":{"line":29,"column":32},"end":{"line":29,"column":33}},"loc":{"start":{"line":29,"column":38},"end":{"line":29,"column":40}},"line":29},"4":{"name":"handleSubmit","decl":{"start":{"line":39,"column":13},"end":{"line":39,"column":25}},"loc":{"start":{"line":39,"column":30},"end":{"line":59,"column":5}},"line":39},"5":{"name":"(anonymous_5)","decl":{"start":{"line":51,"column":97},"end":{"line":51,"column":98}},"loc":{"start":{"line":51,"column":111},"end":{"line":57,"column":9}},"line":51},"6":{"name":"checkNumber","decl":{"start":{"line":61,"column":13},"end":{"line":61,"column":24}},"loc":{"start":{"line":61,"column":27},"end":{"line":70,"column":5}},"line":61},"7":{"name":"checkFields","decl":{"start":{"line":72,"column":13},"end":{"line":72,"column":24}},"loc":{"start":{"line":72,"column":27},"end":{"line":81,"column":5}},"line":72},"8":{"name":"checkEmail","decl":{"start":{"line":83,"column":13},"end":{"line":83,"column":23}},"loc":{"start":{"line":83,"column":35},"end":{"line":97,"column":5}},"line":83},"9":{"name":"(anonymous_9)","decl":{"start":{"line":86,"column":33},"end":{"line":86,"column":34}},"loc":{"start":{"line":86,"column":40},"end":{"line":88,"column":13}},"line":86},"10":{"name":"(anonymous_10)","decl":{"start":{"line":92,"column":33},"end":{"line":92,"column":34}},"loc":{"start":{"line":92,"column":40},"end":{"line":94,"column":13}},"line":92},"11":{"name":"checkPassword","decl":{"start":{"line":100,"column":13},"end":{"line":100,"column":26}},"loc":{"start":{"line":100,"column":63},"end":{"line":113,"column":5}},"line":100},"12":{"name":"(anonymous_12)","decl":{"start":{"line":102,"column":36},"end":{"line":102,"column":37}},"loc":{"start":{"line":102,"column":43},"end":{"line":104,"column":13}},"line":102},"13":{"name":"(anonymous_13)","decl":{"start":{"line":108,"column":36},"end":{"line":108,"column":37}},"loc":{"start":{"line":108,"column":43},"end":{"line":110,"column":13}},"line":108},"14":{"name":"handleGoBack","decl":{"start":{"line":115,"column":13},"end":{"line":115,"column":25}},"loc":{"start":{"line":115,"column":28},"end":{"line":118,"column":5}},"line":115},"15":{"name":"(anonymous_15)","decl":{"start":{"line":134,"column":45},"end":{"line":134,"column":46}},"loc":{"start":{"line":134,"column":51},"end":{"line":134,"column":65}},"line":134},"16":{"name":"(anonymous_16)","decl":{"start":{"line":147,"column":45},"end":{"line":147,"column":46}},"loc":{"start":{"line":147,"column":51},"end":{"line":147,"column":71}},"line":147},"17":{"name":"(anonymous_17)","decl":{"start":{"line":171,"column":54},"end":{"line":171,"column":55}},"loc":{"start":{"line":171,"column":62},"end":{"line":171,"column":91}},"line":171},"18":{"name":"(anonymous_18)","decl":{"start":{"line":185,"column":54},"end":{"line":185,"column":55}},"loc":{"start":{"line":185,"column":62},"end":{"line":185,"column":94}},"line":185},"19":{"name":"(anonymous_19)","decl":{"start":{"line":205,"column":54},"end":{"line":205,"column":55}},"loc":{"start":{"line":205,"column":62},"end":{"line":205,"column":92}},"line":205},"20":{"name":"(anonymous_20)","decl":{"start":{"line":232,"column":54},"end":{"line":232,"column":55}},"loc":{"start":{"line":232,"column":62},"end":{"line":232,"column":95}},"line":232},"21":{"name":"(anonymous_21)","decl":{"start":{"line":253,"column":54},"end":{"line":253,"column":55}},"loc":{"start":{"line":253,"column":62},"end":{"line":253,"column":92}},"line":253},"22":{"name":"(anonymous_22)","decl":{"start":{"line":280,"column":54},"end":{"line":280,"column":55}},"loc":{"start":{"line":280,"column":62},"end":{"line":280,"column":97}},"line":280},"23":{"name":"(anonymous_23)","decl":{"start":{"line":300,"column":54},"end":{"line":300,"column":55}},"loc":{"start":{"line":300,"column":62},"end":{"line":300,"column":93}},"line":300},"24":{"name":"(anonymous_24)","decl":{"start":{"line":318,"column":54},"end":{"line":318,"column":55}},"loc":{"start":{"line":318,"column":62},"end":{"line":318,"column":90}},"line":318},"25":{"name":"(anonymous_25)","decl":{"start":{"line":330,"column":54},"end":{"line":330,"column":55}},"loc":{"start":{"line":330,"column":62},"end":{"line":330,"column":93}},"line":330},"26":{"name":"(anonymous_26)","decl":{"start":{"line":350,"column":53},"end":{"line":350,"column":54}},"loc":{"start":{"line":350,"column":59},"end":{"line":350,"column":74}},"line":350},"27":{"name":"(anonymous_27)","decl":{"start":{"line":363,"column":53},"end":{"line":363,"column":54}},"loc":{"start":{"line":363,"column":61},"end":{"line":363,"column":77}},"line":363}},"branchMap":{"0":{"loc":{"start":{"line":32,"column":4},"end":{"line":37,"column":5}},"type":"if","locations":[{"start":{"line":32,"column":4},"end":{"line":37,"column":5}},{"start":{"line":32,"column":4},"end":{"line":37,"column":5}}],"line":32},"1":{"loc":{"start":{"line":33,"column":8},"end":{"line":35,"column":9}},"type":"if","locations":[{"start":{"line":33,"column":8},"end":{"line":35,"column":9}},{"start":{"line":33,"column":8},"end":{"line":35,"column":9}}],"line":33},"2":{"loc":{"start":{"line":42,"column":8},"end":{"line":42,"column":37}},"type":"if","locations":[{"start":{"line":42,"column":8},"end":{"line":42,"column":37}},{"start":{"line":42,"column":8},"end":{"line":42,"column":37}}],"line":42},"3":{"loc":{"start":{"line":43,"column":8},"end":{"line":43,"column":41}},"type":"if","locations":[{"start":{"line":43,"column":8},"end":{"line":43,"column":41}},{"start":{"line":43,"column":8},"end":{"line":43,"column":41}}],"line":43},"4":{"loc":{"start":{"line":44,"column":8},"end":{"line":44,"column":55}},"type":"if","locations":[{"start":{"line":44,"column":8},"end":{"line":44,"column":55}},{"start":{"line":44,"column":8},"end":{"line":44,"column":55}}],"line":44},"5":{"loc":{"start":{"line":45,"column":8},"end":{"line":45,"column":37}},"type":"if","locations":[{"start":{"line":45,"column":8},"end":{"line":45,"column":37}},{"start":{"line":45,"column":8},"end":{"line":45,"column":37}}],"line":45},"6":{"loc":{"start":{"line":48,"column":8},"end":{"line":48,"column":22}},"type":"if","locations":[{"start":{"line":48,"column":8},"end":{"line":48,"column":22}},{"start":{"line":48,"column":8},"end":{"line":48,"column":22}}],"line":48},"7":{"loc":{"start":{"line":52,"column":12},"end":{"line":56,"column":13}},"type":"if","locations":[{"start":{"line":52,"column":12},"end":{"line":56,"column":13}},{"start":{"line":52,"column":12},"end":{"line":56,"column":13}}],"line":52},"8":{"loc":{"start":{"line":62,"column":8},"end":{"line":69,"column":9}},"type":"if","locations":[{"start":{"line":62,"column":8},"end":{"line":69,"column":9}},{"start":{"line":62,"column":8},"end":{"line":69,"column":9}}],"line":62},"9":{"loc":{"start":{"line":62,"column":12},"end":{"line":62,"column":59}},"type":"binary-expr","locations":[{"start":{"line":62,"column":12},"end":{"line":62,"column":37}},{"start":{"line":62,"column":41},"end":{"line":62,"column":59}}],"line":62},"10":{"loc":{"start":{"line":73,"column":8},"end":{"line":80,"column":9}},"type":"if","locations":[{"start":{"line":73,"column":8},"end":{"line":80,"column":9}},{"start":{"line":73,"column":8},"end":{"line":80,"column":9}}],"line":73},"11":{"loc":{"start":{"line":73,"column":12},"end":{"line":73,"column":166}},"type":"binary-expr","locations":[{"start":{"line":73,"column":12},"end":{"line":73,"column":23}},{"start":{"line":73,"column":27},"end":{"line":73,"column":42}},{"start":{"line":73,"column":46},"end":{"line":73,"column":59}},{"start":{"line":73,"column":63},"end":{"line":73,"column":75}},{"start":{"line":73,"column":79},"end":{"line":73,"column":93}},{"start":{"line":73,"column":97},"end":{"line":73,"column":115}},{"start":{"line":73,"column":119},"end":{"line":73,"column":133}},{"start":{"line":73,"column":137},"end":{"line":73,"column":148}},{"start":{"line":73,"column":152},"end":{"line":73,"column":166}}],"line":73},"12":{"loc":{"start":{"line":85,"column":8},"end":{"line":96,"column":9}},"type":"if","locations":[{"start":{"line":85,"column":8},"end":{"line":96,"column":9}},{"start":{"line":85,"column":8},"end":{"line":96,"column":9}}],"line":85},"13":{"loc":{"start":{"line":101,"column":8},"end":{"line":112,"column":9}},"type":"if","locations":[{"start":{"line":101,"column":8},"end":{"line":112,"column":9}},{"start":{"line":101,"column":8},"end":{"line":112,"column":9}}],"line":101},"14":{"loc":{"start":{"line":123,"column":17},"end":{"line":157,"column":17}},"type":"binary-expr","locations":[{"start":{"line":123,"column":17},"end":{"line":123,"column":36}},{"start":{"line":124,"column":20},"end":{"line":156,"column":23}}],"line":123},"15":{"loc":{"start":{"line":158,"column":17},"end":{"line":381,"column":24}},"type":"binary-expr","locations":[{"start":{"line":158,"column":17},"end":{"line":158,"column":37}},{"start":{"line":159,"column":20},"end":{"line":381,"column":23}}],"line":158},"16":{"loc":{"start":{"line":208,"column":41},"end":{"line":215,"column":41}},"type":"binary-expr","locations":[{"start":{"line":208,"column":41},"end":{"line":208,"column":71}},{"start":{"line":209,"column":44},"end":{"line":214,"column":50}}],"line":208},"17":{"loc":{"start":{"line":236,"column":37},"end":{"line":243,"column":37}},"type":"binary-expr","locations":[{"start":{"line":236,"column":37},"end":{"line":236,"column":70}},{"start":{"line":237,"column":40},"end":{"line":242,"column":46}}],"line":236},"18":{"loc":{"start":{"line":257,"column":37},"end":{"line":264,"column":37}},"type":"binary-expr","locations":[{"start":{"line":257,"column":37},"end":{"line":257,"column":70}},{"start":{"line":258,"column":40},"end":{"line":263,"column":46}}],"line":257},"19":{"loc":{"start":{"line":284,"column":37},"end":{"line":291,"column":41}},"type":"binary-expr","locations":[{"start":{"line":284,"column":37},"end":{"line":284,"column":61}},{"start":{"line":285,"column":44},"end":{"line":290,"column":50}}],"line":284},"20":{"loc":{"start":{"line":369,"column":37},"end":{"line":376,"column":37}},"type":"binary-expr","locations":[{"start":{"line":369,"column":37},"end":{"line":369,"column":68}},{"start":{"line":370,"column":40},"end":{"line":375,"column":46}}],"line":369}},"s":{"0":1,"1":1,"2":1,"3":1,"4":1,"5":1,"6":1,"7":1,"8":1,"9":1,"10":1,"11":1,"12":1,"13":1,"14":1,"15":0,"16":0,"17":0,"18":0,"19":1,"20":0,"21":0,"22":0,"23":0,"24":0,"25":0,"26":0,"27":0,"28":0,"29":0,"30":0,"31":0,"32":0,"33":0,"34":0,"35":0,"36":0,"37":0,"38":0,"39":0,"40":0,"41":0,"42":0,"43":0,"44":0,"45":0,"46":0,"47":0,"48":0,"49":0,"50":0,"51":0,"52":0,"53":0,"54":0,"55":0,"56":0,"57":0,"58":0,"59":0,"60":0,"61":0,"62":0,"63":0,"64":0,"65":0,"66":0,"67":0,"68":1,"69":0,"70":0,"71":0,"72":0,"73":0,"74":0,"75":0,"76":0,"77":0,"78":0,"79":0,"80":0,"81":0},"f":{"0":1,"1":0,"2":0,"3":0,"4":0,"5":0,"6":0,"7":0,"8":0,"9":0,"10":0,"11":0,"12":0,"13":0,"14":0,"15":0,"16":0,"17":0,"18":0,"19":0,"20":0,"21":0,"22":0,"23":0,"24":0,"25":0,"26":0,"27":0},"b":{"0":[0,1],"1":[0,0],"2":[0,0],"3":[0,0],"4":[0,0],"5":[0,0],"6":[0,0],"7":[0,0],"8":[0,0],"9":[0,0],"10":[0,0],"11":[0,0,0,0,0,0,0,0,0],"12":[0,0],"13":[0,0],"14":[1,0],"15":[1,1],"16":[1,0],"17":[1,0],"18":[1,0],"19":[1,0],"20":[1,0]},"_coverageSchema":"43e27e138ebf9cfc5966b082cf9a028302ed4184","hash":"ba2fc9431e133a00e5a04deb2b3ad8471cf4b1d9"}
,"C:\\Users\\fabia\\Desktop\\SE2\\spg\\client\\src\\components\\MyLogin.js": {"path":"C:\\Users\\fabia\\Desktop\\SE2\\spg\\client\\src\\components\\MyLogin.js","statementMap":{"0":{"start":{"line":11,"column":36},"end":{"line":11,"column":48}},"1":{"start":{"line":12,"column":36},"end":{"line":12,"column":48}},"2":{"start":{"line":13,"column":30},"end":{"line":13,"column":42}},"3":{"start":{"line":14,"column":60},"end":{"line":14,"column":72}},"4":{"start":{"line":15,"column":60},"end":{"line":15,"column":72}},"5":{"start":{"line":16,"column":32},"end":{"line":16,"column":47}},"6":{"start":{"line":18,"column":21},"end":{"line":18,"column":34}},"7":{"start":{"line":21,"column":8},"end":{"line":27,"column":9}},"8":{"start":{"line":22,"column":12},"end":{"line":24,"column":15}},"9":{"start":{"line":23,"column":16},"end":{"line":23,"column":53}},"10":{"start":{"line":26,"column":12},"end":{"line":26,"column":40}},"11":{"start":{"line":28,"column":8},"end":{"line":34,"column":9}},"12":{"start":{"line":29,"column":12},"end":{"line":31,"column":15}},"13":{"start":{"line":30,"column":16},"end":{"line":30,"column":53}},"14":{"start":{"line":33,"column":12},"end":{"line":33,"column":40}},"15":{"start":{"line":38,"column":8},"end":{"line":38,"column":28}},"16":{"start":{"line":40,"column":20},"end":{"line":40,"column":24}},"17":{"start":{"line":41,"column":8},"end":{"line":43,"column":9}},"18":{"start":{"line":42,"column":12},"end":{"line":42,"column":26}},"19":{"start":{"line":44,"column":8},"end":{"line":46,"column":9}},"20":{"start":{"line":45,"column":12},"end":{"line":45,"column":26}},"21":{"start":{"line":48,"column":8},"end":{"line":65,"column":9}},"22":{"start":{"line":49,"column":12},"end":{"line":49,"column":24}},"23":{"start":{"line":50,"column":12},"end":{"line":64,"column":15}},"24":{"start":{"line":51,"column":16},"end":{"line":63,"column":17}},"25":{"start":{"line":52,"column":20},"end":{"line":60,"column":23}},"26":{"start":{"line":53,"column":24},"end":{"line":59,"column":25}},"27":{"start":{"line":57,"column":28},"end":{"line":57,"column":94}},"28":{"start":{"line":58,"column":28},"end":{"line":58,"column":53}},"29":{"start":{"line":62,"column":20},"end":{"line":62,"column":51}},"30":{"start":{"line":62,"column":35},"end":{"line":62,"column":49}},"31":{"start":{"line":69,"column":8},"end":{"line":69,"column":42}},"32":{"start":{"line":69,"column":38},"end":{"line":69,"column":40}},"33":{"start":{"line":70,"column":8},"end":{"line":70,"column":42}},"34":{"start":{"line":70,"column":38},"end":{"line":70,"column":40}},"35":{"start":{"line":71,"column":8},"end":{"line":71,"column":27}},"36":{"start":{"line":71,"column":23},"end":{"line":71,"column":25}},"37":{"start":{"line":74,"column":4},"end":{"line":78,"column":16}},"38":{"start":{"line":75,"column":8},"end":{"line":77,"column":9}},"39":{"start":{"line":76,"column":12},"end":{"line":76,"column":49}},"40":{"start":{"line":76,"column":29},"end":{"line":76,"column":41}},"41":{"start":{"line":80,"column":4},"end":{"line":82,"column":5}},"42":{"start":{"line":81,"column":8},"end":{"line":81,"column":65}},"43":{"start":{"line":84,"column":4},"end":{"line":86,"column":5}},"44":{"start":{"line":85,"column":8},"end":{"line":85,"column":45}},"45":{"start":{"line":89,"column":4},"end":{"line":181,"column":6}},"46":{"start":{"line":108,"column":60},"end":{"line":108,"column":89}},"47":{"start":{"line":108,"column":90},"end":{"line":108,"column":127}},"48":{"start":{"line":126,"column":60},"end":{"line":126,"column":89}},"49":{"start":{"line":126,"column":90},"end":{"line":126,"column":128}},"50":{"start":{"line":154,"column":55},"end":{"line":154,"column":70}},"51":{"start":{"line":168,"column":57},"end":{"line":168,"column":73}}},"fnMap":{"0":{"name":"MyLogin","decl":{"start":{"line":10,"column":9},"end":{"line":10,"column":16}},"loc":{"start":{"line":10,"column":24},"end":{"line":182,"column":1}},"line":10},"1":{"name":"checkValid","decl":{"start":{"line":20,"column":13},"end":{"line":20,"column":23}},"loc":{"start":{"line":20,"column":62},"end":{"line":35,"column":5}},"line":20},"2":{"name":"(anonymous_2)","decl":{"start":{"line":22,"column":36},"end":{"line":22,"column":37}},"loc":{"start":{"line":22,"column":43},"end":{"line":24,"column":13}},"line":22},"3":{"name":"(anonymous_3)","decl":{"start":{"line":29,"column":36},"end":{"line":29,"column":37}},"loc":{"start":{"line":29,"column":43},"end":{"line":31,"column":13}},"line":29},"4":{"name":"handleSubmit","decl":{"start":{"line":37,"column":13},"end":{"line":37,"column":25}},"loc":{"start":{"line":37,"column":30},"end":{"line":66,"column":5}},"line":37},"5":{"name":"(anonymous_5)","decl":{"start":{"line":50,"column":71},"end":{"line":50,"column":72}},"loc":{"start":{"line":50,"column":85},"end":{"line":64,"column":13}},"line":50},"6":{"name":"(anonymous_6)","decl":{"start":{"line":52,"column":42},"end":{"line":52,"column":43}},"loc":{"start":{"line":52,"column":51},"end":{"line":60,"column":21}},"line":52},"7":{"name":"(anonymous_7)","decl":{"start":{"line":62,"column":29},"end":{"line":62,"column":30}},"loc":{"start":{"line":62,"column":35},"end":{"line":62,"column":49}},"line":62},"8":{"name":"resetForm","decl":{"start":{"line":68,"column":13},"end":{"line":68,"column":22}},"loc":{"start":{"line":68,"column":25},"end":{"line":72,"column":5}},"line":68},"9":{"name":"(anonymous_9)","decl":{"start":{"line":69,"column":32},"end":{"line":69,"column":33}},"loc":{"start":{"line":69,"column":38},"end":{"line":69,"column":40}},"line":69},"10":{"name":"(anonymous_10)","decl":{"start":{"line":70,"column":32},"end":{"line":70,"column":33}},"loc":{"start":{"line":70,"column":38},"end":{"line":70,"column":40}},"line":70},"11":{"name":"(anonymous_11)","decl":{"start":{"line":71,"column":17},"end":{"line":71,"column":18}},"loc":{"start":{"line":71,"column":23},"end":{"line":71,"column":25}},"line":71},"12":{"name":"(anonymous_12)","decl":{"start":{"line":74,"column":14},"end":{"line":74,"column":15}},"loc":{"start":{"line":74,"column":20},"end":{"line":78,"column":5}},"line":74},"13":{"name":"(anonymous_13)","decl":{"start":{"line":76,"column":23},"end":{"line":76,"column":24}},"loc":{"start":{"line":76,"column":29},"end":{"line":76,"column":41}},"line":76},"14":{"name":"(anonymous_14)","decl":{"start":{"line":108,"column":50},"end":{"line":108,"column":51}},"loc":{"start":{"line":108,"column":58},"end":{"line":108,"column":129}},"line":108},"15":{"name":"(anonymous_15)","decl":{"start":{"line":126,"column":50},"end":{"line":126,"column":51}},"loc":{"start":{"line":126,"column":58},"end":{"line":126,"column":130}},"line":126},"16":{"name":"(anonymous_16)","decl":{"start":{"line":154,"column":49},"end":{"line":154,"column":50}},"loc":{"start":{"line":154,"column":55},"end":{"line":154,"column":70}},"line":154},"17":{"name":"(anonymous_17)","decl":{"start":{"line":168,"column":49},"end":{"line":168,"column":50}},"loc":{"start":{"line":168,"column":57},"end":{"line":168,"column":73}},"line":168}},"branchMap":{"0":{"loc":{"start":{"line":21,"column":8},"end":{"line":27,"column":9}},"type":"if","locations":[{"start":{"line":21,"column":8},"end":{"line":27,"column":9}},{"start":{"line":21,"column":8},"end":{"line":27,"column":9}}],"line":21},"1":{"loc":{"start":{"line":28,"column":8},"end":{"line":34,"column":9}},"type":"if","locations":[{"start":{"line":28,"column":8},"end":{"line":34,"column":9}},{"start":{"line":28,"column":8},"end":{"line":34,"column":9}}],"line":28},"2":{"loc":{"start":{"line":41,"column":8},"end":{"line":43,"column":9}},"type":"if","locations":[{"start":{"line":41,"column":8},"end":{"line":43,"column":9}},{"start":{"line":41,"column":8},"end":{"line":43,"column":9}}],"line":41},"3":{"loc":{"start":{"line":44,"column":8},"end":{"line":46,"column":9}},"type":"if","locations":[{"start":{"line":44,"column":8},"end":{"line":46,"column":9}},{"start":{"line":44,"column":8},"end":{"line":46,"column":9}}],"line":44},"4":{"loc":{"start":{"line":48,"column":8},"end":{"line":65,"column":9}},"type":"if","locations":[{"start":{"line":48,"column":8},"end":{"line":65,"column":9}},{"start":{"line":48,"column":8},"end":{"line":65,"column":9}}],"line":48},"5":{"loc":{"start":{"line":51,"column":16},"end":{"line":63,"column":17}},"type":"if","locations":[{"start":{"line":51,"column":16},"end":{"line":63,"column":17}},{"start":{"line":51,"column":16},"end":{"line":63,"column":17}}],"line":51},"6":{"loc":{"start":{"line":53,"column":24},"end":{"line":59,"column":25}},"type":"if","locations":[{"start":{"line":53,"column":24},"end":{"line":59,"column":25}},{"start":{"line":53,"column":24},"end":{"line":59,"column":25}}],"line":53},"7":{"loc":{"start":{"line":75,"column":8},"end":{"line":77,"column":9}},"type":"if","locations":[{"start":{"line":75,"column":8},"end":{"line":77,"column":9}},{"start":{"line":75,"column":8},"end":{"line":77,"column":9}}],"line":75},"8":{"loc":{"start":{"line":80,"column":4},"end":{"line":82,"column":5}},"type":"if","locations":[{"start":{"line":80,"column":4},"end":{"line":82,"column":5}},{"start":{"line":80,"column":4},"end":{"line":82,"column":5}}],"line":80},"9":{"loc":{"start":{"line":84,"column":4},"end":{"line":86,"column":5}},"type":"if","locations":[{"start":{"line":84,"column":4},"end":{"line":86,"column":5}},{"start":{"line":84,"column":4},"end":{"line":86,"column":5}}],"line":84},"10":{"loc":{"start":{"line":117,"column":55},"end":{"line":117,"column":93}},"type":"cond-expr","locations":[{"start":{"line":117,"column":78},"end":{"line":117,"column":84}},{"start":{"line":117,"column":87},"end":{"line":117,"column":93}}],"line":117},"11":{"loc":{"start":{"line":133,"column":33},"end":{"line":141,"column":33}},"type":"binary-expr","locations":[{"start":{"line":133,"column":33},"end":{"line":133,"column":51}},{"start":{"line":134,"column":36},"end":{"line":140,"column":42}}],"line":133}},"s":{"0":4,"1":3,"2":3,"3":3,"4":3,"5":3,"6":3,"7":0,"8":0,"9":0,"10":0,"11":0,"12":0,"13":0,"14":0,"15":0,"16":0,"17":0,"18":0,"19":0,"20":0,"21":0,"22":0,"23":0,"24":0,"25":0,"26":0,"27":0,"28":0,"29":0,"30":0,"31":0,"32":0,"33":0,"34":0,"35":0,"36":0,"37":1,"38":1,"39":0,"40":0,"41":1,"42":0,"43":1,"44":0,"45":1,"46":0,"47":0,"48":0,"49":0,"50":0,"51":0},"f":{"0":4,"1":0,"2":0,"3":0,"4":0,"5":0,"6":0,"7":0,"8":0,"9":0,"10":0,"11":0,"12":1,"13":0,"14":0,"15":0,"16":0,"17":0},"b":{"0":[0,0],"1":[0,0],"2":[0,0],"3":[0,0],"4":[0,0],"5":[0,0],"6":[0,0],"7":[0,1],"8":[0,1],"9":[0,1],"10":[0,1],"11":[1,0]},"_coverageSchema":"43e27e138ebf9cfc5966b082cf9a028302ed4184","hash":"295095c1076a7903ef33cce03316cc2e0ca9e7ed"}
,"C:\\Users\\fabia\\Desktop\\SE2\\spg\\client\\src\\components\\MyMyProducts.js": {"path":"C:\\Users\\fabia\\Desktop\\SE2\\spg\\client\\src\\components\\MyMyProducts.js","statementMap":{"0":{"start":{"line":12,"column":32},"end":{"line":12,"column":47}},"1":{"start":{"line":13,"column":30},"end":{"line":13,"column":40}},"2":{"start":{"line":14,"column":36},"end":{"line":14,"column":48}},"3":{"start":{"line":15,"column":38},"end":{"line":15,"column":52}},"4":{"start":{"line":16,"column":34},"end":{"line":16,"column":44}},"5":{"start":{"line":17,"column":28},"end":{"line":17,"column":43}},"6":{"start":{"line":19,"column":23},"end":{"line":19,"column":42}},"7":{"start":{"line":19,"column":29},"end":{"line":19,"column":42}},"8":{"start":{"line":21,"column":4},"end":{"line":56,"column":57}},"9":{"start":{"line":22,"column":8},"end":{"line":55,"column":9}},"10":{"start":{"line":23,"column":12},"end":{"line":54,"column":13}},"11":{"start":{"line":24,"column":16},"end":{"line":37,"column":19}},"12":{"start":{"line":25,"column":20},"end":{"line":34,"column":21}},"13":{"start":{"line":26,"column":24},"end":{"line":31,"column":27}},"14":{"start":{"line":27,"column":39},"end":{"line":27,"column":79}},"15":{"start":{"line":27,"column":62},"end":{"line":27,"column":78}},"16":{"start":{"line":28,"column":28},"end":{"line":30,"column":29}},"17":{"start":{"line":28,"column":55},"end":{"line":28,"column":71}},"18":{"start":{"line":29,"column":32},"end":{"line":29,"column":78}},"19":{"start":{"line":32,"column":24},"end":{"line":32,"column":77}},"20":{"start":{"line":32,"column":55},"end":{"line":32,"column":74}},"21":{"start":{"line":33,"column":24},"end":{"line":33,"column":44}},"22":{"start":{"line":36,"column":20},"end":{"line":36,"column":36}},"23":{"start":{"line":40,"column":16},"end":{"line":53,"column":19}},"24":{"start":{"line":41,"column":20},"end":{"line":50,"column":21}},"25":{"start":{"line":42,"column":24},"end":{"line":47,"column":27}},"26":{"start":{"line":43,"column":39},"end":{"line":43,"column":79}},"27":{"start":{"line":43,"column":62},"end":{"line":43,"column":78}},"28":{"start":{"line":44,"column":28},"end":{"line":46,"column":29}},"29":{"start":{"line":44,"column":55},"end":{"line":44,"column":71}},"30":{"start":{"line":45,"column":32},"end":{"line":45,"column":78}},"31":{"start":{"line":48,"column":24},"end":{"line":48,"column":77}},"32":{"start":{"line":48,"column":55},"end":{"line":48,"column":74}},"33":{"start":{"line":49,"column":24},"end":{"line":49,"column":44}},"34":{"start":{"line":52,"column":20},"end":{"line":52,"column":36}},"35":{"start":{"line":58,"column":4},"end":{"line":60,"column":5}},"36":{"start":{"line":59,"column":8},"end":{"line":59,"column":65}},"37":{"start":{"line":62,"column":25},"end":{"line":65,"column":5}},"38":{"start":{"line":63,"column":8},"end":{"line":63,"column":60}},"39":{"start":{"line":63,"column":43},"en
[...]
{"name":"(anonymous_9)","decl":{"start":{"line":40,"column":29},"end":{"line":40,"column":30}},"loc":{"start":{"line":40,"column":34},"end":{"line":42,"column":13}},"line":40},"10":{"name":"(anonymous_10)","decl":{"start":{"line":43,"column":23},"end":{"line":43,"column":24}},"loc":{"start":{"line":43,"column":29},"end":{"line":43,"column":38}},"line":43},"11":{"name":"(anonymous_11)","decl":{"start":{"line":47,"column":14},"end":{"line":47,"column":15}},"loc":{"start":{"line":47,"column":20},"end":{"line":49,"column":5}},"line":47},"12":{"name":"(anonymous_12)","decl":{"start":{"line":48,"column":55},"end":{"line":48,"column":56}},"loc":{"start":{"line":48,"column":61},"end":{"line":48,"column":122}},"line":48},"13":{"name":"(anonymous_13)","decl":{"start":{"line":48,"column":77},"end":{"line":48,"column":78}},"loc":{"start":{"line":48,"column":82},"end":{"line":48,"column":121}},"line":48},"14":{"name":"(anonymous_14)","decl":{"start":{"line":55,"column":28},"end":{"line":55,"column":29}},"loc":{"start":{"line":55,"column":58},"end":{"line":73,"column":5}},"line":55},"15":{"name":"(anonymous_15)","decl":{"start":{"line":58,"column":26},"end":{"line":58,"column":27}},"loc":{"start":{"line":58,"column":36},"end":{"line":58,"column":50}},"line":58},"16":{"name":"(anonymous_16)","decl":{"start":{"line":59,"column":37},"end":{"line":59,"column":38}},"loc":{"start":{"line":59,"column":47},"end":{"line":59,"column":61}},"line":59},"17":{"name":"(anonymous_17)","decl":{"start":{"line":60,"column":45},"end":{"line":60,"column":46}},"loc":{"start":{"line":60,"column":55},"end":{"line":60,"column":69}},"line":60},"18":{"name":"(anonymous_18)","decl":{"start":{"line":62,"column":55},"end":{"line":62,"column":56}},"loc":{"start":{"line":62,"column":65},"end":{"line":62,"column":79}},"line":62},"19":{"name":"(anonymous_19)","decl":{"start":{"line":63,"column":26},"end":{"line":63,"column":27}},"loc":{"start":{"line":63,"column":35},"end":{"line":63,"column":113}},"line":63},"20":{"name":"(anonymous_20)","decl":{"start":{"line":63,"column":46},"end":{"line":63,"column":47}},"loc":{"start":{"line":63,"column":56},"end":{"line":63,"column":112}},"line":63},"21":{"name":"(anonymous_21)","decl":{"start":{"line":63,"column":81},"end":{"line":63,"column":82}},"loc":{"start":{"line":63,"column":94},"end":{"line":63,"column":111}},"line":63},"22":{"name":"(anonymous_22)","decl":{"start":{"line":64,"column":26},"end":{"line":64,"column":27}},"loc":{"start":{"line":64,"column":35},"end":{"line":64,"column":88}},"line":64},"23":{"name":"(anonymous_23)","decl":{"start":{"line":64,"column":66},"end":{"line":64,"column":67}},"loc":{"start":{"line":64,"column":76},"end":{"line":64,"column":87}},"line":64},"24":{"name":"(anonymous_24)","decl":{"start":{"line":67,"column":26},"end":{"line":67,"column":27}},"loc":{"start":{"line":67,"column":33},"end":{"line":67,"column":72}},"line":67},"25":{"name":"(anonymous_25)","decl":{"start":{"line":69,"column":45},"end":{"line":69,"column":46}},"loc":{"start":{"line":69,"column":55},"end":{"line":69,"column":69}},"line":69},"26":{"name":"(anonymous_26)","decl":{"start":{"line":70,"column":20},"end":{"line":70,"column":21}},"loc":{"start":{"line":70,"column":29},"end":{"line":70,"column":105}},"line":70},"27":{"name":"(anonymous_27)","decl":{"start":{"line":70,"column":40},"end":{"line":70,"column":41}},"loc":{"start":{"line":70,"column":50},"end":{"line":70,"column":104}},"line":70},"28":{"name":"(anonymous_28)","decl":{"start":{"line":70,"column":73},"end":{"line":70,"column":74}},"loc":{"start":{"line":70,"column":86},"end":{"line":70,"column":103}},"line":70},"29":{"name":"(anonymous_29)","decl":{"start":{"line":71,"column":50},"end":{"line":71,"column":51}},"loc":{"start":{"line":71,"column":59},"end":{"line":71,"column":108}},"line":71},"30":{"name":"(anonymous_30)","decl":{"start":{"line":71,"column":86},"end":{"line":71,"column":87}},"loc":{"start":{"line":71,"column":96},"end":{"line":71,"column":107}},"line":71},"31":{"name":"(anonymous_31)","decl":{"start":{"line":80,"column":43},"end":{"line":80,"column":44}},"loc":{"start":{"line":80,"column":50},"end":{"line":80,"column":81}},"line":80},"32":{"name":"(anonymous_32)","decl":{"start":{"line":80,"column":60},"end":{"line":80,"column":61}},"loc":{"start":{"line":80,"column":66},"end":{"line":80,"column":80}},"line":80},"33":{"name":"(anonymous_33)","decl":{"start":{"line":81,"column":37},"end":{"line":81,"column":38}},"loc":{"start":{"line":81,"column":47},"end":{"line":81,"column":91}},"line":81},"34":{"name":"(anonymous_34)","decl":{"start":{"line":88,"column":53},"end":{"line":88,"column":54}},"loc":{"start":{"line":88,"column":58},"end":{"line":121,"column":33}},"line":88},"35":{"name":"(anonymous_35)","decl":{"start":{"line":110,"column":78},"end":{"line":110,"column":79}},"loc":{"start":{"line":110,"column":86},"end":{"line":110,"column":118}},"line":110},"36":{"name":"(anonymous_36)","decl":{"start":{"line":112,"column":99},"end":{"line":112,"column":100}},"loc":{"start":{"line":112,"column":105},"end":{"line":112,"column":173}},"line":112},"37":{"name":"(anonymous_37)","decl":{"start":{"line":126,"column":80},"end":{"line":126,"column":81}},"loc":{"start":{"line":126,"column":86},"end":{"line":126,"column":101}},"line":126}},"branchMap":{"0":{"loc":{"start":{"line":18,"column":8},"end":{"line":34,"column":9}},"type":"if","locations":[{"start":{"line":18,"column":8},"end":{"line":34,"column":9}},{"start":{"line":18,"column":8},"end":{"line":34,"column":9}}],"line":18},"1":{"loc":{"start":{"line":20,"column":16},"end":{"line":30,"column":17}},"type":"if","locations":[{"start":{"line":20,"column":16},"end":{"line":30,"column":17}},{"start":{"line":20,"column":16},"end":{"line":30,"column":17}}],"line":20},"2":{"loc":{"start":{"line":25,"column":24},"end":{"line":27,"column":25}},"type":"if","locations":[{"start":{"line":25,"column":24},"end":{"line":27,"column":25}},{"start":{"line":25,"column":24},"end":{"line":27,"column":25}}],"line":25},"3":{"loc":{"start":{"line":38,"column":8},"end":{"line":44,"column":9}},"type":"if","locations":[{"start":{"line":38,"column":8},"end":{"line":44,"column":9}},{"start":{"line":38,"column":8},"end":{"line":44,"column":9}}],"line":38},"4":{"loc":{"start":{"line":41,"column":16},"end":{"line":41,"column":76}},"type":"if","locations":[{"start":{"line":41,"column":16},"end":{"line":41,"column":76}},{"start":{"line":41,"column":16},"end":{"line":41,"column":76}}],"line":41},"5":{"loc":{"start":{"line":48,"column":8},"end":{"line":48,"column":124}},"type":"if","locations":[{"start":{"line":48,"column":8},"end":{"line":48,"column":124}},{"start":{"line":48,"column":8},"end":{"line":48,"column":124}}],"line":48},"6":{"loc":{"start":{"line":48,"column":82},"end":{"line":48,"column":121}},"type":"binary-expr","locations":[{"start":{"line":48,"column":82},"end":{"line":48,"column":98}},{"start":{"line":48,"column":102},"end":{"line":48,"column":121}}],"line":48},"7":{"loc":{"start":{"line":51,"column":4},"end":{"line":53,"column":5}},"type":"if","locations":[{"start":{"line":51,"column":4},"end":{"line":53,"column":5}},{"start":{"line":51,"column":4},"end":{"line":53,"column":5}}],"line":51},"8":{"loc":{"start":{"line":58,"column":8},"end":{"line":58,"column":83}},"type":"if","locations":[{"start":{"line":58,"column":8},"end":{"line":58,"column":83}},{"start":{"line":58,"column":8},"end":{"line":58,"column":83}}],"line":58},"9":{"loc":{"start":{"line":58,"column":12},"end":{"line":58,"column":74}},"type":"binary-expr","locations":[{"start":{"line":58,"column":12},"end":{"line":58,"column":64}},{"start":{"line":58,"column":68},"end":{"line":58,"column":74}}],"line":58},"10":{"loc":{"start":{"line":61,"column":8},"end":{"line":68,"column":9}},"type":"if","locations":[{"start":{"line":61,"column":8},"end":{"line":68,"column":9}},{"start":{"line":61,"column":8},"end":{"line":68,"column":9}}],"line":61},"11":{"loc":{"start":{"line":71,"column":8},"end":{"line":71,"column":110}},"type":"if","locations":[{"start":{"line":71,"column":8},"end":{"line":71,"column":110}},{"start":{"line":71,"column":8},"end":{"line":71,"column":110}}],"line":71},"12":{"loc":{"start":{"line":84,"column":17},"end":{"line":124,"column":23}},"type":"binary-expr","locations":[{"start":{"line":84,"column":17},"end":{"line":84,"column":33}},{"start":{"line":85,"column":20},"end":{"line":124,"column":23}}],"line":84}},"s":{"0":0,"1":0,"2":0,"3":0,"4":0,"5":0,"6":0,"7":0,"8":0,"9":0,"10":0,"11":0,"12":0,"13":0,"14":0,"15":0,"16":0,"17":0,"18":0,"19":0,"20":0,"21":0,"22":0,"23":0,"24":0,"25":0,"26":0,"27":0,"28":0,"29":0,"30":0,"31":0,"32":0,"33":0,"34":0,"35":0,"36":0,"37":0,"38":0,"39":0,"40":0,"41":0,"42":0,"43":0,"44":0,"45":0,"46":0,"47":0,"48":0,"49":0,"50":0,"51":0,"52":0,"53":0,"54":0,"55":0,"56":0,"57":0,"58":0,"59":0,"60":0,"61":0,"62":0,"63":0,"64":0,"65":0,"66":0,"67":0,"68":0,"69":0,"70":0,"71":0,"72":0,"73":0,"74":0,"75":0,"76":0},"f":{"0":0,"1":0,"2":0,"3":0,"4":0,"5":0,"6":0,"7":0,"8":0,"9":0,"10":0,"11":0,"12":0,"13":0,"14":0,"15":0,"16":0,"17":0,"18":0,"19":0,"20":0,"21":0,"22":0,"23":0,"24":0,"25":0,"26":0,"27":0,"28":0,"29":0,"30":0,"31":0,"32":0,"33":0,"34":0,"35":0,"36":0,"37":0},"b":{"0":[0,0],"1":[0,0],"2":[0,0],"3":[0,0],"4":[0,0],"5":[0,0],"6":[0,0],"7":[0,0],"8":[0,0],"9":[0,0],"10":[0,0],"11":[0,0],"12":[0,0]},"_coverageSchema":"43e27e138ebf9cfc5966b082cf9a028302ed4184","hash":"1a44732856519b8083540e60cd06b9e06d5ffc21"}
,"C:\\Users\\fabia\\Desktop\\SE2\\spg\\client\\src\\components\\MySingleClient.js": {"path":"C:\\Users\\fabia\\Desktop\\SE2\\spg\\client\\src\\components\\MySingleClient.js","statementMap":{"0":{"start":{"line":13,"column":32},"end":{"line":13,"column":47}},"1":{"start":{"line":14,"column":32},"end":{"line":14,"column":44}},"2":{"start":{"line":15,"column":38},"end":{"line":15,"column":52}},"3":{"start":{"line":16,"column":34},"end":{"line":16,"column":49}},"4":{"start":{"line":17,"column":28},"end":{"line":17,"column":38}},"5":{"start":{"line":20,"column":19},"end":{"line":20,"column":30}},"6":{"start":{"line":22,"column":4},"end":{"line":34,"column":24}},"7":{"start":{"line":23,"column":8},"end":{"line":33,"column":9}},"8":{"start":{"line":24,"column":12},"end":{"line":32,"column":15}},"9":{"start":{"line":25,"column":16},"end":{"line":29,"column":17}},"10":{"start":{"line":26,"column":20},"end":{"line":26,"column":33}},"11":{"start":{"line":27,"column":20},"end":{"line":27,"column":40}},"12":{"start":{"line":28,"column":20},"end":{"line":28,"column":34}},"13":{"start":{"line":31,"column":16},"end":{"line":31,"column":32}},"14":{"start":{"line":36,"column":4},"end":{"line":38,"column":5}},"15":{"start":{"line":37,"column":8},"end":{"line":37,"column":78}},"16":{"start":{"line":42,"column":4},"end":{"line":129,"column":6}},"17":{"start":{"line":77,"column":113},"end":{"line":77,"column":128}},"18":{"start":{"line":77,"column":129},"end":{"line":77,"column":145}},"19":{"start":{"line":82,"column":113},"end":{"line":82,"column":133}},"20":{"start":{"line":82,"column":134},"end":{"line":82,"column":150}},"21":{"start":{"line":124,"column":148},"end":{"line":124,"column":163}},"22":{"start":{"line":133,"column":32},"end":{"line":133,"column":44}},"23":{"start":{"line":134,"column":34},"end":{"line":134,"column":49}},"24":{"start":{"line":135,"column":30},"end":{"line":135,"column":40}},"25":{"start":{"line":137,"column":4},"end":{"line":177,"column":77}},"26":{"start":{"line":139,"column":29},"end":{"line":150,"column":9}},"27":{"start":{"line":140,"column":29},"end":{"line":146,"column":14}},"28":{"start":{"line":147,"column":12},"end":{"line":149,"column":13}},"29":{"start":{"line":148,"column":16},"end":{"line":148,"column":42}},"30":{"start":{"line":152,"column":25},"end":{"line":152,"column":26}},"31":{"start":{"line":153,"column":8},"end":{"line":158,"column":9}},"32":{"start":{"line":154,"column":12},"end":{"line":154,"column":62}},"33":{"start":{"line":157,"column":12},"end":{"line":157,"column":62}},"34":{"start":{"line":159,"column":23},"end":{"line":159,"column":47}},"35":{"start":{"line":160,"column":8},"end":{"line":176,"column":9}},"36":{"start":{"line":161,"column":12},"end":{"line":174,"column":13}},"37":{"start":{"line":162,"column":16},"end":{"line":162,"column":61}},"38":{"start":{"line":165,"column":17},"end":{"line":174,"column":13}},"39":{"start":{"line":166,"column":16},"end":{"line":166,"column":55}},"40":{"start":{"line":169,"column":16},"end":{"line":169,"column":30}},"41":{"start":{"line":170,"column":16},"end":{"line":170,"column":29}},"42":{"start":{"line":171,"column":16},"end":{"line":171,"column":33}},"43":{"start":{"line":172,"column":16},"end":{"line":172,"column":36}},"44":{"start":{"line":173,"column":16},"end":{"line":173,"column":35}},"45":{"start":{"line":179,"column":25},"end":{"line":179,"column":70}},"46":{"start":{"line":179,"column":38},"end":{"line":179,"column":68}},"47":{"start":{"line":181,"column":4},"end":{"line":199,"column":6}},"48":{"start":{"line":192,"column":113},"end":{"line":192,"column":134}},"49":{"start":{"line":192,"column":135},"end":{"line":192,"column":149}},"50":{"start":{"line":192,"column":150},"end":{"line":192,"column":169}},"51":{"start":{"line":194,"column":114},"end":{"line":194,"column":131}},"52":{"start":{"line":194,"column":132},"end":{"line":194,"column":150}},"53":{"start":{"line":194,"column":151},"end":{"line":194,"column":172}}},"fnMap":{"0":{"name":"MySingleClient","decl":{"start":{"line":12,"column":9},"end":{"line":12,"column":23}},"loc":{"start":{"line":12,"column":31},"end":{"line":130,"column":1}},"line":12},"1":{"name":"(anonymous_1)","decl":{"start":{"line":22,"column":14},"end":{"line":22,"column":15}},"loc":{"start":{"line":22,"column":20},"end":{"line":34,"column":5}},"line":22},"2":{"name":"(anonymous_2)","decl":{"start":{"line":24,"column":36},"end":{"line":24,"column":37}},"loc":{"start":{"line":24,"column":43},"end":{"line":30,"column":13}},"line":24},"3":{"name":"(anonymous_3)","decl":{"start":{"line":30,"column":21},"end":{"line":30,"column":22}},"loc":{"start":{"line":30,"column":30},"end":{"line":32,"column":13}},"line":30},"4":{"name":"(anonymous_4)","decl":{"start":{"line":77,"column":105},"end":{"line":77,"column":106}},"loc":{"start":{"line":77,"column":111},"end":{"line":77,"column":147}},"line":77},"5":{"name":"(anonymous_5)","decl":{"start":{"line":82,"column":105},"end":{"line":82,"column":106}},"loc":{"start":{"line":82,"column":111},"end":{"line":82,"column":152}},"line":82},"6":{"name":"(anonymous_6)","decl":{"start":{"line":124,"column":142},"end":{"line":124,"column":143}},"loc":{"start":{"line":124,"column":148},"end":{"line":124,"column":163}},"line":124},"7":{"name":"MyModal","decl":{"start":{"line":132,"column":9},"end":{"line":132,"column":16}},"loc":{"start":{"line":132,"column":24},"end":{"line":200,"column":1}},"line":132},"8":{"name":"(anonymous_8)","decl":{"start":{"line":137,"column":14},"end":{"line":137,"column":15}},"loc":{"start":{"line":137,"column":20},"end":{"line":177,"column":5}},"line":137},"9":{"name":"(anonymous_9)","decl":{"start":{"line":139,"column":29},"end":{"line":139,"column":30}},"loc":{"start":{"line":139,"column":41},"end":{"line":150,"column":9}},"line":139},"10":{"name":"(anonymous_10)","decl":{"start":{"line":179,"column":25},"end":{"line":179,"column":26}},"loc":{"start":{"line":179,"column":36},"end":{"line":179,"column":70}},"line":179},"11":{"name":"(anonymous_11)","decl":{"start":{"line":192,"column":105},"end":{"line":192,"column":106}},"loc":{"start":{"line":192,"column":111},"end":{"line":192,"column":171}},"line":192},"12":{"name":"(anonymous_12)","decl":{"start":{"line":194,"column":106},"end":{"line":194,"column":107}},"loc":{"start":{"line":194,"column":112},"end":{"line":194,"column":174}},"line":194}},"branchMap":{"0":{"loc":{"start":{"line":23,"column":8},"end":{"line":33,"column":9}},"type":"if","locations":[{"start":{"line":23,"column":8},"end":{"line":33,"column":9}},{"start":{"line":23,"column":8},"end":{"line":33,"column":9}}],"line":23},"1":{"loc":{"start":{"line":25,"column":16},"end":{"line":29,"column":17}},"type":"if","locations":[{"start":{"line":25,"column":16},"end":{"line":29,"column":17}},{"start":{"line":25,"column":16},"end":{"line":29,"column":17}}],"line":25},"2":{"loc":{"start":{"line":36,"column":4},"end":{"line":38,"column":5}},"type":"if","locations":[{"start":{"line":36,"column":4},"end":{"line":38,"column":5}},{"start":{"line":36,"column":4},"end":{"line":38,"column":5}}],"line":36},"3":{"loc":{"start":{"line":92,"column":80},"end":{"line":92,"column":118}},"type":"cond-expr","locations":[{"start":{"line":92,"column":100},"end":{"line":92,"column":105}},{"start":{"line":92,"column":106},"end":{"line":92,"column":118}}],"line":92},"4":{"loc":{"start":{"line":123,"column":13},"end":{"line":123,"column":79}},"type":"binary-expr","locations":[{"start":{"line":123,"column":13},"end":{"line":123,"column":23}},{"start":{"line":123,"column":27},"end":{"line":123,"column":79}}],"line":123},"5":{"loc":{"start":{"line":147,"column":12},"end":{"line":149,"column":13}},"type":"if","locations":[{"start":{"line":147,"column":12},"end":{"line":149,"column":13}},{"start":{"line":147,"column":12},"end":{"line":149,"column":13}}],"line":147},"6":{"loc":{"start":{"line":153,"column":8},"end":{"line":158,"column":9}},"type":"if","locations":[{"start":{"line":153,"column":8},"end":{"line":158,"column":9}},{"start":{"line":153,"column":8},"end":{"line":158,"column":9}}],"line":153},"7":{"loc":{"start":{"line":160,"column":8},"end":{"line":176,"column":9}},"type":"if","locations":[{"start":{"line":160,"column":8},"end":{"line":176,"column":9}},{"start":{"line":160,"column":8},"end":{"line":176,"column":9}}],"line":160},"8":{"loc":{"start":{"line":161,"column":12},"end":{"line":174,"column":13}},"type":"if","locations":[{"start":{"line":161,"column":12},"end":{"line":174,"column":13}},{"start":{"line":161,"column":12},"end":{"line":174,"column":13}}],"line":161},"9":{"loc":{"start":{"line":165,"column":17},"end":{"line":174,"column":13}},"type":"if","locations":[{"start":{"line":165,"column":17},"end":{"line":174,"column":13}},{"start":{"line":165,"column":17},"end":{"line":174,"column":13}}],"line":165},"10":{"loc":{"start":{"line":189,"column":20},"end":{"line":189,"column":75}},"type":"cond-expr","locations":[{"start":{"line":189,"column":28},"end":{"line":189,"column":67}},{"start":{"line":189,"column":70},"end":{"line":189,"column":75}}],"line":189}},"s":{"0":2,"1":1,"2":1,"3":1,"4":1,"5":1,"6":1,"7":1,"8":1,"9":0,"10":0,"11":0,"12":0,"13":0,"14":1,"15":0,"16":1,"17":0,"18":0,"19":0,"20":0,"21":0,"22":1,"23":1,"24":1,"25":1,"26":1,"27":0,"28":0,"29":0,"30":1,"31":1,"32":0,"33":1,"34":1,"35":1,"36":0,"37":0,"38":0,"39":0,"40":0,"41":0,"42":0,"43":0,"44":0,"45":1,"46":0,"47":1,"48":0,"49":0,"50":0,"51":0,"52":0,"53":0},"f":{"0":2,"1":1,"2":0,"3":0,"4":0,"5":0,"6":0,"7":1,"8":1,"9":0,"10":0,"11":0,"12":0},"b":{"0":[1,0],"1":[0,0],"2":[0,1],"3":[0,1],"4":[1,0],"5":[0,0],"6":[0,1],"7":[0,1],"8":[0,0],"9":[0,0],"10":[0,1]},"_coverageSchema":"43e27e138ebf9cfc5966b082cf9a028302ed4184","hash":"0064332cbf595e8209ad78d3baf8746c410b5b23"}
,"C:\\Users\\fabia\\Desktop\\SE2\\spg\\client\\src\\tests\\hooktest.js": {"path":"C:\\Users\\fabia\\Desktop\\SE2\\spg\\client\\src\\tests\\hooktest.js","statementMap":{"0":{"start":{"line":5,"column":0},"end":{"line":9,"column":3}},"1":{"start":{"line":6,"column":14},"end":{"line":6,"column":43}},"2":{"start":{"line":7,"column":2},"end":{"line":7,"column":32}},"3":{"start":{"line":8,"column":2},"end":{"line":8,"column":39}}},"fnMap":{"0":{"name":"(anonymous_0)","decl":{"start":{"line":5,"column":31},"end":{"line":5,"column":32}},"loc":{"start":{"line":5,"column":37},"end":{"line":9,"column":1}},"line":5}},"branchMap":{},"s":{"0":0,"1":0,"2":0,"3":0},"f":{"0":0},"b":{},"hash":"14b656bdd854a0408df428920e3005cef15bd8e3"}
}
