TN:
SF:/Users/pietromacori/Documents/git/SoftEng2/SPG/client/src/App.js
FN:7,App
FNF:1
FNH:0
FNDA:0,App
DA:8,0
LF:1
LH:0
BRF:0
BRH:0
end_of_record
TN:
SF:/Users/pietromacori/Documents/git/SoftEng2/SPG/client/src/index.js
FNF:0
FNH:0
DA:7,0
DA:17,0
LF:2
LH:0
BRF:0
BRH:0
end_of_record
TN:
SF:/Users/pietromacori/Documents/git/SoftEng2/SPG/client/src/reportWebVitals.js
FN:1,(anonymous_0)
FN:3,(anonymous_1)
FNF:2
FNH:0
FNDA:0,(anonymous_0)
FNDA:0,(anonymous_1)
DA:1,0
DA:2,0
DA:3,0
DA:4,0
DA:5,0
DA:6,0
DA:7,0
DA:8,0
LF:8
LH:0
BRDA:2,0,0,0
BRDA:2,0,1,0
BRDA:2,1,0,0
BRDA:2,1,1,0
BRF:4
BRH:0
end_of_record
TN:
SF:/Users/pietromacori/Documents/git/SoftEng2/SPG/client/src/components/API.js
FN:4,loadProducts
FN:12,loadClients
FN:20,loadOrders
FN:29,loadClient
FN:37,sendOrder
FN:52,updateOrder
FN:67,payOrder
FN:81,updateBasket
FN:96,updateProduct
FN:112,createProduct
FN:127,deleteProduct
FN:137,login
FN:151,logout
FN:161,isLoggedIn
FN:172,addNewUser
FN:194,loadNextProducts
FN:208,getClock
FN:217,setClock
FN:234,loadWallet
FNF:19
FNH:0
FNDA:0,loadProducts
FNDA:0,loadClients
FNDA:0,loadOrders
FNDA:0,loadClient
FNDA:0,sendOrder
FNDA:0,updateOrder
FNDA:0,payOrder
FNDA:0,updateBasket
FNDA:0,updateProduct
FNDA:0,createProduct
FNDA:0,deleteProduct
FNDA:0,login
FNDA:0,logout
FNDA:0,isLoggedIn
FNDA:0,addNewUser
FNDA:0,loadNextProducts
FNDA:0,getClock
FNDA:0,setClock
FNDA:0,loadWallet
DA:1,0
DA:5,0
DA:6,0
DA:7,0
DA:8,0
DA:9,0
DA:13,0
DA:14,0
DA:15,0
DA:16,0
DA:17,0
DA:21,0
DA:22,0
DA:23,0
DA:24,0
DA:25,0
DA:26,0
DA:30,0
DA:31,0
DA:32,0
DA:33,0
DA:34,0
DA:38,0
DA:46,0
DA:47,0
DA:48,0
DA:49,0
DA:53,0
DA:62,0
DA:63,0
DA:64,0
DA:68,0
DA:76,0
DA:77,0
DA:78,0
DA:82,0
DA:91,0
DA:92,0
DA:93,0
DA:98,0
DA:107,0
DA:108,0
DA:109,0
DA:113,0
DA:122,0
DA:123,0
DA:124,0
DA:128,0
DA:132,0
DA:133,0
DA:134,0
DA:138,0
DA:146,0
DA:147,0
DA:148,0
DA:152,0
DA:156,0
DA:157,0
DA:158,0
DA:162,0
DA:163,0
DA:164,0
DA:165,0
DA:166,0
DA:168,0
DA:173,0
DA:174,0
DA:175,0
DA:183,0
DA:184,0
DA:186,0
DA:190,0
DA:195,0
DA:196,0
DA:197,0
DA:199,0
DA:200,0
DA:202,0
DA:203,0
DA:204,0
DA:205,0
DA:209,0
DA:210,0
DA:211,0
DA:212,0
DA:214,0
DA:218,0
DA:226,0
DA:227,0
DA:229,0
DA:235,0
DA:236,0
DA:237,0
DA:238,0
DA:239,0
DA:242,0
LF:96
LH:0
BRDA:7,0,0,0
BRDA:7,0,1,0
BRDA:15,1,0,0
BRDA:15,1,1,0
BRDA:22,2,0,0
BRDA:22,2,1,0
BRDA:24,3,0,0
BRDA:24,3,1,0
BRDA:32,4,0,0
BRDA:32,4,1,0
BRDA:47,5,0,0
BRDA:47,5,1,0
BRDA:62,6,0,0
BRDA:62,6,1,0
BRDA:76,7,0,0
BRDA:76,7,1,0
BRDA:91,8,0,0
BRDA:91,8,1,0
BRDA:107,9,0,0
BRDA:107,9,1,0
BRDA:122,10,0,0
BRDA:122,10,1,0
BRDA:132,11,0,0
BRDA:132,11,1,0
BRDA:146,12,0,0
BRDA:146,12,1,0
BRDA:156,13,0,0
BRDA:156,13,1,0
BRDA:164,14,0,0
BRDA:164,14,1,0
BRDA:183,15,0,0
BRDA:183,15,1,0
BRDA:196,16,0,0
BRDA:196,16,1,0
BRDA:199,17,0,0
BRDA:199,17,1,0
BRDA:199,18,0,0
BRDA:199,18,1,0
BRDA:203,19,0,0
BRDA:203,19,1,0
BRDA:210,20,0,0
BRDA:210,20,1,0
BRDA:226,21,0,0
BRDA:226,21,1,0
BRDA:237,22,0,0
BRDA:237,22,1,0
BRF:46
BRH:0
end_of_record
TN:
SF:/Users/pietromacori/Documents/git/SoftEng2/SPG/client/src/components/ModalWindow.js
FN:6,(anonymous_0)
FNF:1
FNH:0
FNDA:0,(anonymous_0)
DA:6,0
DA:7,0
LF:2
LH:0
BRF:0
BRH:0
end_of_record
TN:
SF:/Users/pietromacori/Documents/git/SoftEng2/SPG/client/src/components/MyClientPage.js
FN:7,MyClientPage
FN:36,(anonymous_1)
FN:41,(anonymous_2)
FN:46,(anonymous_3)
FNF:4
FNH:0
FNDA:0,MyClientPage
FNDA:0,(anonymous_1)
FNDA:0,(anonymous_2)
FNDA:0,(anonymous_3)
DA:8,0
DA:11,0
DA:12,0
DA:14,0
DA:15,0
DA:17,0
DA:18,0
DA:20,0
DA:36,0
DA:41,0
DA:46,0
LF:11
LH:0
BRDA:11,0,0,0
BRDA:11,0,1,0
BRDA:14,1,0,0
BRDA:14,1,1,0
BRDA:17,2,0,0
BRDA:17,2,1,0
BRDA:22,3,0,0
BRDA:22,3,1,0
BRF:8
BRH:0
end_of_record
TN:
SF:/Users/pietromacori/Documents/git/SoftEng2/SPG/client/src/components/MyClientProfile.js
FN:9,MyClientProfile
FN:15,(anonymous_1)
FN:17,(anonymous_2)
FN:22,(anonymous_3)
FN:100,(anonymous_4)
FNF:5
FNH:0
FNDA:0,MyClientProfile
FNDA:0,(anonymous_1)
FNDA:0,(anonymous_2)
FNDA:0,(anonymous_3)
FNDA:0,(anonymous_4)
DA:10,0
DA:11,0
DA:12,0
DA:15,0
DA:16,0
DA:17,0
DA:18,0
DA:19,0
DA:20,0
DA:23,0
DA:28,0
DA:29,0
DA:34,0
DA:100,0
LF:14
LH:0
BRDA:16,0,0,0
BRDA:16,0,1,0
BRDA:18,1,0,0
BRDA:18,1,1,0
BRDA:28,2,0,0
BRDA:28,2,1,0
BRDA:74,3,0,0
BRDA:74,3,1,0
BRF:8
BRH:0
end_of_record
TN:
SF:/Users/pietromacori/Documents/git/SoftEng2/SPG/client/src/components/MyClients.js
FN:8,MyClients
FN:15,(anonymous_1)
FN:17,(anonymous_2)
FN:23,(anonymous_3)
FN:49,(anonymous_4)
FN:65,(anonymous_5)
FN:70,(anonymous_6)
FNF:7
FNH:0
FNDA:0,MyClients
FNDA:0,(anonymous_1)
FNDA:0,(anonymous_2)
FNDA:0,(anonymous_3)
FNDA:0,(anonymous_4)
FNDA:0,(anonymous_5)
FNDA:0,(anonymous_6)
DA:10,0
DA:11,0
DA:12,0
DA:13,0
DA:15,0
DA:16,0
DA:17,0
DA:18,0
DA:19,0
DA:20,0
DA:24,0
DA:29,0
DA:30,0
DA:32,0
DA:33,0
DA:37,0
DA:50,0
DA:65,0
DA:70,0
LF:19
LH:0
BRDA:16,0,0,0
BRDA:16,0,1,0
BRDA:18,1,0,0
BRDA:18,1,1,0
BRDA:29,2,0,0
BRDA:29,2,1,0
BRDA:32,3,0,0
BRDA:32,3,1,0
BRDA:46,4,0,0
BRDA:46,4,1,0
BRF:10
BRH:0
end_of_record
TN:
SF:/Users/pietromacori/Documents/git/SoftEng2/SPG/client/src/components/MyClock.js
FN:8,MyClock
FN:11,(anonymous_1)
FN:13,(anonymous_2)
FN:38,(anonymous_3)
FN:39,(anonymous_4)
FN:39,(anonymous_5)
FNF:6
FNH:0
FNDA:0,MyClock
FNDA:0,(anonymous_1)
FNDA:0,(anonymous_2)
FNDA:0,(anonymous_3)
FNDA:0,(anonymous_4)
FNDA:0,(anonymous_5)
DA:9,0
DA:11,0
DA:12,0
DA:13,0
DA:17,0
DA:38,0
DA:39,0
LF:7
LH:0
BRDA:12,0,0,0
BRDA:12,0,1,0
BRDA:19,1,0,0
BRDA:19,1,1,0
BRDA:19,1,2,0
BRDA:37,2,0,0
BRDA:37,2,1,0
BRF:7
BRH:0
end_of_record
TN:
SF:/Users/pietromacori/Documents/git/SoftEng2/SPG/client/src/components/MyContainer.js
FN:18,MyContainer
FN:26,(anonymous_1)
FN:27,(anonymous_2)
FN:29,(anonymous_3)
FN:31,(anonymous_4)
FN:36,(anonymous_5)
FN:38,(anonymous_6)
FN:46,(anonymous_7)
FN:50,(anonymous_8)
FN:56,(anonymous_9)
FN:59,(anonymous_10)
FN:67,(anonymous_11)
FN:74,(anonymous_12)
FN:77,(anonymous_13)
FN:84,(anonymous_14)
FN:87,(anonymous_15)
FN:94,(anonymous_16)
FN:132,(anonymous_17)
FNF:18
FNH:0
FNDA:0,MyContainer
FNDA:0,(anonymous_1)
FNDA:0,(anonymous_2)
FNDA:0,(anonymous_3)
FNDA:0,(anonymous_4)
FNDA:0,(anonymous_5)
FNDA:0,(anonymous_6)
FNDA:0,(anonymous_7)
FNDA:0,(anonymous_8)
FNDA:0,(anonymous_9)
FNDA:0,(anonymous_10)
FNDA:0,(anonymous_11)
FNDA:0,(anonymous_12)
FNDA:0,(anonymous_13)
FNDA:0,(anonymous_14)
FNDA:0,(anonymous_15)
FNDA:0,(anonymous_16)
FNDA:0,(anonymous_17)
DA:19,0
DA:20,0
DA:21,0
DA:22,0
DA:23,0
DA:24,0
DA:26,0
DA:27,0
DA:28,0
DA:29,0
DA:32,0
DA:36,0
DA:37,0
DA:39,0
DA:40,0
DA:46,0
DA:48,0
DA:51,0
DA:56,0
DA:57,0
DA:58,0
DA:60,0
DA:61,0
DA:62,0
DA:63,0
DA:68,0
DA:74,0
DA:75,0
DA:76,0
DA:78,0
DA:84,0
DA:85,0
DA:86,0
DA:88,0
DA:89,0
DA:90,0
DA:91,0
DA:95,0
DA:100,0
DA:101,0
DA:104,0
DA:132,0
LF:42
LH:0
BRDA:28,0,0,0
BRDA:28,0,1,0
BRDA:29,1,0,0
BRDA:29,1,1,0
BRDA:39,2,0,0
BRDA:39,2,1,0
BRDA:39,3,0,0
BRDA:39,3,1,0
BRDA:57,4,0,0
BRDA:57,4,1,0
BRDA:60,5,0,0
BRDA:60,5,1,0
BRDA:62,6,0,0
BRDA:62,6,1,0
BRDA:75,7,0,0
BRDA:75,7,1,0
BRDA:85,8,0,0
BRDA:85,8,1,0
BRDA:88,9,0,0
BRDA:88,9,1,0
BRDA:100,10,0,0
BRDA:100,10,1,0
BRDA:100,11,0,0
BRDA:100,11,1,0
BRDA:100,11,2,0
BRDA:100,11,3,0
BRDA:153,12,0,0
BRDA:153,12,1,0
BRDA:214,13,0,0
BRDA:214,13,1,0
BRF:30
BRH:0
end_of_record
TN:
SF:/Users/pietromacori/Documents/git/SoftEng2/SPG/client/src/components/MyEmployee.js
FN:7,MyEmployee
FN:27,(anonymous_1)
FN:32,(anonymous_2)
FN:37,(anonymous_3)
FNF:4
FNH:1
FNDA:2,MyEmployee
FNDA:0,(anonymous_1)
FNDA:0,(anonymous_2)
FNDA:0,(anonymous_3)
DA:8,2
DA:10,2
DA:11,0
DA:13,2
DA:14,0
DA:16,2
DA:17,0
DA:20,2
DA:27,0
DA:32,0
DA:37,0
LF:11
LH:5
BRDA:10,0,0,0
BRDA:10,0,1,2
BRDA:13,1,0,0
BRDA:13,1,1,2
BRDA:16,2,0,0
BRDA:16,2,1,2
BRF:6
BRH:3
end_of_record
TN:
SF:/Users/pietromacori/Documents/git/SoftEng2/SPG/client/src/components/MyFarmer.js
FN:7,MyFarmer
FN:26,(anonymous_1)
FN:31,(anonymous_2)
FN:36,(anonymous_3)
FNF:4
FNH:0
FNDA:0,MyFarmer
FNDA:0,(anonymous_1)
FNDA:0,(anonymous_2)
FNDA:0,(anonymous_3)
DA:8,0
DA:10,0
DA:11,0
DA:13,0
DA:14,0
DA:16,0
DA:17,0
DA:20,0
DA:26,0
DA:31,0
DA:36,0
LF:11
LH:0
BRDA:10,0,0,0
BRDA:10,0,1,0
BRDA:13,1,0,0
BRDA:13,1,1,0
BRDA:16,2,0,0
BRDA:16,2,1,0
BRF:6
BRH:0
end_of_record
TN:
SF:/Users/pietromacori/Documents/git/SoftEng2/SPG/client/src/components/MyForm.js
FN:8,MyForm
FN:27,resetForm
FN:28,(anonymous_2)
FN:29,(anonymous_3)
FN:39,handleSubmit
FN:51,(anonymous_5)
FN:61,checkNumber
FN:72,checkFields
FN:83,checkEmail
FN:86,(anonymous_9)
FN:92,(anonymous_10)
FN:100,checkPassword
FN:102,(anonymous_12)
FN:108,(anonymous_13)
FN:115,handleGoBack
FN:134,(anonymous_15)
FN:147,(anonymous_16)
FN:171,(anonymous_17)
FN:185,(anonymous_18)
FN:205,(anonymous_19)
FN:232,(anonymous_20)
FN:253,(anonymous_21)
FN:280,(anonymous_22)
FN:300,(anonymous_23)
FN:318,(anonymous_24)
FN:330,(anonymous_25)
FN:350,(anonymous_26)
FN:363,(anonymous_27)
FNF:28
FNH:0
FNDA:0,MyForm
FNDA:0,resetForm
FNDA:0,(anonymous_2)
FNDA:0,(anonymous_3)
FNDA:0,handleSubmit
FNDA:0,(anonymous_5)
FNDA:0,checkNumber
FNDA:0,checkFields
FNDA:0,checkEmail
FNDA:0,(anonymous_9)
FNDA:0,(anonymous_10)
FNDA:0,checkPassword
FNDA:0,(anonymous_12)
FNDA:0,(anonymous_13)
FNDA:0,handleGoBack
FNDA:0,(anonymous_15)
FNDA:0,(anonymous_16)
FNDA:0,(anonymous_17)
FNDA:0,(anonymous_18)
FNDA:0,(anonymous_19)
FNDA:0,(anonymous_20)
FNDA:0,(anonymous_21)
FNDA:0,(anonymous_22)
FNDA:0,(anonymous_23)
FNDA:0,(anonymous_24)
FNDA:0,(anonymous_25)
FNDA:0,(anonymous_26)
FNDA:0,(anonymous_27)
DA:9,0
DA:10,0
DA:11,0
DA:12,0
DA:13,0
DA:15,0
DA:16,0
DA:17,0
DA:18,0
DA:19,0
DA:21,0
DA:22,0
DA:23,0
DA:24,0
DA:25,0
DA:28,0
DA:29,0
DA:32,0
DA:33,0
DA:34,0
DA:36,0
DA:40,0
DA:41,0
DA:42,0
DA:43,0
DA:44,0
DA:45,0
DA:48,0
DA:50,0
DA:51,0
DA:52,0
DA:53,0
DA:55,0
DA:58,0
DA:62,0
DA:63,0
DA:64,0
DA:67,0
DA:68,0
DA:73,0
DA:74,0
DA:75,0
DA:78,0
DA:79,0
DA:84,0
DA:85,0
DA:86,0
DA:87,0
DA:89,0
DA:92,0
DA:93,0
DA:95,0
DA:101,0
DA:102,0
DA:103,0
DA:105,0
DA:108,0
DA:109,0
DA:111,0
DA:116,0
DA:117,0
DA:120,0
DA:134,0
DA:147,0
DA:171,0
DA:185,0
DA:205,0
DA:232,0
DA:253,0
DA:280,0
DA:300,0
DA:318,0
DA:330,0
DA:350,0
DA:363,0
LF:75
LH:0
BRDA:32,0,0,0
BRDA:32,0,1,0
BRDA:33,1,0,0
BRDA:33,1,1,0
BRDA:42,2,0,0
BRDA:42,2,1,0
BRDA:43,3,0,0
BRDA:43,3,1,0
BRDA:44,4,0,0
BRDA:44,4,1,0
BRDA:45,5,0,0
BRDA:45,5,1,0
BRDA:48,6,0,0
BRDA:48,6,1,0
BRDA:52,7,0,0
BRDA:52,7,1,0
BRDA:62,8,0,0
BRDA:62,8,1,0
BRDA:62,9,0,0
BRDA:62,9,1,0
BRDA:73,10,0,0
BRDA:73,10,1,0
BRDA:73,11,0,0
BRDA:73,11,1,0
BRDA:73,11,2,0
BRDA:73,11,3,0
BRDA:73,11,4,0
BRDA:73,11,5,0
BRDA:73,11,6,0
BRDA:73,11,7,0
BRDA:73,11,8,0
BRDA:85,12,0,0
BRDA:85,12,1,0
BRDA:101,13,0,0
BRDA:101,13,1,0
BRDA:123,14,0,0
BRDA:123,14,1,0
BRDA:158,15,0,0
BRDA:158,15,1,0
BRDA:208,16,0,0
BRDA:208,16,1,0
BRDA:236,17,0,0
BRDA:236,17,1,0
BRDA:257,18,0,0
BRDA:257,18,1,0
BRDA:284,19,0,0
BRDA:284,19,1,0
BRDA:369,20,0,0
BRDA:369,20,1,0
BRF:49
BRH:0
end_of_record
TN:
SF:/Users/pietromacori/Documents/git/SoftEng2/SPG/client/src/components/MyLogin.js
FN:10,MyLogin
FN:20,checkValid
FN:22,(anonymous_2)
FN:29,(anonymous_3)
FN:37,handleSubmit
FN:50,(anonymous_5)
FN:52,(anonymous_6)
FN:62,(anonymous_7)
FN:68,resetForm
FN:69,(anonymous_9)
FN:70,(anonymous_10)
FN:71,(anonymous_11)
FN:74,(anonymous_12)
FN:76,(anonymous_13)
FN:108,(anonymous_14)
FN:126,(anonymous_15)
FN:155,(anonymous_16)
FN:169,(anonymous_17)
FNF:18
FNH:0
FNDA:0,MyLogin
FNDA:0,checkValid
FNDA:0,(anonymous_2)
FNDA:0,(anonymous_3)
FNDA:0,handleSubmit
FNDA:0,(anonymous_5)
FNDA:0,(anonymous_6)
FNDA:0,(anonymous_7)
FNDA:0,resetForm
FNDA:0,(anonymous_9)
FNDA:0,(anonymous_10)
FNDA:0,(anonymous_11)
FNDA:0,(anonymous_12)
FNDA:0,(anonymous_13)
FNDA:0,(anonymous_14)
FNDA:0,(anonymous_15)
FNDA:0,(anonymous_16)
FNDA:0,(anonymous_17)
DA:11,0
DA:12,0
DA:13,0
DA:14,0
DA:15,0
DA:16,0
DA:18,0
DA:21,0
DA:22,0
DA:23,0
DA:26,0
DA:28,0
DA:29,0
DA:30,0
DA:33,0
DA:38,0
DA:40,0
DA:41,0
DA:42,0
DA:44,0
DA:45,0
DA:48,0
DA:49,0
DA:50,0
DA:51,0
DA:52,0
DA:53,0
DA:57,0
DA:58,0
DA:62,0
DA:69,0
DA:70,0
DA:71,0
DA:74,0
DA:75,0
DA:76,0
DA:80,0
DA:81,0
DA:84,0
DA:85,0
DA:89,0
DA:108,0
DA:126,0
DA:155,0
DA:169,0
LF:45
LH:0
BRDA:21,0,0,0
BRDA:21,0,1,0
BRDA:28,1,0,0
BRDA:28,1,1,0
BRDA:41,2,0,0
BRDA:41,2,1,0
BRDA:44,3,0,0
BRDA:44,3,1,0
BRDA:48,4,0,0
BRDA:48,4,1,0
BRDA:51,5,0,0
BRDA:51,5,1,0
BRDA:53,6,0,0
BRDA:53,6,1,0
BRDA:75,7,0,0
BRDA:75,7,1,0
BRDA:80,8,0,0
BRDA:80,8,1,0
BRDA:84,9,0,0
BRDA:84,9,1,0
BRDA:117,10,0,0
BRDA:117,10,1,0
BRDA:133,11,0,0
BRDA:133,11,1,0
BRF:24
BRH:0
end_of_record
TN:
SF:/Users/pietromacori/Documents/git/SoftEng2/SPG/client/src/components/MyMyProducts.js
FN:11,MyMyProducts
FN:19,(anonymous_1)
FN:21,(anonymous_2)
FN:24,(anonymous_3)
FN:26,(anonymous_4)
FN:27,(anonymous_5)
FN:28,(anonymous_6)
FN:32,(anonymous_7)
FN:35,(anonymous_8)
FN:40,(anonymous_9)
FN:42,(anonymous_10)
FN:43,(anonymous_11)
FN:44,(anonymous_12)
FN:48,(anonymous_13)
FN:51,(anonymous_14)
FN:62,(anonymous_15)
FN:63,(anonymous_16)
FN:67,(anonymous_17)
FN:68,(anonymous_18)
FN:72,(anonymous_19)
FN:87,(anonymous_20)
FN:91,(anonymous_21)
FN:109,(anonymous_22)
FN:119,(anonymous_23)
FN:127,(anonymous_24)
FN:151,MyModal
FN:160,(anonymous_26)
FN:170,(anonymous_27)
FN:173,(anonymous_28)
FN:174,(anonymous_29)
FN:177,(anonymous_30)
FN:187,(anonymous_31)
FN:192,(anonymous_32)
FN:197,(anonymous_33)
FN:202,(anonymous_34)
FN:207,(anonymous_35)
FN:213,(anonymous_36)
FN:214,(anonymous_37)
FN:219,(anonymous_38)
FN:255,(anonymous_39)
FN:270,(anonymous_40)
FN:282,(anonymous_41)
FN:301,(anonymous_42)
FN:313,(anonymous_43)
FN:337,(anonymous_44)
FNF:45
FNH:0
FNDA:0,MyMyProducts
FNDA:0,(anonymous_1)
FNDA:0,(anonymous_2)
FNDA:0,(anonymous_3)
FNDA:0,(anonymous_4)
FNDA:0,(anonymous_5)
FNDA:0,(anonymous_6)
FNDA:0,(anonymous_7)
FNDA:0,(anonymous_8)
FNDA:0,(anonymous_9)
FNDA:0,(anonymous_10)
FNDA:0,(anonymous_11)
FNDA:0,(anonymous_12)
FNDA:0,(anonymous_13)
FNDA:0,(anonymous_14)
FNDA:0,(anonymous_15)
FNDA:0,(anonymous_16)
FNDA:0,(anonymous_17)
FNDA:0,(anonymous_18)
FNDA:0,(anonymous_19)
FNDA:0,(anonymous_20)
FNDA:0,(anonymous_21)
FNDA:0,(anonymous_22)
FNDA:0,(anonymous_23)
FNDA:0,(anonymous_24)
FNDA:0,MyModal
FNDA:0,(anonymous_26)
FNDA:0,(anonymous_27)
FNDA:0,(anonymous_28)
FNDA:0,(anonymous_29)
FNDA:0,(anonymous_30)
FNDA:0,(anonymous_31)
FNDA:0,(anonymous_32)
FNDA:0,(anonymous_33)
FNDA:0,(anonymous_34)
FNDA:0,(anonymous_35)
FNDA:0,(anonymous_36)
FNDA:0,(anonymous_37)
FNDA:0,(anonymous_38)
FNDA:0,(anonymous_39)
FNDA:0,(anonymous_40)
FNDA:0,(anonymous_41)
FNDA:0,(anonymous_42)
FNDA:0,(anonymous_43)
FNDA:0,(anonymous_44)
DA:12,0
DA:13,0
DA:14,0
DA:15,0
DA:16,0
DA:17,0
DA:19,0
DA:21,0
DA:22,0
DA:23,0
DA:24,0
DA:25,0
DA:26,0
DA:27,0
DA:28,0
DA:29,0
DA:32,0
DA:33,0
DA:36,0
DA:40,0
DA:41,0
DA:42,0
DA:43,0
DA:44,0
DA:45,0
DA:48,0
DA:49,0
DA:52,0
DA:58,0
DA:59,0
DA:62,0
DA:63,0
DA:64,0
DA:67,0
DA:68,0
DA:69,0
DA:70,0
DA:73,0
DA:78,0
DA:87,0
DA:91,0
DA:110,0
DA:119,0
DA:127,0
DA:153,0
DA:154,0
DA:155,0
DA:156,0
DA:157,0
DA:158,0
DA:160,0
DA:161,0
DA:162,0
DA:163,0
DA:164,0
DA:165,0
DA:166,0
DA:170,0
DA:171,0
DA:172,0
DA:173,0
DA:174,0
DA:177,0
DA:178,0
DA:179,0
DA:180,0
DA:181,0
DA:182,0
DA:183,0
DA:184,0
DA:187,0
DA:188,0
DA:189,0
DA:191,0
DA:192,0
DA:193,0
DA:194,0
DA:196,0
DA:198,0
DA:202,0
DA:203,0
DA:204,0
DA:206,0
DA:208,0
DA:213,0
DA:214,0
DA:215,0
DA:216,0
DA:218,0
DA:220,0
DA:222,0
DA:225,0
DA:255,0
DA:270,0
DA:282,0
DA:301,0
DA:313,0
DA:337,0
LF:98
LH:0
BRDA:22,0,0,0
BRDA:22,0,1,0
BRDA:22,1,0,0
BRDA:22,1,1,0
BRDA:22,1,2,0
BRDA:22,1,3,0
BRDA:23,2,0,0
BRDA:23,2,1,0
BRDA:23,3,0,0
BRDA:23,3,1,0
BRDA:25,4,0,0
BRDA:25,4,1,0
BRDA:28,5,0,0
BRDA:28,5,1,0
BRDA:41,6,0,0
BRDA:41,6,1,0
BRDA:44,7,0,0
BRDA:44,7,1,0
BRDA:58,8,0,0
BRDA:58,8,1,0
BRDA:69,9,0,0
BRDA:69,9,1,0
BRDA:81,10,0,0
BRDA:81,10,1,0
BRDA:81,10,2,0
BRDA:81,10,3,0
BRDA:81,11,0,0
BRDA:81,11,1,0
BRDA:81,11,2,0
BRDA:81,12,0,0
BRDA:81,12,1,0
BRDA:90,13,0,0
BRDA:90,13,1,0
BRDA:90,14,0,0
BRDA:90,14,1,0
BRDA:90,14,2,0
BRDA:90,14,3,0
BRDA:106,15,0,0
BRDA:106,15,1,0
BRDA:118,16,0,0
BRDA:118,16,1,0
BRDA:118,17,0,0
BRDA:118,17,1,0
BRDA:118,17,2,0
BRDA:118,17,3,0
BRDA:118,17,4,0
BRDA:125,18,0,0
BRDA:125,18,1,0
BRDA:126,19,0,0
BRDA:126,19,1,0
BRDA:126,20,0,0
BRDA:126,20,1,0
BRDA:126,20,2,0
BRDA:132,21,0,0
BRDA:132,21,1,0
BRDA:161,22,0,0
BRDA:161,22,1,0
BRDA:162,23,0,0
BRDA:162,23,1,0
BRDA:163,24,0,0
BRDA:163,24,1,0
BRDA:164,25,0,0
BRDA:164,25,1,0
BRDA:165,26,0,0
BRDA:165,26,1,0
BRDA:166,27,0,0
BRDA:166,27,1,0
BRDA:172,28,0,0
BRDA:172,28,1,0
BRDA:173,29,0,0
BRDA:173,29,1,0
BRDA:174,30,0,0
BRDA:174,30,1,0
BRDA:188,31,0,0
BRDA:188,31,1,0
BRDA:188,32,0,0
BRDA:188,32,1,0
BRDA:188,32,2,0
BRDA:191,33,0,0
BRDA:191,33,1,0
BRDA:193,34,0,0
BRDA:193,34,1,0
BRDA:203,35,0,0
BRDA:203,35,1,0
BRDA:215,36,0,0
BRDA:215,36,1,0
BRDA:233,37,0,0
BRDA:233,37,1,0
BRDA:235,38,0,0
BRDA:235,38,1,0
BRDA:238,39,0,0
BRDA:238,39,1,0
BRDA:256,40,0,0
BRDA:256,40,1,0
BRDA:271,41,0,0
BRDA:271,41,1,0
BRDA:302,42,0,0
BRDA:302,42,1,0
BRDA:333,43,0,0
BRDA:333,43,1,0
BRF:100
BRH:0
end_of_record
TN:
SF:/Users/pietromacori/Documents/git/SoftEng2/SPG/client/src/components/MyNavBar.js
FN:13,MyNavBar
FN:19,(anonymous_1)
FN:20,(anonymous_2)
FN:20,(anonymous_3)
FN:25,(anonymous_4)
FN:26,(anonymous_5)
FN:34,(anonymous_6)
FN:35,(anonymous_7)
FN:36,(anonymous_8)
FN:72,(anonymous_9)
FN:77,(anonymous_10)
FN:84,(anonymous_11)
FN:101,(anonymous_12)
FN:114,MyModal
FN:126,(anonymous_14)
FN:138,(anonymous_15)
FN:154,(anonymous_16)
FN:157,(anonymous_17)
FN:175,(anonymous_18)
FN:176,(anonymous_19)
FN:179,(anonymous_20)
FN:181,(anonymous_21)
FN:184,(anonymous_22)
FN:188,(anonymous_23)
FN:191,(anonymous_24)
FN:193,(anonymous_25)
FN:208,(anonymous_26)
FN:220,(anonymous_27)
FN:231,(anonymous_28)
FN:231,(anonymous_29)
FN:237,(anonymous_30)
FN:238,(anonymous_31)
FN:239,(anonymous_32)
FN:251,(anonymous_33)
FN:252,(anonymous_34)
FN:253,(anonymous_35)
FN:261,(anonymous_36)
FN:262,(anonymous_37)
FN:263,(anonymous_38)
FN:268,(anonymous_39)
FN:268,(anonymous_40)
FN:290,(anonymous_41)
FN:290,(anonymous_42)
FN:296,(anonymous_43)
FN:296,(anonymous_44)
FNF:45
FNH:0
FNDA:0,MyNavBar
FNDA:0,(anonymous_1)
FNDA:0,(anonymous_2)
FNDA:0,(anonymous_3)
FNDA:0,(anonymous_4)
FNDA:0,(anonymous_5)
FNDA:0,(anonymous_6)
FNDA:0,(anonymous_7)
FNDA:0,(anonymous_8)
FNDA:0,(anonymous_9)
FNDA:0,(anonymous_10)
FNDA:0,(anonymous_11)
FNDA:0,(anonymous_12)
FNDA:0,MyModal
FNDA:0,(anonymous_14)
FNDA:0,(anonymous_15)
FNDA:0,(anonymous_16)
FNDA:0,(anonymous_17)
FNDA:0,(anonymous_18)
FNDA:0,(anonymous_19)
FNDA:0,(anonymous_20)
FNDA:0,(anonymous_21)
FNDA:0,(anonymous_22)
FNDA:0,(anonymous_23)
FNDA:0,(anonymous_24)
FNDA:0,(anonymous_25)
FNDA:0,(anonymous_26)
FNDA:0,(anonymous_27)
FNDA:0,(anonymous_28)
FNDA:0,(anonymous_29)
FNDA:0,(anonymous_30)
FNDA:0,(anonymous_31)
FNDA:0,(anonymous_32)
FNDA:0,(anonymous_33)
FNDA:0,(anonymous_34)
FNDA:0,(anonymous_35)
FNDA:0,(anonymous_36)
FNDA:0,(anonymous_37)
FNDA:0,(anonymous_38)
FNDA:0,(anonymous_39)
FNDA:0,(anonymous_40)
FNDA:0,(anonymous_41)
FNDA:0,(anonymous_42)
FNDA:0,(anonymous_43)
FNDA:0,(anonymous_44)
DA:15,0
DA:17,0
DA:19,0
DA:20,0
DA:23,0
DA:25,0
DA:26,0
DA:27,0
DA:28,0
DA:29,0
DA:34,0
DA:35,0
DA:36,0
DA:40,0
DA:73,0
DA:77,0
DA:84,0
DA:101,0
DA:116,0
DA:117,0
DA:118,0
DA:119,0
DA:120,0
DA:121,0
DA:122,0
DA:123,0
DA:124,0
DA:126,0
DA:127,0
DA:128,0
DA:129,0
DA:130,0
DA:131,0
DA:132,0
DA:133,0
DA:134,0
DA:135,0
DA:138,0
DA:140,0
DA:141,0
DA:142,0
DA:143,0
DA:144,0
DA:145,0
DA:146,0
DA:147,0
DA:150,0
DA:154,0
DA:155,0
DA:157,0
DA:163,0
DA:164,0
DA:167,0
DA:171,0
DA:172,0
DA:174,0
DA:175,0
DA:176,0
DA:177,0
DA:179,0
DA:181,0
DA:182,0
DA:183,0
DA:184,0
DA:185,0
DA:186,0
DA:188,0
DA:191,0
DA:192,0
DA:193,0
DA:196,0
DA:209,0
DA:220,0
DA:231,0
DA:238,0
DA:239,0
DA:252,0
DA:253,0
DA:262,0
DA:263,0
DA:268,0
DA:290,0
DA:296,0
LF:83
LH:0
BRDA:27,0,0,0
BRDA:27,0,1,0
BRDA:36,1,0,0
BRDA:36,1,1,0
BRDA:60,2,0,0
BRDA:60,2,1,0
BRDA:71,3,0,0
BRDA:71,3,1,0
BRDA:82,4,0,0
BRDA:82,4,1,0
BRDA:87,5,0,0
BRDA:87,5,1,0
BRDA:107,6,0,0
BRDA:107,6,1,0
BRDA:144,7,0,0
BRDA:144,7,1,0
BRDA:163,8,0,0
BRDA:163,8,1,0
BRDA:171,9,0,0
BRDA:171,9,1,0
BRDA:174,10,0,0
BRDA:174,10,1,0
BRDA:175,11,0,0
BRDA:175,11,1,0
BRDA:176,12,0,0
BRDA:176,12,1,0
BRDA:176,13,0,0
BRDA:176,13,1,0
BRDA:182,14,0,0
BRDA:182,14,1,0
BRDA:184,15,0,0
BRDA:184,15,1,0
BRDA:184,16,0,0
BRDA:184,16,1,0
BRDA:193,17,0,0
BRDA:193,17,1,0
BRDA:193,17,2,0
BRDA:193,17,3,0
BRDA:193,17,4,0
BRDA:219,18,0,0
BRDA:219,18,1,0
BRDA:220,19,0,0
BRDA:220,19,1,0
BRDA:223,20,0,0
BRDA:223,20,1,0
BRDA:223,21,0,0
BRDA:223,21,1,0
BRDA:238,22,0,0
BRDA:238,22,1,0
BRDA:238,23,0,0
BRDA:238,23,1,0
BRDA:243,24,0,0
BRDA:243,24,1,0
BRDA:259,25,0,0
BRDA:259,25,1,0
BRDA:259,26,0,0
BRDA:259,26,1,0
BRDA:265,27,0,0
BRDA:265,27,1,0
BRDA:281,28,0,0
BRDA:281,28,1,0
BRDA:281,29,0,0
BRDA:281,29,1,0
BRDA:284,30,0,0
BRDA:284,30,1,0
BRDA:289,31,0,0
BRDA:289,31,1,0
BRDA:291,32,0,0
BRDA:291,32,1,0
BRDA:298,33,0,0
BRDA:298,33,1,0
BRDA:299,34,0,0
BRDA:299,34,1,0
BRDA:305,35,0,0
BRDA:305,35,1,0
BRF:75
BRH:0
end_of_record
TN:
SF:/Users/pietromacori/Documents/git/SoftEng2/SPG/client/src/components/MyOrders.js
FN:9,MyOrders
FN:15,(anonymous_1)
FN:19,(anonymous_2)
FN:22,(anonymous_3)
FN:29,(anonymous_4)
FN:32,(anonymous_5)
FN:36,(anonymous_6)
FN:38,(anonymous_7)
FN:45,(anonymous_8)
FN:118,(anonymous_9)
FN:120,(anonymous_10)
FN:151,(anonymous_11)
FN:190,(anonymous_12)
FN:201,(anonymous_13)
FN:220,(anonymous_14)
FNF:15
FNH:0
FNDA:0,MyOrders
FNDA:0,(anonymous_1)
FNDA:0,(anonymous_2)
FNDA:0,(anonymous_3)
FNDA:0,(anonymous_4)
FNDA:0,(anonymous_5)
FNDA:0,(anonymous_6)
FNDA:0,(anonymous_7)
FNDA:0,(anonymous_8)
FNDA:0,(anonymous_9)
FNDA:0,(anonymous_10)
FNDA:0,(anonymous_11)
FNDA:0,(anonymous_12)
FNDA:0,(anonymous_13)
FNDA:0,(anonymous_14)
DA:10,0
DA:11,0
DA:12,0
DA:13,0
DA:15,0
DA:16,0
DA:17,0
DA:18,0
DA:19,0
DA:20,0
DA:21,0
DA:23,0
DA:24,0
DA:26,0
DA:29,0
DA:32,0
DA:33,0
DA:34,0
DA:35,0
DA:37,0
DA:38,0
DA:39,0
DA:40,0
DA:42,0
DA:45,0
DA:49,0
DA:50,0
DA:53,0
DA:119,0
DA:120,0
DA:121,0
DA:123,0
DA:124,0
DA:127,0
DA:151,0
DA:190,0
DA:202,0
DA:220,0
LF:38
LH:0
BRDA:18,0,0,0
BRDA:18,0,1,0
BRDA:18,0,2,0
BRDA:18,0,3,0
BRDA:18,0,4,0
BRDA:18,0,5,0
BRDA:20,1,0,0
BRDA:20,1,1,0
BRDA:23,2,0,0
BRDA:23,2,1,0
BRDA:33,3,0,0
BRDA:33,3,1,0
BRDA:33,4,0,0
BRDA:33,4,1,0
BRDA:34,5,0,0
BRDA:34,5,1,0
BRDA:37,6,0,0
BRDA:37,6,1,0
BRDA:49,7,0,0
BRDA:49,7,1,0
BRDA:56,8,0,0
BRDA:56,8,1,0
BRDA:59,9,0,0
BRDA:59,9,1,0
BRDA:113,10,0,0
BRDA:113,10,1,0
BRDA:113,11,0,0
BRDA:113,11,1,0
BRDA:116,12,0,0
BRDA:116,12,1,0
BRDA:123,13,0,0
BRDA:123,13,1,0
BRDA:187,14,0,0
BRDA:187,14,1,0
BRDA:188,15,0,0
BRDA:188,15,1,0
BRDA:198,16,0,0
BRDA:198,16,1,0
BRDA:198,17,0,0
BRDA:198,17,1,0
BRDA:217,18,0,0
BRDA:217,18,1,0
BRF:42
BRH:0
end_of_record
TN:
SF:/Users/pietromacori/Documents/git/SoftEng2/SPG/client/src/components/MyProducts.js
FN:9,MyProducts
FN:17,(anonymous_1)
FN:19,(anonymous_2)
FN:23,(anonymous_3)
FN:24,(anonymous_4)
FN:25,(anonymous_5)
FN:29,(anonymous_6)
FN:31,(anonymous_7)
FN:37,(anonymous_8)
FN:40,(anonymous_9)
FN:43,(anonymous_10)
FN:47,(anonymous_11)
FN:48,(anonymous_12)
FN:48,(anonymous_13)
FN:55,(anonymous_14)
FN:58,(anonymous_15)
FN:59,(anonymous_16)
FN:60,(anonymous_17)
FN:62,(anonymous_18)
FN:63,(anonymous_19)
FN:63,(anonymous_20)
FN:63,(anonymous_21)
FN:64,(anonymous_22)
FN:64,(anonymous_23)
FN:67,(anonymous_24)
FN:69,(anonymous_25)
FN:70,(anonymous_26)
FN:70,(anonymous_27)
FN:70,(anonymous_28)
FN:71,(anonymous_29)
FN:71,(anonymous_30)
FN:80,(anonymous_31)
FN:80,(anonymous_32)
FN:81,(anonymous_33)
FN:88,(anonymous_34)
FN:110,(anonymous_35)
FN:112,(anonymous_36)
FN:126,(anonymous_37)
FNF:38
FNH:0
FNDA:0,MyProducts
FNDA:0,(anonymous_1)
FNDA:0,(anonymous_2)
FNDA:0,(anonymous_3)
FNDA:0,(anonymous_4)
FNDA:0,(anonymous_5)
FNDA:0,(anonymous_6)
FNDA:0,(anonymous_7)
FNDA:0,(anonymous_8)
FNDA:0,(anonymous_9)
FNDA:0,(anonymous_10)
FNDA:0,(anonymous_11)
FNDA:0,(anonymous_12)
FNDA:0,(anonymous_13)
FNDA:0,(anonymous_14)
FNDA:0,(anonymous_15)
FNDA:0,(anonymous_16)
FNDA:0,(anonymous_17)
FNDA:0,(anonymous_18)
FNDA:0,(anonymous_19)
FNDA:0,(anonymous_20)
FNDA:0,(anonymous_21)
FNDA:0,(anonymous_22)
FNDA:0,(anonymous_23)
FNDA:0,(anonymous_24)
FNDA:0,(anonymous_25)
FNDA:0,(anonymous_26)
FNDA:0,(anonymous_27)
FNDA:0,(anonymous_28)
FNDA:0,(anonymous_29)
FNDA:0,(anonymous_30)
FNDA:0,(anonymous_31)
FNDA:0,(anonymous_32)
FNDA:0,(anonymous_33)
FNDA:0,(anonymous_34)
FNDA:0,(anonymous_35)
FNDA:0,(anonymous_36)
FNDA:0,(anonymous_37)
DA:10,0
DA:11,0
DA:12,0
DA:13,0
DA:14,0
DA:15,0
DA:17,0
DA:18,0
DA:19,0
DA:20,0
DA:21,0
DA:22,0
DA:23,0
DA:24,0
DA:25,0
DA:26,0
DA:29,0
DA:32,0
DA:37,0
DA:38,0
DA:39,0
DA:40,0
DA:41,0
DA:43,0
DA:47,0
DA:48,0
DA:51,0
DA:52,0
DA:55,0
DA:56,0
DA:57,0
DA:58,0
DA:59,0
DA:60,0
DA:61,0
DA:62,0
DA:63,0
DA:64,0
DA:67,0
DA:69,0
DA:70,0
DA:71,0
DA:72,0
DA:76,0
DA:80,0
DA:81,0
DA:89,0
DA:110,0
DA:112,0
DA:126,0
LF:50
LH:0
BRDA:18,0,0,0
BRDA:18,0,1,0
BRDA:20,1,0,0
BRDA:20,1,1,0
BRDA:25,2,0,0
BRDA:25,2,1,0
BRDA:38,3,0,0
BRDA:38,3,1,0
BRDA:41,4,0,0
BRDA:41,4,1,0
BRDA:48,5,0,0
BRDA:48,5,1,0
BRDA:48,6,0,0
BRDA:48,6,1,0
BRDA:51,7,0,0
BRDA:51,7,1,0
BRDA:58,8,0,0
BRDA:58,8,1,0
BRDA:58,9,0,0
BRDA:58,9,1,0
BRDA:61,10,0,0
BRDA:61,10,1,0
BRDA:71,11,0,0
BRDA:71,11,1,0
BRDA:84,12,0,0
BRDA:84,12,1,0
BRF:26
BRH:0
end_of_record
TN:
SF:/Users/pietromacori/Documents/git/SoftEng2/SPG/client/src/components/MySingleClient.js
FN:12,MySingleClient
FN:22,(anonymous_1)
FN:24,(anonymous_2)
FN:30,(anonymous_3)
FN:77,(anonymous_4)
FN:82,(anonymous_5)
FN:124,(anonymous_6)
FN:132,MyModal
FN:137,(anonymous_8)
FN:139,(anonymous_9)
FN:179,(anonymous_10)
FN:192,(anonymous_11)
FN:194,(anonymous_12)
FNF:13
FNH:0
FNDA:0,MySingleClient
FNDA:0,(anonymous_1)
FNDA:0,(anonymous_2)
FNDA:0,(anonymous_3)
FNDA:0,(anonymous_4)
FNDA:0,(anonymous_5)
FNDA:0,(anonymous_6)
FNDA:0,MyModal
FNDA:0,(anonymous_8)
FNDA:0,(anonymous_9)
FNDA:0,(anonymous_10)
FNDA:0,(anonymous_11)
FNDA:0,(anonymous_12)
DA:13,0
DA:14,0
DA:15,0
DA:16,0
DA:17,0
DA:20,0
DA:22,0
DA:23,0
DA:24,0
DA:25,0
DA:26,0
DA:27,0
DA:28,0
DA:31,0
DA:36,0
DA:37,0
DA:42,0
DA:77,0
DA:82,0
DA:124,0
DA:133,0
DA:134,0
DA:135,0
DA:137,0
DA:139,0
DA:140,0
DA:147,0
DA:148,0
DA:152,0
DA:153,0
DA:154,0
DA:157,0
DA:159,0
DA:160,0
DA:161,0
DA:162,0
DA:165,0
DA:166,0
DA:169,0
DA:170,0
DA:171,0
DA:172,0
DA:173,0
DA:179,0
DA:181,0
DA:192,0
DA:194,0
LF:47
LH:0
BRDA:23,0,0,0
BRDA:23,0,1,0
BRDA:25,1,0,0
BRDA:25,1,1,0
BRDA:36,2,0,0
BRDA:36,2,1,0
BRDA:92,3,0,0
BRDA:92,3,1,0
BRDA:123,4,0,0
BRDA:123,4,1,0
BRDA:147,5,0,0
BRDA:147,5,1,0
BRDA:153,6,0,0
BRDA:153,6,1,0
BRDA:160,7,0,0
BRDA:160,7,1,0
BRDA:161,8,0,0
BRDA:161,8,1,0
BRDA:165,9,0,0
BRDA:165,9,1,0
BRDA:189,10,0,0
BRDA:189,10,1,0
BRF:22
BRH:0
end_of_record
TN:
SF:/Users/pietromacori/Documents/git/SoftEng2/SPG/client/src/tests/hooktest.js
FN:5,(anonymous_0)
FNF:1
FNH:0
FNDA:0,(anonymous_0)
DA:5,0
DA:6,0
DA:7,0
DA:8,0
LF:4
LH:0
BRF:0
BRH:0
end_of_record
