TN:
SF:src\App.js
FN:7,App
FNF:1
FNH:1
FNDA:1,App
DA:8,1
LF:1
LH:1
BRF:0
BRH:0
end_of_record
TN:
SF:src\index.js
FNF:0
FNH:0
DA:7,0
DA:17,0
LF:2
LH:0
BRF:0
BRH:0
end_of_record
TN:
SF:src\reportWebVitals.js
FN:1,(anonymous_0)
FN:3,(anonymous_1)
FNF:2
FNH:0
FNDA:0,(anonymous_0)
FNDA:0,(anonymous_1)
DA:1,0
DA:2,0
DA:3,0
DA:4,0
DA:5,0
DA:6,0
DA:7,0
DA:8,0
LF:8
LH:0
BRDA:2,0,0,0
BRDA:2,0,1,0
BRDA:2,1,0,0
BRDA:2,1,1,0
BRF:4
BRH:0
end_of_record
TN:
SF:src\components\API.js
FN:3,confirmOrder
FN:20,loadProducts
FN:28,loadClients
FN:36,loadOrders
FN:45,loadClient
FN:53,sendOrder
FN:67,updateOrder
FN:82,payOrder
FN:96,loadUnretrievedOrders
FN:105,updateBasket
FN:120,modifyOrder
FN:135,updateProductQuantity
FN:151,updateProduct
FN:168,createProduct
FN:184,deleteProduct
FN:194,login
FN:208,logout
FN:218,isLoggedIn
FN:229,addNewUser
FN:251,loadNextProducts
FN:265,getClock
FN:273,setClock
FN:290,loadWallet
FN:298,loadAvailableOrders
FN:306,loadDeliverableProducts
FN:314,loadDeliveries
FN:322,createDelivery
FN:343,confirmOrderForPickUp
FN:364,getTelegram
FNF:29
FNH:14
FNDA:0,confirmOrder
FNDA:0,loadProducts
FNDA:0,loadClients
FNDA:2,loadOrders
FNDA:3,loadClient
FNDA:0,sendOrder
FNDA:0,updateOrder
FNDA:0,payOrder
FNDA:1,loadUnretrievedOrders
FNDA:0,updateBasket
FNDA:0,modifyOrder
FNDA:1,updateProductQuantity
FNDA:0,updateProduct
FNDA:0,createProduct
FNDA:0,deleteProduct
FNDA:2,login
FNDA:1,logout
FNDA:2,isLoggedIn
FNDA:1,addNewUser
FNDA:2,loadNextProducts
FNDA:2,getClock
FNDA:0,setClock
FNDA:0,loadWallet
FNDA:1,loadAvailableOrders
FNDA:1,loadDeliverableProducts
FNDA:1,loadDeliveries
FNDA:0,createDelivery
FNDA:0,confirmOrderForPickUp
FNDA:5,getTelegram
DA:1,21
DA:5,0
DA:6,0
DA:14,0
DA:15,0
DA:17,0
DA:21,0
DA:22,0
DA:23,0
DA:24,0
DA:25,0
DA:29,0
DA:30,0
DA:31,0
DA:32,0
DA:33,0
DA:37,2
DA:38,2
DA:39,2
DA:40,0
DA:41,0
DA:42,0
DA:46,3
DA:47,3
DA:48,0
DA:49,0
DA:50,0
DA:54,0
DA:62,0
DA:63,0
DA:64,0
DA:68,0
DA:77,0
DA:78,0
DA:79,0
DA:83,0
DA:91,0
DA:92,0
DA:93,0
DA:97,1
DA:98,1
DA:99,0
DA:100,0
DA:101,0
DA:106,0
DA:115,0
DA:116,0
DA:117,0
DA:121,0
DA:130,0
DA:131,0
DA:132,0
DA:136,1
DA:137,1
DA:146,0
DA:147,0
DA:148,0
DA:153,0
DA:154,0
DA:163,0
DA:164,0
DA:165,0
DA:169,0
DA:170,0
DA:179,0
DA:180,0
DA:181,0
DA:185,0
DA:189,0
DA:190,0
DA:191,0
DA:195,2
DA:203,0
DA:204,0
DA:205,0
DA:209,1
DA:213,0
DA:214,0
DA:215,0
DA:219,2
DA:220,2
DA:221,0
DA:222,0
DA:223,0
DA:225,0
DA:230,1
DA:231,1
DA:232,1
DA:240,0
DA:241,0
DA:243,0
DA:247,0
DA:252,2
DA:253,2
DA:254,2
DA:256,2
DA:257,0
DA:259,2
DA:260,0
DA:261,0
DA:262,0
DA:266,2
DA:267,0
DA:268,0
DA:270,0
DA:274,0
DA:282,0
DA:283,0
DA:285,0
DA:291,0
DA:292,0
DA:293,0
DA:294,0
DA:295,0
DA:299,1
DA:300,1
DA:301,0
DA:302,0
DA:303,0
DA:307,1
DA:308,1
DA:309,0
DA:310,0
DA:311,0
DA:315,1
DA:316,1
DA:317,1
DA:318,1
DA:319,0
DA:323,0
DA:324,0
DA:332,0
DA:333,0
DA:335,0
DA:339,0
DA:344,0
DA:345,0
DA:353,0
DA:354,0
DA:356,0
DA:360,0
DA:365,5
DA:366,5
DA:367,0
DA:368,0
DA:369,0
DA:372,21
LF:147
LH:34
BRDA:14,0,0,0
BRDA:14,0,1,0
BRDA:23,1,0,0
BRDA:23,1,1,0
BRDA:31,2,0,0
BRDA:31,2,1,0
BRDA:38,3,0,0
BRDA:38,3,1,2
BRDA:40,4,0,0
BRDA:40,4,1,0
BRDA:48,5,0,0
BRDA:48,5,1,0
BRDA:62,6,0,0
BRDA:62,6,1,0
BRDA:77,7,0,0
BRDA:77,7,1,0
BRDA:91,8,0,0
BRDA:91,8,1,0
BRDA:99,9,0,0
BRDA:99,9,1,0
BRDA:115,10,0,0
BRDA:115,10,1,0
BRDA:130,11,0,0
BRDA:130,11,1,0
BRDA:146,12,0,0
BRDA:146,12,1,0
BRDA:163,13,0,0
BRDA:163,13,1,0
BRDA:179,14,0,0
BRDA:179,14,1,0
BRDA:189,15,0,0
BRDA:189,15,1,0
BRDA:203,16,0,0
BRDA:203,16,1,0
BRDA:213,17,0,0
BRDA:213,17,1,0
BRDA:221,18,0,0
BRDA:221,18,1,0
BRDA:240,19,0,0
BRDA:240,19,1,0
BRDA:253,20,0,2
BRDA:253,20,1,0
BRDA:256,21,0,0
BRDA:256,21,1,2
BRDA:256,22,0,2
BRDA:256,22,1,2
BRDA:260,23,0,0
BRDA:260,23,1,0
BRDA:267,24,0,0
BRDA:267,24,1,0
BRDA:282,25,0,0
BRDA:282,25,1,0
BRDA:293,26,0,0
BRDA:293,26,1,0
BRDA:301,27,0,0
BRDA:301,27,1,0
BRDA:309,28,0,0
BRDA:309,28,1,0
BRDA:317,29,0,1
BRDA:317,29,1,0
BRDA:332,30,0,0
BRDA:332,30,1,0
BRDA:353,31,0,0
BRDA:353,31,1,0
BRDA:367,32,0,0
BRDA:367,32,1,0
BRF:66
BRH:6
end_of_record
TN:
SF:src\components\LeftClient.js
FN:15,LeftClient
FN:21,(anonymous_1)
FN:22,(anonymous_2)
FN:26,(anonymous_3)
FN:36,(anonymous_4)
FN:42,(anonymous_5)
FN:61,MyModal
FN:62,(anonymous_7)
FN:63,(anonymous_8)
FN:64,(anonymous_9)
FN:70,(anonymous_10)
FN:72,(anonymous_11)
FN:85,(anonymous_12)
FN:85,(anonymous_13)
FN:89,(anonymous_14)
FN:101,FilterRow
FN:140,(anonymous_16)
FNF:17
FNH:7
FNDA:6,LeftClient
FNDA:5,(anonymous_1)
FNDA:0,(anonymous_2)
FNDA:0,(anonymous_3)
FNDA:20,(anonymous_4)
FNDA:0,(anonymous_5)
FNDA:5,MyModal
FNDA:0,(anonymous_7)
FNDA:0,(anonymous_8)
FNDA:0,(anonymous_9)
FNDA:5,(anonymous_10)
FNDA:0,(anonymous_11)
FNDA:0,(anonymous_12)
FNDA:0,(anonymous_13)
FNDA:0,(anonymous_14)
FNDA:21,FilterRow
FNDA:4,(anonymous_16)
DA:17,6
DA:19,6
DA:21,5
DA:22,5
DA:23,0
DA:24,0
DA:27,0
DA:31,5
DA:37,20
DA:42,0
DA:62,5
DA:63,0
DA:64,0
DA:68,5
DA:70,5
DA:71,5
DA:72,0
DA:76,5
DA:85,0
DA:89,0
DA:103,21
DA:104,21
DA:107,21
DA:108,0
DA:110,20
DA:111,5
DA:115,20
DA:116,5
DA:124,20
DA:125,5
DA:126,5
DA:131,15
DA:132,5
DA:133,5
DA:138,10
DA:140,20
LF:36
LH:26
BRDA:23,0,0,0
BRDA:23,0,1,0
BRDA:41,1,0,5
BRDA:41,1,1,0
BRDA:64,2,0,0
BRDA:64,2,1,0
BRDA:71,3,0,0
BRDA:71,3,1,5
BRDA:107,4,0,0
BRDA:107,4,1,20
BRDA:110,5,0,5
BRDA:110,5,1,15
BRDA:115,6,0,5
BRDA:115,6,1,15
BRDA:124,7,0,5
BRDA:124,7,1,15
BRDA:131,8,0,5
BRDA:131,8,1,10
BRF:18
BRH:11
end_of_record
TN:
SF:src\components\LeftEmployee.js
FN:13,LeftEmployee
FN:21,(anonymous_1)
FN:31,MyModal
FN:32,(anonymous_3)
FN:34,(anonymous_4)
FN:35,(anonymous_5)
FN:41,(anonymous_6)
FN:42,(anonymous_7)
FN:56,(anonymous_8)
FN:56,(anonymous_9)
FN:60,(anonymous_10)
FN:74,FilterRow
FN:107,(anonymous_12)
FNF:13
FNH:6
FNDA:5,LeftEmployee
FNDA:13,(anonymous_1)
FNDA:4,MyModal
FNDA:0,(anonymous_3)
FNDA:0,(anonymous_4)
FNDA:0,(anonymous_5)
FNDA:4,(anonymous_6)
FNDA:0,(anonymous_7)
FNDA:0,(anonymous_8)
FNDA:0,(anonymous_9)
FNDA:0,(anonymous_10)
FNDA:13,FilterRow
FNDA:3,(anonymous_12)
DA:14,5
DA:16,5
DA:22,13
DA:32,4
DA:33,0
DA:35,0
DA:39,4
DA:41,4
DA:42,4
DA:45,4
DA:56,0
DA:60,0
DA:76,13
DA:80,13
DA:81,0
DA:83,12
DA:84,4
DA:92,12
DA:93,4
DA:101,12
DA:102,4
DA:107,12
LF:22
LH:17
BRDA:35,0,0,0
BRDA:35,0,1,0
BRDA:42,1,0,0
BRDA:42,1,1,4
BRDA:80,2,0,0
BRDA:80,2,1,12
BRDA:83,3,0,4
BRDA:83,3,1,8
BRDA:92,4,0,4
BRDA:92,4,1,8
BRDA:101,5,0,4
BRDA:101,5,1,8
BRF:12
BRH:8
end_of_record
TN:
SF:src\components\LeftFarmer.js
FN:12,LeftFarmer
FN:21,(anonymous_1)
FN:32,MyModal
FN:33,(anonymous_3)
FN:34,(anonymous_4)
FN:36,(anonymous_5)
FN:43,(anonymous_6)
FN:45,(anonymous_7)
FN:58,(anonymous_8)
FN:58,(anonymous_9)
FN:62,(anonymous_10)
FN:75,FilterRow
FN:103,(anonymous_12)
FNF:13
FNH:6
FNDA:4,LeftFarmer
FNDA:7,(anonymous_1)
FNDA:3,MyModal
FNDA:0,(anonymous_3)
FNDA:0,(anonymous_4)
FNDA:0,(anonymous_5)
FNDA:3,(anonymous_6)
FNDA:0,(anonymous_7)
FNDA:0,(anonymous_8)
FNDA:0,(anonymous_9)
FNDA:0,(anonymous_10)
FNDA:7,FilterRow
FNDA:2,(anonymous_12)
DA:14,4
DA:16,4
DA:22,7
DA:33,3
DA:34,0
DA:35,0
DA:36,0
DA:41,3
DA:43,3
DA:44,3
DA:45,0
DA:49,3
DA:58,0
DA:62,0
DA:77,7
DA:78,7
DA:81,7
DA:82,0
DA:85,6
DA:86,3
DA:87,3
DA:95,6
DA:96,3
DA:97,3
DA:103,6
LF:25
LH:18
BRDA:35,0,0,0
BRDA:35,0,1,0
BRDA:44,1,0,0
BRDA:44,1,1,3
BRDA:81,2,0,0
BRDA:81,2,1,6
BRDA:85,3,0,3
BRDA:85,3,1,3
BRDA:95,4,0,3
BRDA:95,4,1,3
BRF:10
BRH:6
end_of_record
TN:
SF:src\components\LeftManager.js
FN:10,LeftManager
FN:19,(anonymous_1)
FN:28,FilterRow
FN:44,(anonymous_3)
FNF:4
FNH:4
FNDA:2,LeftManager
FNDA:2,(anonymous_1)
FNDA:2,FilterRow
FNDA:1,(anonymous_3)
DA:12,2
DA:14,2
DA:20,2
DA:30,2
DA:31,2
DA:34,2
DA:35,0
DA:37,2
DA:38,2
DA:39,2
DA:42,0
DA:44,2
LF:12
LH:10
BRDA:34,0,0,0
BRDA:34,0,1,2
BRDA:37,1,0,2
BRDA:37,1,1,0
BRF:4
BRH:2
end_of_record
TN:
SF:src\components\LeftWManager.js
FN:13,LeftWManager
FN:22,(anonymous_1)
FN:33,MyModal
FN:34,(anonymous_3)
FN:36,(anonymous_4)
FN:39,(anonymous_5)
FN:45,(anonymous_6)
FN:47,(anonymous_7)
FN:60,(anonymous_8)
FN:60,(anonymous_9)
FN:64,(anonymous_10)
FN:76,FilterRow
FN:101,(anonymous_12)
FNF:13
FNH:6
FNDA:4,LeftWManager
FNDA:8,(anonymous_1)
FNDA:4,MyModal
FNDA:0,(anonymous_3)
FNDA:0,(anonymous_4)
FNDA:0,(anonymous_5)
FNDA:4,(anonymous_6)
FNDA:0,(anonymous_7)
FNDA:0,(anonymous_8)
FNDA:0,(anonymous_9)
FNDA:0,(anonymous_10)
FNDA:8,FilterRow
FNDA:2,(anonymous_12)
DA:15,4
DA:17,4
DA:23,8
DA:34,4
DA:35,0
DA:38,0
DA:39,0
DA:43,4
DA:45,4
DA:46,4
DA:47,0
DA:51,4
DA:60,0
DA:64,0
DA:78,8
DA:79,8
DA:82,8
DA:83,0
DA:86,8
DA:87,4
DA:88,4
DA:92,8
DA:93,4
DA:94,4
DA:101,8
LF:25
LH:18
BRDA:38,0,0,0
BRDA:38,0,1,0
BRDA:46,1,0,0
BRDA:46,1,1,4
BRDA:82,2,0,0
BRDA:82,2,1,8
BRDA:86,3,0,4
BRDA:86,3,1,4
BRDA:92,4,0,4
BRDA:92,4,1,4
BRF:10
BRH:6
end_of_record
TN:
SF:src\components\LeftWWorker.js
FN:9,LeftWWorker
FN:19,(anonymous_1)
FN:29,MyModal
FN:33,(anonymous_3)
FN:34,(anonymous_4)
FN:35,(anonymous_5)
FN:39,(anonymous_6)
FN:41,(anonymous_7)
FN:54,(anonymous_8)
FN:54,(anonymous_9)
FN:58,(anonymous_10)
FN:71,FilterRow
FN:90,(anonymous_12)
FNF:13
FNH:6
FNDA:3,LeftWWorker
FNDA:3,(anonymous_1)
FNDA:2,MyModal
FNDA:0,(anonymous_3)
FNDA:0,(anonymous_4)
FNDA:0,(anonymous_5)
FNDA:2,(anonymous_6)
FNDA:0,(anonymous_7)
FNDA:0,(anonymous_8)
FNDA:0,(anonymous_9)
FNDA:0,(anonymous_10)
FNDA:3,FilterRow
FNDA:1,(anonymous_12)
DA:11,3
DA:14,3
DA:20,3
DA:31,2
DA:33,2
DA:34,0
DA:35,0
DA:39,2
DA:40,2
DA:41,0
DA:45,2
DA:54,0
DA:58,0
DA:73,3
DA:74,3
DA:77,3
DA:78,0
DA:80,2
DA:81,2
DA:82,2
DA:88,0
DA:90,2
LF:22
LH:15
BRDA:35,0,0,0
BRDA:35,0,1,0
BRDA:40,1,0,0
BRDA:40,1,1,2
BRDA:77,2,0,0
BRDA:77,2,1,2
BRDA:80,3,0,2
BRDA:80,3,1,0
BRF:8
BRH:3
end_of_record
TN:
SF:src\components\ModalWindow.js
FN:6,(anonymous_0)
FNF:1
FNH:1
FNDA:1,(anonymous_0)
DA:6,2
DA:7,1
LF:2
LH:2
BRF:0
BRH:0
end_of_record
TN:
SF:src\components\MyAvailableOrders.js
FN:8,MyAvailableOrders
FN:13,(anonymous_1)
FN:16,(anonymous_2)
FN:18,(anonymous_3)
FN:25,(anonymous_4)
FN:53,(anonymous_5)
FN:53,(anonymous_6)
FN:60,(anonymous_7)
FNF:8
FNH:2
FNDA:2,MyAvailableOrders
FNDA:2,(anonymous_1)
FNDA:0,(anonymous_2)
FNDA:0,(anonymous_3)
FNDA:0,(anonymous_4)
FNDA:0,(anonymous_5)
FNDA:0,(anonymous_6)
FNDA:0,(anonymous_7)
DA:9,2
DA:10,2
DA:11,2
DA:13,2
DA:14,2
DA:15,1
DA:17,0
DA:18,0
DA:19,0
DA:20,0
DA:22,0
DA:25,0
DA:29,2
DA:30,0
DA:33,2
DA:53,0
DA:54,0
DA:56,0
DA:60,0
LF:19
LH:8
BRDA:14,0,0,1
BRDA:14,0,1,1
BRDA:14,1,0,2
BRDA:14,1,1,2
BRDA:17,2,0,0
BRDA:17,2,1,0
BRDA:29,3,0,0
BRDA:29,3,1,2
BRDA:36,4,0,0
BRDA:36,4,1,2
BRDA:51,5,0,2
BRDA:51,5,1,2
BRDA:53,6,0,0
BRDA:53,6,1,0
BRF:14
BRH:8
end_of_record
TN:
SF:src\components\MyClientPage.js
FN:7,MyClientPage
FN:39,(anonymous_1)
FN:44,(anonymous_2)
FN:49,(anonymous_3)
FN:54,(anonymous_4)
FNF:5
FNH:1
FNDA:1,MyClientPage
FNDA:0,(anonymous_1)
FNDA:0,(anonymous_2)
FNDA:0,(anonymous_3)
FNDA:0,(anonymous_4)
DA:8,1
DA:11,1
DA:12,0
DA:14,1
DA:15,0
DA:17,1
DA:18,0
DA:20,1
DA:21,0
DA:23,1
DA:39,0
DA:44,0
DA:49,0
DA:54,0
LF:14
LH:6
BRDA:11,0,0,0
BRDA:11,0,1,1
BRDA:14,1,0,0
BRDA:14,1,1,1
BRDA:17,2,0,0
BRDA:17,2,1,1
BRDA:20,3,0,0
BRDA:20,3,1,1
BRDA:25,4,0,0
BRDA:25,4,1,1
BRF:10
BRH:5
end_of_record
TN:
SF:src\components\MyClientProfile.js
FN:9,MyClientProfile
FN:17,(anonymous_1)
FN:19,(anonymous_2)
FN:25,(anonymous_3)
FNF:4
FNH:2
FNDA:1,MyClientProfile
FNDA:1,(anonymous_1)
FNDA:0,(anonymous_2)
FNDA:0,(anonymous_3)
DA:10,1
DA:11,1
DA:15,1
DA:17,1
DA:18,1
DA:19,1
DA:20,0
DA:21,0
DA:22,0
DA:23,0
DA:26,0
DA:33,1
LF:12
LH:7
BRDA:18,0,0,1
BRDA:18,0,1,0
BRDA:20,1,0,0
BRDA:20,1,1,0
BRF:4
BRH:1
end_of_record
TN:
SF:src\components\MyClients.js
FN:8,MyClients
FN:14,(anonymous_1)
FN:16,(anonymous_2)
FN:22,(anonymous_3)
FN:48,(anonymous_4)
FN:68,(anonymous_5)
FNF:6
FNH:0
FNDA:0,MyClients
FNDA:0,(anonymous_1)
FNDA:0,(anonymous_2)
FNDA:0,(anonymous_3)
FNDA:0,(anonymous_4)
FNDA:0,(anonymous_5)
DA:10,0
DA:11,0
DA:12,0
DA:14,0
DA:15,0
DA:16,0
DA:17,0
DA:18,0
DA:19,0
DA:23,0
DA:28,0
DA:29,0
DA:33,0
DA:49,0
DA:68,0
LF:15
LH:0
BRDA:15,0,0,0
BRDA:15,0,1,0
BRDA:17,1,0,0
BRDA:17,1,1,0
BRDA:28,2,0,0
BRDA:28,2,1,0
BRDA:36,3,0,0
BRDA:36,3,1,0
BRF:8
BRH:0
end_of_record
TN:
SF:src\components\MyClock.js
FN:6,MyClock
FNF:1
FNH:0
FNDA:0,MyClock
DA:9,0
LF:1
LH:0
BRDA:11,0,0,0
BRDA:11,0,1,0
BRDA:11,0,2,0
BRF:3
BRH:0
end_of_record
TN:
SF:src\components\MyContainer.js
FN:32,MyContainer
FN:44,(anonymous_1)
FN:45,(anonymous_2)
FN:47,(anonymous_3)
FN:49,(anonymous_4)
FN:54,(anonymous_5)
FN:56,(anonymous_6)
FN:64,(anonymous_7)
FN:68,(anonymous_8)
FN:74,(anonymous_9)
FN:77,(anonymous_10)
FN:81,(anonymous_11)
FN:88,(anonymous_12)
FN:91,(anonymous_13)
FN:98,(anonymous_14)
FN:101,(anonymous_15)
FN:108,(anonymous_16)
FNF:17
FNH:6
FNDA:3,MyContainer
FNDA:2,(anonymous_1)
FNDA:0,(anonymous_2)
FNDA:0,(anonymous_3)
FNDA:0,(anonymous_4)
FNDA:2,(anonymous_5)
FNDA:0,(anonymous_6)
FNDA:0,(anonymous_7)
FNDA:0,(anonymous_8)
FNDA:2,(anonymous_9)
FNDA:0,(anonymous_10)
FNDA:0,(anonymous_11)
FNDA:2,(anonymous_12)
FNDA:0,(anonymous_13)
FNDA:2,(anonymous_14)
FNDA:0,(anonymous_15)
FNDA:0,(anonymous_16)
DA:33,3
DA:34,3
DA:35,3
DA:36,3
DA:37,3
DA:38,3
DA:39,3
DA:40,3
DA:41,3
DA:44,3
DA:45,2
DA:46,0
DA:47,0
DA:50,0
DA:54,3
DA:55,2
DA:57,0
DA:58,0
DA:64,0
DA:66,0
DA:69,0
DA:74,3
DA:75,2
DA:76,0
DA:78,0
DA:79,0
DA:82,0
DA:88,3
DA:89,2
DA:90,0
DA:92,0
DA:98,3
DA:99,2
DA:100,0
DA:102,0
DA:103,0
DA:104,0
DA:105,0
DA:109,0
DA:114,3
DA:115,0
DA:119,3
LF:42
LH:21
BRDA:46,0,0,0
BRDA:46,0,1,0
BRDA:47,1,0,0
BRDA:47,1,1,0
BRDA:57,2,0,0
BRDA:57,2,1,0
BRDA:57,3,0,0
BRDA:57,3,1,0
BRDA:75,4,0,0
BRDA:75,4,1,2
BRDA:78,5,0,0
BRDA:78,5,1,0
BRDA:89,6,0,0
BRDA:89,6,1,2
BRDA:99,7,0,0
BRDA:99,7,1,2
BRDA:102,8,0,0
BRDA:102,8,1,0
BRDA:114,9,0,0
BRDA:114,9,1,3
BRDA:114,10,0,3
BRDA:114,10,1,0
BRDA:114,10,2,0
BRDA:114,10,3,0
BRDA:186,11,0,0
BRDA:186,11,1,3
BRF:26
BRH:6
end_of_record
TN:
SF:src\components\MyDeliveries.js
FN:10,MyDeliveries
FN:18,(anonymous_1)
FN:21,(anonymous_2)
FN:24,(anonymous_3)
FN:31,(anonymous_4)
FN:65,(anonymous_5)
FN:87,(anonymous_6)
FN:101,MyModal
FN:107,(anonymous_8)
FN:109,(anonymous_9)
FN:118,(anonymous_10)
FN:122,(anonymous_11)
FN:128,(anonymous_12)
FN:132,(anonymous_13)
FN:137,(anonymous_14)
FN:167,(anonymous_15)
FN:177,(anonymous_16)
FN:197,(anonymous_17)
FN:199,(anonymous_18)
FN:205,(anonymous_19)
FN:232,(anonymous_20)
FNF:21
FNH:7
FNDA:6,MyDeliveries
FNDA:3,(anonymous_1)
FNDA:1,(anonymous_2)
FNDA:0,(anonymous_3)
FNDA:0,(anonymous_4)
FNDA:3,(anonymous_5)
FNDA:1,(anonymous_6)
FNDA:6,MyModal
FNDA:3,(anonymous_8)
FNDA:0,(anonymous_9)
FNDA:0,(anonymous_10)
FNDA:0,(anonymous_11)
FNDA:0,(anonymous_12)
FNDA:0,(anonymous_13)
FNDA:0,(anonymous_14)
FNDA:0,(anonymous_15)
FNDA:0,(anonymous_16)
FNDA:0,(anonymous_17)
FNDA:0,(anonymous_18)
FNDA:0,(anonymous_19)
FNDA:0,(anonymous_20)
DA:11,6
DA:12,5
DA:13,5
DA:14,5
DA:18,5
DA:19,3
DA:20,1
DA:22,1
DA:24,1
DA:25,1
DA:26,1
DA:28,0
DA:31,0
DA:37,5
DA:67,3
DA:87,1
DA:103,6
DA:104,5
DA:105,5
DA:107,5
DA:108,3
DA:109,1
DA:110,0
DA:111,0
DA:112,0
DA:113,0
DA:115,0
DA:118,0
DA:122,5
DA:123,0
DA:124,0
DA:125,0
DA:128,5
DA:129,0
DA:130,0
DA:132,0
DA:133,0
DA:134,0
DA:136,0
DA:138,0
DA:142,5
DA:168,0
DA:169,0
DA:170,0
DA:178,0
DA:198,0
DA:199,0
DA:206,0
DA:232,0
LF:49
LH:23
BRDA:19,0,0,1
BRDA:19,0,1,2
BRDA:19,1,0,3
BRDA:19,1,1,2
BRDA:22,2,0,1
BRDA:22,2,1,0
BRDA:40,3,0,0
BRDA:40,3,1,5
BRDA:43,4,0,5
BRDA:43,4,1,4
BRDA:43,4,2,0
BRDA:43,5,0,4
BRDA:43,5,1,0
BRDA:43,5,2,4
BRDA:48,6,0,5
BRDA:48,6,1,0
BRDA:61,7,0,5
BRDA:61,7,1,5
BRDA:86,8,0,4
BRDA:86,8,1,1
BRDA:86,9,0,5
BRDA:86,9,1,4
BRDA:86,9,2,0
BRDA:86,9,3,4
BRDA:108,10,0,1
BRDA:108,10,1,2
BRDA:110,11,0,0
BRDA:110,11,1,0
BRDA:112,12,0,0
BRDA:112,12,1,0
BRDA:129,13,0,0
BRDA:129,13,1,0
BRDA:129,14,0,0
BRDA:129,14,1,0
BRDA:133,15,0,0
BRDA:133,15,1,0
BRDA:169,16,0,0
BRDA:169,16,1,0
BRDA:169,17,0,0
BRDA:169,17,1,0
BRDA:169,17,2,0
BRDA:169,17,3,0
BRDA:174,18,0,0
BRDA:174,18,1,5
BRDA:177,19,0,5
BRDA:177,19,1,0
BRDA:198,20,0,0
BRDA:198,20,1,0
BRDA:198,21,0,0
BRDA:198,21,1,0
BRDA:198,21,2,0
BRDA:202,22,0,0
BRDA:202,22,1,5
BRDA:205,23,0,5
BRDA:205,23,1,0
BRDA:205,23,2,0
BRDA:222,24,0,5
BRDA:222,24,1,0
BRDA:228,25,0,5
BRDA:228,25,1,5
BRF:60
BRH:27
end_of_record
TN:
SF:src\components\MyEmployee.js
FN:5,MyEmployee
FNF:1
FNH:0
FNDA:0,MyEmployee
DA:9,0
LF:1
LH:0
BRF:0
BRH:0
end_of_record
TN:
SF:src\components\MyFarmer.js
FN:6,MyFarmer
FNF:1
FNH:0
FNDA:0,MyFarmer
DA:8,0
LF:1
LH:0
BRF:0
BRH:0
end_of_record
TN:
SF:src\components\MyFarmerOrders.js
FN:9,MyFarmerOrders
FN:15,(anonymous_1)
FN:17,(anonymous_2)
FN:23,(anonymous_3)
FN:24,(anonymous_4)
FN:31,(anonymous_5)
FN:34,(anonymous_6)
FN:43,(anonymous_7)
FN:47,(anonymous_8)
FN:68,(anonymous_9)
FN:95,(anonymous_10)
FN:97,(anonymous_11)
FN:108,(anonymous_12)
FN:123,(anonymous_13)
FN:135,(anonymous_14)
FNF:15
FNH:2
FNDA:2,MyFarmerOrders
FNDA:0,(anonymous_1)
FNDA:0,(anonymous_2)
FNDA:0,(anonymous_3)
FNDA:0,(anonymous_4)
FNDA:0,(anonymous_5)
FNDA:1,(anonymous_6)
FNDA:0,(anonymous_7)
FNDA:0,(anonymous_8)
FNDA:0,(anonymous_9)
FNDA:0,(anonymous_10)
FNDA:0,(anonymous_11)
FNDA:0,(anonymous_12)
FNDA:0,(anonymous_13)
FNDA:0,(anonymous_14)
DA:10,2
DA:11,2
DA:12,2
DA:13,2
DA:15,2
DA:16,0
DA:17,0
DA:18,0
DA:19,0
DA:20,0
DA:22,0
DA:24,0
DA:25,0
DA:26,0
DA:27,0
DA:29,0
DA:31,0
DA:34,2
DA:35,1
DA:36,1
DA:38,0
DA:40,1
DA:41,1
DA:42,1
DA:44,0
DA:45,0
DA:46,0
DA:47,0
DA:48,0
DA:49,0
DA:50,0
DA:51,0
DA:52,0
DA:53,0
DA:54,0
DA:55,0
DA:56,0
DA:57,0
DA:59,0
DA:61,0
DA:62,0
DA:63,0
DA:65,0
DA:68,0
DA:72,2
DA:96,0
DA:97,0
DA:100,0
DA:101,0
DA:103,0
DA:108,0
DA:123,0
DA:135,0
LF:53
LH:12
BRDA:16,0,0,0
BRDA:16,0,1,0
BRDA:18,1,0,0
BRDA:18,1,1,0
BRDA:19,2,0,0
BRDA:19,2,1,0
BRDA:24,3,0,0
BRDA:24,3,1,0
BRDA:25,4,0,0
BRDA:25,4,1,0
BRDA:35,5,0,1
BRDA:35,5,1,0
BRDA:35,6,0,1
BRDA:35,6,1,1
BRDA:35,7,0,1
BRDA:35,7,1,0
BRDA:35,7,2,1
BRDA:35,7,3,1
BRDA:35,7,4,0
BRDA:35,7,5,0
BRDA:40,8,0,1
BRDA:40,8,1,0
BRDA:40,9,0,1
BRDA:40,9,1,1
BRDA:41,10,0,1
BRDA:41,10,1,0
BRDA:46,11,0,0
BRDA:46,11,1,0
BRDA:52,12,0,0
BRDA:52,12,1,0
BRDA:52,13,0,0
BRDA:52,13,1,0
BRDA:54,14,0,0
BRDA:54,14,1,0
BRDA:54,15,0,0
BRDA:54,15,1,0
BRDA:56,16,0,0
BRDA:56,16,1,0
BRDA:56,17,0,0
BRDA:56,17,1,0
BRDA:75,18,0,0
BRDA:75,18,1,2
BRDA:91,19,0,2
BRDA:91,19,1,2
BRDA:100,20,0,0
BRDA:100,20,1,0
BRDA:104,21,0,0
BRDA:104,21,1,0
BRDA:114,22,0,0
BRDA:114,22,1,0
BRDA:120,23,0,0
BRDA:120,23,1,0
BRDA:126,24,0,0
BRDA:126,24,1,0
BRDA:132,25,0,0
BRDA:132,25,1,0
BRDA:138,26,0,0
BRDA:138,26,1,0
BRF:58
BRH:13
end_of_record
TN:
SF:src\components\MyForm.js
FN:9,MyForm
FN:29,resetForm
FN:30,(anonymous_2)
FN:31,(anonymous_3)
FN:42,handleSubmit
FN:54,(anonymous_5)
FN:64,checkNumber
FN:75,checkFields
FN:86,checkEmail
FN:89,(anonymous_9)
FN:95,(anonymous_10)
FN:103,checkPassword
FN:105,(anonymous_12)
FN:111,(anonymous_13)
FN:118,handleGoBack
FN:137,(anonymous_15)
FN:150,(anonymous_16)
FN:174,(anonymous_17)
FN:188,(anonymous_18)
FN:208,(anonymous_19)
FN:236,(anonymous_20)
FN:239,(anonymous_21)
FN:239,(anonymous_22)
FN:260,(anonymous_23)
FN:263,(anonymous_24)
FN:263,(anonymous_25)
FN:289,(anonymous_26)
FN:310,(anonymous_27)
FN:328,(anonymous_28)
FN:340,(anonymous_29)
FN:360,(anonymous_30)
FN:373,(anonymous_31)
FNF:32
FNH:23
FNDA:15,MyForm
FNDA:1,resetForm
FNDA:1,(anonymous_2)
FNDA:1,(anonymous_3)
FNDA:2,handleSubmit
FNDA:0,(anonymous_5)
FNDA:2,checkNumber
FNDA:2,checkFields
FNDA:2,checkEmail
FNDA:1,(anonymous_9)
FNDA:1,(anonymous_10)
FNDA:2,checkPassword
FNDA:0,(anonymous_12)
FNDA:2,(anonymous_13)
FNDA:0,handleGoBack
FNDA:0,(anonymous_15)
FNDA:0,(anonymous_16)
FNDA:1,(anonymous_17)
FNDA:1,(anonymous_18)
FNDA:1,(anonymous_19)
FNDA:1,(anonymous_20)
FNDA:0,(anonymous_21)
FNDA:0,(anonymous_22)
FNDA:1,(anonymous_23)
FNDA:0,(anonymous_24)
FNDA:0,(anonymous_25)
FNDA:1,(anonymous_26)
FNDA:1,(anonymous_27)
FNDA:1,(anonymous_28)
FNDA:1,(anonymous_29)
FNDA:2,(anonymous_30)
FNDA:2,(anonymous_31)
DA:10,15
DA:11,15
DA:12,15
DA:13,15
DA:14,15
DA:15,15
DA:17,15
DA:18,15
DA:19,15
DA:20,15
DA:21,15
DA:23,15
DA:24,15
DA:25,15
DA:26,15
DA:27,15
DA:30,1
DA:31,1
DA:34,15
DA:35,2
DA:36,2
DA:37,1
DA:39,1
DA:43,2
DA:44,2
DA:45,2
DA:46,2
DA:47,2
DA:48,2
DA:51,2
DA:53,1
DA:54,1
DA:55,0
DA:56,0
DA:58,0
DA:61,1
DA:65,2
DA:66,1
DA:67,1
DA:70,1
DA:71,1
DA:76,2
DA:77,1
DA:78,1
DA:81,1
DA:82,1
DA:87,2
DA:88,2
DA:89,1
DA:90,1
DA:92,1
DA:95,1
DA:96,1
DA:98,1
DA:104,2
DA:105,0
DA:106,0
DA:108,0
DA:111,2
DA:112,2
DA:114,2
DA:119,0
DA:120,0
DA:123,13
DA:137,0
DA:150,0
DA:174,1
DA:188,1
DA:208,1
DA:236,1
DA:239,0
DA:260,1
DA:263,0
DA:289,1
DA:310,1
DA:328,1
DA:340,1
DA:360,2
DA:373,2
LF:79
LH:67
BRDA:34,0,0,2
BRDA:34,0,1,13
BRDA:36,1,0,1
BRDA:36,1,1,1
BRDA:45,2,0,1
BRDA:45,2,1,1
BRDA:46,3,0,1
BRDA:46,3,1,1
BRDA:47,4,0,0
BRDA:47,4,1,2
BRDA:48,5,0,1
BRDA:48,5,1,1
BRDA:51,6,0,1
BRDA:51,6,1,1
BRDA:55,7,0,0
BRDA:55,7,1,0
BRDA:65,8,0,1
BRDA:65,8,1,1
BRDA:65,9,0,2
BRDA:65,9,1,1
BRDA:76,10,0,1
BRDA:76,10,1,1
BRDA:76,11,0,2
BRDA:76,11,1,1
BRDA:76,11,2,1
BRDA:76,11,3,1
BRDA:76,11,4,1
BRDA:76,11,5,1
BRDA:76,11,6,1
BRDA:76,11,7,1
BRDA:76,11,8,1
BRDA:88,12,0,1
BRDA:88,12,1,1
BRDA:104,13,0,0
BRDA:104,13,1,2
BRDA:126,14,0,13
BRDA:126,14,1,1
BRDA:161,15,0,13
BRDA:161,15,1,12
BRDA:211,16,0,12
BRDA:211,16,1,9
BRDA:232,17,0,0
BRDA:232,17,1,12
BRDA:239,18,0,0
BRDA:239,18,1,12
BRDA:242,19,0,12
BRDA:242,19,1,0
BRDA:256,20,0,0
BRDA:256,20,1,12
BRDA:263,21,0,0
BRDA:263,21,1,12
BRDA:266,22,0,12
BRDA:266,22,1,0
BRDA:293,23,0,12
BRDA:293,23,1,9
BRDA:379,24,0,12
BRDA:379,24,1,9
BRF:57
BRH:47
end_of_record
TN:
SF:src\components\MyFormSignUp.js
FN:9,MyFormSignUp
FN:29,resetForm
FN:30,(anonymous_2)
FN:31,(anonymous_3)
FN:41,handleSubmit
FN:53,(anonymous_5)
FN:63,checkNumber
FN:74,checkFields
FN:85,checkEmail
FN:88,(anonymous_9)
FN:94,(anonymous_10)
FN:102,checkPassword
FN:104,(anonymous_12)
FN:110,(anonymous_13)
FN:117,handleGoBack
FN:136,(anonymous_15)
FN:149,(anonymous_16)
FN:175,(anonymous_17)
FN:189,(anonymous_18)
FN:207,(anonymous_19)
FN:233,(anonymous_20)
FN:236,(anonymous_21)
FN:236,(anonymous_22)
FN:257,(anonymous_23)
FN:260,(anonymous_24)
FN:260,(anonymous_25)
FN:284,(anonymous_26)
FN:305,(anonymous_27)
FN:321,(anonymous_28)
FN:333,(anonymous_29)
FN:348,(anonymous_30)
FN:361,(anonymous_31)
FNF:32
FNH:0
FNDA:0,MyFormSignUp
FNDA:0,resetForm
FNDA:0,(anonymous_2)
FNDA:0,(anonymous_3)
FNDA:0,handleSubmit
FNDA:0,(anonymous_5)
FNDA:0,checkNumber
FNDA:0,checkFields
FNDA:0,checkEmail
FNDA:0,(anonymous_9)
FNDA:0,(anonymous_10)
FNDA:0,checkPassword
FNDA:0,(anonymous_12)
FNDA:0,(anonymous_13)
FNDA:0,handleGoBack
FNDA:0,(anonymous_15)
FNDA:0,(anonymous_16)
FNDA:0,(anonymous_17)
FNDA:0,(anonymous_18)
FNDA:0,(anonymous_19)
FNDA:0,(anonymous_20)
FNDA:0,(anonymous_21)
FNDA:0,(anonymous_22)
FNDA:0,(anonymous_23)
FNDA:0,(anonymous_24)
FNDA:0,(anonymous_25)
FNDA:0,(anonymous_26)
FNDA:0,(anonymous_27)
FNDA:0,(anonymous_28)
FNDA:0,(anonymous_29)
FNDA:0,(anonymous_30)
FNDA:0,(anonymous_31)
DA:10,0
DA:11,0
DA:12,0
DA:13,0
DA:14,0
DA:15,0
DA:17,0
DA:18,0
DA:19,0
DA:20,0
DA:21,0
DA:23,0
DA:24,0
DA:25,0
DA:26,0
DA:27,0
DA:30,0
DA:31,0
DA:34,0
DA:35,0
DA:36,0
DA:38,0
DA:42,0
DA:43,0
DA:44,0
DA:45,0
DA:46,0
DA:47,0
DA:50,0
DA:52,0
DA:53,0
DA:54,0
DA:55,0
DA:57,0
DA:60,0
DA:64,0
DA:65,0
DA:66,0
DA:69,0
DA:70,0
DA:75,0
DA:76,0
DA:77,0
DA:80,0
DA:81,0
DA:86,0
DA:87,0
DA:88,0
DA:89,0
DA:91,0
DA:94,0
DA:95,0
DA:97,0
DA:103,0
DA:104,0
DA:105,0
DA:107,0
DA:110,0
DA:111,0
DA:113,0
DA:118,0
DA:119,0
DA:122,0
DA:136,0
DA:149,0
DA:175,0
DA:189,0
DA:207,0
DA:233,0
DA:236,0
DA:257,0
DA:260,0
DA:284,0
DA:305,0
DA:321,0
DA:333,0
DA:348,0
DA:361,0
LF:78
LH:0
BRDA:34,0,0,0
BRDA:34,0,1,0
BRDA:35,1,0,0
BRDA:35,1,1,0
BRDA:44,2,0,0
BRDA:44,2,1,0
BRDA:45,3,0,0
BRDA:45,3,1,0
BRDA:46,4,0,0
BRDA:46,4,1,0
BRDA:47,5,0,0
BRDA:47,5,1,0
BRDA:50,6,0,0
BRDA:50,6,1,0
BRDA:54,7,0,0
BRDA:54,7,1,0
BRDA:64,8,0,0
BRDA:64,8,1,0
BRDA:64,9,0,0
BRDA:64,9,1,0
BRDA:75,10,0,0
BRDA:75,10,1,0
BRDA:75,11,0,0
BRDA:75,11,1,0
BRDA:75,11,2,0
BRDA:75,11,3,0
BRDA:75,11,4,0
BRDA:75,11,5,0
BRDA:75,11,6,0
BRDA:75,11,7,0
BRDA:75,11,8,0
BRDA:87,12,0,0
BRDA:87,12,1,0
BRDA:103,13,0,0
BRDA:103,13,1,0
BRDA:125,14,0,0
BRDA:125,14,1,0
BRDA:160,15,0,0
BRDA:160,15,1,0
BRDA:210,16,0,0
BRDA:210,16,1,0
BRDA:229,17,0,0
BRDA:229,17,1,0
BRDA:236,18,0,0
BRDA:236,18,1,0
BRDA:239,19,0,0
BRDA:239,19,1,0
BRDA:253,20,0,0
BRDA:253,20,1,0
BRDA:260,21,0,0
BRDA:260,21,1,0
BRDA:263,22,0,0
BRDA:263,22,1,0
BRDA:288,23,0,0
BRDA:288,23,1,0
BRDA:367,24,0,0
BRDA:367,24,1,0
BRF:57
BRH:0
end_of_record
TN:
SF:src\components\MyLogin.js
FN:11,MyLogin
FN:21,checkValid
FN:34,handleSubmit
FN:49,(anonymous_3)
FN:51,(anonymous_4)
FN:61,(anonymous_5)
FN:67,resetForm
FN:68,(anonymous_7)
FN:69,(anonymous_8)
FN:70,(anonymous_9)
FN:73,(anonymous_10)
FN:75,(anonymous_11)
FN:103,(anonymous_12)
FN:122,(anonymous_13)
FN:124,(anonymous_14)
FN:126,(anonymous_15)
FN:126,(anonymous_16)
FN:154,(anonymous_17)
FNF:18
FNH:11
FNDA:11,MyLogin
FNDA:3,checkValid
FNDA:3,handleSubmit
FNDA:0,(anonymous_3)
FNDA:0,(anonymous_4)
FNDA:0,(anonymous_5)
FNDA:2,resetForm
FNDA:2,(anonymous_7)
FNDA:2,(anonymous_8)
FNDA:2,(anonymous_9)
FNDA:3,(anonymous_10)
FNDA:0,(anonymous_11)
FNDA:2,(anonymous_12)
FNDA:3,(anonymous_13)
FNDA:0,(anonymous_14)
FNDA:0,(anonymous_15)
FNDA:0,(anonymous_16)
FNDA:3,(anonymous_17)
DA:12,11
DA:13,11
DA:14,11
DA:15,11
DA:16,11
DA:17,11
DA:19,11
DA:22,3
DA:23,1
DA:25,2
DA:27,3
DA:28,0
DA:30,3
DA:35,3
DA:37,3
DA:39,3
DA:40,3
DA:41,1
DA:43,3
DA:44,0
DA:47,3
DA:48,2
DA:49,2
DA:50,0
DA:51,0
DA:52,0
DA:56,0
DA:57,0
DA:61,0
DA:68,2
DA:69,2
DA:70,2
DA:73,11
DA:74,3
DA:75,0
DA:79,11
DA:80,0
DA:84,11
DA:103,2
DA:122,3
DA:124,0
DA:126,0
DA:154,3
LF:43
LH:31
BRDA:22,0,0,1
BRDA:22,0,1,2
BRDA:27,1,0,0
BRDA:27,1,1,3
BRDA:40,2,0,1
BRDA:40,2,1,2
BRDA:43,3,0,0
BRDA:43,3,1,3
BRDA:47,4,0,2
BRDA:47,4,1,1
BRDA:50,5,0,0
BRDA:50,5,1,0
BRDA:52,6,0,0
BRDA:52,6,1,0
BRDA:74,7,0,0
BRDA:74,7,1,3
BRDA:79,8,0,0
BRDA:79,8,1,11
BRDA:109,9,0,3
BRDA:109,9,1,8
BRDA:112,10,0,3
BRDA:112,10,1,8
BRDA:116,11,0,0
BRDA:116,11,1,11
BRDA:124,12,0,0
BRDA:124,12,1,0
BRDA:126,13,0,0
BRDA:126,13,1,11
BRDA:128,14,0,0
BRDA:128,14,1,11
BRDA:130,15,0,11
BRDA:130,15,1,0
BRF:32
BRH:18
end_of_record
TN:
SF:src\components\MyMyProducts.js
FN:10,MyMyProducts
FN:17,(anonymous_1)
FN:19,(anonymous_2)
FN:22,(anonymous_3)
FN:24,(anonymous_4)
FN:25,(anonymous_5)
FN:26,(anonymous_6)
FN:30,(anonymous_7)
FN:33,(anonymous_8)
FN:38,(anonymous_9)
FN:40,(anonymous_10)
FN:41,(anonymous_11)
FN:42,(anonymous_12)
FN:46,(anonymous_13)
FN:49,(anonymous_14)
FN:58,(anonymous_15)
FN:59,(anonymous_16)
FN:65,(anonymous_17)
FN:67,(anonymous_18)
FN:71,(anonymous_19)
FN:99,(anonymous_20)
FN:108,(anonymous_21)
FN:114,(anonymous_22)
FN:138,(anonymous_23)
FN:154,MyModal
FN:164,(anonymous_25)
FN:174,(anonymous_26)
FN:187,(anonymous_27)
FN:212,(anonymous_28)
FN:217,(anonymous_29)
FN:233,(anonymous_30)
FN:238,(anonymous_31)
FN:245,(anonymous_32)
FN:246,(anonymous_33)
FN:251,(anonymous_34)
FN:257,(anonymous_35)
FN:262,(anonymous_36)
FN:272,(anonymous_37)
FN:273,(anonymous_38)
FN:276,(anonymous_39)
FN:303,(anonymous_40)
FN:318,(anonymous_41)
FN:330,(anonymous_42)
FN:349,(anonymous_43)
FN:361,(anonymous_44)
FN:383,(anonymous_45)
FN:396,(anonymous_46)
FNF:47
FNH:6
FNDA:4,MyMyProducts
FNDA:1,(anonymous_1)
FNDA:2,(anonymous_2)
FNDA:0,(anonymous_3)
FNDA:0,(anonymous_4)
FNDA:0,(anonymous_5)
FNDA:0,(anonymous_6)
FNDA:0,(anonymous_7)
FNDA:0,(anonymous_8)
FNDA:0,(anonymous_9)
FNDA:0,(anonymous_10)
FNDA:0,(anonymous_11)
FNDA:0,(anonymous_12)
FNDA:0,(anonymous_13)
FNDA:0,(anonymous_14)
FNDA:0,(anonymous_15)
FNDA:0,(anonymous_16)
FNDA:0,(anonymous_17)
FNDA:0,(anonymous_18)
FNDA:0,(anonymous_19)
FNDA:0,(anonymous_20)
FNDA:0,(anonymous_21)
FNDA:0,(anonymous_22)
FNDA:1,(anonymous_23)
FNDA:4,MyModal
FNDA:3,(anonymous_25)
FNDA:0,(anonymous_26)
FNDA:0,(anonymous_27)
FNDA:0,(anonymous_28)
FNDA:0,(anonymous_29)
FNDA:0,(anonymous_30)
FNDA:0,(anonymous_31)
FNDA:0,(anonymous_32)
FNDA:0,(anonymous_33)
FNDA:0,(anonymous_34)
FNDA:0,(anonymous_35)
FNDA:0,(anonymous_36)
FNDA:0,(anonymous_37)
FNDA:0,(anonymous_38)
FNDA:0,(anonymous_39)
FNDA:0,(anonymous_40)
FNDA:0,(anonymous_41)
FNDA:0,(anonymous_42)
FNDA:0,(anonymous_43)
FNDA:0,(anonymous_44)
FNDA:0,(anonymous_45)
FNDA:0,(anonymous_46)
DA:11,4
DA:12,3
DA:13,3
DA:14,3
DA:15,3
DA:16,3
DA:17,3
DA:19,3
DA:20,2
DA:21,2
DA:22,0
DA:23,0
DA:24,0
DA:25,0
DA:26,0
DA:27,0
DA:30,0
DA:31,0
DA:34,0
DA:38,2
DA:39,0
DA:40,0
DA:41,0
DA:42,0
DA:43,0
DA:46,0
DA:47,0
DA:50,0
DA:58,3
DA:59,0
DA:60,0
DA:65,3
DA:67,0
DA:68,0
DA:69,0
DA:72,0
DA:77,3
DA:100,0
DA:108,0
DA:114,0
DA:138,1
DA:156,4
DA:157,3
DA:158,3
DA:159,3
DA:160,3
DA:161,3
DA:162,3
DA:164,3
DA:165,3
DA:166,0
DA:167,0
DA:168,0
DA:169,0
DA:170,0
DA:174,3
DA:175,0
DA:176,0
DA:177,0
DA:178,0
DA:179,0
DA:180,0
DA:181,0
DA:182,0
DA:187,3
DA:188,0
DA:189,0
DA:191,0
DA:192,0
DA:193,0
DA:194,0
DA:195,0
DA:196,0
DA:198,0
DA:199,0
DA:203,0
DA:204,0
DA:205,0
DA:208,0
DA:209,0
DA:210,0
DA:212,0
DA:213,0
DA:214,0
DA:216,0
DA:218,0
DA:222,0
DA:226,0
DA:227,0
DA:230,0
DA:231,0
DA:233,0
DA:234,0
DA:235,0
DA:237,0
DA:239,0
DA:245,3
DA:246,0
DA:247,0
DA:248,0
DA:250,0
DA:252,0
DA:254,0
DA:257,3
DA:258,0
DA:259,0
DA:262,3
DA:263,0
DA:265,0
DA:266,0
DA:268,0
DA:272,0
DA:274,0
DA:277,0
DA:282,3
DA:303,0
DA:318,0
DA:330,0
DA:349,0
DA:361,0
DA:384,0
DA:396,0
LF:122
LH:30
BRDA:20,0,0,2
BRDA:20,0,1,0
BRDA:20,1,0,2
BRDA:20,1,1,2
BRDA:20,1,2,2
BRDA:20,1,3,0
BRDA:21,2,0,0
BRDA:21,2,1,2
BRDA:21,3,0,2
BRDA:21,3,1,0
BRDA:23,4,0,0
BRDA:23,4,1,0
BRDA:26,5,0,0
BRDA:26,5,1,0
BRDA:39,6,0,0
BRDA:39,6,1,0
BRDA:42,7,0,0
BRDA:42,7,1,0
BRDA:68,8,0,0
BRDA:68,8,1,0
BRDA:80,9,0,3
BRDA:80,9,1,3
BRDA:80,9,2,1
BRDA:80,9,3,1
BRDA:80,10,0,3
BRDA:80,10,1,3
BRDA:80,10,2,3
BRDA:80,11,0,1
BRDA:80,11,1,0
BRDA:96,12,0,3
BRDA:96,12,1,3
BRDA:107,13,0,0
BRDA:107,13,1,0
BRDA:107,14,0,0
BRDA:107,14,1,0
BRDA:107,14,2,0
BRDA:107,14,3,0
BRDA:107,14,4,0
BRDA:112,15,0,0
BRDA:112,15,1,0
BRDA:113,16,0,0
BRDA:113,16,1,0
BRDA:113,17,0,0
BRDA:113,17,1,0
BRDA:113,17,2,0
BRDA:119,18,0,0
BRDA:119,18,1,0
BRDA:137,19,0,2
BRDA:137,19,1,1
BRDA:137,20,0,3
BRDA:137,20,1,3
BRDA:137,20,2,3
BRDA:137,20,3,3
BRDA:165,21,0,0
BRDA:165,21,1,3
BRDA:166,22,0,0
BRDA:166,22,1,0
BRDA:167,23,0,0
BRDA:167,23,1,0
BRDA:168,24,0,0
BRDA:168,24,1,0
BRDA:169,25,0,0
BRDA:169,25,1,0
BRDA:170,26,0,0
BRDA:170,26,1,0
BRDA:191,27,0,0
BRDA:191,27,1,0
BRDA:191,28,0,0
BRDA:191,28,1,0
BRDA:192,29,0,0
BRDA:192,29,1,0
BRDA:192,30,0,0
BRDA:192,30,1,0
BRDA:193,31,0,0
BRDA:193,31,1,0
BRDA:193,32,0,0
BRDA:193,32,1,0
BRDA:195,33,0,0
BRDA:195,33,1,0
BRDA:195,34,0,0
BRDA:195,34,1,0
BRDA:195,34,2,0
BRDA:198,35,0,0
BRDA:198,35,1,0
BRDA:203,36,0,0
BRDA:203,36,1,0
BRDA:213,37,0,0
BRDA:213,37,1,0
BRDA:226,38,0,0
BRDA:226,38,1,0
BRDA:234,39,0,0
BRDA:234,39,1,0
BRDA:247,40,0,0
BRDA:247,40,1,0
BRDA:304,41,0,0
BRDA:304,41,1,3
BRDA:319,42,0,3
BRDA:319,42,1,0
BRDA:350,43,0,3
BRDA:350,43,1,0
BRDA:391,44,0,3
BRDA:391,44,1,0
BRF:102
BRH:27
end_of_record
TN:
SF:src\components\MyNavBar.js
FN:11,MyNavBar
FN:18,(anonymous_1)
FN:19,(anonymous_2)
FN:19,(anonymous_3)
FN:21,(anonymous_4)
FN:28,(anonymous_5)
FN:29,(anonymous_6)
FN:38,(anonymous_7)
FN:39,(anonymous_8)
FN:40,(anonymous_9)
FN:84,(anonymous_10)
FN:90,(anonymous_11)
FN:97,(anonymous_12)
FN:117,(anonymous_13)
FN:126,(anonymous_14)
FN:131,(anonymous_15)
FN:144,(anonymous_16)
FN:154,MyModal
FN:165,(anonymous_18)
FN:176,(anonymous_19)
FN:182,(anonymous_20)
FN:197,(anonymous_21)
FN:206,(anonymous_22)
FN:210,(anonymous_23)
FN:215,(anonymous_24)
FN:218,(anonymous_25)
FN:225,(anonymous_26)
FN:228,(anonymous_27)
FN:234,(anonymous_28)
FN:241,(anonymous_29)
FN:243,(anonymous_30)
FN:258,(anonymous_31)
FN:270,(anonymous_32)
FN:284,(anonymous_33)
FN:284,(anonymous_34)
FN:290,(anonymous_35)
FN:291,(anonymous_36)
FN:292,(anonymous_37)
FN:304,(anonymous_38)
FN:305,(anonymous_39)
FN:306,(anonymous_40)
FN:314,(anonymous_41)
FN:316,(anonymous_42)
FN:318,(anonymous_43)
FN:323,(anonymous_44)
FN:323,(anonymous_45)
FN:353,FilterRow
FN:367,(anonymous_47)
FNF:48
FNH:17
FNDA:8,MyNavBar
FNDA:1,(anonymous_1)
FNDA:0,(anonymous_2)
FNDA:0,(anonymous_3)
FNDA:0,(anonymous_4)
FNDA:1,(anonymous_5)
FNDA:0,(anonymous_6)
FNDA:0,(anonymous_7)
FNDA:0,(anonymous_8)
FNDA:0,(anonymous_9)
FNDA:3,(anonymous_10)
FNDA:1,(anonymous_11)
FNDA:1,(anonymous_12)
FNDA:1,(anonymous_13)
FNDA:0,(anonymous_14)
FNDA:0,(anonymous_15)
FNDA:0,(anonymous_16)
FNDA:9,MyModal
FNDA:0,(anonymous_18)
FNDA:1,(anonymous_19)
FNDA:1,(anonymous_20)
FNDA:1,(anonymous_21)
FNDA:1,(anonymous_22)
FNDA:0,(anonymous_23)
FNDA:0,(anonymous_24)
FNDA:0,(anonymous_25)
FNDA:0,(anonymous_26)
FNDA:0,(anonymous_27)
FNDA:0,(anonymous_28)
FNDA:2,(anonymous_29)
FNDA:2,(anonymous_30)
FNDA:7,(anonymous_31)
FNDA:0,(anonymous_32)
FNDA:0,(anonymous_33)
FNDA:0,(anonymous_34)
FNDA:1,(anonymous_35)
FNDA:0,(anonymous_36)
FNDA:1,(anonymous_37)
FNDA:0,(anonymous_38)
FNDA:0,(anonymous_39)
FNDA:0,(anonymous_40)
FNDA:0,(anonymous_41)
FNDA:0,(anonymous_42)
FNDA:0,(anonymous_43)
FNDA:0,(anonymous_44)
FNDA:0,(anonymous_45)
FNDA:0,FilterRow
FNDA:0,(anonymous_47)
DA:13,8
DA:16,6
DA:18,6
DA:19,1
DA:21,1
DA:22,0
DA:23,0
DA:28,6
DA:29,1
DA:30,0
DA:31,0
DA:32,0
DA:33,0
DA:38,6
DA:39,0
DA:40,0
DA:44,6
DA:85,3
DA:90,1
DA:97,1
DA:117,1
DA:127,0
DA:131,0
DA:144,0
DA:156,9
DA:157,7
DA:158,7
DA:159,7
DA:160,7
DA:161,7
DA:162,7
DA:163,7
DA:165,7
DA:166,0
DA:167,0
DA:168,0
DA:169,0
DA:170,0
DA:171,0
DA:172,0
DA:173,0
DA:176,7
DA:178,1
DA:179,1
DA:180,1
DA:182,1
DA:183,1
DA:193,1
DA:195,1
DA:197,1
DA:203,1
DA:204,1
DA:206,1
DA:207,0
DA:208,0
DA:209,0
DA:210,0
DA:211,0
DA:213,0
DA:215,0
DA:216,0
DA:217,0
DA:218,0
DA:219,0
DA:220,0
DA:221,0
DA:222,0
DA:223,0
DA:225,0
DA:226,0
DA:228,0
DA:229,0
DA:230,0
DA:231,0
DA:232,0
DA:234,0
DA:235,0
DA:241,7
DA:242,2
DA:243,2
DA:246,7
DA:259,7
DA:270,0
DA:284,0
DA:291,1
DA:292,1
DA:305,0
DA:306,0
DA:315,0
DA:316,0
DA:318,0
DA:323,0
DA:355,0
DA:356,0
DA:358,0
DA:359,0
DA:361,0
DA:362,0
DA:365,0
DA:367,0
LF:100
LH:41
BRDA:22,0,0,0
BRDA:22,0,1,0
BRDA:30,1,0,0
BRDA:30,1,1,0
BRDA:40,2,0,0
BRDA:40,2,1,0
BRDA:52,3,0,0
BRDA:52,3,1,6
BRDA:71,4,0,6
BRDA:71,4,1,5
BRDA:83,5,0,5
BRDA:83,5,1,3
BRDA:95,6,0,5
BRDA:95,6,1,3
BRDA:100,7,0,5
BRDA:100,7,1,2
BRDA:107,8,0,2
BRDA:107,8,1,4
BRDA:123,9,0,6
BRDA:123,9,1,0
BRDA:140,10,0,6
BRDA:140,10,1,3
BRDA:180,11,0,1
BRDA:180,11,1,0
BRDA:203,12,0,1
BRDA:203,12,1,0
BRDA:206,13,0,1
BRDA:206,13,1,0
BRDA:206,14,0,1
BRDA:206,14,1,0
BRDA:207,15,0,0
BRDA:207,15,1,0
BRDA:207,16,0,0
BRDA:207,16,1,0
BRDA:207,16,2,0
BRDA:209,17,0,0
BRDA:209,17,1,0
BRDA:210,18,0,0
BRDA:210,18,1,0
BRDA:213,19,0,0
BRDA:213,19,1,0
BRDA:217,20,0,0
BRDA:217,20,1,0
BRDA:219,21,0,0
BRDA:219,21,1,0
BRDA:229,22,0,0
BRDA:229,22,1,0
BRDA:243,23,0,2
BRDA:243,23,1,2
BRDA:243,23,2,2
BRDA:243,23,3,0
BRDA:243,23,4,0
BRDA:269,24,0,7
BRDA:269,24,1,7
BRDA:270,25,0,7
BRDA:270,25,1,0
BRDA:276,26,0,7
BRDA:276,26,1,2
BRDA:276,27,0,2
BRDA:276,27,1,0
BRDA:291,28,0,1
BRDA:291,28,1,0
BRDA:291,29,0,0
BRDA:291,29,1,0
BRDA:299,30,0,7
BRDA:299,30,1,2
BRDA:312,31,0,0
BRDA:312,31,1,2
BRDA:312,32,0,0
BRDA:312,32,1,0
BRDA:315,33,0,0
BRDA:315,33,1,0
BRDA:315,34,0,0
BRDA:315,34,1,0
BRDA:315,34,2,0
BRDA:315,34,3,0
BRDA:315,34,4,0
BRDA:320,35,0,7
BRDA:320,35,1,2
BRDA:320,35,2,2
BRDA:325,36,0,5
BRDA:325,36,1,2
BRDA:325,37,0,5
BRDA:325,37,1,2
BRDA:337,38,0,7
BRDA:337,38,1,1
BRDA:337,39,0,1
BRDA:337,39,1,0
BRDA:342,40,0,7
BRDA:342,40,1,0
BRDA:358,41,0,0
BRDA:358,41,1,0
BRDA:361,42,0,0
BRDA:361,42,1,0
BRF:94
BRH:42
end_of_record
TN:
SF:src\components\MyNotAvailableOrders.js
FN:8,MyNotAvailableOrders
FN:14,(anonymous_1)
FN:17,(anonymous_2)
FN:19,(anonymous_3)
FN:26,(anonymous_4)
FN:29,(anonymous_5)
FN:34,(anonymous_6)
FN:42,(anonymous_7)
FN:46,(anonymous_8)
FN:49,(anonymous_9)
FN:51,(anonymous_10)
FN:52,(anonymous_11)
FN:54,(anonymous_12)
FN:81,(anonymous_13)
FN:89,(anonymous_14)
FN:95,(anonymous_15)
FN:102,(anonymous_16)
FNF:17
FNH:2
FNDA:1,MyNotAvailableOrders
FNDA:1,(anonymous_1)
FNDA:0,(anonymous_2)
FNDA:0,(anonymous_3)
FNDA:0,(anonymous_4)
FNDA:0,(anonymous_5)
FNDA:0,(anonymous_6)
FNDA:0,(anonymous_7)
FNDA:0,(anonymous_8)
FNDA:0,(anonymous_9)
FNDA:0,(anonymous_10)
FNDA:0,(anonymous_11)
FNDA:0,(anonymous_12)
FNDA:0,(anonymous_13)
FNDA:0,(anonymous_14)
FNDA:0,(anonymous_15)
FNDA:0,(anonymous_16)
DA:9,1
DA:10,1
DA:11,1
DA:12,1
DA:14,1
DA:15,1
DA:16,0
DA:18,0
DA:19,0
DA:20,0
DA:21,0
DA:23,0
DA:26,0
DA:28,0
DA:30,0
DA:31,0
DA:34,0
DA:38,1
DA:39,0
DA:42,1
DA:44,0
DA:46,0
DA:49,1
DA:50,0
DA:51,0
DA:52,0
DA:53,0
DA:54,0
DA:57,0
DA:60,1
DA:82,0
DA:83,0
DA:84,0
DA:89,0
DA:95,0
DA:102,0
LF:36
LH:10
BRDA:15,0,0,0
BRDA:15,0,1,1
BRDA:15,1,0,1
BRDA:15,1,1,1
BRDA:18,2,0,0
BRDA:18,2,1,0
BRDA:30,3,0,0
BRDA:30,3,1,0
BRDA:38,4,0,0
BRDA:38,4,1,1
BRDA:53,5,0,0
BRDA:53,5,1,0
BRDA:63,6,0,0
BRDA:63,6,1,1
BRDA:79,7,0,1
BRDA:79,7,1,1
BRDA:93,8,0,0
BRDA:93,8,1,0
BRDA:93,9,0,0
BRDA:93,9,1,0
BRF:20
BRH:7
end_of_record
TN:
SF:src\components\MyOrders.js
FN:9,MyOrders
FN:14,(anonymous_1)
FN:21,(anonymous_2)
FN:24,(anonymous_3)
FN:31,(anonymous_4)
FN:36,(anonymous_5)
FN:40,(anonymous_6)
FN:42,(anonymous_7)
FN:44,(anonymous_8)
FN:54,(anonymous_9)
FN:61,(anonymous_10)
FN:86,(anonymous_11)
FN:94,(anonymous_12)
FN:96,(anonymous_13)
FN:96,(anonymous_14)
FN:98,(anonymous_15)
FN:98,(anonymous_16)
FN:100,(anonymous_17)
FN:111,(anonymous_18)
FN:126,(anonymous_19)
FN:131,(anonymous_20)
FN:134,(anonymous_21)
FNF:22
FNH:2
FNDA:1,MyOrders
FNDA:0,(anonymous_1)
FNDA:0,(anonymous_2)
FNDA:0,(anonymous_3)
FNDA:0,(anonymous_4)
FNDA:1,(anonymous_5)
FNDA:0,(anonymous_6)
FNDA:0,(anonymous_7)
FNDA:0,(anonymous_8)
FNDA:0,(anonymous_9)
FNDA:0,(anonymous_10)
FNDA:0,(anonymous_11)
FNDA:0,(anonymous_12)
FNDA:0,(anonymous_13)
FNDA:0,(anonymous_14)
FNDA:0,(anonymous_15)
FNDA:0,(anonymous_16)
FNDA:0,(anonymous_17)
FNDA:0,(anonymous_18)
FNDA:0,(anonymous_19)
FNDA:0,(anonymous_20)
FNDA:0,(anonymous_21)
DA:10,1
DA:11,1
DA:12,1
DA:14,1
DA:15,0
DA:16,0
DA:18,0
DA:21,0
DA:22,0
DA:23,0
DA:25,0
DA:26,0
DA:28,0
DA:32,0
DA:36,1
DA:37,1
DA:38,1
DA:39,1
DA:41,0
DA:42,0
DA:43,0
DA:44,0
DA:45,0
DA:46,0
DA:48,0
DA:49,0
DA:51,0
DA:55,0
DA:61,1
DA:62,0
DA:63,0
DA:64,0
DA:65,0
DA:66,0
DA:70,1
DA:87,0
DA:94,0
DA:96,0
DA:98,0
DA:100,0
DA:111,0
DA:126,0
DA:131,0
DA:134,0
LF:44
LH:10
BRDA:18,0,0,0
BRDA:18,0,1,0
BRDA:18,0,2,0
BRDA:18,0,3,0
BRDA:18,0,4,0
BRDA:18,0,5,0
BRDA:22,1,0,0
BRDA:22,1,1,0
BRDA:25,2,0,0
BRDA:25,2,1,0
BRDA:37,3,0,1
BRDA:37,3,1,0
BRDA:37,4,0,1
BRDA:37,4,1,1
BRDA:38,5,0,1
BRDA:38,5,1,0
BRDA:41,6,0,0
BRDA:41,6,1,0
BRDA:74,7,0,0
BRDA:74,7,1,1
BRDA:78,8,0,1
BRDA:78,8,1,0
BRDA:84,9,0,1
BRDA:84,9,1,0
BRDA:92,10,0,0
BRDA:92,10,1,0
BRDA:94,11,0,0
BRDA:94,11,1,0
BRDA:94,11,2,0
BRDA:96,12,0,0
BRDA:96,12,1,0
BRDA:96,13,0,0
BRDA:96,13,1,0
BRDA:98,14,0,0
BRDA:98,14,1,0
BRDA:98,14,2,0
BRDA:100,15,0,0
BRDA:100,15,1,0
BRDA:100,15,2,0
BRDA:102,16,0,0
BRDA:102,16,1,0
BRDA:102,16,2,0
BRDA:104,17,0,0
BRDA:104,17,1,0
BRDA:124,18,0,0
BRDA:124,18,1,0
BRDA:131,19,0,0
BRDA:131,19,1,0
BRF:48
BRH:7
end_of_record
TN:
SF:src\components\MyProducts.js
FN:10,MyProducts
FN:18,(anonymous_1)
FN:20,(anonymous_2)
FN:24,(anonymous_3)
FN:25,(anonymous_4)
FN:26,(anonymous_5)
FN:30,(anonymous_6)
FN:32,(anonymous_7)
FN:38,(anonymous_8)
FN:41,(anonymous_9)
FN:44,(anonymous_10)
FN:48,(anonymous_11)
FN:49,(anonymous_12)
FN:49,(anonymous_13)
FN:54,(anonymous_14)
FN:57,(anonymous_15)
FN:58,(anonymous_16)
FN:59,(anonymous_17)
FN:61,(anonymous_18)
FN:62,(anonymous_19)
FN:62,(anonymous_20)
FN:62,(anonymous_21)
FN:63,(anonymous_22)
FN:63,(anonymous_23)
FN:66,(anonymous_24)
FN:68,(anonymous_25)
FN:69,(anonymous_26)
FN:69,(anonymous_27)
FN:69,(anonymous_28)
FN:70,(anonymous_29)
FN:70,(anonymous_30)
FN:79,(anonymous_31)
FN:79,(anonymous_32)
FN:80,(anonymous_33)
FN:89,(anonymous_34)
FN:89,(anonymous_35)
FN:90,(anonymous_36)
FN:90,(anonymous_37)
FN:96,(anonymous_38)
FN:122,(anonymous_39)
FN:125,(anonymous_40)
FNF:41
FNH:5
FNDA:1,MyProducts
FNDA:1,(anonymous_1)
FNDA:0,(anonymous_2)
FNDA:0,(anonymous_3)
FNDA:0,(anonymous_4)
FNDA:0,(anonymous_5)
FNDA:0,(anonymous_6)
FNDA:0,(anonymous_7)
FNDA:1,(anonymous_8)
FNDA:0,(anonymous_9)
FNDA:0,(anonymous_10)
FNDA:1,(anonymous_11)
FNDA:0,(anonymous_12)
FNDA:0,(anonymous_13)
FNDA:0,(anonymous_14)
FNDA:0,(anonymous_15)
FNDA:0,(anonymous_16)
FNDA:0,(anonymous_17)
FNDA:0,(anonymous_18)
FNDA:0,(anonymous_19)
FNDA:0,(anonymous_20)
FNDA:0,(anonymous_21)
FNDA:0,(anonymous_22)
FNDA:0,(anonymous_23)
FNDA:0,(anonymous_24)
FNDA:0,(anonymous_25)
FNDA:0,(anonymous_26)
FNDA:0,(anonymous_27)
FNDA:0,(anonymous_28)
FNDA:0,(anonymous_29)
FNDA:0,(anonymous_30)
FNDA:0,(anonymous_31)
FNDA:0,(anonymous_32)
FNDA:1,(anonymous_33)
FNDA:0,(anonymous_34)
FNDA:0,(anonymous_35)
FNDA:0,(anonymous_36)
FNDA:0,(anonymous_37)
FNDA:0,(anonymous_38)
FNDA:0,(anonymous_39)
FNDA:0,(anonymous_40)
DA:11,1
DA:12,1
DA:13,1
DA:14,1
DA:15,1
DA:16,1
DA:18,1
DA:19,1
DA:20,0
DA:21,0
DA:22,0
DA:23,0
DA:24,0
DA:25,0
DA:26,0
DA:27,0
DA:30,0
DA:33,0
DA:38,1
DA:39,1
DA:40,0
DA:41,0
DA:42,0
DA:44,0
DA:48,1
DA:49,1
DA:54,1
DA:55,0
DA:56,0
DA:57,0
DA:58,0
DA:59,0
DA:60,0
DA:61,0
DA:62,0
DA:63,0
DA:66,0
DA:68,0
DA:69,0
DA:70,0
DA:71,0
DA:75,1
DA:79,0
DA:80,1
DA:89,0
DA:90,0
DA:97,0
DA:122,0
DA:125,0
LF:49
LH:15
BRDA:19,0,0,0
BRDA:19,0,1,1
BRDA:21,1,0,0
BRDA:21,1,1,0
BRDA:26,2,0,0
BRDA:26,2,1,0
BRDA:39,3,0,0
BRDA:39,3,1,1
BRDA:42,4,0,0
BRDA:42,4,1,0
BRDA:49,5,0,0
BRDA:49,5,1,1
BRDA:49,6,0,0
BRDA:49,6,1,0
BRDA:49,6,2,0
BRDA:49,6,3,0
BRDA:57,7,0,0
BRDA:57,7,1,0
BRDA:57,8,0,0
BRDA:57,8,1,0
BRDA:60,9,0,0
BRDA:60,9,1,0
BRDA:70,10,0,0
BRDA:70,10,1,0
BRDA:92,11,0,1
BRDA:92,11,1,1
BRF:26
BRH:5
end_of_record
TN:
SF:src\components\MySingleClient.js
FN:12,MySingleClient
FN:22,(anonymous_1)
FN:24,(anonymous_2)
FN:30,(anonymous_3)
FN:82,(anonymous_4)
FN:87,(anonymous_5)
FN:136,(anonymous_6)
FN:147,MyModal
FN:154,(anonymous_8)
FN:156,(anonymous_9)
FN:196,(anonymous_10)
FN:209,(anonymous_11)
FN:211,(anonymous_12)
FNF:13
FNH:4
FNDA:1,MySingleClient
FNDA:1,(anonymous_1)
FNDA:0,(anonymous_2)
FNDA:0,(anonymous_3)
FNDA:0,(anonymous_4)
FNDA:0,(anonymous_5)
FNDA:0,(anonymous_6)
FNDA:1,MyModal
FNDA:1,(anonymous_8)
FNDA:0,(anonymous_9)
FNDA:0,(anonymous_10)
FNDA:0,(anonymous_11)
FNDA:0,(anonymous_12)
DA:13,1
DA:14,1
DA:15,1
DA:16,1
DA:17,1
DA:20,1
DA:22,1
DA:23,1
DA:24,1
DA:25,0
DA:26,0
DA:27,0
DA:28,0
DA:31,0
DA:36,1
DA:37,0
DA:42,1
DA:82,0
DA:87,0
DA:136,0
DA:148,1
DA:149,1
DA:150,1
DA:152,1
DA:154,1
DA:156,1
DA:157,0
DA:164,0
DA:165,0
DA:169,1
DA:170,1
DA:171,0
DA:174,1
DA:176,1
DA:177,1
DA:178,0
DA:179,0
DA:182,0
DA:183,0
DA:186,0
DA:187,0
DA:188,0
DA:189,0
DA:190,0
DA:196,1
DA:198,1
DA:209,0
DA:211,0
LF:48
LH:24
BRDA:23,0,0,1
BRDA:23,0,1,0
BRDA:25,1,0,0
BRDA:25,1,1,0
BRDA:36,2,0,0
BRDA:36,2,1,1
BRDA:97,3,0,0
BRDA:97,3,1,1
BRDA:132,4,0,1
BRDA:132,4,1,0
BRDA:164,5,0,0
BRDA:164,5,1,0
BRDA:170,6,0,0
BRDA:170,6,1,1
BRDA:177,7,0,0
BRDA:177,7,1,1
BRDA:178,8,0,0
BRDA:178,8,1,0
BRDA:182,9,0,0
BRDA:182,9,1,0
BRDA:206,10,0,0
BRDA:206,10,1,1
BRF:22
BRH:7
end_of_record
TN:
SF:src\components\MyStatistics.js
FN:10,MyStatistics
FN:15,(anonymous_1)
FN:20,(anonymous_2)
FN:22,(anonymous_3)
FN:51,(anonymous_4)
FN:55,month
FN:59,sameWeek
FN:93,(anonymous_7)
FN:93,(anonymous_8)
FN:102,(anonymous_9)
FN:138,(anonymous_10)
FN:138,(anonymous_11)
FN:147,(anonymous_12)
FNF:13
FNH:2
FNDA:1,MyStatistics
FNDA:1,(anonymous_1)
FNDA:0,(anonymous_2)
FNDA:0,(anonymous_3)
FNDA:0,(anonymous_4)
FNDA:0,month
FNDA:0,sameWeek
FNDA:0,(anonymous_7)
FNDA:0,(anonymous_8)
FNDA:0,(anonymous_9)
FNDA:0,(anonymous_10)
FNDA:0,(anonymous_11)
FNDA:0,(anonymous_12)
DA:6,3
DA:11,1
DA:13,1
DA:15,1
DA:16,1
DA:17,1
DA:19,1
DA:21,0
DA:22,0
DA:23,0
DA:24,0
DA:46,0
DA:48,0
DA:51,0
DA:56,0
DA:60,0
DA:61,0
DA:64,0
DA:66,0
DA:67,0
DA:70,0
DA:71,0
DA:73,0
DA:76,1
DA:93,0
DA:94,0
DA:96,0
DA:103,0
DA:104,0
DA:138,0
DA:139,0
DA:141,0
DA:148,0
DA:149,0
LF:34
LH:8
BRDA:16,0,0,1
BRDA:16,0,1,0
BRDA:16,1,0,1
BRDA:16,1,1,1
BRDA:21,2,0,0
BRDA:21,2,1,0
BRDA:56,3,0,0
BRDA:56,3,1,0
BRDA:64,4,0,0
BRDA:64,4,1,0
BRDA:73,5,0,0
BRDA:73,5,1,0
BRDA:79,6,0,0
BRDA:79,6,1,1
BRDA:91,7,0,1
BRDA:91,7,1,1
BRDA:136,8,0,1
BRDA:136,8,1,1
BRF:18
BRH:8
end_of_record
TN:
SF:src\components\MyWManager.js
FN:6,MyWManager
FNF:1
FNH:0
FNDA:0,MyWManager
DA:8,0
LF:1
LH:0
BRF:0
BRH:0
end_of_record
TN:
SF:src\tests\hooktest.js
FN:5,(anonymous_0)
FNF:1
FNH:0
FNDA:0,(anonymous_0)
DA:5,0
DA:6,0
DA:7,0
DA:8,0
LF:4
LH:0
BRF:0
BRH:0
end_of_record
TN:
SF:src\tests\setupTestsRouter.js
FN:32,(anonymous_0)
FN:41,(anonymous_1)
FNF:2
FNH:1
FNDA:29,(anonymous_0)
FNDA:0,(anonymous_1)
DA:32,15
DA:33,29
DA:35,29
DA:42,0
LF:4
LH:3
BRDA:32,0,0,20
BRDA:32,1,0,29
BRF:2
BRH:2
end_of_record
TN:
SF:src\tests\mocks\handlers.js
FN:5,(anonymous_0)
FN:35,(anonymous_1)
FN:58,(anonymous_2)
FN:68,(anonymous_3)
FNF:4
FNH:3
FNDA:1,(anonymous_0)
FNDA:1,(anonymous_1)
FNDA:2,(anonymous_2)
FNDA:0,(anonymous_3)
DA:3,23
DA:6,1
DA:36,1
DA:59,2
DA:69,0
LF:5
LH:4
BRF:0
BRH:0
end_of_record
TN:
SF:src\tests\mocks\server.js
FNF:0
FNH:0
DA:6,23
LF:1
LH:1
BRF:0
BRH:0
end_of_record
